[2025-11-28T23:14:46.576Z] Processing collaborative filtering recommendation request 
[2025-11-28T23:14:46.577Z] Processing collaborative filtering recommendation request 
[2025-11-28T23:14:46.578Z] ðŸš€ Pure collaborative filtering started 
[2025-11-28T23:14:46.578Z] ðŸ“¥ Input movie slugs: [
  "beau-is-afraid",
  "midsommar"
]
[2025-11-28T23:14:46.579Z] âš™ï¸ Config: {
  "numRecommendations": 5,
  "likedBothMoviesBoost": 3,
  "favoritedInputMovieBoost": 5,
  "combinedBoost": 8,
  "favoriteWeight": 2,
  "obscurityBias": 1.5,
  "minInteractionsThreshold": 2
}
[2025-11-28T23:14:46.579Z] INFO: ðŸ‘¥ STEP 1: Finding users who interacted with input movies 
[2025-11-28T23:14:46.580Z] ðŸš€ Pure collaborative filtering started 
[2025-11-28T23:14:46.580Z] ðŸ“¥ Input movie slugs: [
  "beau-is-afraid",
  "midsommar"
]
[2025-11-28T23:14:46.581Z] âš™ï¸ Config: {
  "numRecommendations": 5,
  "likedBothMoviesBoost": 3,
  "favoritedInputMovieBoost": 5,
  "combinedBoost": 8,
  "favoriteWeight": 2,
  "obscurityBias": 1.5,
  "minInteractionsThreshold": 2
}
[2025-11-28T23:14:46.581Z] INFO: ðŸ‘¥ STEP 1: Finding users who interacted with input movies 
[2025-11-28T23:14:46.826Z] INFO: ðŸ‘ 200 users liked beau-is-afraid 
[2025-11-28T23:14:46.828Z] INFO: ðŸ‘ 200 users liked beau-is-afraid 
[2025-11-28T23:14:46.894Z] INFO: ðŸ‘ 200 users liked midsommar 
[2025-11-28T23:14:46.896Z] INFO: ðŸ‘ 200 users liked midsommar 
[2025-11-28T23:14:46.961Z] INFO: â­ 200 users favorited beau-is-afraid 
[2025-11-28T23:14:46.966Z] INFO: â­ 200 users favorited beau-is-afraid 
[2025-11-28T23:14:47.029Z] INFO: â­ 200 users favorited midsommar 
[2025-11-28T23:14:47.029Z] INFO: ðŸ‘¥ Total users who interacted: 795 
[2025-11-28T23:14:47.029Z] INFO: ðŸ“Š STEP 2: Calculating user affinity scores 
[2025-11-28T23:14:47.029Z] DEBUG: ðŸ‘¤ 21420: Favorited 1 inputs -> 5x boost 
[2025-11-28T23:14:47.029Z] DEBUG: ðŸ‘¤ 230485: Favorited 1 inputs -> 5x boost 
[2025-11-28T23:14:47.029Z] DEBUG: ðŸ‘¤ 2401010: Favorited 1 inputs -> 5x boost 
[2025-11-28T23:14:47.029Z] DEBUG: ðŸ‘¤ 345568832: Favorited 1 inputs -> 5x boost 
[2025-11-28T23:14:47.029Z] DEBUG: ðŸ‘¤ bluetintglasses: Liked 2 inputs -> 3x boost 
[2025-11-28T23:14:47.029Z] DEBUG: ðŸ‘¤ doomsayer2113: Liked 2 inputs -> 3x boost 
[2025-11-28T23:14:47.029Z] DEBUG: ðŸ‘¤ mikebot1986: Liked 2 inputs -> 3x boost 
[2025-11-28T23:14:47.029Z] DEBUG: ðŸ‘¤ pkronhamn: Liked 2 inputs -> 3x boost 
[2025-11-28T23:14:47.030Z] DEBUG: ðŸ‘¤ 01magid: Favorited 1 inputs -> 5x boost 
[2025-11-28T23:14:47.030Z] DEBUG: ðŸ‘¤ 0atly: Favorited 1 inputs -> 5x boost 
[2025-11-28T23:14:47.030Z] DEBUG: ðŸ‘¤ 0ct0bergirl: Favorited 1 inputs -> 5x boost 
[2025-11-28T23:14:47.030Z] DEBUG: ðŸ‘¤ 0f_tuna: Favorited 1 inputs -> 5x boost 
[2025-11-28T23:14:47.030Z] DEBUG: ðŸ‘¤ 0pavel: Favorited 1 inputs -> 5x boost 
[2025-11-28T23:14:47.030Z] DEBUG: ðŸ‘¤ 100naziscalps: Favorited 1 inputs -> 5x boost 
[2025-11-28T23:14:47.030Z] DEBUG: ðŸ‘¤ 11coll: Favorited 1 inputs -> 5x boost 
[2025-11-28T23:14:47.030Z] DEBUG: ðŸ‘¤ 11estroud: Favorited 1 inputs -> 5x boost 
[2025-11-28T23:14:47.030Z] DEBUG: ðŸ‘¤ 123urawesome: Favorited 1 inputs -> 5x boost 
[2025-11-28T23:14:47.030Z] DEBUG: ðŸ‘¤ 12horses: Favorited 1 inputs -> 5x boost 
[2025-11-28T23:14:47.030Z] DEBUG: ðŸ‘¤ 12thvenus: Favorited 1 inputs -> 5x boost 
[2025-11-28T23:14:47.030Z] DEBUG: ðŸ‘¤ 1b1faces: Favorited 1 inputs -> 5x boost 
[2025-11-28T23:14:47.030Z] DEBUG: ðŸ‘¤ 1imir: Favorited 1 inputs -> 5x boost 
[2025-11-28T23:14:47.030Z] DEBUG: ðŸ‘¤ 1mateoz: Favorited 1 inputs -> 5x boost 
[2025-11-28T23:14:47.030Z] DEBUG: ðŸ‘¤ 1spunlobster: Favorited 1 inputs -> 5x boost 
[2025-11-28T23:14:47.030Z] DEBUG: ðŸ‘¤ 2003skohei: Favorited 1 inputs -> 5x boost 
[2025-11-28T23:14:47.031Z] DEBUG: ðŸ‘¤ 20teethinaglass: Favorited 1 inputs -> 5x boost 
[2025-11-28T23:14:47.031Z] DEBUG: ðŸ‘¤ 28njwhite: Favorited 1 inputs -> 5x boost 
[2025-11-28T23:14:47.031Z] DEBUG: ðŸ‘¤ 2chelly2belly: Favorited 1 inputs -> 5x boost 
[2025-11-28T23:14:47.031Z] DEBUG: ðŸ‘¤ 2cool4schoolz: Favorited 1 inputs -> 5x boost 
[2025-11-28T23:14:47.031Z] DEBUG: ðŸ‘¤ 2kibb: Favorited 1 inputs -> 5x boost 
[2025-11-28T23:14:47.031Z] DEBUG: ðŸ‘¤ 2smallchildren: Favorited 1 inputs -> 5x boost 
[2025-11-28T23:14:47.031Z] DEBUG: ðŸ‘¤ 2tall2fall: Favorited 1 inputs -> 5x boost 
[2025-11-28T23:14:47.031Z] DEBUG: ðŸ‘¤ 35t4v1d4: Favorited 2 inputs -> 5x boost 
[2025-11-28T23:14:47.031Z] DEBUG: ðŸ‘¤ 3leo3: Favorited 1 inputs -> 5x boost 
[2025-11-28T23:14:47.031Z] DEBUG: ðŸ‘¤ 3llie_bells: Favorited 1 inputs -> 5x boost 
[2025-11-28T23:14:47.031Z] DEBUG: ðŸ‘¤ 4riete: Favorited 1 inputs -> 5x boost 
[2025-11-28T23:14:47.031Z] DEBUG: ðŸ‘¤ 4rmadio: Favorited 1 inputs -> 5x boost 
[2025-11-28T23:14:47.031Z] DEBUG: ðŸ‘¤ 5ftoblerone: Favorited 1 inputs -> 5x boost 
[2025-11-28T23:14:47.031Z] DEBUG: ðŸ‘¤ 5ifth: Favorited 1 inputs -> 5x boost 
[2025-11-28T23:14:47.031Z] DEBUG: ðŸ‘¤ 666bemma: Favorited 1 inputs -> 5x boost 
[2025-11-28T23:14:47.031Z] DEBUG: ðŸ‘¤ 66jupiter: Favorited 1 inputs -> 5x boost 
[2025-11-28T23:14:47.031Z] DEBUG: ðŸ‘¤ 6ak: Favorited 1 inputs -> 5x boost 
[2025-11-28T23:14:47.031Z] DEBUG: ðŸ‘¤ 7c8: Favorited 1 inputs -> 5x boost 
[2025-11-28T23:14:47.031Z] DEBUG: ðŸ‘¤ 8bian: Favorited 1 inputs -> 5x boost 
[2025-11-28T23:14:47.031Z] DEBUG: ðŸ‘¤ 8uckl3y: Favorited 1 inputs -> 5x boost 
[2025-11-28T23:14:47.031Z] DEBUG: ðŸ‘¤ 90s4ngel: Favorited 1 inputs -> 5x boost 
[2025-11-28T23:14:47.031Z] DEBUG: ðŸ‘¤ 999yak0b999: Favorited 1 inputs -> 5x boost 
[2025-11-28T23:14:47.031Z] DEBUG: ðŸ‘¤ 99percentsilk: Favorited 1 inputs -> 5x boost 
[2025-11-28T23:14:47.032Z] DEBUG: ðŸ‘¤ _2ccx: Favorited 1 inputs -> 5x boost 
[2025-11-28T23:14:47.032Z] DEBUG: ðŸ‘¤ _absolutely_: Favorited 1 inputs -> 5x boost 
[2025-11-28T23:14:47.032Z] DEBUG: ðŸ‘¤ _ahmetemin: Favorited 1 inputs -> 5x boost 
[2025-11-28T23:14:47.032Z] DEBUG: ðŸ‘¤ a166443df: Favorited 1 inputs -> 5x boost 
[2025-11-28T23:14:47.032Z] DEBUG: ðŸ‘¤ a1emily: Favorited 1 inputs -> 5x boost 
[2025-11-28T23:14:47.032Z] DEBUG: ðŸ‘¤ a1exdur0: Favorited 1 inputs -> 5x boost 
[2025-11-28T23:14:47.032Z] DEBUG: ðŸ‘¤ a1onsoar3a11o: Favorited 1 inputs -> 5x boost 
[2025-11-28T23:14:47.032Z] DEBUG: ðŸ‘¤ a24goth: Favorited 1 inputs -> 5x boost 
[2025-11-28T23:14:47.032Z] DEBUG: ðŸ‘¤ a24wh0reee: Favorited 1 inputs -> 5x boost 
[2025-11-28T23:14:47.032Z] DEBUG: ðŸ‘¤ a_borrellj: Favorited 1 inputs -> 5x boost 
[2025-11-28T23:14:47.032Z] DEBUG: ðŸ‘¤ a_damn_uno: Favorited 1 inputs -> 5x boost 
[2025-11-28T23:14:47.032Z] DEBUG: ðŸ‘¤ aaaaaverey: Favorited 1 inputs -> 5x boost 
[2025-11-28T23:14:47.032Z] DEBUG: ðŸ‘¤ aaaarrrss: Favorited 1 inputs -> 5x boost 
[2025-11-28T23:14:47.032Z] DEBUG: ðŸ‘¤ aaadrain: Favorited 1 inputs -> 5x boost 
[2025-11-28T23:14:47.032Z] DEBUG: ðŸ‘¤ aaburto: Favorited 1 inputs -> 5x boost 
[2025-11-28T23:14:47.032Z] DEBUG: ðŸ‘¤ aaliyahp: Favorited 1 inputs -> 5x boost 
[2025-11-28T23:14:47.032Z] DEBUG: ðŸ‘¤ aaphill18: Favorited 1 inputs -> 5x boost 
[2025-11-28T23:14:47.032Z] DEBUG: ðŸ‘¤ aaron_gumboy: Favorited 1 inputs -> 5x boost 
[2025-11-28T23:14:47.032Z] DEBUG: ðŸ‘¤ aaronrugg: Favorited 1 inputs -> 5x boost 
[2025-11-28T23:14:47.032Z] DEBUG: ðŸ‘¤ abbeju: Favorited 1 inputs -> 5x boost 
[2025-11-28T23:14:47.032Z] DEBUG: ðŸ‘¤ abbyandersonsbf: Favorited 1 inputs -> 5x boost 
[2025-11-28T23:14:47.032Z] DEBUG: ðŸ‘¤ abcdent: Favorited 1 inputs -> 5x boost 
[2025-11-28T23:14:47.032Z] DEBUG: ðŸ‘¤ abigail1100: Favorited 1 inputs -> 5x boost 
[2025-11-28T23:14:47.032Z] DEBUG: ðŸ‘¤ abii2022: Favorited 1 inputs -> 5x boost 
[2025-11-28T23:14:47.032Z] DEBUG: ðŸ‘¤ abril7312: Favorited 1 inputs -> 5x boost 
[2025-11-28T23:14:47.032Z] DEBUG: ðŸ‘¤ ace6g: Favorited 1 inputs -> 5x boost 
[2025-11-28T23:14:47.032Z] DEBUG: ðŸ‘¤ acehrs: Favorited 1 inputs -> 5x boost 
[2025-11-28T23:14:47.032Z] DEBUG: ðŸ‘¤ aceynth: Favorited 1 inputs -> 5x boost 
[2025-11-28T23:14:47.032Z] DEBUG: ðŸ‘¤ achilles24: Favorited 1 inputs -> 5x boost 
[2025-11-28T23:14:47.033Z] DEBUG: ðŸ‘¤ achter_de_boom: Favorited 1 inputs -> 5x boost 
[2025-11-28T23:14:47.033Z] DEBUG: ðŸ‘¤ acylchloride: Favorited 1 inputs -> 5x boost 
[2025-11-28T23:14:47.033Z] DEBUG: ðŸ‘¤ adamfisher321: Favorited 1 inputs -> 5x boost 
[2025-11-28T23:14:47.033Z] DEBUG: ðŸ‘¤ adamkaaa: Favorited 1 inputs -> 5x boost 
[2025-11-28T23:14:47.033Z] DEBUG: ðŸ‘¤ adammahfr: Favorited 1 inputs -> 5x boost 
[2025-11-28T23:14:47.033Z] DEBUG: ðŸ‘¤ adampolanik: Favorited 1 inputs -> 5x boost 
[2025-11-28T23:14:47.033Z] DEBUG: ðŸ‘¤ adamrara: Favorited 1 inputs -> 5x boost 
[2025-11-28T23:14:47.033Z] DEBUG: ðŸ‘¤ adamrusso22: Favorited 1 inputs -> 5x boost 
[2025-11-28T23:14:47.033Z] DEBUG: ðŸ‘¤ adclown: Favorited 1 inputs -> 5x boost 
[2025-11-28T23:14:47.033Z] DEBUG: ðŸ‘¤ addijane: Favorited 1 inputs -> 5x boost 
[2025-11-28T23:14:47.033Z] DEBUG: ðŸ‘¤ addytayy: Favorited 1 inputs -> 5x boost 
[2025-11-28T23:14:47.033Z] DEBUG: ðŸ‘¤ adetoni626: Favorited 1 inputs -> 5x boost 
[2025-11-28T23:14:47.033Z] DEBUG: ðŸ‘¤ adrianth: Favorited 1 inputs -> 5x boost 
[2025-11-28T23:14:47.033Z] DEBUG: ðŸ‘¤ adribadillo: Favorited 1 inputs -> 5x boost 
[2025-11-28T23:14:47.033Z] DEBUG: ðŸ‘¤ adriftmoon: Favorited 1 inputs -> 5x boost 
[2025-11-28T23:14:47.033Z] DEBUG: ðŸ‘¤ adrnisnt: Favorited 1 inputs -> 5x boost 
[2025-11-28T23:14:47.033Z] DEBUG: ðŸ‘¤ aducnhan: Favorited 1 inputs -> 5x boost 
[2025-11-28T23:14:47.033Z] DEBUG: ðŸ‘¤ aeywon: Favorited 1 inputs -> 5x boost 
[2025-11-28T23:14:47.033Z] DEBUG: ðŸ‘¤ aggylar: Favorited 1 inputs -> 5x boost 
[2025-11-28T23:14:47.033Z] DEBUG: ðŸ‘¤ agrad1: Favorited 1 inputs -> 5x boost 
[2025-11-28T23:14:47.033Z] DEBUG: ðŸ‘¤ agusinvestiga: Favorited 1 inputs -> 5x boost 
[2025-11-28T23:14:47.033Z] DEBUG: ðŸ‘¤ ahmed92kira: Favorited 1 inputs -> 5x boost 
[2025-11-28T23:14:47.033Z] DEBUG: ðŸ‘¤ ahmedhatemhelal: Favorited 1 inputs -> 5x boost 
[2025-11-28T23:14:47.033Z] DEBUG: ðŸ‘¤ aidancarter35: Favorited 1 inputs -> 5x boost 
[2025-11-28T23:14:47.034Z] DEBUG: ðŸ‘¤ aidanpine: Favorited 1 inputs -> 5x boost 
[2025-11-28T23:14:47.034Z] DEBUG: ðŸ‘¤ aieterox: Favorited 1 inputs -> 5x boost 
[2025-11-28T23:14:47.034Z] DEBUG: ðŸ‘¤ airasterfan: Favorited 1 inputs -> 5x boost 
[2025-11-28T23:14:47.034Z] DEBUG: ðŸ‘¤ aiyae: Favorited 1 inputs -> 5x boost 
[2025-11-28T23:14:47.034Z] DEBUG: ðŸ‘¤ aizenssword: Favorited 1 inputs -> 5x boost 
[2025-11-28T23:14:47.034Z] DEBUG: ðŸ‘¤ ajbakes1: Favorited 1 inputs -> 5x boost 
[2025-11-28T23:14:47.034Z] DEBUG: ðŸ‘¤ ajciv: Favorited 1 inputs -> 5x boost 
[2025-11-28T23:14:47.034Z] DEBUG: ðŸ‘¤ akatlong: Favorited 1 inputs -> 5x boost 
[2025-11-28T23:14:47.034Z] DEBUG: ðŸ‘¤ akishajj: Favorited 1 inputs -> 5x boost 
[2025-11-28T23:14:47.034Z] DEBUG: ðŸ‘¤ akrobitaille: Favorited 1 inputs -> 5x boost 
[2025-11-28T23:14:47.034Z] DEBUG: ðŸ‘¤ alan_nilsen: Favorited 1 inputs -> 5x boost 
[2025-11-28T23:14:47.034Z] DEBUG: ðŸ‘¤ alanbinyasan: Favorited 1 inputs -> 5x boost 
[2025-11-28T23:14:47.034Z] DEBUG: ðŸ‘¤ alanmtzm06: Favorited 1 inputs -> 5x boost 
[2025-11-28T23:14:47.034Z] DEBUG: ðŸ‘¤ alanxdiaz: Favorited 1 inputs -> 5x boost 
[2025-11-28T23:14:47.034Z] DEBUG: ðŸ‘¤ albaniansans: Favorited 1 inputs -> 5x boost 
[2025-11-28T23:14:47.034Z] DEBUG: ðŸ‘¤ albertirijillo: Favorited 1 inputs -> 5x boost 
[2025-11-28T23:14:47.034Z] DEBUG: ðŸ‘¤ albiiiiiin: Favorited 1 inputs -> 5x boost 
[2025-11-28T23:14:47.034Z] DEBUG: ðŸ‘¤ albinisterrific: Favorited 1 inputs -> 5x boost 
[2025-11-28T23:14:47.034Z] DEBUG: ðŸ‘¤ albionn: Favorited 1 inputs -> 5x boost 
[2025-11-28T23:14:47.034Z] DEBUG: ðŸ‘¤ alcachofra: Favorited 1 inputs -> 5x boost 
[2025-11-28T23:14:47.034Z] DEBUG: ðŸ‘¤ alcasys: Favorited 1 inputs -> 5x boost 
[2025-11-28T23:14:47.034Z] DEBUG: ðŸ‘¤ aldiniqesad: Favorited 1 inputs -> 5x boost 
[2025-11-28T23:14:47.034Z] DEBUG: ðŸ‘¤ aldo2323: Favorited 1 inputs -> 5x boost 
[2025-11-28T23:14:47.034Z] DEBUG: ðŸ‘¤ ale66cl: Favorited 1 inputs -> 5x boost 
[2025-11-28T23:14:47.034Z] DEBUG: ðŸ‘¤ ale9000: Favorited 1 inputs -> 5x boost 
[2025-11-28T23:14:47.034Z] DEBUG: ðŸ‘¤ ale_perra: Favorited 1 inputs -> 5x boost 
[2025-11-28T23:14:47.034Z] DEBUG: ðŸ‘¤ aledymeww: Favorited 1 inputs -> 5x boost 
[2025-11-28T23:14:47.034Z] DEBUG: ðŸ‘¤ alekk_: Favorited 1 inputs -> 5x boost 
[2025-11-28T23:14:47.034Z] DEBUG: ðŸ‘¤ alekonvm: Favorited 1 inputs -> 5x boost 
[2025-11-28T23:14:47.035Z] DEBUG: ðŸ‘¤ aleksisv: Favorited 1 inputs -> 5x boost 
[2025-11-28T23:14:47.035Z] DEBUG: ðŸ‘¤ alelelli25: Favorited 1 inputs -> 5x boost 
[2025-11-28T23:14:47.035Z] DEBUG: ðŸ‘¤ alelunch5: Favorited 1 inputs -> 5x boost 
[2025-11-28T23:14:47.035Z] DEBUG: ðŸ‘¤ alenkadoyle: Favorited 1 inputs -> 5x boost 
[2025-11-28T23:14:47.038Z] DEBUG: ðŸ‘¤ alessiomusi: Favorited 1 inputs -> 5x boost 
[2025-11-28T23:14:47.038Z] DEBUG: ðŸ‘¤ alex2323p: Favorited 1 inputs -> 5x boost 
[2025-11-28T23:14:47.038Z] DEBUG: ðŸ‘¤ alex33: Favorited 1 inputs -> 5x boost 
[2025-11-28T23:14:47.038Z] DEBUG: ðŸ‘¤ alex6_eats: Favorited 1 inputs -> 5x boost 
[2025-11-28T23:14:47.038Z] DEBUG: ðŸ‘¤ alexaarmas: Favorited 1 inputs -> 5x boost 
[2025-11-28T23:14:47.039Z] DEBUG: ðŸ‘¤ alexander839: Favorited 1 inputs -> 5x boost 
[2025-11-28T23:14:47.039Z] DEBUG: ðŸ‘¤ alexanderhat: Favorited 1 inputs -> 5x boost 
[2025-11-28T23:14:47.039Z] DEBUG: ðŸ‘¤ alexandriabitch: Favorited 1 inputs -> 5x boost 
[2025-11-28T23:14:47.039Z] DEBUG: ðŸ‘¤ alexapolette: Favorited 1 inputs -> 5x boost 
[2025-11-28T23:14:47.039Z] DEBUG: ðŸ‘¤ alexei666: Favorited 1 inputs -> 5x boost 
[2025-11-28T23:14:47.039Z] DEBUG: ðŸ‘¤ alexfilmz04: Favorited 1 inputs -> 5x boost 
[2025-11-28T23:14:47.039Z] DEBUG: ðŸ‘¤ alexisluvsa24: Favorited 1 inputs -> 5x boost 
[2025-11-28T23:14:47.039Z] DEBUG: ðŸ‘¤ alexl5: Favorited 1 inputs -> 5x boost 
[2025-11-28T23:14:47.039Z] DEBUG: ðŸ‘¤ alexled: Favorited 1 inputs -> 5x boost 
[2025-11-28T23:14:47.039Z] DEBUG: ðŸ‘¤ alexmustgo: Favorited 1 inputs -> 5x boost 
[2025-11-28T23:14:47.039Z] DEBUG: ðŸ‘¤ alexo_tan: Favorited 1 inputs -> 5x boost 
[2025-11-28T23:14:47.039Z] DEBUG: ðŸ‘¤ alexscouch: Favorited 1 inputs -> 5x boost 
[2025-11-28T23:14:47.039Z] DEBUG: ðŸ‘¤ alexxkister: Favorited 1 inputs -> 5x boost 
[2025-11-28T23:14:47.039Z] DEBUG: ðŸ‘¤ alexxx_zl: Favorited 1 inputs -> 5x boost 
[2025-11-28T23:14:47.039Z] DEBUG: ðŸ‘¤ alfred_bttnr: Favorited 1 inputs -> 5x boost 
[2025-11-28T23:14:47.039Z] DEBUG: ðŸ‘¤ alice985: Favorited 1 inputs -> 5x boost 
[2025-11-28T23:14:47.039Z] DEBUG: ðŸ‘¤ aliceeee33: Favorited 1 inputs -> 5x boost 
[2025-11-28T23:14:47.040Z] DEBUG: ðŸ‘¤ alicemerturk: Favorited 1 inputs -> 5x boost 
[2025-11-28T23:14:47.040Z] DEBUG: ðŸ‘¤ alicerowden: Favorited 1 inputs -> 5x boost 
[2025-11-28T23:14:47.040Z] DEBUG: ðŸ‘¤ aliens3tiddies: Favorited 1 inputs -> 5x boost 
[2025-11-28T23:14:47.040Z] DEBUG: ðŸ‘¤ alienshampoo: Favorited 1 inputs -> 5x boost 
[2025-11-28T23:14:47.040Z] DEBUG: ðŸ‘¤ alijah_blue: Favorited 1 inputs -> 5x boost 
[2025-11-28T23:14:47.040Z] DEBUG: ðŸ‘¤ alisabusu: Favorited 1 inputs -> 5x boost 
[2025-11-28T23:14:47.040Z] DEBUG: ðŸ‘¤ alissaxw: Favorited 1 inputs -> 5x boost 
[2025-11-28T23:14:47.040Z] DEBUG: ðŸ‘¤ alixcrist: Favorited 1 inputs -> 5x boost 
[2025-11-28T23:14:47.040Z] DEBUG: ðŸ‘¤ allie008: Favorited 1 inputs -> 5x boost 
[2025-11-28T23:14:47.040Z] DEBUG: ðŸ‘¤ allwhitecastle: Favorited 1 inputs -> 5x boost 
[2025-11-28T23:14:47.040Z] DEBUG: ðŸ‘¤ almiraslley: Favorited 1 inputs -> 5x boost 
[2025-11-28T23:14:47.040Z] DEBUG: ðŸ‘¤ almostshankara: Favorited 1 inputs -> 5x boost 
[2025-11-28T23:14:47.040Z] DEBUG: ðŸ‘¤ alofn: Favorited 1 inputs -> 5x boost 
[2025-11-28T23:14:47.040Z] DEBUG: ðŸ‘¤ alphrose: Favorited 1 inputs -> 5x boost 
[2025-11-28T23:14:47.040Z] DEBUG: ðŸ‘¤ alpt4: Favorited 1 inputs -> 5x boost 
[2025-11-28T23:14:47.040Z] DEBUG: ðŸ‘¤ alskom: Favorited 1 inputs -> 5x boost 
[2025-11-28T23:14:47.040Z] DEBUG: ðŸ‘¤ alth_ea: Favorited 1 inputs -> 5x boost 
[2025-11-28T23:14:47.040Z] DEBUG: ðŸ‘¤ altijdhardt: Favorited 1 inputs -> 5x boost 
[2025-11-28T23:14:47.040Z] DEBUG: ðŸ‘¤ alvarligt: Favorited 1 inputs -> 5x boost 
[2025-11-28T23:14:47.040Z] DEBUG: ðŸ‘¤ alwayswithwater: Favorited 1 inputs -> 5x boost 
[2025-11-28T23:14:47.040Z] DEBUG: ðŸ‘¤ alyssabmays: Favorited 1 inputs -> 5x boost 
[2025-11-28T23:14:47.040Z] DEBUG: ðŸ‘¤ alyssajos: Favorited 1 inputs -> 5x boost 
[2025-11-28T23:14:47.040Z] DEBUG: ðŸ‘¤ alyxalyxandria: Favorited 1 inputs -> 5x boost 
[2025-11-28T23:14:47.041Z] DEBUG: ðŸ‘¤ amalaise: Favorited 1 inputs -> 5x boost 
[2025-11-28T23:14:47.041Z] DEBUG: ðŸ‘¤ amandatenz: Favorited 1 inputs -> 5x boost 
[2025-11-28T23:14:47.041Z] DEBUG: ðŸ‘¤ amaranthh: Favorited 1 inputs -> 5x boost 
[2025-11-28T23:14:47.041Z] DEBUG: ðŸ‘¤ amari3527: Favorited 1 inputs -> 5x boost 
[2025-11-28T23:14:47.041Z] DEBUG: ðŸ‘¤ amarisou: Favorited 1 inputs -> 5x boost 
[2025-11-28T23:14:47.041Z] DEBUG: ðŸ‘¤ ambiguous_evan: Favorited 1 inputs -> 5x boost 
[2025-11-28T23:14:47.041Z] DEBUG: ðŸ‘¤ ambivalence6: Favorited 1 inputs -> 5x boost 
[2025-11-28T23:14:47.041Z] DEBUG: ðŸ‘¤ ambre_lysz: Favorited 1 inputs -> 5x boost 
[2025-11-28T23:14:47.041Z] DEBUG: ðŸ‘¤ ambrioche: Favorited 1 inputs -> 5x boost 
[2025-11-28T23:14:47.041Z] DEBUG: ðŸ‘¤ amehdaly: Favorited 1 inputs -> 5x boost 
[2025-11-28T23:14:47.041Z] DEBUG: ðŸ‘¤ amirmayko: Favorited 1 inputs -> 5x boost 
[2025-11-28T23:14:47.041Z] DEBUG: ðŸ‘¤ amluga: Favorited 1 inputs -> 5x boost 
[2025-11-28T23:14:47.041Z] DEBUG: ðŸ‘¤ ammajononsense: Favorited 1 inputs -> 5x boost 
[2025-11-28T23:14:47.041Z] DEBUG: ðŸ‘¤ amparhoe: Favorited 1 inputs -> 5x boost 
[2025-11-28T23:14:47.041Z] DEBUG: ðŸ‘¤ amplesso: Favorited 1 inputs -> 5x boost 
[2025-11-28T23:14:47.041Z] DEBUG: ðŸ‘¤ amplessso: Favorited 1 inputs -> 5x boost 
[2025-11-28T23:14:47.041Z] DEBUG: ðŸ‘¤ anakind_yt: Favorited 1 inputs -> 5x boost 
[2025-11-28T23:14:47.041Z] DEBUG: ðŸ‘¤ analogjosh: Favorited 1 inputs -> 5x boost 
[2025-11-28T23:14:47.041Z] DEBUG: ðŸ‘¤ analyzer: Favorited 1 inputs -> 5x boost 
[2025-11-28T23:14:47.041Z] DEBUG: ðŸ‘¤ anaminhoca16: Favorited 1 inputs -> 5x boost 
[2025-11-28T23:14:47.041Z] DEBUG: ðŸ‘¤ anat0mie: Favorited 1 inputs -> 5x boost 
[2025-11-28T23:14:47.041Z] DEBUG: ðŸ‘¤ anatomyofapaul: Favorited 1 inputs -> 5x boost 
[2025-11-28T23:14:47.042Z] DEBUG: ðŸ‘¤ andershahn: Favorited 1 inputs -> 5x boost 
[2025-11-28T23:14:47.042Z] DEBUG: ðŸ‘¤ andersoneli: Favorited 1 inputs -> 5x boost 
[2025-11-28T23:14:47.042Z] DEBUG: ðŸ‘¤ andre_knechtel: Favorited 1 inputs -> 5x boost 
[2025-11-28T23:14:47.042Z] DEBUG: ðŸ‘¤ andreabjorseth: Favorited 1 inputs -> 5x boost 
[2025-11-28T23:14:47.042Z] DEBUG: ðŸ‘¤ andreapeghi: Favorited 1 inputs -> 5x boost 
[2025-11-28T23:14:47.042Z] DEBUG: ðŸ‘¤ andrewaka: Favorited 1 inputs -> 5x boost 
[2025-11-28T23:14:47.042Z] DEBUG: ðŸ‘¤ andrewhu93: Favorited 1 inputs -> 5x boost 
[2025-11-28T23:14:47.042Z] DEBUG: ðŸ‘¤ andrewlborne1: Favorited 1 inputs -> 5x boost 
[2025-11-28T23:14:47.042Z] DEBUG: ðŸ‘¤ 000_4g: Favorited 1 inputs -> 5x boost 
[2025-11-28T23:14:47.042Z] DEBUG: ðŸ‘¤ 001guerreiro: Favorited 1 inputs -> 5x boost 
[2025-11-28T23:14:47.042Z] DEBUG: ðŸ‘¤ 003107: Favorited 1 inputs -> 5x boost 
[2025-11-28T23:14:47.042Z] DEBUG: ðŸ‘¤ 00chwi: Favorited 1 inputs -> 5x boost 
[2025-11-28T23:14:47.042Z] DEBUG: ðŸ‘¤ 01071995: Favorited 1 inputs -> 5x boost 
[2025-11-28T23:14:47.042Z] DEBUG: ðŸ‘¤ 013jmae: Favorited 1 inputs -> 5x boost 
[2025-11-28T23:14:47.042Z] DEBUG: ðŸ‘¤ 01_lucasjesus: Favorited 1 inputs -> 5x boost 
[2025-11-28T23:14:47.042Z] DEBUG: ðŸ‘¤ 01aud: Favorited 1 inputs -> 5x boost 
[2025-11-28T23:14:47.042Z] DEBUG: ðŸ‘¤ 02hhj: Favorited 1 inputs -> 5x boost 
[2025-11-28T23:14:47.042Z] DEBUG: ðŸ‘¤ 03cc: Favorited 1 inputs -> 5x boost 
[2025-11-28T23:14:47.042Z] DEBUG: ðŸ‘¤ 03radams: Favorited 1 inputs -> 5x boost 
[2025-11-28T23:14:47.042Z] DEBUG: ðŸ‘¤ 04lazycinephile: Favorited 1 inputs -> 5x boost 
[2025-11-28T23:14:47.042Z] DEBUG: ðŸ‘¤ 0504488238: Favorited 1 inputs -> 5x boost 
[2025-11-28T23:14:47.042Z] DEBUG: ðŸ‘¤ 051122: Favorited 1 inputs -> 5x boost 
[2025-11-28T23:14:47.042Z] DEBUG: ðŸ‘¤ 0604: Favorited 1 inputs -> 5x boost 
[2025-11-28T23:14:47.042Z] DEBUG: ðŸ‘¤ 0800tcholas: Favorited 1 inputs -> 5x boost 
[2025-11-28T23:14:47.042Z] DEBUG: ðŸ‘¤ 083050k: Favorited 1 inputs -> 5x boost 
[2025-11-28T23:14:47.042Z] DEBUG: ðŸ‘¤ 08714s: Favorited 1 inputs -> 5x boost 
[2025-11-28T23:14:47.042Z] DEBUG: ðŸ‘¤ 08castle_rock80: Favorited 1 inputs -> 5x boost 
[2025-11-28T23:14:47.042Z] DEBUG: ðŸ‘¤ 08lores: Favorited 1 inputs -> 5x boost 
[2025-11-28T23:14:47.043Z] DEBUG: ðŸ‘¤ 0_0kk0_0: Favorited 1 inputs -> 5x boost 
[2025-11-28T23:14:47.043Z] DEBUG: ðŸ‘¤ 0_omgy: Favorited 1 inputs -> 5x boost 
[2025-11-28T23:14:47.043Z] DEBUG: ðŸ‘¤ 0ath: Favorited 1 inputs -> 5x boost 
[2025-11-28T23:14:47.043Z] DEBUG: ðŸ‘¤ 0biwankenobitch: Favorited 1 inputs -> 5x boost 
[2025-11-28T23:14:47.043Z] DEBUG: ðŸ‘¤ 0camo0: Favorited 1 inputs -> 5x boost 
[2025-11-28T23:14:47.043Z] DEBUG: ðŸ‘¤ 0ct0: Favorited 1 inputs -> 5x boost 
[2025-11-28T23:14:47.043Z] DEBUG: ðŸ‘¤ 0dardarbinks0: Favorited 1 inputs -> 5x boost 
[2025-11-28T23:14:47.043Z] DEBUG: ðŸ‘¤ 0jucia: Favorited 1 inputs -> 5x boost 
[2025-11-28T23:14:47.043Z] DEBUG: ðŸ‘¤ 0kenv0: Favorited 1 inputs -> 5x boost 
[2025-11-28T23:14:47.043Z] DEBUG: ðŸ‘¤ 0lel0: Favorited 1 inputs -> 5x boost 
[2025-11-28T23:14:47.043Z] DEBUG: ðŸ‘¤ 0llieash: Favorited 1 inputs -> 5x boost 
[2025-11-28T23:14:47.043Z] DEBUG: ðŸ‘¤ 0maggs: Favorited 1 inputs -> 5x boost 
[2025-11-28T23:14:47.043Z] DEBUG: ðŸ‘¤ 0moonlight: Favorited 1 inputs -> 5x boost 
[2025-11-28T23:14:47.043Z] DEBUG: ðŸ‘¤ 0nacha00: Favorited 1 inputs -> 5x boost 
[2025-11-28T23:14:47.043Z] DEBUG: ðŸ‘¤ 0ohwellwhatever: Favorited 1 inputs -> 5x boost 
[2025-11-28T23:14:47.043Z] DEBUG: ðŸ‘¤ 0person000000: Favorited 1 inputs -> 5x boost 
[2025-11-28T23:14:47.043Z] DEBUG: ðŸ‘¤ 0phelia00: Favorited 1 inputs -> 5x boost 
[2025-11-28T23:14:47.043Z] DEBUG: ðŸ‘¤ 0ppain: Favorited 1 inputs -> 5x boost 
[2025-11-28T23:14:47.043Z] DEBUG: ðŸ‘¤ 0r10ns_melt: Favorited 1 inputs -> 5x boost 
[2025-11-28T23:14:47.043Z] DEBUG: ðŸ‘¤ 0rbitoclast: Favorited 1 inputs -> 5x boost 
[2025-11-28T23:14:47.043Z] DEBUG: ðŸ‘¤ 0rcinus_: Favorited 1 inputs -> 5x boost 
[2025-11-28T23:14:47.043Z] DEBUG: ðŸ‘¤ 0rlaa: Favorited 1 inputs -> 5x boost 
[2025-11-28T23:14:47.043Z] DEBUG: ðŸ‘¤ 0star: Favorited 1 inputs -> 5x boost 
[2025-11-28T23:14:47.043Z] DEBUG: ðŸ‘¤ 0wlqueen: Favorited 1 inputs -> 5x boost 
[2025-11-28T23:14:47.043Z] DEBUG: ðŸ‘¤ 0x1_dahlia: Favorited 1 inputs -> 5x boost 
[2025-11-28T23:14:47.043Z] DEBUG: ðŸ‘¤ 10000spoons: Favorited 1 inputs -> 5x boost 
[2025-11-28T23:14:47.044Z] DEBUG: ðŸ‘¤ 100201ems: Favorited 1 inputs -> 5x boost 
[2025-11-28T23:14:47.044Z] DEBUG: ðŸ‘¤ 100melk: Favorited 1 inputs -> 5x boost 
[2025-11-28T23:14:47.044Z] DEBUG: ðŸ‘¤ 100percentblond: Favorited 1 inputs -> 5x boost 
[2025-11-28T23:14:47.044Z] DEBUG: ðŸ‘¤ 101aidan010010: Favorited 1 inputs -> 5x boost 
[2025-11-28T23:14:47.044Z] DEBUG: ðŸ‘¤ 1036pm: Favorited 1 inputs -> 5x boost 
[2025-11-28T23:14:47.044Z] DEBUG: ðŸ‘¤ 10gradfrost: Favorited 1 inputs -> 5x boost 
[2025-11-28T23:14:47.044Z] DEBUG: ðŸ‘¤ 10ksaints: Favorited 1 inputs -> 5x boost 
[2025-11-28T23:14:47.044Z] DEBUG: ðŸ‘¤ 10plp2r: Favorited 1 inputs -> 5x boost 
[2025-11-28T23:14:47.044Z] DEBUG: ðŸ‘¤ 1104na: Favorited 1 inputs -> 5x boost 
[2025-11-28T23:14:47.044Z] DEBUG: ðŸ‘¤ 1111alicia: Favorited 1 inputs -> 5x boost 
[2025-11-28T23:14:47.044Z] DEBUG: ðŸ‘¤ 1111lizzyy: Favorited 1 inputs -> 5x boost 
[2025-11-28T23:14:47.044Z] DEBUG: ðŸ‘¤ 1111nana: Favorited 1 inputs -> 5x boost 
[2025-11-28T23:14:47.044Z] DEBUG: ðŸ‘¤ 111eleanor: Favorited 1 inputs -> 5x boost 
[2025-11-28T23:14:47.044Z] DEBUG: ðŸ‘¤ 111gm: Favorited 1 inputs -> 5x boost 
[2025-11-28T23:14:47.044Z] DEBUG: ðŸ‘¤ 111miau: Favorited 1 inputs -> 5x boost 
[2025-11-28T23:14:47.044Z] DEBUG: ðŸ‘¤ 11aric11: Favorited 1 inputs -> 5x boost 
[2025-11-28T23:14:47.044Z] DEBUG: ðŸ‘¤ 11marie: Favorited 1 inputs -> 5x boost 
[2025-11-28T23:14:47.044Z] DEBUG: ðŸ‘¤ 1216natalie: Favorited 1 inputs -> 5x boost 
[2025-11-28T23:14:47.044Z] DEBUG: ðŸ‘¤ 123eyesonme: Favorited 1 inputs -> 5x boost 
[2025-11-28T23:14:47.044Z] DEBUG: ðŸ‘¤ 123hannah: Favorited 1 inputs -> 5x boost 
[2025-11-28T23:14:47.044Z] DEBUG: ðŸ‘¤ 123lu2002: Favorited 1 inputs -> 5x boost 
[2025-11-28T23:14:47.044Z] DEBUG: ðŸ‘¤ 129h: Favorited 1 inputs -> 5x boost 
[2025-11-28T23:14:47.044Z] DEBUG: ðŸ‘¤ 12bucklemyshoe: Favorited 1 inputs -> 5x boost 
[2025-11-28T23:14:47.044Z] DEBUG: ðŸ‘¤ 12robimo: Favorited 1 inputs -> 5x boost 
[2025-11-28T23:14:47.044Z] DEBUG: ðŸ‘¤ 130sat: Favorited 1 inputs -> 5x boost 
[2025-11-28T23:14:47.044Z] DEBUG: ðŸ‘¤ 13ece: Favorited 1 inputs -> 5x boost 
[2025-11-28T23:14:47.044Z] DEBUG: ðŸ‘¤ 13ji9star: Favorited 1 inputs -> 5x boost 
[2025-11-28T23:14:47.044Z] DEBUG: ðŸ‘¤ 13mooncat13: Favorited 1 inputs -> 5x boost 
[2025-11-28T23:14:47.044Z] DEBUG: ðŸ‘¤ 13rayan: Favorited 1 inputs -> 5x boost 
[2025-11-28T23:14:47.045Z] DEBUG: ðŸ‘¤ 13thhbeach: Favorited 1 inputs -> 5x boost 
[2025-11-28T23:14:47.045Z] DEBUG: ðŸ‘¤ 1400mg: Favorited 1 inputs -> 5x boost 
[2025-11-28T23:14:47.045Z] DEBUG: ðŸ‘¤ 14shadows: Favorited 1 inputs -> 5x boost 
[2025-11-28T23:14:47.045Z] DEBUG: ðŸ‘¤ 15528922julieta: Favorited 1 inputs -> 5x boost 
[2025-11-28T23:14:47.045Z] DEBUG: ðŸ‘¤ 15exquisite: Favorited 1 inputs -> 5x boost 
[2025-11-28T23:14:47.045Z] DEBUG: ðŸ‘¤ 15florherrera: Favorited 1 inputs -> 5x boost 
[2025-11-28T23:14:47.045Z] DEBUG: ðŸ‘¤ 15lexxx: Favorited 1 inputs -> 5x boost 
[2025-11-28T23:14:47.045Z] DEBUG: ðŸ‘¤ 15rosehar: Favorited 1 inputs -> 5x boost 
[2025-11-28T23:14:47.045Z] DEBUG: ðŸ‘¤ 15tiffanyy: Favorited 1 inputs -> 5x boost 
[2025-11-28T23:14:47.045Z] DEBUG: ðŸ‘¤ 17uttle: Favorited 1 inputs -> 5x boost 
[2025-11-28T23:14:47.045Z] DEBUG: ðŸ‘¤ 1800jackie: Favorited 1 inputs -> 5x boost 
[2025-11-28T23:14:47.045Z] DEBUG: ðŸ‘¤ 1800pizzaboys: Favorited 1 inputs -> 5x boost 
[2025-11-28T23:14:47.045Z] DEBUG: ðŸ‘¤ 1800rejection: Favorited 1 inputs -> 5x boost 
[2025-11-28T23:14:47.045Z] DEBUG: ðŸ‘¤ 1800sleep: Favorited 1 inputs -> 5x boost 
[2025-11-28T23:14:47.045Z] DEBUG: ðŸ‘¤ 1806lopes: Favorited 1 inputs -> 5x boost 
[2025-11-28T23:14:47.045Z] DEBUG: ðŸ‘¤ 18zkona: Favorited 1 inputs -> 5x boost 
[2025-11-28T23:14:47.045Z] DEBUG: ðŸ‘¤ 1922_moscva: Favorited 1 inputs -> 5x boost 
[2025-11-28T23:14:47.045Z] DEBUG: ðŸ‘¤ 1989luvr: Favorited 1 inputs -> 5x boost 
[2025-11-28T23:14:47.045Z] DEBUG: ðŸ‘¤ 1990langdon: Favorited 1 inputs -> 5x boost 
[2025-11-28T23:14:47.045Z] DEBUG: ðŸ‘¤ 19_2000: Favorited 1 inputs -> 5x boost 
[2025-11-28T23:14:47.045Z] DEBUG: ðŸ‘¤ 19hrs86: Favorited 1 inputs -> 5x boost 
[2025-11-28T23:14:47.045Z] DEBUG: ðŸ‘¤ 19pmch: Favorited 1 inputs -> 5x boost 
[2025-11-28T23:14:47.045Z] DEBUG: ðŸ‘¤ 1_nosuke: Favorited 1 inputs -> 5x boost 
[2025-11-28T23:14:47.045Z] DEBUG: ðŸ‘¤ 1amv1c: Favorited 1 inputs -> 5x boost 
[2025-11-28T23:14:47.046Z] DEBUG: ðŸ‘¤ 1andreea1: Favorited 1 inputs -> 5x boost 
[2025-11-28T23:14:47.046Z] DEBUG: ðŸ‘¤ 1aszsx0: Favorited 1 inputs -> 5x boost 
[2025-11-28T23:14:47.046Z] DEBUG: ðŸ‘¤ 1aurenalice: Favorited 1 inputs -> 5x boost 
[2025-11-28T23:14:47.046Z] DEBUG: ðŸ‘¤ 1aurenmar1e: Favorited 1 inputs -> 5x boost 
[2025-11-28T23:14:47.046Z] DEBUG: ðŸ‘¤ 1chandra: Favorited 1 inputs -> 5x boost 
[2025-11-28T23:14:47.046Z] DEBUG: ðŸ‘¤ 1clothesminded: Favorited 1 inputs -> 5x boost 
[2025-11-28T23:14:47.046Z] DEBUG: ðŸ‘¤ 1crabbyabby: Favorited 1 inputs -> 5x boost 
[2025-11-28T23:14:47.046Z] DEBUG: ðŸ‘¤ 1derfulpop: Favorited 1 inputs -> 5x boost 
[2025-11-28T23:14:47.046Z] DEBUG: ðŸ‘¤ 1dtilidie: Favorited 1 inputs -> 5x boost 
[2025-11-28T23:14:47.046Z] DEBUG: ðŸ‘¤ 1fiftyblessings: Favorited 1 inputs -> 5x boost 
[2025-11-28T23:14:47.046Z] DEBUG: ðŸ‘¤ 1inadillion: Favorited 1 inputs -> 5x boost 
[2025-11-28T23:14:47.046Z] DEBUG: ðŸ‘¤ 1iteralyssa: Favorited 1 inputs -> 5x boost 
[2025-11-28T23:14:47.046Z] DEBUG: ðŸ‘¤ 1ivvy10v3: Favorited 1 inputs -> 5x boost 
[2025-11-28T23:14:47.046Z] DEBUG: ðŸ‘¤ 1l1l1y: Favorited 1 inputs -> 5x boost 
[2025-11-28T23:14:47.046Z] DEBUG: ðŸ‘¤ 1lauren1x: Favorited 1 inputs -> 5x boost 
[2025-11-28T23:14:47.046Z] DEBUG: ðŸ‘¤ 1liss: Favorited 1 inputs -> 5x boost 
[2025-11-28T23:14:47.047Z] DEBUG: ðŸ‘¤ 1ly1: Favorited 1 inputs -> 5x boost 
[2025-11-28T23:14:47.047Z] DEBUG: ðŸ‘¤ 1lyson: Favorited 1 inputs -> 5x boost 
[2025-11-28T23:14:47.047Z] DEBUG: ðŸ‘¤ 1m0g3n22: Favorited 1 inputs -> 5x boost 
[2025-11-28T23:14:47.047Z] DEBUG: ðŸ‘¤ 1maik: Favorited 1 inputs -> 5x boost 
[2025-11-28T23:14:47.047Z] DEBUG: ðŸ‘¤ 1mn0t0k1prom153: Favorited 1 inputs -> 5x boost 
[2025-11-28T23:14:47.047Z] DEBUG: ðŸ‘¤ 1ndonlylis: Favorited 1 inputs -> 5x boost 
[2025-11-28T23:14:47.047Z] DEBUG: ðŸ‘¤ 1ntrflyy: Favorited 1 inputs -> 5x boost 
[2025-11-28T23:14:47.047Z] DEBUG: ðŸ‘¤ 1oveth: Favorited 1 inputs -> 5x boost 
[2025-11-28T23:14:47.047Z] DEBUG: ðŸ‘¤ 1pearlydrop: Favorited 1 inputs -> 5x boost 
[2025-11-28T23:14:47.047Z] DEBUG: ðŸ‘¤ 1penny: Favorited 1 inputs -> 5x boost 
[2025-11-28T23:14:47.047Z] DEBUG: ðŸ‘¤ 1perritoandaluz: Favorited 1 inputs -> 5x boost 
[2025-11-28T23:14:47.047Z] DEBUG: ðŸ‘¤ 1piratef1lm5: Favorited 1 inputs -> 5x boost 
[2025-11-28T23:14:47.047Z] DEBUG: ðŸ‘¤ 1realjacobzz: Favorited 1 inputs -> 5x boost 
[2025-11-28T23:14:47.047Z] DEBUG: ðŸ‘¤ 1riley: Favorited 1 inputs -> 5x boost 
[2025-11-28T23:14:47.047Z] DEBUG: ðŸ‘¤ 1s1eep233: Favorited 1 inputs -> 5x boost 
[2025-11-28T23:14:47.047Z] DEBUG: ðŸ‘¤ 1sabe11a: Favorited 1 inputs -> 5x boost 
[2025-11-28T23:14:47.047Z] DEBUG: ðŸ‘¤ 1sabell4: Favorited 1 inputs -> 5x boost 
[2025-11-28T23:14:47.047Z] DEBUG: ðŸ‘¤ 1stays0ft: Favorited 1 inputs -> 5x boost 
[2025-11-28T23:14:47.047Z] DEBUG: ðŸ‘¤ 1stgirlonearth: Favorited 1 inputs -> 5x boost 
[2025-11-28T23:14:47.047Z] DEBUG: ðŸ‘¤ 1sua8: Favorited 1 inputs -> 5x boost 
[2025-11-28T23:14:47.047Z] DEBUG: ðŸ‘¤ 1tzzmay3: Favorited 1 inputs -> 5x boost 
[2025-11-28T23:14:47.047Z] DEBUG: ðŸ‘¤ 1weff: Favorited 1 inputs -> 5x boost 
[2025-11-28T23:14:47.048Z] DEBUG: ðŸ‘¤ 1x4: Favorited 1 inputs -> 5x boost 
[2025-11-28T23:14:47.048Z] DEBUG: ðŸ‘¤ 1zae: Favorited 1 inputs -> 5x boost 
[2025-11-28T23:14:47.048Z] DEBUG: ðŸ‘¤ 1zzydoo: Favorited 1 inputs -> 5x boost 
[2025-11-28T23:14:47.048Z] DEBUG: ðŸ‘¤ 200coelacanths: Favorited 1 inputs -> 5x boost 
[2025-11-28T23:14:47.048Z] DEBUG: ðŸ‘¤ 2024movies: Favorited 1 inputs -> 5x boost 
[2025-11-28T23:14:47.048Z] DEBUG: ðŸ‘¤ 20michelle02: Favorited 1 inputs -> 5x boost 
[2025-11-28T23:14:47.048Z] DEBUG: ðŸ‘¤ 20y08: Favorited 1 inputs -> 5x boost 
[2025-11-28T23:14:47.048Z] DEBUG: ðŸ‘¤ 222anya: Favorited 1 inputs -> 5x boost 
[2025-11-28T23:14:47.048Z] DEBUG: ðŸ‘¤ 222eliuds: Favorited 1 inputs -> 5x boost 
[2025-11-28T23:14:47.048Z] DEBUG: ðŸ‘¤ 222miranda: Favorited 1 inputs -> 5x boost 
[2025-11-28T23:14:47.048Z] DEBUG: ðŸ‘¤ 222moi: Favorited 1 inputs -> 5x boost 
[2025-11-28T23:14:47.048Z] DEBUG: ðŸ‘¤ 222mylo: Favorited 1 inputs -> 5x boost 
[2025-11-28T23:14:47.048Z] DEBUG: ðŸ‘¤ 22liviak: Favorited 1 inputs -> 5x boost 
[2025-11-28T23:14:47.048Z] DEBUG: ðŸ‘¤ 22nplatt: Favorited 1 inputs -> 5x boost 
[2025-11-28T23:14:47.048Z] DEBUG: ðŸ‘¤ 247watcher: Favorited 1 inputs -> 5x boost 
[2025-11-28T23:14:47.048Z] DEBUG: ðŸ‘¤ 24drian: Favorited 1 inputs -> 5x boost 
[2025-11-28T23:14:47.048Z] DEBUG: ðŸ‘¤ 24gavinsmith24: Favorited 1 inputs -> 5x boost 
[2025-11-28T23:14:47.048Z] DEBUG: ðŸ‘¤ 24loey: Favorited 1 inputs -> 5x boost 
[2025-11-28T23:14:47.048Z] DEBUG: ðŸ‘¤ 252sophia: Favorited 1 inputs -> 5x boost 
[2025-11-28T23:14:47.049Z] DEBUG: ðŸ‘¤ 26alcoholics: Favorited 1 inputs -> 5x boost 
[2025-11-28T23:14:47.049Z] DEBUG: ðŸ‘¤ 26selbar: Favorited 1 inputs -> 5x boost 
[2025-11-28T23:14:47.049Z] DEBUG: ðŸ‘¤ 27lions: Favorited 1 inputs -> 5x boost 
[2025-11-28T23:14:47.049Z] DEBUG: ðŸ‘¤ 28emma: Favorited 1 inputs -> 5x boost 
[2025-11-28T23:14:47.049Z] DEBUG: ðŸ‘¤ 28laura: Favorited 1 inputs -> 5x boost 
[2025-11-28T23:14:47.049Z] DEBUG: ðŸ‘¤ 2aylnee: Favorited 1 inputs -> 5x boost 
[2025-11-28T23:14:47.049Z] DEBUG: ðŸ‘¤ 2blaise: Favorited 1 inputs -> 5x boost 
[2025-11-28T23:14:47.049Z] DEBUG: ðŸ‘¤ 2bryan7: Favorited 1 inputs -> 5x boost 
[2025-11-28T23:14:47.049Z] DEBUG: ðŸ‘¤ 2cm: Favorited 1 inputs -> 5x boost 
[2025-11-28T23:14:47.049Z] DEBUG: ðŸ‘¤ 2doux: Favorited 1 inputs -> 5x boost 
[2025-11-28T23:14:47.049Z] DEBUG: ðŸ‘¤ 2ds_missingeyes: Favorited 1 inputs -> 5x boost 
[2025-11-28T23:14:47.049Z] DEBUG: ðŸ‘¤ 2fastfu: Favorited 1 inputs -> 5x boost 
[2025-11-28T23:14:47.049Z] DEBUG: ðŸ‘¤ 2gavi: Favorited 1 inputs -> 5x boost 
[2025-11-28T23:14:47.049Z] DEBUG: ðŸ‘¤ 2guys_james: Favorited 1 inputs -> 5x boost 
[2025-11-28T23:14:47.049Z] DEBUG: ðŸ‘¤ 2high2remember: Favorited 1 inputs -> 5x boost 
[2025-11-28T23:14:47.049Z] DEBUG: ðŸ‘¤ 2k5donny: Favorited 1 inputs -> 5x boost 
[2025-11-28T23:14:47.049Z] DEBUG: ðŸ‘¤ 2livdeliciously: Favorited 1 inputs -> 5x boost 
[2025-11-28T23:14:47.049Z] DEBUG: ðŸ‘¤ 2ndvoyager: Favorited 1 inputs -> 5x boost 
[2025-11-28T23:14:47.050Z] DEBUG: ðŸ‘¤ 2ndwatchesmovie: Favorited 1 inputs -> 5x boost 
[2025-11-28T23:14:47.050Z] DEBUG: ðŸ‘¤ 2ndwrld: Favorited 1 inputs -> 5x boost 
[2025-11-28T23:14:47.050Z] DEBUG: ðŸ‘¤ 2oomuch: Favorited 1 inputs -> 5x boost 
[2025-11-28T23:14:47.050Z] DEBUG: ðŸ‘¤ 2pachok: Favorited 1 inputs -> 5x boost 
[2025-11-28T23:14:47.050Z] DEBUG: ðŸ‘¤ 2snakes35: Favorited 1 inputs -> 5x boost 
[2025-11-28T23:14:47.050Z] DEBUG: ðŸ‘¤ 2tan: Favorited 1 inputs -> 5x boost 
[2025-11-28T23:14:47.050Z] DEBUG: ðŸ‘¤ 2toastperday: Favorited 1 inputs -> 5x boost 
[2025-11-28T23:14:47.050Z] DEBUG: ðŸ‘¤ 30brooke: Favorited 1 inputs -> 5x boost 
[2025-11-28T23:14:47.050Z] DEBUG: ðŸ‘¤ 311p: Favorited 1 inputs -> 5x boost 
[2025-11-28T23:14:47.050Z] DEBUG: ðŸ‘¤ 31337800813z: Favorited 1 inputs -> 5x boost 
[2025-11-28T23:14:47.050Z] DEBUG: ðŸ‘¤ 314erre: Favorited 1 inputs -> 5x boost 
[2025-11-28T23:14:47.050Z] DEBUG: ðŸ‘¤ 316raymondo: Favorited 1 inputs -> 5x boost 
[2025-11-28T23:14:47.050Z] DEBUG: ðŸ‘¤ 333maisie: Favorited 1 inputs -> 5x boost 
[2025-11-28T23:14:47.050Z] DEBUG: ðŸ‘¤ 333maxwell: Favorited 1 inputs -> 5x boost 
[2025-11-28T23:14:47.050Z] DEBUG: ðŸ‘¤ 333star: Favorited 1 inputs -> 5x boost 
[2025-11-28T23:14:47.050Z] DEBUG: ðŸ‘¤ 333yaniz: Favorited 1 inputs -> 5x boost 
[2025-11-28T23:14:47.050Z] DEBUG: ðŸ‘¤ 33duck01: Favorited 1 inputs -> 5x boost 
[2025-11-28T23:14:47.050Z] DEBUG: ðŸ‘¤ 343film: Favorited 1 inputs -> 5x boost 
[2025-11-28T23:14:47.050Z] DEBUG: ðŸ‘¤ 35611562166: Favorited 1 inputs -> 5x boost 
[2025-11-28T23:14:47.050Z] DEBUG: ðŸ‘¤ _2nrew: Favorited 1 inputs -> 5x boost 
[2025-11-28T23:14:47.050Z] DEBUG: ðŸ‘¤ __1__: Favorited 1 inputs -> 5x boost 
[2025-11-28T23:14:47.051Z] INFO: ðŸ† Top affinity users: 
[2025-11-28T23:14:47.051Z] INFO:   21420: 5.00x (0 likes, 1 favorites) 
[2025-11-28T23:14:47.051Z] INFO:   230485: 5.00x (0 likes, 1 favorites) 
[2025-11-28T23:14:47.051Z] INFO:   2401010: 5.00x (0 likes, 1 favorites) 
[2025-11-28T23:14:47.052Z] INFO:   345568832: 5.00x (0 likes, 1 favorites) 
[2025-11-28T23:14:47.052Z] INFO:   01magid: 5.00x (0 likes, 1 favorites) 
[2025-11-28T23:14:47.052Z] INFO: ðŸŽ¬ STEP 3: Fetching other movies from these users 
[2025-11-28T23:14:47.154Z] INFO: â­ 200 users favorited midsommar 
[2025-11-28T23:14:47.154Z] INFO: ðŸ‘¥ Total users who interacted: 795 
[2025-11-28T23:14:47.155Z] INFO: ðŸ“Š STEP 2: Calculating user affinity scores 
[2025-11-28T23:14:47.155Z] DEBUG: ðŸ‘¤ 21420: Favorited 1 inputs -> 5x boost 
[2025-11-28T23:14:47.155Z] DEBUG: ðŸ‘¤ 230485: Favorited 1 inputs -> 5x boost 
[2025-11-28T23:14:47.155Z] DEBUG: ðŸ‘¤ 2401010: Favorited 1 inputs -> 5x boost 
[2025-11-28T23:14:47.156Z] DEBUG: ðŸ‘¤ 345568832: Favorited 1 inputs -> 5x boost 
[2025-11-28T23:14:47.156Z] DEBUG: ðŸ‘¤ bluetintglasses: Liked 2 inputs -> 3x boost 
[2025-11-28T23:14:47.156Z] DEBUG: ðŸ‘¤ doomsayer2113: Liked 2 inputs -> 3x boost 
[2025-11-28T23:14:47.156Z] DEBUG: ðŸ‘¤ mikebot1986: Liked 2 inputs -> 3x boost 
[2025-11-28T23:14:47.156Z] DEBUG: ðŸ‘¤ pkronhamn: Liked 2 inputs -> 3x boost 
[2025-11-28T23:14:47.157Z] DEBUG: ðŸ‘¤ 01magid: Favorited 1 inputs -> 5x boost 
[2025-11-28T23:14:47.159Z] DEBUG: ðŸ‘¤ 0atly: Favorited 1 inputs -> 5x boost 
[2025-11-28T23:14:47.159Z] DEBUG: ðŸ‘¤ 0ct0bergirl: Favorited 1 inputs -> 5x boost 
[2025-11-28T23:14:47.159Z] DEBUG: ðŸ‘¤ 0f_tuna: Favorited 1 inputs -> 5x boost 
[2025-11-28T23:14:47.159Z] DEBUG: ðŸ‘¤ 0pavel: Favorited 1 inputs -> 5x boost 
[2025-11-28T23:14:47.159Z] DEBUG: ðŸ‘¤ 100naziscalps: Favorited 1 inputs -> 5x boost 
[2025-11-28T23:14:47.159Z] DEBUG: ðŸ‘¤ 11coll: Favorited 1 inputs -> 5x boost 
[2025-11-28T23:14:47.162Z] DEBUG: ðŸ‘¤ 11estroud: Favorited 1 inputs -> 5x boost 
[2025-11-28T23:14:47.163Z] DEBUG: ðŸ‘¤ 123urawesome: Favorited 1 inputs -> 5x boost 
[2025-11-28T23:14:47.163Z] DEBUG: ðŸ‘¤ 12horses: Favorited 1 inputs -> 5x boost 
[2025-11-28T23:14:47.163Z] DEBUG: ðŸ‘¤ 12thvenus: Favorited 1 inputs -> 5x boost 
[2025-11-28T23:14:47.163Z] DEBUG: ðŸ‘¤ 1b1faces: Favorited 1 inputs -> 5x boost 
[2025-11-28T23:14:47.163Z] DEBUG: ðŸ‘¤ 1imir: Favorited 1 inputs -> 5x boost 
[2025-11-28T23:14:47.163Z] DEBUG: ðŸ‘¤ 1mateoz: Favorited 1 inputs -> 5x boost 
[2025-11-28T23:14:47.164Z] DEBUG: ðŸ‘¤ 1spunlobster: Favorited 1 inputs -> 5x boost 
[2025-11-28T23:14:47.164Z] DEBUG: ðŸ‘¤ 2003skohei: Favorited 1 inputs -> 5x boost 
[2025-11-28T23:14:47.164Z] DEBUG: ðŸ‘¤ 20teethinaglass: Favorited 1 inputs -> 5x boost 
[2025-11-28T23:14:47.164Z] DEBUG: ðŸ‘¤ 28njwhite: Favorited 1 inputs -> 5x boost 
[2025-11-28T23:14:47.164Z] DEBUG: ðŸ‘¤ 2chelly2belly: Favorited 1 inputs -> 5x boost 
[2025-11-28T23:14:47.165Z] DEBUG: ðŸ‘¤ 2cool4schoolz: Favorited 1 inputs -> 5x boost 
[2025-11-28T23:14:47.165Z] DEBUG: ðŸ‘¤ 2kibb: Favorited 1 inputs -> 5x boost 
[2025-11-28T23:14:47.165Z] DEBUG: ðŸ‘¤ 2smallchildren: Favorited 1 inputs -> 5x boost 
[2025-11-28T23:14:47.165Z] DEBUG: ðŸ‘¤ 2tall2fall: Favorited 1 inputs -> 5x boost 
[2025-11-28T23:14:47.165Z] DEBUG: ðŸ‘¤ 35t4v1d4: Favorited 2 inputs -> 5x boost 
[2025-11-28T23:14:47.167Z] DEBUG: ðŸ‘¤ 3leo3: Favorited 1 inputs -> 5x boost 
[2025-11-28T23:14:47.167Z] DEBUG: ðŸ‘¤ 3llie_bells: Favorited 1 inputs -> 5x boost 
[2025-11-28T23:14:47.167Z] DEBUG: ðŸ‘¤ 4riete: Favorited 1 inputs -> 5x boost 
[2025-11-28T23:14:47.167Z] DEBUG: ðŸ‘¤ 4rmadio: Favorited 1 inputs -> 5x boost 
[2025-11-28T23:14:47.167Z] DEBUG: ðŸ‘¤ 5ftoblerone: Favorited 1 inputs -> 5x boost 
[2025-11-28T23:14:47.167Z] DEBUG: ðŸ‘¤ 5ifth: Favorited 1 inputs -> 5x boost 
[2025-11-28T23:14:47.167Z] DEBUG: ðŸ‘¤ 666bemma: Favorited 1 inputs -> 5x boost 
[2025-11-28T23:14:47.168Z] DEBUG: ðŸ‘¤ 66jupiter: Favorited 1 inputs -> 5x boost 
[2025-11-28T23:14:47.168Z] DEBUG: ðŸ‘¤ 6ak: Favorited 1 inputs -> 5x boost 
[2025-11-28T23:14:47.168Z] DEBUG: ðŸ‘¤ 7c8: Favorited 1 inputs -> 5x boost 
[2025-11-28T23:14:47.168Z] DEBUG: ðŸ‘¤ 8bian: Favorited 1 inputs -> 5x boost 
[2025-11-28T23:14:47.168Z] DEBUG: ðŸ‘¤ 8uckl3y: Favorited 1 inputs -> 5x boost 
[2025-11-28T23:14:47.168Z] DEBUG: ðŸ‘¤ 90s4ngel: Favorited 1 inputs -> 5x boost 
[2025-11-28T23:14:47.168Z] DEBUG: ðŸ‘¤ 999yak0b999: Favorited 1 inputs -> 5x boost 
[2025-11-28T23:14:47.168Z] DEBUG: ðŸ‘¤ 99percentsilk: Favorited 1 inputs -> 5x boost 
[2025-11-28T23:14:47.168Z] DEBUG: ðŸ‘¤ _2ccx: Favorited 1 inputs -> 5x boost 
[2025-11-28T23:14:47.168Z] DEBUG: ðŸ‘¤ _absolutely_: Favorited 1 inputs -> 5x boost 
[2025-11-28T23:14:47.168Z] DEBUG: ðŸ‘¤ _ahmetemin: Favorited 1 inputs -> 5x boost 
[2025-11-28T23:14:47.168Z] DEBUG: ðŸ‘¤ a166443df: Favorited 1 inputs -> 5x boost 
[2025-11-28T23:14:47.168Z] DEBUG: ðŸ‘¤ a1emily: Favorited 1 inputs -> 5x boost 
[2025-11-28T23:14:47.168Z] DEBUG: ðŸ‘¤ a1exdur0: Favorited 1 inputs -> 5x boost 
[2025-11-28T23:14:47.168Z] DEBUG: ðŸ‘¤ a1onsoar3a11o: Favorited 1 inputs -> 5x boost 
[2025-11-28T23:14:47.168Z] DEBUG: ðŸ‘¤ a24goth: Favorited 1 inputs -> 5x boost 
[2025-11-28T23:14:47.168Z] DEBUG: ðŸ‘¤ a24wh0reee: Favorited 1 inputs -> 5x boost 
[2025-11-28T23:14:47.174Z] DEBUG: ðŸ‘¤ a_borrellj: Favorited 1 inputs -> 5x boost 
[2025-11-28T23:14:47.174Z] DEBUG: ðŸ‘¤ a_damn_uno: Favorited 1 inputs -> 5x boost 
[2025-11-28T23:14:47.175Z] DEBUG: ðŸ‘¤ aaaaaverey: Favorited 1 inputs -> 5x boost 
[2025-11-28T23:14:47.175Z] DEBUG: ðŸ‘¤ aaaarrrss: Favorited 1 inputs -> 5x boost 
[2025-11-28T23:14:47.175Z] DEBUG: ðŸ‘¤ aaadrain: Favorited 1 inputs -> 5x boost 
[2025-11-28T23:14:47.175Z] DEBUG: ðŸ‘¤ aaburto: Favorited 1 inputs -> 5x boost 
[2025-11-28T23:14:47.175Z] DEBUG: ðŸ‘¤ aaliyahp: Favorited 1 inputs -> 5x boost 
[2025-11-28T23:14:47.175Z] DEBUG: ðŸ‘¤ aaphill18: Favorited 1 inputs -> 5x boost 
[2025-11-28T23:14:47.175Z] DEBUG: ðŸ‘¤ aaron_gumboy: Favorited 1 inputs -> 5x boost 
[2025-11-28T23:14:47.175Z] DEBUG: ðŸ‘¤ aaronrugg: Favorited 1 inputs -> 5x boost 
[2025-11-28T23:14:47.175Z] DEBUG: ðŸ‘¤ abbeju: Favorited 1 inputs -> 5x boost 
[2025-11-28T23:14:47.175Z] DEBUG: ðŸ‘¤ abbyandersonsbf: Favorited 1 inputs -> 5x boost 
[2025-11-28T23:14:47.175Z] DEBUG: ðŸ‘¤ abcdent: Favorited 1 inputs -> 5x boost 
[2025-11-28T23:14:47.175Z] DEBUG: ðŸ‘¤ abigail1100: Favorited 1 inputs -> 5x boost 
[2025-11-28T23:14:47.175Z] DEBUG: ðŸ‘¤ abii2022: Favorited 1 inputs -> 5x boost 
[2025-11-28T23:14:47.175Z] DEBUG: ðŸ‘¤ abril7312: Favorited 1 inputs -> 5x boost 
[2025-11-28T23:14:47.175Z] DEBUG: ðŸ‘¤ ace6g: Favorited 1 inputs -> 5x boost 
[2025-11-28T23:14:47.175Z] DEBUG: ðŸ‘¤ acehrs: Favorited 1 inputs -> 5x boost 
[2025-11-28T23:14:47.176Z] DEBUG: ðŸ‘¤ aceynth: Favorited 1 inputs -> 5x boost 
[2025-11-28T23:14:47.176Z] DEBUG: ðŸ‘¤ achilles24: Favorited 1 inputs -> 5x boost 
[2025-11-28T23:14:47.176Z] DEBUG: ðŸ‘¤ achter_de_boom: Favorited 1 inputs -> 5x boost 
[2025-11-28T23:14:47.176Z] DEBUG: ðŸ‘¤ acylchloride: Favorited 1 inputs -> 5x boost 
[2025-11-28T23:14:47.176Z] DEBUG: ðŸ‘¤ adamfisher321: Favorited 1 inputs -> 5x boost 
[2025-11-28T23:14:47.176Z] DEBUG: ðŸ‘¤ adamkaaa: Favorited 1 inputs -> 5x boost 
[2025-11-28T23:14:47.176Z] DEBUG: ðŸ‘¤ adammahfr: Favorited 1 inputs -> 5x boost 
[2025-11-28T23:14:47.176Z] DEBUG: ðŸ‘¤ adampolanik: Favorited 1 inputs -> 5x boost 
[2025-11-28T23:14:47.176Z] DEBUG: ðŸ‘¤ adamrara: Favorited 1 inputs -> 5x boost 
[2025-11-28T23:14:47.176Z] DEBUG: ðŸ‘¤ adamrusso22: Favorited 1 inputs -> 5x boost 
[2025-11-28T23:14:47.176Z] DEBUG: ðŸ‘¤ adclown: Favorited 1 inputs -> 5x boost 
[2025-11-28T23:14:47.176Z] DEBUG: ðŸ‘¤ addijane: Favorited 1 inputs -> 5x boost 
[2025-11-28T23:14:47.176Z] DEBUG: ðŸ‘¤ addytayy: Favorited 1 inputs -> 5x boost 
[2025-11-28T23:14:47.176Z] DEBUG: ðŸ‘¤ adetoni626: Favorited 1 inputs -> 5x boost 
[2025-11-28T23:14:47.176Z] DEBUG: ðŸ‘¤ adrianth: Favorited 1 inputs -> 5x boost 
[2025-11-28T23:14:47.177Z] DEBUG: ðŸ‘¤ adribadillo: Favorited 1 inputs -> 5x boost 
[2025-11-28T23:14:47.177Z] DEBUG: ðŸ‘¤ adriftmoon: Favorited 1 inputs -> 5x boost 
[2025-11-28T23:14:47.177Z] DEBUG: ðŸ‘¤ adrnisnt: Favorited 1 inputs -> 5x boost 
[2025-11-28T23:14:47.177Z] DEBUG: ðŸ‘¤ aducnhan: Favorited 1 inputs -> 5x boost 
[2025-11-28T23:14:47.177Z] DEBUG: ðŸ‘¤ aeywon: Favorited 1 inputs -> 5x boost 
[2025-11-28T23:14:47.177Z] DEBUG: ðŸ‘¤ aggylar: Favorited 1 inputs -> 5x boost 
[2025-11-28T23:14:47.177Z] DEBUG: ðŸ‘¤ agrad1: Favorited 1 inputs -> 5x boost 
[2025-11-28T23:14:47.177Z] DEBUG: ðŸ‘¤ agusinvestiga: Favorited 1 inputs -> 5x boost 
[2025-11-28T23:14:47.177Z] DEBUG: ðŸ‘¤ ahmed92kira: Favorited 1 inputs -> 5x boost 
[2025-11-28T23:14:47.177Z] DEBUG: ðŸ‘¤ ahmedhatemhelal: Favorited 1 inputs -> 5x boost 
[2025-11-28T23:14:47.177Z] DEBUG: ðŸ‘¤ aidancarter35: Favorited 1 inputs -> 5x boost 
[2025-11-28T23:14:47.177Z] DEBUG: ðŸ‘¤ aidanpine: Favorited 1 inputs -> 5x boost 
[2025-11-28T23:14:47.177Z] DEBUG: ðŸ‘¤ aieterox: Favorited 1 inputs -> 5x boost 
[2025-11-28T23:14:47.177Z] DEBUG: ðŸ‘¤ airasterfan: Favorited 1 inputs -> 5x boost 
[2025-11-28T23:14:47.177Z] DEBUG: ðŸ‘¤ aiyae: Favorited 1 inputs -> 5x boost 
[2025-11-28T23:14:47.177Z] DEBUG: ðŸ‘¤ aizenssword: Favorited 1 inputs -> 5x boost 
[2025-11-28T23:14:47.177Z] DEBUG: ðŸ‘¤ ajbakes1: Favorited 1 inputs -> 5x boost 
[2025-11-28T23:14:47.177Z] DEBUG: ðŸ‘¤ ajciv: Favorited 1 inputs -> 5x boost 
[2025-11-28T23:14:47.177Z] DEBUG: ðŸ‘¤ akatlong: Favorited 1 inputs -> 5x boost 
[2025-11-28T23:14:47.177Z] DEBUG: ðŸ‘¤ akishajj: Favorited 1 inputs -> 5x boost 
[2025-11-28T23:14:47.177Z] DEBUG: ðŸ‘¤ akrobitaille: Favorited 1 inputs -> 5x boost 
[2025-11-28T23:14:47.177Z] DEBUG: ðŸ‘¤ alan_nilsen: Favorited 1 inputs -> 5x boost 
[2025-11-28T23:14:47.177Z] DEBUG: ðŸ‘¤ alanbinyasan: Favorited 1 inputs -> 5x boost 
[2025-11-28T23:14:47.177Z] DEBUG: ðŸ‘¤ alanmtzm06: Favorited 1 inputs -> 5x boost 
[2025-11-28T23:14:47.178Z] DEBUG: ðŸ‘¤ alanxdiaz: Favorited 1 inputs -> 5x boost 
[2025-11-28T23:14:47.178Z] DEBUG: ðŸ‘¤ albaniansans: Favorited 1 inputs -> 5x boost 
[2025-11-28T23:14:47.178Z] DEBUG: ðŸ‘¤ albertirijillo: Favorited 1 inputs -> 5x boost 
[2025-11-28T23:14:47.178Z] DEBUG: ðŸ‘¤ albiiiiiin: Favorited 1 inputs -> 5x boost 
[2025-11-28T23:14:47.178Z] DEBUG: ðŸ‘¤ albinisterrific: Favorited 1 inputs -> 5x boost 
[2025-11-28T23:14:47.178Z] DEBUG: ðŸ‘¤ albionn: Favorited 1 inputs -> 5x boost 
[2025-11-28T23:14:47.178Z] DEBUG: ðŸ‘¤ alcachofra: Favorited 1 inputs -> 5x boost 
[2025-11-28T23:14:47.178Z] DEBUG: ðŸ‘¤ alcasys: Favorited 1 inputs -> 5x boost 
[2025-11-28T23:14:47.178Z] DEBUG: ðŸ‘¤ aldiniqesad: Favorited 1 inputs -> 5x boost 
[2025-11-28T23:14:47.179Z] DEBUG: ðŸ‘¤ aldo2323: Favorited 1 inputs -> 5x boost 
[2025-11-28T23:14:47.179Z] DEBUG: ðŸ‘¤ ale66cl: Favorited 1 inputs -> 5x boost 
[2025-11-28T23:14:47.180Z] DEBUG: ðŸ‘¤ ale9000: Favorited 1 inputs -> 5x boost 
[2025-11-28T23:14:47.180Z] DEBUG: ðŸ‘¤ ale_perra: Favorited 1 inputs -> 5x boost 
[2025-11-28T23:14:47.180Z] DEBUG: ðŸ‘¤ aledymeww: Favorited 1 inputs -> 5x boost 
[2025-11-28T23:14:47.180Z] DEBUG: ðŸ‘¤ alekk_: Favorited 1 inputs -> 5x boost 
[2025-11-28T23:14:47.180Z] DEBUG: ðŸ‘¤ alekonvm: Favorited 1 inputs -> 5x boost 
[2025-11-28T23:14:47.180Z] DEBUG: ðŸ‘¤ aleksisv: Favorited 1 inputs -> 5x boost 
[2025-11-28T23:14:47.180Z] DEBUG: ðŸ‘¤ alelelli25: Favorited 1 inputs -> 5x boost 
[2025-11-28T23:14:47.180Z] DEBUG: ðŸ‘¤ alelunch5: Favorited 1 inputs -> 5x boost 
[2025-11-28T23:14:47.180Z] DEBUG: ðŸ‘¤ alenkadoyle: Favorited 1 inputs -> 5x boost 
[2025-11-28T23:14:47.180Z] DEBUG: ðŸ‘¤ alessiomusi: Favorited 1 inputs -> 5x boost 
[2025-11-28T23:14:47.180Z] DEBUG: ðŸ‘¤ alex2323p: Favorited 1 inputs -> 5x boost 
[2025-11-28T23:14:47.180Z] DEBUG: ðŸ‘¤ alex33: Favorited 1 inputs -> 5x boost 
[2025-11-28T23:14:47.180Z] DEBUG: ðŸ‘¤ alex6_eats: Favorited 1 inputs -> 5x boost 
[2025-11-28T23:14:47.180Z] DEBUG: ðŸ‘¤ alexaarmas: Favorited 1 inputs -> 5x boost 
[2025-11-28T23:14:47.180Z] DEBUG: ðŸ‘¤ alexander839: Favorited 1 inputs -> 5x boost 
[2025-11-28T23:14:47.180Z] DEBUG: ðŸ‘¤ alexanderhat: Favorited 1 inputs -> 5x boost 
[2025-11-28T23:14:47.180Z] DEBUG: ðŸ‘¤ alexandriabitch: Favorited 1 inputs -> 5x boost 
[2025-11-28T23:14:47.181Z] DEBUG: ðŸ‘¤ alexapolette: Favorited 1 inputs -> 5x boost 
[2025-11-28T23:14:47.181Z] DEBUG: ðŸ‘¤ alexei666: Favorited 1 inputs -> 5x boost 
[2025-11-28T23:14:47.181Z] DEBUG: ðŸ‘¤ alexfilmz04: Favorited 1 inputs -> 5x boost 
[2025-11-28T23:14:47.181Z] DEBUG: ðŸ‘¤ alexisluvsa24: Favorited 1 inputs -> 5x boost 
[2025-11-28T23:14:47.181Z] DEBUG: ðŸ‘¤ alexl5: Favorited 1 inputs -> 5x boost 
[2025-11-28T23:14:47.181Z] DEBUG: ðŸ‘¤ alexled: Favorited 1 inputs -> 5x boost 
[2025-11-28T23:14:47.181Z] DEBUG: ðŸ‘¤ alexmustgo: Favorited 1 inputs -> 5x boost 
[2025-11-28T23:14:47.181Z] DEBUG: ðŸ‘¤ alexo_tan: Favorited 1 inputs -> 5x boost 
[2025-11-28T23:14:47.181Z] DEBUG: ðŸ‘¤ alexscouch: Favorited 1 inputs -> 5x boost 
[2025-11-28T23:14:47.181Z] DEBUG: ðŸ‘¤ alexxkister: Favorited 1 inputs -> 5x boost 
[2025-11-28T23:14:47.181Z] DEBUG: ðŸ‘¤ alexxx_zl: Favorited 1 inputs -> 5x boost 
[2025-11-28T23:14:47.182Z] DEBUG: ðŸ‘¤ alfred_bttnr: Favorited 1 inputs -> 5x boost 
[2025-11-28T23:14:47.182Z] DEBUG: ðŸ‘¤ alice985: Favorited 1 inputs -> 5x boost 
[2025-11-28T23:14:47.182Z] DEBUG: ðŸ‘¤ aliceeee33: Favorited 1 inputs -> 5x boost 
[2025-11-28T23:14:47.182Z] DEBUG: ðŸ‘¤ alicemerturk: Favorited 1 inputs -> 5x boost 
[2025-11-28T23:14:47.182Z] DEBUG: ðŸ‘¤ alicerowden: Favorited 1 inputs -> 5x boost 
[2025-11-28T23:14:47.182Z] DEBUG: ðŸ‘¤ aliens3tiddies: Favorited 1 inputs -> 5x boost 
[2025-11-28T23:14:47.182Z] DEBUG: ðŸ‘¤ alienshampoo: Favorited 1 inputs -> 5x boost 
[2025-11-28T23:14:47.182Z] DEBUG: ðŸ‘¤ alijah_blue: Favorited 1 inputs -> 5x boost 
[2025-11-28T23:14:47.182Z] DEBUG: ðŸ‘¤ alisabusu: Favorited 1 inputs -> 5x boost 
[2025-11-28T23:14:47.182Z] DEBUG: ðŸ‘¤ alissaxw: Favorited 1 inputs -> 5x boost 
[2025-11-28T23:14:47.182Z] DEBUG: ðŸ‘¤ alixcrist: Favorited 1 inputs -> 5x boost 
[2025-11-28T23:14:47.182Z] DEBUG: ðŸ‘¤ allie008: Favorited 1 inputs -> 5x boost 
[2025-11-28T23:14:47.182Z] DEBUG: ðŸ‘¤ allwhitecastle: Favorited 1 inputs -> 5x boost 
[2025-11-28T23:14:47.182Z] DEBUG: ðŸ‘¤ almiraslley: Favorited 1 inputs -> 5x boost 
[2025-11-28T23:14:47.183Z] DEBUG: ðŸ‘¤ almostshankara: Favorited 1 inputs -> 5x boost 
[2025-11-28T23:14:47.183Z] DEBUG: ðŸ‘¤ alofn: Favorited 1 inputs -> 5x boost 
[2025-11-28T23:14:47.183Z] DEBUG: ðŸ‘¤ alphrose: Favorited 1 inputs -> 5x boost 
[2025-11-28T23:14:47.183Z] DEBUG: ðŸ‘¤ alpt4: Favorited 1 inputs -> 5x boost 
[2025-11-28T23:14:47.194Z] DEBUG: ðŸ‘¤ alskom: Favorited 1 inputs -> 5x boost 
[2025-11-28T23:14:47.194Z] DEBUG: ðŸ‘¤ alth_ea: Favorited 1 inputs -> 5x boost 
[2025-11-28T23:14:47.194Z] DEBUG: ðŸ‘¤ altijdhardt: Favorited 1 inputs -> 5x boost 
[2025-11-28T23:14:47.194Z] DEBUG: ðŸ‘¤ alvarligt: Favorited 1 inputs -> 5x boost 
[2025-11-28T23:14:47.195Z] DEBUG: ðŸ‘¤ alwayswithwater: Favorited 1 inputs -> 5x boost 
[2025-11-28T23:14:47.195Z] DEBUG: ðŸ‘¤ alyssabmays: Favorited 1 inputs -> 5x boost 
[2025-11-28T23:14:47.195Z] DEBUG: ðŸ‘¤ alyssajos: Favorited 1 inputs -> 5x boost 
[2025-11-28T23:14:47.195Z] DEBUG: ðŸ‘¤ alyxalyxandria: Favorited 1 inputs -> 5x boost 
[2025-11-28T23:14:47.195Z] DEBUG: ðŸ‘¤ amalaise: Favorited 1 inputs -> 5x boost 
[2025-11-28T23:14:47.195Z] DEBUG: ðŸ‘¤ amandatenz: Favorited 1 inputs -> 5x boost 
[2025-11-28T23:14:47.195Z] DEBUG: ðŸ‘¤ amaranthh: Favorited 1 inputs -> 5x boost 
[2025-11-28T23:14:47.195Z] DEBUG: ðŸ‘¤ amari3527: Favorited 1 inputs -> 5x boost 
[2025-11-28T23:14:47.196Z] DEBUG: ðŸ‘¤ amarisou: Favorited 1 inputs -> 5x boost 
[2025-11-28T23:14:47.196Z] DEBUG: ðŸ‘¤ ambiguous_evan: Favorited 1 inputs -> 5x boost 
[2025-11-28T23:14:47.196Z] DEBUG: ðŸ‘¤ ambivalence6: Favorited 1 inputs -> 5x boost 
[2025-11-28T23:14:47.196Z] DEBUG: ðŸ‘¤ ambre_lysz: Favorited 1 inputs -> 5x boost 
[2025-11-28T23:14:47.196Z] DEBUG: ðŸ‘¤ ambrioche: Favorited 1 inputs -> 5x boost 
[2025-11-28T23:14:47.196Z] DEBUG: ðŸ‘¤ amehdaly: Favorited 1 inputs -> 5x boost 
[2025-11-28T23:14:47.196Z] DEBUG: ðŸ‘¤ amirmayko: Favorited 1 inputs -> 5x boost 
[2025-11-28T23:14:47.196Z] DEBUG: ðŸ‘¤ amluga: Favorited 1 inputs -> 5x boost 
[2025-11-28T23:14:47.196Z] DEBUG: ðŸ‘¤ ammajononsense: Favorited 1 inputs -> 5x boost 
[2025-11-28T23:14:47.196Z] DEBUG: ðŸ‘¤ amparhoe: Favorited 1 inputs -> 5x boost 
[2025-11-28T23:14:47.196Z] DEBUG: ðŸ‘¤ amplesso: Favorited 1 inputs -> 5x boost 
[2025-11-28T23:14:47.196Z] DEBUG: ðŸ‘¤ amplessso: Favorited 1 inputs -> 5x boost 
[2025-11-28T23:14:47.196Z] DEBUG: ðŸ‘¤ anakind_yt: Favorited 1 inputs -> 5x boost 
[2025-11-28T23:14:47.196Z] DEBUG: ðŸ‘¤ analogjosh: Favorited 1 inputs -> 5x boost 
[2025-11-28T23:14:47.196Z] DEBUG: ðŸ‘¤ analyzer: Favorited 1 inputs -> 5x boost 
[2025-11-28T23:14:47.196Z] DEBUG: ðŸ‘¤ anaminhoca16: Favorited 1 inputs -> 5x boost 
[2025-11-28T23:14:47.196Z] DEBUG: ðŸ‘¤ anat0mie: Favorited 1 inputs -> 5x boost 
[2025-11-28T23:14:47.196Z] DEBUG: ðŸ‘¤ anatomyofapaul: Favorited 1 inputs -> 5x boost 
[2025-11-28T23:14:47.196Z] DEBUG: ðŸ‘¤ andershahn: Favorited 1 inputs -> 5x boost 
[2025-11-28T23:14:47.196Z] DEBUG: ðŸ‘¤ andersoneli: Favorited 1 inputs -> 5x boost 
[2025-11-28T23:14:47.196Z] DEBUG: ðŸ‘¤ andre_knechtel: Favorited 1 inputs -> 5x boost 
[2025-11-28T23:14:47.196Z] DEBUG: ðŸ‘¤ andreabjorseth: Favorited 1 inputs -> 5x boost 
[2025-11-28T23:14:47.198Z] DEBUG: ðŸ‘¤ andreapeghi: Favorited 1 inputs -> 5x boost 
[2025-11-28T23:14:47.198Z] DEBUG: ðŸ‘¤ andrewaka: Favorited 1 inputs -> 5x boost 
[2025-11-28T23:14:47.199Z] DEBUG: ðŸ‘¤ andrewhu93: Favorited 1 inputs -> 5x boost 
[2025-11-28T23:14:47.199Z] DEBUG: ðŸ‘¤ andrewlborne1: Favorited 1 inputs -> 5x boost 
[2025-11-28T23:14:47.199Z] DEBUG: ðŸ‘¤ 000_4g: Favorited 1 inputs -> 5x boost 
[2025-11-28T23:14:47.199Z] DEBUG: ðŸ‘¤ 001guerreiro: Favorited 1 inputs -> 5x boost 
[2025-11-28T23:14:47.199Z] DEBUG: ðŸ‘¤ 003107: Favorited 1 inputs -> 5x boost 
[2025-11-28T23:14:47.199Z] DEBUG: ðŸ‘¤ 00chwi: Favorited 1 inputs -> 5x boost 
[2025-11-28T23:14:47.199Z] DEBUG: ðŸ‘¤ 01071995: Favorited 1 inputs -> 5x boost 
[2025-11-28T23:14:47.199Z] DEBUG: ðŸ‘¤ 013jmae: Favorited 1 inputs -> 5x boost 
[2025-11-28T23:14:47.199Z] DEBUG: ðŸ‘¤ 01_lucasjesus: Favorited 1 inputs -> 5x boost 
[2025-11-28T23:14:47.200Z] DEBUG: ðŸ‘¤ 01aud: Favorited 1 inputs -> 5x boost 
[2025-11-28T23:14:47.200Z] DEBUG: ðŸ‘¤ 02hhj: Favorited 1 inputs -> 5x boost 
[2025-11-28T23:14:47.200Z] DEBUG: ðŸ‘¤ 03cc: Favorited 1 inputs -> 5x boost 
[2025-11-28T23:14:47.200Z] DEBUG: ðŸ‘¤ 03radams: Favorited 1 inputs -> 5x boost 
[2025-11-28T23:14:47.200Z] DEBUG: ðŸ‘¤ 04lazycinephile: Favorited 1 inputs -> 5x boost 
[2025-11-28T23:14:47.200Z] DEBUG: ðŸ‘¤ 0504488238: Favorited 1 inputs -> 5x boost 
[2025-11-28T23:14:47.200Z] DEBUG: ðŸ‘¤ 051122: Favorited 1 inputs -> 5x boost 
[2025-11-28T23:14:47.200Z] DEBUG: ðŸ‘¤ 0604: Favorited 1 inputs -> 5x boost 
[2025-11-28T23:14:47.200Z] DEBUG: ðŸ‘¤ 0800tcholas: Favorited 1 inputs -> 5x boost 
[2025-11-28T23:14:47.200Z] DEBUG: ðŸ‘¤ 083050k: Favorited 1 inputs -> 5x boost 
[2025-11-28T23:14:47.200Z] DEBUG: ðŸ‘¤ 08714s: Favorited 1 inputs -> 5x boost 
[2025-11-28T23:14:47.200Z] DEBUG: ðŸ‘¤ 08castle_rock80: Favorited 1 inputs -> 5x boost 
[2025-11-28T23:14:47.200Z] DEBUG: ðŸ‘¤ 08lores: Favorited 1 inputs -> 5x boost 
[2025-11-28T23:14:47.200Z] DEBUG: ðŸ‘¤ 0_0kk0_0: Favorited 1 inputs -> 5x boost 
[2025-11-28T23:14:47.201Z] DEBUG: ðŸ‘¤ 0_omgy: Favorited 1 inputs -> 5x boost 
[2025-11-28T23:14:47.201Z] DEBUG: ðŸ‘¤ 0ath: Favorited 1 inputs -> 5x boost 
[2025-11-28T23:14:47.201Z] DEBUG: ðŸ‘¤ 0biwankenobitch: Favorited 1 inputs -> 5x boost 
[2025-11-28T23:14:47.201Z] DEBUG: ðŸ‘¤ 0camo0: Favorited 1 inputs -> 5x boost 
[2025-11-28T23:14:47.201Z] DEBUG: ðŸ‘¤ 0ct0: Favorited 1 inputs -> 5x boost 
[2025-11-28T23:14:47.201Z] DEBUG: ðŸ‘¤ 0dardarbinks0: Favorited 1 inputs -> 5x boost 
[2025-11-28T23:14:47.201Z] DEBUG: ðŸ‘¤ 0jucia: Favorited 1 inputs -> 5x boost 
[2025-11-28T23:14:47.201Z] DEBUG: ðŸ‘¤ 0kenv0: Favorited 1 inputs -> 5x boost 
[2025-11-28T23:14:47.201Z] DEBUG: ðŸ‘¤ 0lel0: Favorited 1 inputs -> 5x boost 
[2025-11-28T23:14:47.201Z] DEBUG: ðŸ‘¤ 0llieash: Favorited 1 inputs -> 5x boost 
[2025-11-28T23:14:47.201Z] DEBUG: ðŸ‘¤ 0maggs: Favorited 1 inputs -> 5x boost 
[2025-11-28T23:14:47.201Z] DEBUG: ðŸ‘¤ 0moonlight: Favorited 1 inputs -> 5x boost 
[2025-11-28T23:14:47.201Z] DEBUG: ðŸ‘¤ 0nacha00: Favorited 1 inputs -> 5x boost 
[2025-11-28T23:14:47.202Z] DEBUG: ðŸ‘¤ 0ohwellwhatever: Favorited 1 inputs -> 5x boost 
[2025-11-28T23:14:47.202Z] DEBUG: ðŸ‘¤ 0person000000: Favorited 1 inputs -> 5x boost 
[2025-11-28T23:14:47.202Z] DEBUG: ðŸ‘¤ 0phelia00: Favorited 1 inputs -> 5x boost 
[2025-11-28T23:14:47.202Z] DEBUG: ðŸ‘¤ 0ppain: Favorited 1 inputs -> 5x boost 
[2025-11-28T23:14:47.202Z] DEBUG: ðŸ‘¤ 0r10ns_melt: Favorited 1 inputs -> 5x boost 
[2025-11-28T23:14:47.202Z] DEBUG: ðŸ‘¤ 0rbitoclast: Favorited 1 inputs -> 5x boost 
[2025-11-28T23:14:47.202Z] DEBUG: ðŸ‘¤ 0rcinus_: Favorited 1 inputs -> 5x boost 
[2025-11-28T23:14:47.202Z] DEBUG: ðŸ‘¤ 0rlaa: Favorited 1 inputs -> 5x boost 
[2025-11-28T23:14:47.202Z] DEBUG: ðŸ‘¤ 0star: Favorited 1 inputs -> 5x boost 
[2025-11-28T23:14:47.202Z] DEBUG: ðŸ‘¤ 0wlqueen: Favorited 1 inputs -> 5x boost 
[2025-11-28T23:14:47.202Z] DEBUG: ðŸ‘¤ 0x1_dahlia: Favorited 1 inputs -> 5x boost 
[2025-11-28T23:14:47.202Z] DEBUG: ðŸ‘¤ 10000spoons: Favorited 1 inputs -> 5x boost 
[2025-11-28T23:14:47.202Z] DEBUG: ðŸ‘¤ 100201ems: Favorited 1 inputs -> 5x boost 
[2025-11-28T23:14:47.202Z] DEBUG: ðŸ‘¤ 100melk: Favorited 1 inputs -> 5x boost 
[2025-11-28T23:14:47.202Z] DEBUG: ðŸ‘¤ 100percentblond: Favorited 1 inputs -> 5x boost 
[2025-11-28T23:14:47.202Z] DEBUG: ðŸ‘¤ 101aidan010010: Favorited 1 inputs -> 5x boost 
[2025-11-28T23:14:47.202Z] DEBUG: ðŸ‘¤ 1036pm: Favorited 1 inputs -> 5x boost 
[2025-11-28T23:14:47.202Z] DEBUG: ðŸ‘¤ 10gradfrost: Favorited 1 inputs -> 5x boost 
[2025-11-28T23:14:47.202Z] DEBUG: ðŸ‘¤ 10ksaints: Favorited 1 inputs -> 5x boost 
[2025-11-28T23:14:47.203Z] DEBUG: ðŸ‘¤ 10plp2r: Favorited 1 inputs -> 5x boost 
[2025-11-28T23:14:47.203Z] DEBUG: ðŸ‘¤ 1104na: Favorited 1 inputs -> 5x boost 
[2025-11-28T23:14:47.203Z] DEBUG: ðŸ‘¤ 1111alicia: Favorited 1 inputs -> 5x boost 
[2025-11-28T23:14:47.203Z] DEBUG: ðŸ‘¤ 1111lizzyy: Favorited 1 inputs -> 5x boost 
[2025-11-28T23:14:47.208Z] DEBUG: ðŸ‘¤ 1111nana: Favorited 1 inputs -> 5x boost 
[2025-11-28T23:14:47.209Z] DEBUG: ðŸ‘¤ 111eleanor: Favorited 1 inputs -> 5x boost 
[2025-11-28T23:14:47.209Z] DEBUG: ðŸ‘¤ 111gm: Favorited 1 inputs -> 5x boost 
[2025-11-28T23:14:47.209Z] DEBUG: ðŸ‘¤ 111miau: Favorited 1 inputs -> 5x boost 
[2025-11-28T23:14:47.209Z] DEBUG: ðŸ‘¤ 11aric11: Favorited 1 inputs -> 5x boost 
[2025-11-28T23:14:47.209Z] DEBUG: ðŸ‘¤ 11marie: Favorited 1 inputs -> 5x boost 
[2025-11-28T23:14:47.209Z] DEBUG: ðŸ‘¤ 1216natalie: Favorited 1 inputs -> 5x boost 
[2025-11-28T23:14:47.209Z] DEBUG: ðŸ‘¤ 123eyesonme: Favorited 1 inputs -> 5x boost 
[2025-11-28T23:14:47.209Z] DEBUG: ðŸ‘¤ 123hannah: Favorited 1 inputs -> 5x boost 
[2025-11-28T23:14:47.209Z] DEBUG: ðŸ‘¤ 123lu2002: Favorited 1 inputs -> 5x boost 
[2025-11-28T23:14:47.209Z] DEBUG: ðŸ‘¤ 129h: Favorited 1 inputs -> 5x boost 
[2025-11-28T23:14:47.209Z] DEBUG: ðŸ‘¤ 12bucklemyshoe: Favorited 1 inputs -> 5x boost 
[2025-11-28T23:14:47.209Z] DEBUG: ðŸ‘¤ 12robimo: Favorited 1 inputs -> 5x boost 
[2025-11-28T23:14:47.209Z] DEBUG: ðŸ‘¤ 130sat: Favorited 1 inputs -> 5x boost 
[2025-11-28T23:14:47.209Z] DEBUG: ðŸ‘¤ 13ece: Favorited 1 inputs -> 5x boost 
[2025-11-28T23:14:47.209Z] DEBUG: ðŸ‘¤ 13ji9star: Favorited 1 inputs -> 5x boost 
[2025-11-28T23:14:47.209Z] DEBUG: ðŸ‘¤ 13mooncat13: Favorited 1 inputs -> 5x boost 
[2025-11-28T23:14:47.209Z] DEBUG: ðŸ‘¤ 13rayan: Favorited 1 inputs -> 5x boost 
[2025-11-28T23:14:47.209Z] DEBUG: ðŸ‘¤ 13thhbeach: Favorited 1 inputs -> 5x boost 
[2025-11-28T23:14:47.209Z] DEBUG: ðŸ‘¤ 1400mg: Favorited 1 inputs -> 5x boost 
[2025-11-28T23:14:47.209Z] DEBUG: ðŸ‘¤ 14shadows: Favorited 1 inputs -> 5x boost 
[2025-11-28T23:14:47.209Z] DEBUG: ðŸ‘¤ 15528922julieta: Favorited 1 inputs -> 5x boost 
[2025-11-28T23:14:47.210Z] DEBUG: ðŸ‘¤ 15exquisite: Favorited 1 inputs -> 5x boost 
[2025-11-28T23:14:47.210Z] DEBUG: ðŸ‘¤ 15florherrera: Favorited 1 inputs -> 5x boost 
[2025-11-28T23:14:47.210Z] DEBUG: ðŸ‘¤ 15lexxx: Favorited 1 inputs -> 5x boost 
[2025-11-28T23:14:47.210Z] DEBUG: ðŸ‘¤ 15rosehar: Favorited 1 inputs -> 5x boost 
[2025-11-28T23:14:47.210Z] DEBUG: ðŸ‘¤ 15tiffanyy: Favorited 1 inputs -> 5x boost 
[2025-11-28T23:14:47.210Z] DEBUG: ðŸ‘¤ 17uttle: Favorited 1 inputs -> 5x boost 
[2025-11-28T23:14:47.210Z] DEBUG: ðŸ‘¤ 1800jackie: Favorited 1 inputs -> 5x boost 
[2025-11-28T23:14:47.210Z] DEBUG: ðŸ‘¤ 1800pizzaboys: Favorited 1 inputs -> 5x boost 
[2025-11-28T23:14:47.210Z] DEBUG: ðŸ‘¤ 1800rejection: Favorited 1 inputs -> 5x boost 
[2025-11-28T23:14:47.210Z] DEBUG: ðŸ‘¤ 1800sleep: Favorited 1 inputs -> 5x boost 
[2025-11-28T23:14:47.210Z] DEBUG: ðŸ‘¤ 1806lopes: Favorited 1 inputs -> 5x boost 
[2025-11-28T23:14:47.210Z] DEBUG: ðŸ‘¤ 18zkona: Favorited 1 inputs -> 5x boost 
[2025-11-28T23:14:47.211Z] DEBUG: ðŸ‘¤ 1922_moscva: Favorited 1 inputs -> 5x boost 
[2025-11-28T23:14:47.211Z] DEBUG: ðŸ‘¤ 1989luvr: Favorited 1 inputs -> 5x boost 
[2025-11-28T23:14:47.211Z] DEBUG: ðŸ‘¤ 1990langdon: Favorited 1 inputs -> 5x boost 
[2025-11-28T23:14:47.211Z] DEBUG: ðŸ‘¤ 19_2000: Favorited 1 inputs -> 5x boost 
[2025-11-28T23:14:47.211Z] DEBUG: ðŸ‘¤ 19hrs86: Favorited 1 inputs -> 5x boost 
[2025-11-28T23:14:47.212Z] DEBUG: ðŸ‘¤ 19pmch: Favorited 1 inputs -> 5x boost 
[2025-11-28T23:14:47.212Z] DEBUG: ðŸ‘¤ 1_nosuke: Favorited 1 inputs -> 5x boost 
[2025-11-28T23:14:47.212Z] DEBUG: ðŸ‘¤ 1amv1c: Favorited 1 inputs -> 5x boost 
[2025-11-28T23:14:47.212Z] DEBUG: ðŸ‘¤ 1andreea1: Favorited 1 inputs -> 5x boost 
[2025-11-28T23:14:47.212Z] DEBUG: ðŸ‘¤ 1aszsx0: Favorited 1 inputs -> 5x boost 
[2025-11-28T23:14:47.212Z] DEBUG: ðŸ‘¤ 1aurenalice: Favorited 1 inputs -> 5x boost 
[2025-11-28T23:14:47.213Z] DEBUG: ðŸ‘¤ 1aurenmar1e: Favorited 1 inputs -> 5x boost 
[2025-11-28T23:14:47.213Z] DEBUG: ðŸ‘¤ 1chandra: Favorited 1 inputs -> 5x boost 
[2025-11-28T23:14:47.213Z] DEBUG: ðŸ‘¤ 1clothesminded: Favorited 1 inputs -> 5x boost 
[2025-11-28T23:14:47.214Z] DEBUG: ðŸ‘¤ 1crabbyabby: Favorited 1 inputs -> 5x boost 
[2025-11-28T23:14:47.214Z] DEBUG: ðŸ‘¤ 1derfulpop: Favorited 1 inputs -> 5x boost 
[2025-11-28T23:14:47.214Z] DEBUG: ðŸ‘¤ 1dtilidie: Favorited 1 inputs -> 5x boost 
[2025-11-28T23:14:47.214Z] DEBUG: ðŸ‘¤ 1fiftyblessings: Favorited 1 inputs -> 5x boost 
[2025-11-28T23:14:47.214Z] DEBUG: ðŸ‘¤ 1inadillion: Favorited 1 inputs -> 5x boost 
[2025-11-28T23:14:47.214Z] DEBUG: ðŸ‘¤ 1iteralyssa: Favorited 1 inputs -> 5x boost 
[2025-11-28T23:14:47.214Z] DEBUG: ðŸ‘¤ 1ivvy10v3: Favorited 1 inputs -> 5x boost 
[2025-11-28T23:14:47.215Z] DEBUG: ðŸ‘¤ 1l1l1y: Favorited 1 inputs -> 5x boost 
[2025-11-28T23:14:47.215Z] DEBUG: ðŸ‘¤ 1lauren1x: Favorited 1 inputs -> 5x boost 
[2025-11-28T23:14:47.215Z] DEBUG: ðŸ‘¤ 1liss: Favorited 1 inputs -> 5x boost 
[2025-11-28T23:14:47.215Z] DEBUG: ðŸ‘¤ 1ly1: Favorited 1 inputs -> 5x boost 
[2025-11-28T23:14:47.215Z] DEBUG: ðŸ‘¤ 1lyson: Favorited 1 inputs -> 5x boost 
[2025-11-28T23:14:47.215Z] DEBUG: ðŸ‘¤ 1m0g3n22: Favorited 1 inputs -> 5x boost 
[2025-11-28T23:14:47.215Z] DEBUG: ðŸ‘¤ 1maik: Favorited 1 inputs -> 5x boost 
[2025-11-28T23:14:47.215Z] DEBUG: ðŸ‘¤ 1mn0t0k1prom153: Favorited 1 inputs -> 5x boost 
[2025-11-28T23:14:47.215Z] DEBUG: ðŸ‘¤ 1ndonlylis: Favorited 1 inputs -> 5x boost 
[2025-11-28T23:14:47.215Z] DEBUG: ðŸ‘¤ 1ntrflyy: Favorited 1 inputs -> 5x boost 
[2025-11-28T23:14:47.215Z] DEBUG: ðŸ‘¤ 1oveth: Favorited 1 inputs -> 5x boost 
[2025-11-28T23:14:47.215Z] DEBUG: ðŸ‘¤ 1pearlydrop: Favorited 1 inputs -> 5x boost 
[2025-11-28T23:14:47.215Z] DEBUG: ðŸ‘¤ 1penny: Favorited 1 inputs -> 5x boost 
[2025-11-28T23:14:47.215Z] DEBUG: ðŸ‘¤ 1perritoandaluz: Favorited 1 inputs -> 5x boost 
[2025-11-28T23:14:47.215Z] DEBUG: ðŸ‘¤ 1piratef1lm5: Favorited 1 inputs -> 5x boost 
[2025-11-28T23:14:47.215Z] DEBUG: ðŸ‘¤ 1realjacobzz: Favorited 1 inputs -> 5x boost 
[2025-11-28T23:14:47.215Z] DEBUG: ðŸ‘¤ 1riley: Favorited 1 inputs -> 5x boost 
[2025-11-28T23:14:47.215Z] DEBUG: ðŸ‘¤ 1s1eep233: Favorited 1 inputs -> 5x boost 
[2025-11-28T23:14:47.216Z] DEBUG: ðŸ‘¤ 1sabe11a: Favorited 1 inputs -> 5x boost 
[2025-11-28T23:14:47.216Z] DEBUG: ðŸ‘¤ 1sabell4: Favorited 1 inputs -> 5x boost 
[2025-11-28T23:14:47.216Z] DEBUG: ðŸ‘¤ 1stays0ft: Favorited 1 inputs -> 5x boost 
[2025-11-28T23:14:47.216Z] DEBUG: ðŸ‘¤ 1stgirlonearth: Favorited 1 inputs -> 5x boost 
[2025-11-28T23:14:47.216Z] DEBUG: ðŸ‘¤ 1sua8: Favorited 1 inputs -> 5x boost 
[2025-11-28T23:14:47.216Z] DEBUG: ðŸ‘¤ 1tzzmay3: Favorited 1 inputs -> 5x boost 
[2025-11-28T23:14:47.216Z] DEBUG: ðŸ‘¤ 1weff: Favorited 1 inputs -> 5x boost 
[2025-11-28T23:14:47.216Z] DEBUG: ðŸ‘¤ 1x4: Favorited 1 inputs -> 5x boost 
[2025-11-28T23:14:47.216Z] DEBUG: ðŸ‘¤ 1zae: Favorited 1 inputs -> 5x boost 
[2025-11-28T23:14:47.216Z] DEBUG: ðŸ‘¤ 1zzydoo: Favorited 1 inputs -> 5x boost 
[2025-11-28T23:14:47.216Z] DEBUG: ðŸ‘¤ 200coelacanths: Favorited 1 inputs -> 5x boost 
[2025-11-28T23:14:47.216Z] DEBUG: ðŸ‘¤ 2024movies: Favorited 1 inputs -> 5x boost 
[2025-11-28T23:14:47.216Z] DEBUG: ðŸ‘¤ 20michelle02: Favorited 1 inputs -> 5x boost 
[2025-11-28T23:14:47.217Z] DEBUG: ðŸ‘¤ 20y08: Favorited 1 inputs -> 5x boost 
[2025-11-28T23:14:47.217Z] DEBUG: ðŸ‘¤ 222anya: Favorited 1 inputs -> 5x boost 
[2025-11-28T23:14:47.217Z] DEBUG: ðŸ‘¤ 222eliuds: Favorited 1 inputs -> 5x boost 
[2025-11-28T23:14:47.217Z] DEBUG: ðŸ‘¤ 222miranda: Favorited 1 inputs -> 5x boost 
[2025-11-28T23:14:47.217Z] DEBUG: ðŸ‘¤ 222moi: Favorited 1 inputs -> 5x boost 
[2025-11-28T23:14:47.217Z] DEBUG: ðŸ‘¤ 222mylo: Favorited 1 inputs -> 5x boost 
[2025-11-28T23:14:47.217Z] DEBUG: ðŸ‘¤ 22liviak: Favorited 1 inputs -> 5x boost 
[2025-11-28T23:14:47.217Z] DEBUG: ðŸ‘¤ 22nplatt: Favorited 1 inputs -> 5x boost 
[2025-11-28T23:14:47.217Z] DEBUG: ðŸ‘¤ 247watcher: Favorited 1 inputs -> 5x boost 
[2025-11-28T23:14:47.217Z] DEBUG: ðŸ‘¤ 24drian: Favorited 1 inputs -> 5x boost 
[2025-11-28T23:14:47.217Z] DEBUG: ðŸ‘¤ 24gavinsmith24: Favorited 1 inputs -> 5x boost 
[2025-11-28T23:14:47.218Z] DEBUG: ðŸ‘¤ 24loey: Favorited 1 inputs -> 5x boost 
[2025-11-28T23:14:47.218Z] DEBUG: ðŸ‘¤ 252sophia: Favorited 1 inputs -> 5x boost 
[2025-11-28T23:14:47.218Z] DEBUG: ðŸ‘¤ 26alcoholics: Favorited 1 inputs -> 5x boost 
[2025-11-28T23:14:47.218Z] DEBUG: ðŸ‘¤ 26selbar: Favorited 1 inputs -> 5x boost 
[2025-11-28T23:14:47.218Z] DEBUG: ðŸ‘¤ 27lions: Favorited 1 inputs -> 5x boost 
[2025-11-28T23:14:47.218Z] DEBUG: ðŸ‘¤ 28emma: Favorited 1 inputs -> 5x boost 
[2025-11-28T23:14:47.219Z] DEBUG: ðŸ‘¤ 28laura: Favorited 1 inputs -> 5x boost 
[2025-11-28T23:14:47.219Z] DEBUG: ðŸ‘¤ 2aylnee: Favorited 1 inputs -> 5x boost 
[2025-11-28T23:14:47.219Z] DEBUG: ðŸ‘¤ 2blaise: Favorited 1 inputs -> 5x boost 
[2025-11-28T23:14:47.219Z] DEBUG: ðŸ‘¤ 2bryan7: Favorited 1 inputs -> 5x boost 
[2025-11-28T23:14:47.219Z] DEBUG: ðŸ‘¤ 2cm: Favorited 1 inputs -> 5x boost 
[2025-11-28T23:14:47.219Z] DEBUG: ðŸ‘¤ 2doux: Favorited 1 inputs -> 5x boost 
[2025-11-28T23:14:47.219Z] DEBUG: ðŸ‘¤ 2ds_missingeyes: Favorited 1 inputs -> 5x boost 
[2025-11-28T23:14:47.219Z] DEBUG: ðŸ‘¤ 2fastfu: Favorited 1 inputs -> 5x boost 
[2025-11-28T23:14:47.219Z] DEBUG: ðŸ‘¤ 2gavi: Favorited 1 inputs -> 5x boost 
[2025-11-28T23:14:47.219Z] DEBUG: ðŸ‘¤ 2guys_james: Favorited 1 inputs -> 5x boost 
[2025-11-28T23:14:47.219Z] DEBUG: ðŸ‘¤ 2high2remember: Favorited 1 inputs -> 5x boost 
[2025-11-28T23:14:47.219Z] DEBUG: ðŸ‘¤ 2k5donny: Favorited 1 inputs -> 5x boost 
[2025-11-28T23:14:47.219Z] DEBUG: ðŸ‘¤ 2livdeliciously: Favorited 1 inputs -> 5x boost 
[2025-11-28T23:14:47.219Z] DEBUG: ðŸ‘¤ 2ndvoyager: Favorited 1 inputs -> 5x boost 
[2025-11-28T23:14:47.219Z] DEBUG: ðŸ‘¤ 2ndwatchesmovie: Favorited 1 inputs -> 5x boost 
[2025-11-28T23:14:47.220Z] DEBUG: ðŸ‘¤ 2ndwrld: Favorited 1 inputs -> 5x boost 
[2025-11-28T23:14:47.220Z] DEBUG: ðŸ‘¤ 2oomuch: Favorited 1 inputs -> 5x boost 
[2025-11-28T23:14:47.220Z] DEBUG: ðŸ‘¤ 2pachok: Favorited 1 inputs -> 5x boost 
[2025-11-28T23:14:47.220Z] DEBUG: ðŸ‘¤ 2snakes35: Favorited 1 inputs -> 5x boost 
[2025-11-28T23:14:47.220Z] DEBUG: ðŸ‘¤ 2tan: Favorited 1 inputs -> 5x boost 
[2025-11-28T23:14:47.220Z] DEBUG: ðŸ‘¤ 2toastperday: Favorited 1 inputs -> 5x boost 
[2025-11-28T23:14:47.220Z] DEBUG: ðŸ‘¤ 30brooke: Favorited 1 inputs -> 5x boost 
[2025-11-28T23:14:47.220Z] DEBUG: ðŸ‘¤ 311p: Favorited 1 inputs -> 5x boost 
[2025-11-28T23:14:47.220Z] DEBUG: ðŸ‘¤ 31337800813z: Favorited 1 inputs -> 5x boost 
[2025-11-28T23:14:47.220Z] DEBUG: ðŸ‘¤ 314erre: Favorited 1 inputs -> 5x boost 
[2025-11-28T23:14:47.220Z] DEBUG: ðŸ‘¤ 316raymondo: Favorited 1 inputs -> 5x boost 
[2025-11-28T23:14:47.220Z] DEBUG: ðŸ‘¤ 333maisie: Favorited 1 inputs -> 5x boost 
[2025-11-28T23:14:47.220Z] DEBUG: ðŸ‘¤ 333maxwell: Favorited 1 inputs -> 5x boost 
[2025-11-28T23:14:47.220Z] DEBUG: ðŸ‘¤ 333star: Favorited 1 inputs -> 5x boost 
[2025-11-28T23:14:47.220Z] DEBUG: ðŸ‘¤ 333yaniz: Favorited 1 inputs -> 5x boost 
[2025-11-28T23:14:47.220Z] DEBUG: ðŸ‘¤ 33duck01: Favorited 1 inputs -> 5x boost 
[2025-11-28T23:14:47.221Z] DEBUG: ðŸ‘¤ 343film: Favorited 1 inputs -> 5x boost 
[2025-11-28T23:14:47.221Z] DEBUG: ðŸ‘¤ 35611562166: Favorited 1 inputs -> 5x boost 
[2025-11-28T23:14:47.221Z] DEBUG: ðŸ‘¤ _2nrew: Favorited 1 inputs -> 5x boost 
[2025-11-28T23:14:47.221Z] DEBUG: ðŸ‘¤ __1__: Favorited 1 inputs -> 5x boost 
[2025-11-28T23:14:47.221Z] INFO: ðŸ† Top affinity users: 
[2025-11-28T23:14:47.221Z] INFO:   21420: 5.00x (0 likes, 1 favorites) 
[2025-11-28T23:14:47.221Z] INFO:   230485: 5.00x (0 likes, 1 favorites) 
[2025-11-28T23:14:47.221Z] INFO:   2401010: 5.00x (0 likes, 1 favorites) 
[2025-11-28T23:14:47.221Z] INFO:   345568832: 5.00x (0 likes, 1 favorites) 
[2025-11-28T23:14:47.221Z] INFO:   01magid: 5.00x (0 likes, 1 favorites) 
[2025-11-28T23:14:47.221Z] INFO: ðŸŽ¬ STEP 3: Fetching other movies from these users 
[2025-11-28T23:14:51.632Z] INFO: ðŸŽ¯ STEP 4: Scoring candidate movies 
[2025-11-28T23:14:51.635Z] INFO: ðŸŽ¯ Found 2939 candidate movies 
[2025-11-28T23:14:51.636Z] INFO: âœ… 1746 candidates after filtering (min 2 interactions) 
[2025-11-28T23:14:51.636Z] INFO: ðŸ“ˆ STEP 5: Fetching movie details for popularity rankings 
[2025-11-28T23:14:51.690Z] INFO: ðŸŽ¯ STEP 4: Scoring candidate movies 
[2025-11-28T23:14:51.693Z] INFO: ðŸŽ¯ Found 2939 candidate movies 
[2025-11-28T23:14:51.693Z] INFO: âœ… 1746 candidates after filtering (min 2 interactions) 
[2025-11-28T23:14:51.693Z] INFO: ðŸ“ˆ STEP 5: Fetching movie details for popularity rankings 
[2025-11-28T23:14:54.108Z] INFO: ðŸ“ˆ Avg popularity rank: 1833.0 (lower = more popular) 
[2025-11-28T23:14:54.108Z] INFO: ðŸŽ¨ STEP 6: Applying obscurity bias and ranking 
[2025-11-28T23:14:54.109Z] WARN: âš ï¸ Movie not found: delicatessen 
[2025-11-28T23:14:54.110Z] INFO: ðŸ“š STEP 7: Formatting final recommendations 
[2025-11-28T23:14:54.110Z] INFO: ðŸ† Final recommendations: 
[2025-11-28T23:14:54.110Z] INFO: 1. Skinamarink (score: 35.72, popularity rank: 1326) 
[2025-11-28T23:14:54.110Z] INFO: 2. TheÂ Witch (score: 34.78, popularity rank: 209) 
[2025-11-28T23:14:54.110Z] INFO: 3. Nosferatu theÂ Vampyre (score: 33.32, popularity rank: 1760) 
[2025-11-28T23:14:54.110Z] INFO: 4. Hereditary (score: 28.92, popularity rank: 63) 
[2025-11-28T23:14:54.110Z] INFO: 5. ParaNorman (score: 27.50, popularity rank: 1442) 
[2025-11-28T23:14:54.115Z] INFO: ðŸ“ˆ Avg popularity rank: 1833.0 (lower = more popular) 
[2025-11-28T23:14:54.115Z] INFO: ðŸŽ¨ STEP 6: Applying obscurity bias and ranking 
[2025-11-28T23:14:54.115Z] WARN: âš ï¸ Movie not found: delicatessen 
[2025-11-28T23:14:54.116Z] INFO: ðŸ“š STEP 7: Formatting final recommendations 
[2025-11-28T23:14:54.116Z] INFO: ðŸ† Final recommendations: 
[2025-11-28T23:14:54.116Z] INFO: 1. Skinamarink (score: 35.72, popularity rank: 1326) 
[2025-11-28T23:14:54.116Z] INFO: 2. TheÂ Witch (score: 34.78, popularity rank: 209) 
[2025-11-28T23:14:54.117Z] INFO: 3. Nosferatu theÂ Vampyre (score: 33.32, popularity rank: 1760) 
[2025-11-28T23:14:54.117Z] INFO: 4. Hereditary (score: 28.92, popularity rank: 63) 
[2025-11-28T23:14:54.117Z] INFO: 5. ParaNorman (score: 27.50, popularity rank: 1442) 
