[2025-09-16T16:25:39.276Z] ERROR: ❌ Error in generateRecommendations: {}
[2025-09-16T16:25:39.355Z] ERROR: ❌ Error stack: ReferenceError: dynamodb is not defined
    at queryAllItems (webpack-internal:///(rsc)/./src/app/api/getSuggestedMovies/route.js:115:32)
    at async getMovieLikeCounts (webpack-internal:///(rsc)/./src/app/api/getSuggestedMovies/route.js:130:27)
    at async generateRecommendations (webpack-internal:///(rsc)/./src/app/api/getSuggestedMovies/route.js:171:33)
    at async GET (webpack-internal:///(rsc)/./src/app/api/getSuggestedMovies/route.js:495:33)
    at async AppRouteRouteModule.do (/Users/jakelawrence/Desktop/FILES/Code/what-do-i-watch/node_modules/next/dist/compiled/next-server/app-route.runtime.dev.js:26:33891)
    at async AppRouteRouteModule.handle (/Users/jakelawrence/Desktop/FILES/Code/what-do-i-watch/node_modules/next/dist/compiled/next-server/app-route.runtime.dev.js:26:41254)
    at async doRender (/Users/jakelawrence/Desktop/FILES/Code/what-do-i-watch/node_modules/next/dist/server/base-server.js:1513:42)
    at async DevServer.renderToResponseWithComponentsImpl (/Users/jakelawrence/Desktop/FILES/Code/what-do-i-watch/node_modules/next/dist/server/base-server.js:1915:28)
    at async DevServer.renderPageComponent (/Users/jakelawrence/Desktop/FILES/Code/what-do-i-watch/node_modules/next/dist/server/base-server.js:2393:24)
    at async DevServer.renderToResponseImpl (/Users/jakelawrence/Desktop/FILES/Code/what-do-i-watch/node_modules/next/dist/server/base-server.js:2430:32)
    at async DevServer.pipeImpl (/Users/jakelawrence/Desktop/FILES/Code/what-do-i-watch/node_modules/next/dist/server/base-server.js:1003:25)
    at async NextNodeServer.handleCatchallRenderRequest (/Users/jakelawrence/Desktop/FILES/Code/what-do-i-watch/node_modules/next/dist/server/next-server.js:304:17)
    at async DevServer.handleRequestImpl (/Users/jakelawrence/Desktop/FILES/Code/what-do-i-watch/node_modules/next/dist/server/base-server.js:895:17)
    at async /Users/jakelawrence/Desktop/FILES/Code/what-do-i-watch/node_modules/next/dist/server/dev/next-dev-server.js:371:20
    at async Span.traceAsyncFn (/Users/jakelawrence/Desktop/FILES/Code/what-do-i-watch/node_modules/next/dist/trace/trace.js:157:20)
    at async DevServer.handleRequest (/Users/jakelawrence/Desktop/FILES/Code/what-do-i-watch/node_modules/next/dist/server/dev/next-dev-server.js:368:24)
    at async invokeRender (/Users/jakelawrence/Desktop/FILES/Code/what-do-i-watch/node_modules/next/dist/server/lib/router-server.js:235:21)
    at async handleRequest (/Users/jakelawrence/Desktop/FILES/Code/what-do-i-watch/node_modules/next/dist/server/lib/router-server.js:426:24)
    at async requestHandlerImpl (/Users/jakelawrence/Desktop/FILES/Code/what-do-i-watch/node_modules/next/dist/server/lib/router-server.js:450:13)
    at async Server.requestListener (/Users/jakelawrence/Desktop/FILES/Code/what-do-i-watch/node_modules/next/dist/server/lib/start-server.js:158:13)
[2025-09-16T16:25:39.419Z] ERROR: ❌ Error in generateRecommendations: {}
[2025-09-16T16:25:39.479Z] ERROR: ❌ Error stack: ReferenceError: dynamodb is not defined
    at queryAllItems (webpack-internal:///(rsc)/./src/app/api/getSuggestedMovies/route.js:115:32)
    at async getMovieLikeCounts (webpack-internal:///(rsc)/./src/app/api/getSuggestedMovies/route.js:130:27)
    at async generateRecommendations (webpack-internal:///(rsc)/./src/app/api/getSuggestedMovies/route.js:171:33)
    at async GET (webpack-internal:///(rsc)/./src/app/api/getSuggestedMovies/route.js:495:33)
    at async AppRouteRouteModule.do (/Users/jakelawrence/Desktop/FILES/Code/what-do-i-watch/node_modules/next/dist/compiled/next-server/app-route.runtime.dev.js:26:33891)
    at async AppRouteRouteModule.handle (/Users/jakelawrence/Desktop/FILES/Code/what-do-i-watch/node_modules/next/dist/compiled/next-server/app-route.runtime.dev.js:26:41254)
    at async doRender (/Users/jakelawrence/Desktop/FILES/Code/what-do-i-watch/node_modules/next/dist/server/base-server.js:1513:42)
    at async DevServer.renderToResponseWithComponentsImpl (/Users/jakelawrence/Desktop/FILES/Code/what-do-i-watch/node_modules/next/dist/server/base-server.js:1915:28)
    at async DevServer.renderPageComponent (/Users/jakelawrence/Desktop/FILES/Code/what-do-i-watch/node_modules/next/dist/server/base-server.js:2393:24)
    at async DevServer.renderToResponseImpl (/Users/jakelawrence/Desktop/FILES/Code/what-do-i-watch/node_modules/next/dist/server/base-server.js:2430:32)
    at async DevServer.pipeImpl (/Users/jakelawrence/Desktop/FILES/Code/what-do-i-watch/node_modules/next/dist/server/base-server.js:1003:25)
    at async NextNodeServer.handleCatchallRenderRequest (/Users/jakelawrence/Desktop/FILES/Code/what-do-i-watch/node_modules/next/dist/server/next-server.js:304:17)
    at async DevServer.handleRequestImpl (/Users/jakelawrence/Desktop/FILES/Code/what-do-i-watch/node_modules/next/dist/server/base-server.js:895:17)
    at async /Users/jakelawrence/Desktop/FILES/Code/what-do-i-watch/node_modules/next/dist/server/dev/next-dev-server.js:371:20
    at async Span.traceAsyncFn (/Users/jakelawrence/Desktop/FILES/Code/what-do-i-watch/node_modules/next/dist/trace/trace.js:157:20)
    at async DevServer.handleRequest (/Users/jakelawrence/Desktop/FILES/Code/what-do-i-watch/node_modules/next/dist/server/dev/next-dev-server.js:368:24)
    at async invokeRender (/Users/jakelawrence/Desktop/FILES/Code/what-do-i-watch/node_modules/next/dist/server/lib/router-server.js:235:21)
    at async handleRequest (/Users/jakelawrence/Desktop/FILES/Code/what-do-i-watch/node_modules/next/dist/server/lib/router-server.js:426:24)
    at async requestHandlerImpl (/Users/jakelawrence/Desktop/FILES/Code/what-do-i-watch/node_modules/next/dist/server/lib/router-server.js:450:13)
    at async Server.requestListener (/Users/jakelawrence/Desktop/FILES/Code/what-do-i-watch/node_modules/next/dist/server/lib/start-server.js:158:13)
