[2025-11-29T02:02:27.350Z] Processing collaborative filtering recommendation request 
[2025-11-29T02:02:27.351Z] Processing collaborative filtering recommendation request 
[2025-11-29T02:02:27.352Z] ðŸš€ Pure collaborative filtering started 
[2025-11-29T02:02:27.352Z] ðŸ“¥ Input movie slugs: [
  "eddington",
  "videodrome"
]
[2025-11-29T02:02:27.352Z] âš™ï¸ Config: {
  "numRecommendations": 5,
  "likedBothMoviesBoost": 3,
  "favoritedInputMovieBoost": 5,
  "combinedBoost": 8,
  "favoriteWeight": 2,
  "obscurityBias": 1.5,
  "minInteractionsThreshold": 2
}
[2025-11-29T02:02:27.353Z] INFO: ðŸ‘¥ STEP 1: Finding users who interacted with input movies 
[2025-11-29T02:02:27.354Z] ðŸš€ Pure collaborative filtering started 
[2025-11-29T02:02:27.354Z] ðŸ“¥ Input movie slugs: [
  "eddington",
  "videodrome"
]
[2025-11-29T02:02:27.354Z] âš™ï¸ Config: {
  "numRecommendations": 5,
  "likedBothMoviesBoost": 3,
  "favoritedInputMovieBoost": 5,
  "combinedBoost": 8,
  "favoriteWeight": 2,
  "obscurityBias": 1.5,
  "minInteractionsThreshold": 2
}
[2025-11-29T02:02:27.354Z] INFO: ðŸ‘¥ STEP 1: Finding users who interacted with input movies 
[2025-11-29T02:02:27.603Z] INFO: ðŸ‘ 200 users liked eddington 
[2025-11-29T02:02:27.623Z] INFO: ðŸ‘ 200 users liked eddington 
[2025-11-29T02:02:27.679Z] INFO: ðŸ‘ 200 users liked videodrome 
[2025-11-29T02:02:27.694Z] INFO: ðŸ‘ 200 users liked videodrome 
[2025-11-29T02:02:27.762Z] INFO: â­ 200 users favorited eddington 
[2025-11-29T02:02:27.768Z] INFO: â­ 200 users favorited eddington 
[2025-11-29T02:02:27.860Z] INFO: â­ 200 users favorited videodrome 
[2025-11-29T02:02:27.861Z] INFO: ðŸ‘¥ Total users who interacted: 800 
[2025-11-29T02:02:27.861Z] INFO: ðŸ“Š STEP 2: Calculating user affinity scores 
[2025-11-29T02:02:27.861Z] DEBUG: ðŸ‘¤ 782: Favorited 1 inputs -> 5x boost 
[2025-11-29T02:02:27.861Z] DEBUG: ðŸ‘¤ 1937: Favorited 1 inputs -> 5x boost 
[2025-11-29T02:02:27.862Z] DEBUG: ðŸ‘¤ 00397: Favorited 1 inputs -> 5x boost 
[2025-11-29T02:02:27.862Z] DEBUG: ðŸ‘¤ 0rbitoclast: Favorited 1 inputs -> 5x boost 
[2025-11-29T02:02:27.862Z] DEBUG: ðŸ‘¤ 12000ants: Favorited 1 inputs -> 5x boost 
[2025-11-29T02:02:27.862Z] DEBUG: ðŸ‘¤ 330nare: Favorited 1 inputs -> 5x boost 
[2025-11-29T02:02:27.862Z] DEBUG: ðŸ‘¤ 333daphne333: Favorited 1 inputs -> 5x boost 
[2025-11-29T02:02:27.862Z] DEBUG: ðŸ‘¤ 3isha98: Favorited 1 inputs -> 5x boost 
[2025-11-29T02:02:27.862Z] DEBUG: ðŸ‘¤ 404titoux: Favorited 1 inputs -> 5x boost 
[2025-11-29T02:02:27.862Z] DEBUG: ðŸ‘¤ 44kami: Favorited 1 inputs -> 5x boost 
[2025-11-29T02:02:27.863Z] DEBUG: ðŸ‘¤ 5omebody: Favorited 1 inputs -> 5x boost 
[2025-11-29T02:02:27.863Z] DEBUG: ðŸ‘¤ 66jupiter: Favorited 1 inputs -> 5x boost 
[2025-11-29T02:02:27.863Z] DEBUG: ðŸ‘¤ aadeelz: Favorited 1 inputs -> 5x boost 
[2025-11-29T02:02:27.863Z] DEBUG: ðŸ‘¤ aadittandon: Favorited 1 inputs -> 5x boost 
[2025-11-29T02:02:27.863Z] DEBUG: ðŸ‘¤ abc123qwer33: Favorited 1 inputs -> 5x boost 
[2025-11-29T02:02:27.863Z] DEBUG: ðŸ‘¤ abnerha: Favorited 1 inputs -> 5x boost 
[2025-11-29T02:02:27.863Z] DEBUG: ðŸ‘¤ adam22222: Favorited 1 inputs -> 5x boost 
[2025-11-29T02:02:27.863Z] DEBUG: ðŸ‘¤ adams0m: Favorited 1 inputs -> 5x boost 
[2025-11-29T02:02:27.863Z] DEBUG: ðŸ‘¤ adgranat: Favorited 1 inputs -> 5x boost 
[2025-11-29T02:02:27.863Z] DEBUG: ðŸ‘¤ adhadean: Favorited 1 inputs -> 5x boost 
[2025-11-29T02:02:27.863Z] DEBUG: ðŸ‘¤ adlaidms: Favorited 1 inputs -> 5x boost 
[2025-11-29T02:02:27.863Z] DEBUG: ðŸ‘¤ admadrian: Favorited 1 inputs -> 5x boost 
[2025-11-29T02:02:27.863Z] DEBUG: ðŸ‘¤ admastagma: Favorited 1 inputs -> 5x boost 
[2025-11-29T02:02:27.863Z] DEBUG: ðŸ‘¤ adrianne8: Favorited 1 inputs -> 5x boost 
[2025-11-29T02:02:27.863Z] DEBUG: ðŸ‘¤ adsquires: Favorited 1 inputs -> 5x boost 
[2025-11-29T02:02:27.863Z] DEBUG: ðŸ‘¤ afterpartylost: Favorited 1 inputs -> 5x boost 
[2025-11-29T02:02:27.863Z] DEBUG: ðŸ‘¤ aidan0snow: Favorited 1 inputs -> 5x boost 
[2025-11-29T02:02:27.863Z] DEBUG: ðŸ‘¤ ajamoroso: Favorited 1 inputs -> 5x boost 
[2025-11-29T02:02:27.864Z] DEBUG: ðŸ‘¤ ajmanboy: Favorited 1 inputs -> 5x boost 
[2025-11-29T02:02:27.864Z] DEBUG: ðŸ‘¤ akbox: Favorited 1 inputs -> 5x boost 
[2025-11-29T02:02:27.864Z] DEBUG: ðŸ‘¤ akelly427: Favorited 1 inputs -> 5x boost 
[2025-11-29T02:02:27.864Z] DEBUG: ðŸ‘¤ akizzle47: Favorited 1 inputs -> 5x boost 
[2025-11-29T02:02:27.864Z] DEBUG: ðŸ‘¤ alcomvick: Favorited 1 inputs -> 5x boost 
[2025-11-29T02:02:27.864Z] DEBUG: ðŸ‘¤ alecmaskell: Favorited 1 inputs -> 5x boost 
[2025-11-29T02:02:27.864Z] DEBUG: ðŸ‘¤ alexandotto: Favorited 1 inputs -> 5x boost 
[2025-11-29T02:02:27.864Z] DEBUG: ðŸ‘¤ alexdesmall69: Favorited 1 inputs -> 5x boost 
[2025-11-29T02:02:27.864Z] DEBUG: ðŸ‘¤ alexii30: Favorited 1 inputs -> 5x boost 
[2025-11-29T02:02:27.864Z] DEBUG: ðŸ‘¤ alien408: Favorited 1 inputs -> 5x boost 
[2025-11-29T02:02:27.864Z] DEBUG: ðŸ‘¤ alyssafong: Favorited 1 inputs -> 5x boost 
[2025-11-29T02:02:27.864Z] DEBUG: ðŸ‘¤ amigojoe: Favorited 1 inputs -> 5x boost 
[2025-11-29T02:02:27.864Z] DEBUG: ðŸ‘¤ amin864: Favorited 1 inputs -> 5x boost 
[2025-11-29T02:02:27.865Z] DEBUG: ðŸ‘¤ aminionsopinion: Favorited 1 inputs -> 5x boost 
[2025-11-29T02:02:27.865Z] DEBUG: ðŸ‘¤ anagab: Favorited 1 inputs -> 5x boost 
[2025-11-29T02:02:27.865Z] DEBUG: ðŸ‘¤ andrewpearson32: Favorited 1 inputs -> 5x boost 
[2025-11-29T02:02:27.866Z] DEBUG: ðŸ‘¤ andypatterson: Favorited 1 inputs -> 5x boost 
[2025-11-29T02:02:27.866Z] DEBUG: ðŸ‘¤ angeleen: Favorited 1 inputs -> 5x boost 
[2025-11-29T02:02:27.866Z] DEBUG: ðŸ‘¤ animwuah: Favorited 1 inputs -> 5x boost 
[2025-11-29T02:02:27.866Z] DEBUG: ðŸ‘¤ anjelenna: Favorited 1 inputs -> 5x boost 
[2025-11-29T02:02:27.866Z] DEBUG: ðŸ‘¤ anselawest: Favorited 1 inputs -> 5x boost 
[2025-11-29T02:02:27.866Z] DEBUG: ðŸ‘¤ ant_: Favorited 1 inputs -> 5x boost 
[2025-11-29T02:02:27.866Z] DEBUG: ðŸ‘¤ anthonydonnan: Favorited 1 inputs -> 5x boost 
[2025-11-29T02:02:27.870Z] DEBUG: ðŸ‘¤ antoniorafaelr: Favorited 1 inputs -> 5x boost 
[2025-11-29T02:02:27.870Z] DEBUG: ðŸ‘¤ anyonio: Favorited 1 inputs -> 5x boost 
[2025-11-29T02:02:27.870Z] DEBUG: ðŸ‘¤ apnourish: Favorited 1 inputs -> 5x boost 
[2025-11-29T02:02:27.871Z] DEBUG: ðŸ‘¤ arbaer12: Favorited 1 inputs -> 5x boost 
[2025-11-29T02:02:27.871Z] DEBUG: ðŸ‘¤ arciniegas: Favorited 1 inputs -> 5x boost 
[2025-11-29T02:02:27.871Z] DEBUG: ðŸ‘¤ arsakii: Favorited 1 inputs -> 5x boost 
[2025-11-29T02:02:27.871Z] DEBUG: ðŸ‘¤ ashay: Favorited 1 inputs -> 5x boost 
[2025-11-29T02:02:27.871Z] DEBUG: ðŸ‘¤ ashenmeadows: Favorited 1 inputs -> 5x boost 
[2025-11-29T02:02:27.871Z] DEBUG: ðŸ‘¤ ashhbluff: Favorited 1 inputs -> 5x boost 
[2025-11-29T02:02:27.871Z] DEBUG: ðŸ‘¤ auroracatalano: Favorited 1 inputs -> 5x boost 
[2025-11-29T02:02:27.871Z] DEBUG: ðŸ‘¤ austinsouda: Favorited 1 inputs -> 5x boost 
[2025-11-29T02:02:27.871Z] DEBUG: ðŸ‘¤ axel_crbz: Favorited 1 inputs -> 5x boost 
[2025-11-29T02:02:27.871Z] DEBUG: ðŸ‘¤ axiegamer: Favorited 1 inputs -> 5x boost 
[2025-11-29T02:02:27.871Z] DEBUG: ðŸ‘¤ ayenator: Favorited 1 inputs -> 5x boost 
[2025-11-29T02:02:27.871Z] DEBUG: ðŸ‘¤ ayusharora01: Favorited 1 inputs -> 5x boost 
[2025-11-29T02:02:27.871Z] DEBUG: ðŸ‘¤ az_blue: Favorited 1 inputs -> 5x boost 
[2025-11-29T02:02:27.871Z] DEBUG: ðŸ‘¤ bacquiejaker: Favorited 1 inputs -> 5x boost 
[2025-11-29T02:02:27.871Z] DEBUG: ðŸ‘¤ ballhogging: Favorited 1 inputs -> 5x boost 
[2025-11-29T02:02:27.872Z] DEBUG: ðŸ‘¤ bangout420: Favorited 1 inputs -> 5x boost 
[2025-11-29T02:02:27.872Z] DEBUG: ðŸ‘¤ banjodaddy96: Favorited 1 inputs -> 5x boost 
[2025-11-29T02:02:27.872Z] DEBUG: ðŸ‘¤ barack: Favorited 1 inputs -> 5x boost 
[2025-11-29T02:02:27.876Z] DEBUG: ðŸ‘¤ bcool: Favorited 1 inputs -> 5x boost 
[2025-11-29T02:02:27.876Z] DEBUG: ðŸ‘¤ bea7z: Favorited 1 inputs -> 5x boost 
[2025-11-29T02:02:27.876Z] DEBUG: ðŸ‘¤ beansprouting99: Favorited 1 inputs -> 5x boost 
[2025-11-29T02:02:27.876Z] DEBUG: ðŸ‘¤ beardedatheart: Favorited 1 inputs -> 5x boost 
[2025-11-29T02:02:27.876Z] DEBUG: ðŸ‘¤ beeps1244: Favorited 1 inputs -> 5x boost 
[2025-11-29T02:02:27.876Z] DEBUG: ðŸ‘¤ belltravassos: Favorited 1 inputs -> 5x boost 
[2025-11-29T02:02:27.876Z] DEBUG: ðŸ‘¤ benc745: Favorited 1 inputs -> 5x boost 
[2025-11-29T02:02:27.884Z] DEBUG: ðŸ‘¤ bennyford: Favorited 1 inputs -> 5x boost 
[2025-11-29T02:02:27.887Z] DEBUG: ðŸ‘¤ bensilver: Favorited 1 inputs -> 5x boost 
[2025-11-29T02:02:27.888Z] DEBUG: ðŸ‘¤ berenicega: Favorited 1 inputs -> 5x boost 
[2025-11-29T02:02:27.888Z] DEBUG: ðŸ‘¤ bertobabe: Favorited 1 inputs -> 5x boost 
[2025-11-29T02:02:27.888Z] DEBUG: ðŸ‘¤ bigfoot800: Favorited 1 inputs -> 5x boost 
[2025-11-29T02:02:27.888Z] DEBUG: ðŸ‘¤ bigheaven: Favorited 1 inputs -> 5x boost 
[2025-11-29T02:02:27.888Z] DEBUG: ðŸ‘¤ bighog: Favorited 1 inputs -> 5x boost 
[2025-11-29T02:02:27.888Z] DEBUG: ðŸ‘¤ bigorca14: Favorited 1 inputs -> 5x boost 
[2025-11-29T02:02:27.888Z] DEBUG: ðŸ‘¤ bigwopzetsu: Favorited 1 inputs -> 5x boost 
[2025-11-29T02:02:27.889Z] DEBUG: ðŸ‘¤ bjm13: Favorited 1 inputs -> 5x boost 
[2025-11-29T02:02:27.889Z] DEBUG: ðŸ‘¤ bjo_bro007: Favorited 1 inputs -> 5x boost 
[2025-11-29T02:02:27.890Z] DEBUG: ðŸ‘¤ bkramer: Favorited 1 inputs -> 5x boost 
[2025-11-29T02:02:27.890Z] DEBUG: ðŸ‘¤ bladerunner2k49: Favorited 1 inputs -> 5x boost 
[2025-11-29T02:02:27.890Z] DEBUG: ðŸ‘¤ blannahannah: Favorited 1 inputs -> 5x boost 
[2025-11-29T02:02:27.890Z] DEBUG: ðŸ‘¤ bluecinema79: Favorited 1 inputs -> 5x boost 
[2025-11-29T02:02:27.892Z] DEBUG: ðŸ‘¤ bmmusial: Favorited 1 inputs -> 5x boost 
[2025-11-29T02:02:27.892Z] DEBUG: ðŸ‘¤ bobsawthat: Favorited 1 inputs -> 5x boost 
[2025-11-29T02:02:27.892Z] DEBUG: ðŸ‘¤ bodine: Favorited 1 inputs -> 5x boost 
[2025-11-29T02:02:27.892Z] DEBUG: ðŸ‘¤ bojan1: Favorited 1 inputs -> 5x boost 
[2025-11-29T02:02:27.892Z] DEBUG: ðŸ‘¤ bonkoos: Favorited 1 inputs -> 5x boost 
[2025-11-29T02:02:27.892Z] DEBUG: ðŸ‘¤ boothadam97: Favorited 1 inputs -> 5x boost 
[2025-11-29T02:02:27.892Z] DEBUG: ðŸ‘¤ borgaf: Favorited 1 inputs -> 5x boost 
[2025-11-29T02:02:27.892Z] DEBUG: ðŸ‘¤ br4ve_trave1er: Favorited 1 inputs -> 5x boost 
[2025-11-29T02:02:27.892Z] DEBUG: ðŸ‘¤ bradleymertes: Favorited 1 inputs -> 5x boost 
[2025-11-29T02:02:27.892Z] DEBUG: ðŸ‘¤ brandonmedrano: Favorited 1 inputs -> 5x boost 
[2025-11-29T02:02:27.893Z] DEBUG: ðŸ‘¤ brandonscreek: Favorited 1 inputs -> 5x boost 
[2025-11-29T02:02:27.893Z] DEBUG: ðŸ‘¤ bravvyy: Favorited 1 inputs -> 5x boost 
[2025-11-29T02:02:27.893Z] DEBUG: ðŸ‘¤ brb1228: Favorited 1 inputs -> 5x boost 
[2025-11-29T02:02:27.893Z] DEBUG: ðŸ‘¤ brendan271: Favorited 1 inputs -> 5x boost 
[2025-11-29T02:02:27.893Z] DEBUG: ðŸ‘¤ brettbasanda: Favorited 1 inputs -> 5x boost 
[2025-11-29T02:02:27.893Z] DEBUG: ðŸ‘¤ brick650: Favorited 1 inputs -> 5x boost 
[2025-11-29T02:02:27.893Z] DEBUG: ðŸ‘¤ briggoh: Favorited 1 inputs -> 5x boost 
[2025-11-29T02:02:27.893Z] DEBUG: ðŸ‘¤ briggz: Favorited 1 inputs -> 5x boost 
[2025-11-29T02:02:27.893Z] DEBUG: ðŸ‘¤ brodytimoney: Favorited 1 inputs -> 5x boost 
[2025-11-29T02:02:27.893Z] DEBUG: ðŸ‘¤ bruceekirk: Favorited 1 inputs -> 5x boost 
[2025-11-29T02:02:27.893Z] DEBUG: ðŸ‘¤ bryahnnihilator: Favorited 1 inputs -> 5x boost 
[2025-11-29T02:02:27.893Z] DEBUG: ðŸ‘¤ btc0029: Favorited 1 inputs -> 5x boost 
[2025-11-29T02:02:27.893Z] DEBUG: ðŸ‘¤ buntaro: Favorited 1 inputs -> 5x boost 
[2025-11-29T02:02:27.893Z] DEBUG: ðŸ‘¤ burchtopia: Favorited 1 inputs -> 5x boost 
[2025-11-29T02:02:27.893Z] DEBUG: ðŸ‘¤ caden2915: Favorited 1 inputs -> 5x boost 
[2025-11-29T02:02:27.893Z] DEBUG: ðŸ‘¤ calestrickland: Favorited 1 inputs -> 5x boost 
[2025-11-29T02:02:27.893Z] DEBUG: ðŸ‘¤ calmmoon: Favorited 1 inputs -> 5x boost 
[2025-11-29T02:02:27.893Z] DEBUG: ðŸ‘¤ calumwt: Favorited 1 inputs -> 5x boost 
[2025-11-29T02:02:27.893Z] DEBUG: ðŸ‘¤ cameronesch: Favorited 1 inputs -> 5x boost 
[2025-11-29T02:02:27.894Z] DEBUG: ðŸ‘¤ cameronithink: Favorited 1 inputs -> 5x boost 
[2025-11-29T02:02:27.894Z] DEBUG: ðŸ‘¤ cami_ra: Favorited 1 inputs -> 5x boost 
[2025-11-29T02:02:27.894Z] DEBUG: ðŸ‘¤ carl05avila: Favorited 1 inputs -> 5x boost 
[2025-11-29T02:02:27.894Z] DEBUG: ðŸ‘¤ carlolagatta: Favorited 1 inputs -> 5x boost 
[2025-11-29T02:02:27.894Z] DEBUG: ðŸ‘¤ carot191: Favorited 1 inputs -> 5x boost 
[2025-11-29T02:02:27.894Z] DEBUG: ðŸ‘¤ carrief1sherman: Favorited 1 inputs -> 5x boost 
[2025-11-29T02:02:27.894Z] DEBUG: ðŸ‘¤ carsoned9257: Favorited 1 inputs -> 5x boost 
[2025-11-29T02:02:27.894Z] DEBUG: ðŸ‘¤ cartelcrusader: Favorited 1 inputs -> 5x boost 
[2025-11-29T02:02:27.894Z] DEBUG: ðŸ‘¤ carterdunford: Favorited 1 inputs -> 5x boost 
[2025-11-29T02:02:27.894Z] DEBUG: ðŸ‘¤ cartuhr: Favorited 1 inputs -> 5x boost 
[2025-11-29T02:02:27.894Z] DEBUG: ðŸ‘¤ caseydrury04: Favorited 1 inputs -> 5x boost 
[2025-11-29T02:02:27.894Z] DEBUG: ðŸ‘¤ casualcasualty: Favorited 1 inputs -> 5x boost 
[2025-11-29T02:02:27.894Z] DEBUG: ðŸ‘¤ catherinestnly: Favorited 1 inputs -> 5x boost 
[2025-11-29T02:02:27.894Z] DEBUG: ðŸ‘¤ cbang1: Favorited 1 inputs -> 5x boost 
[2025-11-29T02:02:27.894Z] DEBUG: ðŸ‘¤ ccdanyell: Favorited 1 inputs -> 5x boost 
[2025-11-29T02:02:27.894Z] DEBUG: ðŸ‘¤ cchristopher6: Favorited 1 inputs -> 5x boost 
[2025-11-29T02:02:27.894Z] DEBUG: ðŸ‘¤ ccrothers98: Favorited 1 inputs -> 5x boost 
[2025-11-29T02:02:27.894Z] DEBUG: ðŸ‘¤ ceezthetease: Favorited 1 inputs -> 5x boost 
[2025-11-29T02:02:27.894Z] DEBUG: ðŸ‘¤ cel5st3: Favorited 1 inputs -> 5x boost 
[2025-11-29T02:02:27.895Z] DEBUG: ðŸ‘¤ cemallol: Favorited 1 inputs -> 5x boost 
[2025-11-29T02:02:27.895Z] DEBUG: ðŸ‘¤ chadwylie: Favorited 1 inputs -> 5x boost 
[2025-11-29T02:02:27.895Z] DEBUG: ðŸ‘¤ chancesong: Favorited 1 inputs -> 5x boost 
[2025-11-29T02:02:27.895Z] DEBUG: ðŸ‘¤ charlesgarand: Favorited 1 inputs -> 5x boost 
[2025-11-29T02:02:27.895Z] DEBUG: ðŸ‘¤ chicken_jocky: Favorited 1 inputs -> 5x boost 
[2025-11-29T02:02:27.895Z] DEBUG: ðŸ‘¤ chloe_bsslr: Favorited 1 inputs -> 5x boost 
[2025-11-29T02:02:27.895Z] DEBUG: ðŸ‘¤ chrisshor: Favorited 1 inputs -> 5x boost 
[2025-11-29T02:02:27.895Z] DEBUG: ðŸ‘¤ christmasisland: Favorited 1 inputs -> 5x boost 
[2025-11-29T02:02:27.895Z] DEBUG: ðŸ‘¤ chunkemunke: Favorited 1 inputs -> 5x boost 
[2025-11-29T02:02:27.895Z] DEBUG: ðŸ‘¤ chunkrock: Favorited 1 inputs -> 5x boost 
[2025-11-29T02:02:27.895Z] DEBUG: ðŸ‘¤ cill_burns: Favorited 1 inputs -> 5x boost 
[2025-11-29T02:02:27.895Z] DEBUG: ðŸ‘¤ cinemacyn: Favorited 1 inputs -> 5x boost 
[2025-11-29T02:02:27.895Z] DEBUG: ðŸ‘¤ cjhartley97: Favorited 1 inputs -> 5x boost 
[2025-11-29T02:02:27.895Z] DEBUG: ðŸ‘¤ clairerobertz: Favorited 1 inputs -> 5x boost 
[2025-11-29T02:02:27.895Z] DEBUG: ðŸ‘¤ claurey: Favorited 1 inputs -> 5x boost 
[2025-11-29T02:02:27.895Z] DEBUG: ðŸ‘¤ clawrence040: Favorited 1 inputs -> 5x boost 
[2025-11-29T02:02:27.895Z] DEBUG: ðŸ‘¤ clawsonn: Favorited 1 inputs -> 5x boost 
[2025-11-29T02:02:27.895Z] DEBUG: ðŸ‘¤ clearwaters: Favorited 1 inputs -> 5x boost 
[2025-11-29T02:02:27.895Z] DEBUG: ðŸ‘¤ cleopatra420: Favorited 1 inputs -> 5x boost 
[2025-11-29T02:02:27.895Z] DEBUG: ðŸ‘¤ clogard: Favorited 1 inputs -> 5x boost 
[2025-11-29T02:02:27.895Z] DEBUG: ðŸ‘¤ cloudiiaaa: Favorited 1 inputs -> 5x boost 
[2025-11-29T02:02:27.895Z] DEBUG: ðŸ‘¤ coachjoefox: Favorited 1 inputs -> 5x boost 
[2025-11-29T02:02:27.895Z] DEBUG: ðŸ‘¤ coconutlovin: Favorited 1 inputs -> 5x boost 
[2025-11-29T02:02:27.895Z] DEBUG: ðŸ‘¤ cojalu24: Favorited 1 inputs -> 5x boost 
[2025-11-29T02:02:27.895Z] DEBUG: ðŸ‘¤ colba: Favorited 1 inputs -> 5x boost 
[2025-11-29T02:02:27.895Z] DEBUG: ðŸ‘¤ colindinho: Favorited 1 inputs -> 5x boost 
[2025-11-29T02:02:27.895Z] DEBUG: ðŸ‘¤ colinsinjakovic: Favorited 1 inputs -> 5x boost 
[2025-11-29T02:02:27.895Z] DEBUG: ðŸ‘¤ colorss: Favorited 1 inputs -> 5x boost 
[2025-11-29T02:02:27.895Z] DEBUG: ðŸ‘¤ coltonstone: Favorited 1 inputs -> 5x boost 
[2025-11-29T02:02:27.896Z] DEBUG: ðŸ‘¤ combcell: Favorited 1 inputs -> 5x boost 
[2025-11-29T02:02:27.896Z] DEBUG: ðŸ‘¤ communistcheeks: Favorited 1 inputs -> 5x boost 
[2025-11-29T02:02:27.896Z] DEBUG: ðŸ‘¤ connermcfall: Favorited 1 inputs -> 5x boost 
[2025-11-29T02:02:27.896Z] DEBUG: ðŸ‘¤ connorobrien: Favorited 1 inputs -> 5x boost 
[2025-11-29T02:02:27.896Z] DEBUG: ðŸ‘¤ conversano: Favorited 1 inputs -> 5x boost 
[2025-11-29T02:02:27.896Z] DEBUG: ðŸ‘¤ coolyguy42: Favorited 1 inputs -> 5x boost 
[2025-11-29T02:02:27.896Z] DEBUG: ðŸ‘¤ corcor624: Favorited 1 inputs -> 5x boost 
[2025-11-29T02:02:27.896Z] DEBUG: ðŸ‘¤ cowboycaleb: Favorited 1 inputs -> 5x boost 
[2025-11-29T02:02:27.896Z] DEBUG: ðŸ‘¤ cpbenn1993: Favorited 1 inputs -> 5x boost 
[2025-11-29T02:02:27.896Z] DEBUG: ðŸ‘¤ crankmaster429: Favorited 1 inputs -> 5x boost 
[2025-11-29T02:02:27.896Z] DEBUG: ðŸ‘¤ crueldoe: Favorited 1 inputs -> 5x boost 
[2025-11-29T02:02:27.896Z] DEBUG: ðŸ‘¤ ctjohnson7: Favorited 1 inputs -> 5x boost 
[2025-11-29T02:02:27.896Z] DEBUG: ðŸ‘¤ ctschloe: Favorited 1 inputs -> 5x boost 
[2025-11-29T02:02:27.896Z] DEBUG: ðŸ‘¤ cuautlej: Favorited 1 inputs -> 5x boost 
[2025-11-29T02:02:27.896Z] DEBUG: ðŸ‘¤ curl08: Favorited 1 inputs -> 5x boost 
[2025-11-29T02:02:27.896Z] DEBUG: ðŸ‘¤ cybersaint2005: Favorited 1 inputs -> 5x boost 
[2025-11-29T02:02:27.896Z] DEBUG: ðŸ‘¤ cygod: Favorited 1 inputs -> 5x boost 
[2025-11-29T02:02:27.897Z] DEBUG: ðŸ‘¤ cyily: Favorited 1 inputs -> 5x boost 
[2025-11-29T02:02:27.897Z] DEBUG: ðŸ‘¤ cyningiefan: Favorited 1 inputs -> 5x boost 
[2025-11-29T02:02:27.897Z] DEBUG: ðŸ‘¤ cyrus20: Favorited 1 inputs -> 5x boost 
[2025-11-29T02:02:27.897Z] DEBUG: ðŸ‘¤ daffodyll: Favorited 1 inputs -> 5x boost 
[2025-11-29T02:02:27.897Z] DEBUG: ðŸ‘¤ damndaisy: Favorited 1 inputs -> 5x boost 
[2025-11-29T02:02:27.897Z] DEBUG: ðŸ‘¤ damonatorwr: Favorited 1 inputs -> 5x boost 
[2025-11-29T02:02:27.897Z] DEBUG: ðŸ‘¤ danchilll: Favorited 1 inputs -> 5x boost 
[2025-11-29T02:02:27.897Z] DEBUG: ðŸ‘¤ dancolton: Favorited 1 inputs -> 5x boost 
[2025-11-29T02:02:27.897Z] DEBUG: ðŸ‘¤ danielgotkowitz: Favorited 1 inputs -> 5x boost 
[2025-11-29T02:02:27.897Z] DEBUG: ðŸ‘¤ danielkoloff: Favorited 1 inputs -> 5x boost 
[2025-11-29T02:02:27.897Z] DEBUG: ðŸ‘¤ danktits420: Favorited 1 inputs -> 5x boost 
[2025-11-29T02:02:27.897Z] DEBUG: ðŸ‘¤ dardevid: Favorited 1 inputs -> 5x boost 
[2025-11-29T02:02:27.897Z] DEBUG: ðŸ‘¤ darkstar2003: Favorited 1 inputs -> 5x boost 
[2025-11-29T02:02:27.897Z] DEBUG: ðŸ‘¤ davidfdez015: Favorited 1 inputs -> 5x boost 
[2025-11-29T02:02:27.898Z] DEBUG: ðŸ‘¤ 0000_q: Favorited 1 inputs -> 5x boost 
[2025-11-29T02:02:27.898Z] DEBUG: ðŸ‘¤ 0001pilar: Favorited 1 inputs -> 5x boost 
[2025-11-29T02:02:27.898Z] DEBUG: ðŸ‘¤ 040siliconwings: Favorited 1 inputs -> 5x boost 
[2025-11-29T02:02:27.898Z] DEBUG: ðŸ‘¤ 0_weenie_0: Favorited 1 inputs -> 5x boost 
[2025-11-29T02:02:27.898Z] DEBUG: ðŸ‘¤ 0bdi3nt: Favorited 1 inputs -> 5x boost 
[2025-11-29T02:02:27.898Z] DEBUG: ðŸ‘¤ 0mustafaozkan: Favorited 1 inputs -> 5x boost 
[2025-11-29T02:02:27.898Z] DEBUG: ðŸ‘¤ 0palz: Favorited 1 inputs -> 5x boost 
[2025-11-29T02:02:27.898Z] DEBUG: ðŸ‘¤ 1000seraphim: Favorited 1 inputs -> 5x boost 
[2025-11-29T02:02:27.898Z] DEBUG: ðŸ‘¤ 10zins: Favorited 1 inputs -> 5x boost 
[2025-11-29T02:02:27.898Z] DEBUG: ðŸ‘¤ 12bitbunny: Favorited 1 inputs -> 5x boost 
[2025-11-29T02:02:27.898Z] DEBUG: ðŸ‘¤ 12ozmouze: Favorited 1 inputs -> 5x boost 
[2025-11-29T02:02:27.898Z] DEBUG: ðŸ‘¤ 13minus2: Favorited 1 inputs -> 5x boost 
[2025-11-29T02:02:27.898Z] DEBUG: ðŸ‘¤ 17alice17: Favorited 1 inputs -> 5x boost 
[2025-11-29T02:02:27.898Z] DEBUG: ðŸ‘¤ 1951void: Favorited 1 inputs -> 5x boost 
[2025-11-29T02:02:27.898Z] DEBUG: ðŸ‘¤ 198oshorror: Favorited 1 inputs -> 5x boost 
[2025-11-29T02:02:27.898Z] DEBUG: ðŸ‘¤ 1fleetwoodmacs: Favorited 1 inputs -> 5x boost 
[2025-11-29T02:02:27.898Z] DEBUG: ðŸ‘¤ 1ihatemaria: Favorited 1 inputs -> 5x boost 
[2025-11-29T02:02:27.898Z] DEBUG: ðŸ‘¤ 1klaraz: Favorited 1 inputs -> 5x boost 
[2025-11-29T02:02:27.898Z] DEBUG: ðŸ‘¤ 1loveme2much: Favorited 1 inputs -> 5x boost 
[2025-11-29T02:02:27.898Z] DEBUG: ðŸ‘¤ 1nils: Favorited 1 inputs -> 5x boost 
[2025-11-29T02:02:27.898Z] DEBUG: ðŸ‘¤ 1ofconnor: Favorited 1 inputs -> 5x boost 
[2025-11-29T02:02:27.898Z] DEBUG: ðŸ‘¤ 1ri5: Favorited 1 inputs -> 5x boost 
[2025-11-29T02:02:27.899Z] DEBUG: ðŸ‘¤ 2009rbr: Favorited 1 inputs -> 5x boost 
[2025-11-29T02:02:27.899Z] DEBUG: ðŸ‘¤ 2021soberme: Favorited 1 inputs -> 5x boost 
[2025-11-29T02:02:27.899Z] DEBUG: ðŸ‘¤ 25aces: Favorited 1 inputs -> 5x boost 
[2025-11-29T02:02:27.899Z] DEBUG: ðŸ‘¤ 2cbcity: Favorited 1 inputs -> 5x boost 
[2025-11-29T02:02:27.899Z] DEBUG: ðŸ‘¤ 2freakyfreakers: Favorited 1 inputs -> 5x boost 
[2025-11-29T02:02:27.899Z] DEBUG: ðŸ‘¤ 333romy333: Favorited 1 inputs -> 5x boost 
[2025-11-29T02:02:27.899Z] DEBUG: ðŸ‘¤ 33bluz: Favorited 1 inputs -> 5x boost 
[2025-11-29T02:02:27.899Z] DEBUG: ðŸ‘¤ 360levi: Favorited 1 inputs -> 5x boost 
[2025-11-29T02:02:27.899Z] DEBUG: ðŸ‘¤ 36trillion: Favorited 1 inputs -> 5x boost 
[2025-11-29T02:02:27.899Z] DEBUG: ðŸ‘¤ 3c4sr: Favorited 1 inputs -> 5x boost 
[2025-11-29T02:02:27.899Z] DEBUG: ðŸ‘¤ 3r3n: Favorited 1 inputs -> 5x boost 
[2025-11-29T02:02:27.899Z] DEBUG: ðŸ‘¤ 3xilium: Favorited 1 inputs -> 5x boost 
[2025-11-29T02:02:27.899Z] DEBUG: ðŸ‘¤ 3xtuk: Favorited 1 inputs -> 5x boost 
[2025-11-29T02:02:27.899Z] DEBUG: ðŸ‘¤ 400troglodytes: Favorited 1 inputs -> 5x boost 
[2025-11-29T02:02:27.900Z] DEBUG: ðŸ‘¤ 420bih: Favorited 1 inputs -> 5x boost 
[2025-11-29T02:02:27.900Z] DEBUG: ðŸ‘¤ 44laylaa: Favorited 1 inputs -> 5x boost 
[2025-11-29T02:02:27.900Z] DEBUG: ðŸ‘¤ 4a3c: Favorited 1 inputs -> 5x boost 
[2025-11-29T02:02:27.900Z] DEBUG: ðŸ‘¤ 4cinefiles2069: Favorited 1 inputs -> 5x boost 
[2025-11-29T02:02:27.900Z] DEBUG: ðŸ‘¤ 4everlooking_up: Favorited 1 inputs -> 5x boost 
[2025-11-29T02:02:27.900Z] DEBUG: ðŸ‘¤ 4eyes2002: Favorited 1 inputs -> 5x boost 
[2025-11-29T02:02:27.900Z] DEBUG: ðŸ‘¤ 4gr3ss0rr: Favorited 1 inputs -> 5x boost 
[2025-11-29T02:02:27.900Z] DEBUG: ðŸ‘¤ 4ktrash: Favorited 1 inputs -> 5x boost 
[2025-11-29T02:02:27.901Z] DEBUG: ðŸ‘¤ 4ltea: Favorited 1 inputs -> 5x boost 
[2025-11-29T02:02:27.901Z] DEBUG: ðŸ‘¤ 4nt0: Favorited 1 inputs -> 5x boost 
[2025-11-29T02:02:27.901Z] DEBUG: ðŸ‘¤ 4ntitaxi: Favorited 1 inputs -> 5x boost 
[2025-11-29T02:02:27.901Z] DEBUG: ðŸ‘¤ 4rgus: Favorited 1 inputs -> 5x boost 
[2025-11-29T02:02:27.901Z] DEBUG: ðŸ‘¤ 4s4p_toni: Favorited 1 inputs -> 5x boost 
[2025-11-29T02:02:27.901Z] DEBUG: ðŸ‘¤ 4uralun4r: Favorited 1 inputs -> 5x boost 
[2025-11-29T02:02:27.901Z] DEBUG: ðŸ‘¤ 4v4my3rs: Favorited 1 inputs -> 5x boost 
[2025-11-29T02:02:27.901Z] DEBUG: ðŸ‘¤ 50percentgweilo: Favorited 1 inputs -> 5x boost 
[2025-11-29T02:02:27.901Z] DEBUG: ðŸ‘¤ 5454662p: Favorited 1 inputs -> 5x boost 
[2025-11-29T02:02:27.901Z] DEBUG: ðŸ‘¤ 5thelementt: Favorited 1 inputs -> 5x boost 
[2025-11-29T02:02:27.901Z] DEBUG: ðŸ‘¤ 6gr6ce6: Favorited 1 inputs -> 5x boost 
[2025-11-29T02:02:27.901Z] DEBUG: ðŸ‘¤ 6grr9: Favorited 1 inputs -> 5x boost 
[2025-11-29T02:02:27.901Z] DEBUG: ðŸ‘¤ 6ikke6pim6: Favorited 1 inputs -> 5x boost 
[2025-11-29T02:02:27.902Z] DEBUG: ðŸ‘¤ 6ranflakes: Favorited 1 inputs -> 5x boost 
[2025-11-29T02:02:27.902Z] DEBUG: ðŸ‘¤ 6sm66: Favorited 1 inputs -> 5x boost 
[2025-11-29T02:02:27.902Z] DEBUG: ðŸ‘¤ 7cgeece: Favorited 1 inputs -> 5x boost 
[2025-11-29T02:02:27.902Z] DEBUG: ðŸ‘¤ 7morena: Favorited 1 inputs -> 5x boost 
[2025-11-29T02:02:27.902Z] DEBUG: ðŸ‘¤ 7ordan: Favorited 1 inputs -> 5x boost 
[2025-11-29T02:02:27.902Z] DEBUG: ðŸ‘¤ 808vt: Favorited 1 inputs -> 5x boost 
[2025-11-29T02:02:27.902Z] DEBUG: ðŸ‘¤ 80squeen: Favorited 1 inputs -> 5x boost 
[2025-11-29T02:02:27.902Z] DEBUG: ðŸ‘¤ 80sstoner: Favorited 1 inputs -> 5x boost 
[2025-11-29T02:02:27.902Z] DEBUG: ðŸ‘¤ 81092g: Favorited 1 inputs -> 5x boost 
[2025-11-29T02:02:27.902Z] DEBUG: ðŸ‘¤ 8birdpie: Favorited 1 inputs -> 5x boost 
[2025-11-29T02:02:27.902Z] DEBUG: ðŸ‘¤ 90099h43: Favorited 1 inputs -> 5x boost 
[2025-11-29T02:02:27.902Z] DEBUG: ðŸ‘¤ 93percentbent: Favorited 1 inputs -> 5x boost 
[2025-11-29T02:02:27.902Z] DEBUG: ðŸ‘¤ 9511ii: Favorited 1 inputs -> 5x boost 
[2025-11-29T02:02:27.902Z] DEBUG: ðŸ‘¤ 978cami: Favorited 1 inputs -> 5x boost 
[2025-11-29T02:02:27.902Z] DEBUG: ðŸ‘¤ 97zs: Favorited 1 inputs -> 5x boost 
[2025-11-29T02:02:27.902Z] DEBUG: ðŸ‘¤ 9benhenry9: Favorited 1 inputs -> 5x boost 
[2025-11-29T02:02:27.902Z] DEBUG: ðŸ‘¤ a_circus_rat: Favorited 1 inputs -> 5x boost 
[2025-11-29T02:02:27.903Z] DEBUG: ðŸ‘¤ a_crab_ran_goon: Favorited 1 inputs -> 5x boost 
[2025-11-29T02:02:27.903Z] DEBUG: ðŸ‘¤ a_giu0: Favorited 1 inputs -> 5x boost 
[2025-11-29T02:02:27.903Z] DEBUG: ðŸ‘¤ aamelang: Favorited 1 inputs -> 5x boost 
[2025-11-29T02:02:27.903Z] DEBUG: ðŸ‘¤ aaniz: Favorited 1 inputs -> 5x boost 
[2025-11-29T02:02:27.903Z] DEBUG: ðŸ‘¤ aaronaubuchon: Favorited 1 inputs -> 5x boost 
[2025-11-29T02:02:27.903Z] DEBUG: ðŸ‘¤ aaronbilbrey: Favorited 1 inputs -> 5x boost 
[2025-11-29T02:02:27.903Z] DEBUG: ðŸ‘¤ aarondrane: Favorited 1 inputs -> 5x boost 
[2025-11-29T02:02:27.903Z] DEBUG: ðŸ‘¤ aaronlangecomix: Favorited 1 inputs -> 5x boost 
[2025-11-29T02:02:27.903Z] DEBUG: ðŸ‘¤ aaronrrobinson: Favorited 1 inputs -> 5x boost 
[2025-11-29T02:02:27.903Z] DEBUG: ðŸ‘¤ aartti: Favorited 1 inputs -> 5x boost 
[2025-11-29T02:02:27.903Z] DEBUG: ðŸ‘¤ aatu: Favorited 1 inputs -> 5x boost 
[2025-11-29T02:02:27.903Z] DEBUG: ðŸ‘¤ abacatesgrandes: Favorited 1 inputs -> 5x boost 
[2025-11-29T02:02:27.903Z] DEBUG: ðŸ‘¤ abaddonext: Favorited 1 inputs -> 5x boost 
[2025-11-29T02:02:27.903Z] DEBUG: ðŸ‘¤ abagal: Favorited 1 inputs -> 5x boost 
[2025-11-29T02:02:27.903Z] DEBUG: ðŸ‘¤ abarone: Favorited 1 inputs -> 5x boost 
[2025-11-29T02:02:27.903Z] DEBUG: ðŸ‘¤ abbasmuhammad: Favorited 1 inputs -> 5x boost 
[2025-11-29T02:02:27.903Z] DEBUG: ðŸ‘¤ abbatronn: Favorited 1 inputs -> 5x boost 
[2025-11-29T02:02:27.903Z] DEBUG: ðŸ‘¤ abberdabberr: Favorited 1 inputs -> 5x boost 
[2025-11-29T02:02:27.903Z] DEBUG: ðŸ‘¤ abbers987: Favorited 1 inputs -> 5x boost 
[2025-11-29T02:02:27.903Z] DEBUG: ðŸ‘¤ abbonexcore: Favorited 1 inputs -> 5x boost 
[2025-11-29T02:02:27.903Z] DEBUG: ðŸ‘¤ abbsurdist: Favorited 1 inputs -> 5x boost 
[2025-11-29T02:02:27.903Z] DEBUG: ðŸ‘¤ abbyclaree: Favorited 1 inputs -> 5x boost 
[2025-11-29T02:02:27.903Z] DEBUG: ðŸ‘¤ abbyisaloser: Favorited 1 inputs -> 5x boost 
[2025-11-29T02:02:27.903Z] DEBUG: ðŸ‘¤ abe1996: Favorited 1 inputs -> 5x boost 
[2025-11-29T02:02:27.903Z] DEBUG: ðŸ‘¤ abe_snakes: Favorited 1 inputs -> 5x boost 
[2025-11-29T02:02:27.903Z] DEBUG: ðŸ‘¤ abel_apolo: Favorited 1 inputs -> 5x boost 
[2025-11-29T02:02:27.903Z] DEBUG: ðŸ‘¤ abellanayers: Favorited 1 inputs -> 5x boost 
[2025-11-29T02:02:27.903Z] DEBUG: ðŸ‘¤ abenbrook: Favorited 1 inputs -> 5x boost 
[2025-11-29T02:02:27.903Z] DEBUG: ðŸ‘¤ abhir: Favorited 1 inputs -> 5x boost 
[2025-11-29T02:02:27.903Z] DEBUG: ðŸ‘¤ abighoul: Favorited 1 inputs -> 5x boost 
[2025-11-29T02:02:27.903Z] DEBUG: ðŸ‘¤ ablazeinthevcr: Favorited 1 inputs -> 5x boost 
[2025-11-29T02:02:27.903Z] DEBUG: ðŸ‘¤ aboiham: Favorited 1 inputs -> 5x boost 
[2025-11-29T02:02:27.904Z] DEBUG: ðŸ‘¤ aboutdelznt: Favorited 1 inputs -> 5x boost 
[2025-11-29T02:02:27.904Z] DEBUG: ðŸ‘¤ abrasiveyam: Favorited 1 inputs -> 5x boost 
[2025-11-29T02:02:27.904Z] DEBUG: ðŸ‘¤ abunchofcats: Favorited 1 inputs -> 5x boost 
[2025-11-29T02:02:27.904Z] DEBUG: ðŸ‘¤ ac1dw0lf: Favorited 1 inputs -> 5x boost 
[2025-11-29T02:02:27.904Z] DEBUG: ðŸ‘¤ acablanchet: Favorited 1 inputs -> 5x boost 
[2025-11-29T02:02:27.904Z] DEBUG: ðŸ‘¤ academy_ratio: Favorited 1 inputs -> 5x boost 
[2025-11-29T02:02:27.904Z] DEBUG: ðŸ‘¤ achi_barsa: Favorited 1 inputs -> 5x boost 
[2025-11-29T02:02:27.904Z] DEBUG: ðŸ‘¤ achiocco: Favorited 1 inputs -> 5x boost 
[2025-11-29T02:02:27.904Z] DEBUG: ðŸ‘¤ achromatopsic: Favorited 1 inputs -> 5x boost 
[2025-11-29T02:02:27.904Z] DEBUG: ðŸ‘¤ acidbathmp3: Favorited 1 inputs -> 5x boost 
[2025-11-29T02:02:27.904Z] DEBUG: ðŸ‘¤ acidbats: Favorited 1 inputs -> 5x boost 
[2025-11-29T02:02:27.904Z] DEBUG: ðŸ‘¤ ackblom12: Favorited 1 inputs -> 5x boost 
[2025-11-29T02:02:27.904Z] DEBUG: ðŸ‘¤ aclaasz: Favorited 1 inputs -> 5x boost 
[2025-11-29T02:02:27.904Z] DEBUG: ðŸ‘¤ aclockwork: Favorited 1 inputs -> 5x boost 
[2025-11-29T02:02:27.904Z] DEBUG: ðŸ‘¤ aclockworkgirl: Favorited 1 inputs -> 5x boost 
[2025-11-29T02:02:27.904Z] DEBUG: ðŸ‘¤ acousticpizza: Favorited 1 inputs -> 5x boost 
[2025-11-29T02:02:27.904Z] DEBUG: ðŸ‘¤ acpowell: Favorited 1 inputs -> 5x boost 
[2025-11-29T02:02:27.904Z] DEBUG: ðŸ‘¤ acquiredtaste: Favorited 1 inputs -> 5x boost 
[2025-11-29T02:02:27.904Z] DEBUG: ðŸ‘¤ acryingcl0wn: Favorited 1 inputs -> 5x boost 
[2025-11-29T02:02:27.904Z] DEBUG: ðŸ‘¤ actuallyshivroy: Favorited 1 inputs -> 5x boost 
[2025-11-29T02:02:27.904Z] DEBUG: ðŸ‘¤ acultclassic: Favorited 1 inputs -> 5x boost 
[2025-11-29T02:02:27.904Z] DEBUG: ðŸ‘¤ ad0nia: Favorited 1 inputs -> 5x boost 
[2025-11-29T02:02:27.904Z] DEBUG: ðŸ‘¤ adam11: Favorited 1 inputs -> 5x boost 
[2025-11-29T02:02:27.904Z] DEBUG: ðŸ‘¤ adam___________: Favorited 1 inputs -> 5x boost 
[2025-11-29T02:02:27.904Z] DEBUG: ðŸ‘¤ adamcw: Favorited 1 inputs -> 5x boost 
[2025-11-29T02:02:27.904Z] DEBUG: ðŸ‘¤ adamdeboe: Favorited 1 inputs -> 5x boost 
[2025-11-29T02:02:27.904Z] DEBUG: ðŸ‘¤ adamfix: Favorited 1 inputs -> 5x boost 
[2025-11-29T02:02:27.904Z] DEBUG: ðŸ‘¤ adamfos: Favorited 1 inputs -> 5x boost 
[2025-11-29T02:02:27.904Z] DEBUG: ðŸ‘¤ adamgibson: Favorited 1 inputs -> 5x boost 
[2025-11-29T02:02:27.904Z] DEBUG: ðŸ‘¤ adamlevett: Favorited 1 inputs -> 5x boost 
[2025-11-29T02:02:27.904Z] DEBUG: ðŸ‘¤ adamsandlersmom: Favorited 1 inputs -> 5x boost 
[2025-11-29T02:02:27.905Z] DEBUG: ðŸ‘¤ adamshredz: Favorited 1 inputs -> 5x boost 
[2025-11-29T02:02:27.905Z] DEBUG: ðŸ‘¤ adamvass: Favorited 1 inputs -> 5x boost 
[2025-11-29T02:02:27.905Z] DEBUG: ðŸ‘¤ addandmovies: Favorited 1 inputs -> 5x boost 
[2025-11-29T02:02:27.905Z] DEBUG: ðŸ‘¤ addomecique: Favorited 1 inputs -> 5x boost 
[2025-11-29T02:02:27.905Z] DEBUG: ðŸ‘¤ adebaser: Favorited 1 inputs -> 5x boost 
[2025-11-29T02:02:27.905Z] DEBUG: ðŸ‘¤ adelinet007: Favorited 1 inputs -> 5x boost 
[2025-11-29T02:02:27.905Z] DEBUG: ðŸ‘¤ aden0906: Favorited 1 inputs -> 5x boost 
[2025-11-29T02:02:27.905Z] DEBUG: ðŸ‘¤ adidog: Favorited 1 inputs -> 5x boost 
[2025-11-29T02:02:27.905Z] DEBUG: ðŸ‘¤ adimocanu: Favorited 1 inputs -> 5x boost 
[2025-11-29T02:02:27.905Z] DEBUG: ðŸ‘¤ admiral_video: Favorited 1 inputs -> 5x boost 
[2025-11-29T02:02:27.905Z] DEBUG: ðŸ‘¤ admiralfrosty: Favorited 1 inputs -> 5x boost 
[2025-11-29T02:02:27.905Z] DEBUG: ðŸ‘¤ adolfsc: Favorited 1 inputs -> 5x boost 
[2025-11-29T02:02:27.905Z] DEBUG: ðŸ‘¤ adri999999: Favorited 1 inputs -> 5x boost 
[2025-11-29T02:02:27.905Z] DEBUG: ðŸ‘¤ adrienneg: Favorited 1 inputs -> 5x boost 
[2025-11-29T02:02:27.905Z] DEBUG: ðŸ‘¤ adriush: Favorited 1 inputs -> 5x boost 
[2025-11-29T02:02:27.905Z] DEBUG: ðŸ‘¤ adultthemes: Favorited 1 inputs -> 5x boost 
[2025-11-29T02:02:27.906Z] DEBUG: ðŸ‘¤ adulttiktokhaus: Favorited 1 inputs -> 5x boost 
[2025-11-29T02:02:27.906Z] DEBUG: ðŸ‘¤ advillavigne: Favorited 1 inputs -> 5x boost 
[2025-11-29T02:02:27.906Z] DEBUG: ðŸ‘¤ aelfescinu: Favorited 1 inputs -> 5x boost 
[2025-11-29T02:02:27.906Z] DEBUG: ðŸ‘¤ aethermoss: Favorited 1 inputs -> 5x boost 
[2025-11-29T02:02:27.906Z] DEBUG: ðŸ‘¤ aevamae: Favorited 1 inputs -> 5x boost 
[2025-11-29T02:02:27.906Z] DEBUG: ðŸ‘¤ afrothecreator: Favorited 1 inputs -> 5x boost 
[2025-11-29T02:02:27.906Z] DEBUG: ðŸ‘¤ agcooper: Favorited 1 inputs -> 5x boost 
[2025-11-29T02:02:27.906Z] DEBUG: ðŸ‘¤ agentdalecuter: Favorited 1 inputs -> 5x boost 
[2025-11-29T02:02:27.906Z] DEBUG: ðŸ‘¤ aggelossav: Favorited 1 inputs -> 5x boost 
[2025-11-29T02:02:27.906Z] DEBUG: ðŸ‘¤ aggro_cag: Favorited 1 inputs -> 5x boost 
[2025-11-29T02:02:27.906Z] DEBUG: ðŸ‘¤ aghastus: Favorited 1 inputs -> 5x boost 
[2025-11-29T02:02:27.906Z] DEBUG: ðŸ‘¤ aghood21: Favorited 1 inputs -> 5x boost 
[2025-11-29T02:02:27.906Z] DEBUG: ðŸ‘¤ aghooststory: Favorited 1 inputs -> 5x boost 
[2025-11-29T02:02:27.906Z] DEBUG: ðŸ‘¤ agn90: Favorited 1 inputs -> 5x boost 
[2025-11-29T02:02:27.906Z] DEBUG: ðŸ‘¤ agnesnaovarda: Favorited 1 inputs -> 5x boost 
[2025-11-29T02:02:27.906Z] DEBUG: ðŸ‘¤ agostinapunk: Favorited 1 inputs -> 5x boost 
[2025-11-29T02:02:27.906Z] DEBUG: ðŸ‘¤ aguilardiegoe: Favorited 1 inputs -> 5x boost 
[2025-11-29T02:02:27.906Z] DEBUG: ðŸ‘¤ agustingz: Favorited 1 inputs -> 5x boost 
[2025-11-29T02:02:27.907Z] DEBUG: ðŸ‘¤ aha1n3s: Favorited 1 inputs -> 5x boost 
[2025-11-29T02:02:27.907Z] DEBUG: ðŸ‘¤ ahannah1226: Favorited 1 inputs -> 5x boost 
[2025-11-29T02:02:27.907Z] DEBUG: ðŸ‘¤ ahelberg0046: Favorited 1 inputs -> 5x boost 
[2025-11-29T02:02:27.907Z] DEBUG: ðŸ‘¤ ahkaufman: Favorited 1 inputs -> 5x boost 
[2025-11-29T02:02:27.907Z] DEBUG: ðŸ‘¤ ahmetfhc: Favorited 1 inputs -> 5x boost 
[2025-11-29T02:02:27.907Z] DEBUG: ðŸ‘¤ ahoyjoyboy: Favorited 1 inputs -> 5x boost 
[2025-11-29T02:02:27.907Z] DEBUG: ðŸ‘¤ aidanfilms: Favorited 1 inputs -> 5x boost 
[2025-11-29T02:02:27.907Z] DEBUG: ðŸ‘¤ aidanhughes99: Favorited 1 inputs -> 5x boost 
[2025-11-29T02:02:27.908Z] DEBUG: ðŸ‘¤ aidenmi: Favorited 1 inputs -> 5x boost 
[2025-11-29T02:02:27.908Z] DEBUG: ðŸ‘¤ aideq: Favorited 1 inputs -> 5x boost 
[2025-11-29T02:02:27.908Z] DEBUG: ðŸ‘¤ aidnkznr: Favorited 1 inputs -> 5x boost 
[2025-11-29T02:02:27.908Z] DEBUG: ðŸ‘¤ aihpos: Favorited 1 inputs -> 5x boost 
[2025-11-29T02:02:27.908Z] DEBUG: ðŸ‘¤ ailbbhe: Favorited 1 inputs -> 5x boost 
[2025-11-29T02:02:27.908Z] DEBUG: ðŸ‘¤ airhead_mel: Favorited 1 inputs -> 5x boost 
[2025-11-29T02:02:27.908Z] DEBUG: ðŸ‘¤ aispolak: Favorited 1 inputs -> 5x boost 
[2025-11-29T02:02:27.908Z] DEBUG: ðŸ‘¤ aj_jacobs: Favorited 1 inputs -> 5x boost 
[2025-11-29T02:02:27.908Z] DEBUG: ðŸ‘¤ ajaxnikk: Favorited 1 inputs -> 5x boost 
[2025-11-29T02:02:27.908Z] DEBUG: ðŸ‘¤ ajsquid: Favorited 1 inputs -> 5x boost 
[2025-11-29T02:02:27.908Z] DEBUG: ðŸ‘¤ akarafa: Favorited 1 inputs -> 5x boost 
[2025-11-29T02:02:27.908Z] DEBUG: ðŸ‘¤ akonucu: Favorited 1 inputs -> 5x boost 
[2025-11-29T02:02:27.908Z] DEBUG: ðŸ‘¤ akselhegge: Favorited 1 inputs -> 5x boost 
[2025-11-29T02:02:27.908Z] DEBUG: ðŸ‘¤ akutagawas: Favorited 1 inputs -> 5x boost 
[2025-11-29T02:02:27.908Z] DEBUG: ðŸ‘¤ al31ghs13g: Favorited 1 inputs -> 5x boost 
[2025-11-29T02:02:27.908Z] DEBUG: ðŸ‘¤ al_aburto: Favorited 1 inputs -> 5x boost 
[2025-11-29T02:02:27.908Z] DEBUG: ðŸ‘¤ aladams: Favorited 1 inputs -> 5x boost 
[2025-11-29T02:02:27.908Z] DEBUG: ðŸ‘¤ alaialotus: Favorited 1 inputs -> 5x boost 
[2025-11-29T02:02:27.909Z] DEBUG: ðŸ‘¤ alambrecht19: Favorited 1 inputs -> 5x boost 
[2025-11-29T02:02:27.909Z] INFO: ðŸ† Top affinity users: 
[2025-11-29T02:02:27.910Z] INFO:   782: 5.00x (0 likes, 1 favorites) 
[2025-11-29T02:02:27.910Z] INFO:   1937: 5.00x (0 likes, 1 favorites) 
[2025-11-29T02:02:27.920Z] INFO:   00397: 5.00x (0 likes, 1 favorites) 
[2025-11-29T02:02:27.920Z] INFO:   0rbitoclast: 5.00x (0 likes, 1 favorites) 
[2025-11-29T02:02:27.920Z] INFO:   12000ants: 5.00x (0 likes, 1 favorites) 
[2025-11-29T02:02:27.920Z] INFO: ðŸŽ¬ STEP 3: Fetching other movies from these users 
[2025-11-29T02:02:27.993Z] INFO: â­ 200 users favorited videodrome 
[2025-11-29T02:02:27.993Z] INFO: ðŸ‘¥ Total users who interacted: 800 
[2025-11-29T02:02:27.993Z] INFO: ðŸ“Š STEP 2: Calculating user affinity scores 
[2025-11-29T02:02:27.993Z] DEBUG: ðŸ‘¤ 782: Favorited 1 inputs -> 5x boost 
[2025-11-29T02:02:27.993Z] DEBUG: ðŸ‘¤ 1937: Favorited 1 inputs -> 5x boost 
[2025-11-29T02:02:27.994Z] DEBUG: ðŸ‘¤ 00397: Favorited 1 inputs -> 5x boost 
[2025-11-29T02:02:27.994Z] DEBUG: ðŸ‘¤ 0rbitoclast: Favorited 1 inputs -> 5x boost 
[2025-11-29T02:02:27.994Z] DEBUG: ðŸ‘¤ 12000ants: Favorited 1 inputs -> 5x boost 
[2025-11-29T02:02:27.994Z] DEBUG: ðŸ‘¤ 330nare: Favorited 1 inputs -> 5x boost 
[2025-11-29T02:02:27.994Z] DEBUG: ðŸ‘¤ 333daphne333: Favorited 1 inputs -> 5x boost 
[2025-11-29T02:02:27.994Z] DEBUG: ðŸ‘¤ 3isha98: Favorited 1 inputs -> 5x boost 
[2025-11-29T02:02:27.994Z] DEBUG: ðŸ‘¤ 404titoux: Favorited 1 inputs -> 5x boost 
[2025-11-29T02:02:27.994Z] DEBUG: ðŸ‘¤ 44kami: Favorited 1 inputs -> 5x boost 
[2025-11-29T02:02:27.994Z] DEBUG: ðŸ‘¤ 5omebody: Favorited 1 inputs -> 5x boost 
[2025-11-29T02:02:27.994Z] DEBUG: ðŸ‘¤ 66jupiter: Favorited 1 inputs -> 5x boost 
[2025-11-29T02:02:27.995Z] DEBUG: ðŸ‘¤ aadeelz: Favorited 1 inputs -> 5x boost 
[2025-11-29T02:02:27.995Z] DEBUG: ðŸ‘¤ aadittandon: Favorited 1 inputs -> 5x boost 
[2025-11-29T02:02:27.995Z] DEBUG: ðŸ‘¤ abc123qwer33: Favorited 1 inputs -> 5x boost 
[2025-11-29T02:02:27.995Z] DEBUG: ðŸ‘¤ abnerha: Favorited 1 inputs -> 5x boost 
[2025-11-29T02:02:27.995Z] DEBUG: ðŸ‘¤ adam22222: Favorited 1 inputs -> 5x boost 
[2025-11-29T02:02:27.995Z] DEBUG: ðŸ‘¤ adams0m: Favorited 1 inputs -> 5x boost 
[2025-11-29T02:02:27.995Z] DEBUG: ðŸ‘¤ adgranat: Favorited 1 inputs -> 5x boost 
[2025-11-29T02:02:27.995Z] DEBUG: ðŸ‘¤ adhadean: Favorited 1 inputs -> 5x boost 
[2025-11-29T02:02:27.995Z] DEBUG: ðŸ‘¤ adlaidms: Favorited 1 inputs -> 5x boost 
[2025-11-29T02:02:27.995Z] DEBUG: ðŸ‘¤ admadrian: Favorited 1 inputs -> 5x boost 
[2025-11-29T02:02:27.995Z] DEBUG: ðŸ‘¤ admastagma: Favorited 1 inputs -> 5x boost 
[2025-11-29T02:02:27.996Z] DEBUG: ðŸ‘¤ adrianne8: Favorited 1 inputs -> 5x boost 
[2025-11-29T02:02:27.996Z] DEBUG: ðŸ‘¤ adsquires: Favorited 1 inputs -> 5x boost 
[2025-11-29T02:02:27.996Z] DEBUG: ðŸ‘¤ afterpartylost: Favorited 1 inputs -> 5x boost 
[2025-11-29T02:02:27.996Z] DEBUG: ðŸ‘¤ aidan0snow: Favorited 1 inputs -> 5x boost 
[2025-11-29T02:02:27.996Z] DEBUG: ðŸ‘¤ ajamoroso: Favorited 1 inputs -> 5x boost 
[2025-11-29T02:02:27.996Z] DEBUG: ðŸ‘¤ ajmanboy: Favorited 1 inputs -> 5x boost 
[2025-11-29T02:02:27.996Z] DEBUG: ðŸ‘¤ akbox: Favorited 1 inputs -> 5x boost 
[2025-11-29T02:02:27.996Z] DEBUG: ðŸ‘¤ akelly427: Favorited 1 inputs -> 5x boost 
[2025-11-29T02:02:27.996Z] DEBUG: ðŸ‘¤ akizzle47: Favorited 1 inputs -> 5x boost 
[2025-11-29T02:02:27.996Z] DEBUG: ðŸ‘¤ alcomvick: Favorited 1 inputs -> 5x boost 
[2025-11-29T02:02:27.996Z] DEBUG: ðŸ‘¤ alecmaskell: Favorited 1 inputs -> 5x boost 
[2025-11-29T02:02:27.996Z] DEBUG: ðŸ‘¤ alexandotto: Favorited 1 inputs -> 5x boost 
[2025-11-29T02:02:27.996Z] DEBUG: ðŸ‘¤ alexdesmall69: Favorited 1 inputs -> 5x boost 
[2025-11-29T02:02:27.997Z] DEBUG: ðŸ‘¤ alexii30: Favorited 1 inputs -> 5x boost 
[2025-11-29T02:02:27.997Z] DEBUG: ðŸ‘¤ alien408: Favorited 1 inputs -> 5x boost 
[2025-11-29T02:02:27.997Z] DEBUG: ðŸ‘¤ alyssafong: Favorited 1 inputs -> 5x boost 
[2025-11-29T02:02:27.997Z] DEBUG: ðŸ‘¤ amigojoe: Favorited 1 inputs -> 5x boost 
[2025-11-29T02:02:27.997Z] DEBUG: ðŸ‘¤ amin864: Favorited 1 inputs -> 5x boost 
[2025-11-29T02:02:27.997Z] DEBUG: ðŸ‘¤ aminionsopinion: Favorited 1 inputs -> 5x boost 
[2025-11-29T02:02:27.997Z] DEBUG: ðŸ‘¤ anagab: Favorited 1 inputs -> 5x boost 
[2025-11-29T02:02:27.997Z] DEBUG: ðŸ‘¤ andrewpearson32: Favorited 1 inputs -> 5x boost 
[2025-11-29T02:02:27.997Z] DEBUG: ðŸ‘¤ andypatterson: Favorited 1 inputs -> 5x boost 
[2025-11-29T02:02:27.997Z] DEBUG: ðŸ‘¤ angeleen: Favorited 1 inputs -> 5x boost 
[2025-11-29T02:02:27.997Z] DEBUG: ðŸ‘¤ animwuah: Favorited 1 inputs -> 5x boost 
[2025-11-29T02:02:27.997Z] DEBUG: ðŸ‘¤ anjelenna: Favorited 1 inputs -> 5x boost 
[2025-11-29T02:02:27.997Z] DEBUG: ðŸ‘¤ anselawest: Favorited 1 inputs -> 5x boost 
[2025-11-29T02:02:27.998Z] DEBUG: ðŸ‘¤ ant_: Favorited 1 inputs -> 5x boost 
[2025-11-29T02:02:27.998Z] DEBUG: ðŸ‘¤ anthonydonnan: Favorited 1 inputs -> 5x boost 
[2025-11-29T02:02:27.998Z] DEBUG: ðŸ‘¤ antoniorafaelr: Favorited 1 inputs -> 5x boost 
[2025-11-29T02:02:27.998Z] DEBUG: ðŸ‘¤ anyonio: Favorited 1 inputs -> 5x boost 
[2025-11-29T02:02:27.998Z] DEBUG: ðŸ‘¤ apnourish: Favorited 1 inputs -> 5x boost 
[2025-11-29T02:02:27.998Z] DEBUG: ðŸ‘¤ arbaer12: Favorited 1 inputs -> 5x boost 
[2025-11-29T02:02:27.998Z] DEBUG: ðŸ‘¤ arciniegas: Favorited 1 inputs -> 5x boost 
[2025-11-29T02:02:27.998Z] DEBUG: ðŸ‘¤ arsakii: Favorited 1 inputs -> 5x boost 
[2025-11-29T02:02:27.998Z] DEBUG: ðŸ‘¤ ashay: Favorited 1 inputs -> 5x boost 
[2025-11-29T02:02:27.998Z] DEBUG: ðŸ‘¤ ashenmeadows: Favorited 1 inputs -> 5x boost 
[2025-11-29T02:02:27.998Z] DEBUG: ðŸ‘¤ ashhbluff: Favorited 1 inputs -> 5x boost 
[2025-11-29T02:02:27.998Z] DEBUG: ðŸ‘¤ auroracatalano: Favorited 1 inputs -> 5x boost 
[2025-11-29T02:02:27.999Z] DEBUG: ðŸ‘¤ austinsouda: Favorited 1 inputs -> 5x boost 
[2025-11-29T02:02:27.999Z] DEBUG: ðŸ‘¤ axel_crbz: Favorited 1 inputs -> 5x boost 
[2025-11-29T02:02:27.999Z] DEBUG: ðŸ‘¤ axiegamer: Favorited 1 inputs -> 5x boost 
[2025-11-29T02:02:27.999Z] DEBUG: ðŸ‘¤ ayenator: Favorited 1 inputs -> 5x boost 
[2025-11-29T02:02:27.999Z] DEBUG: ðŸ‘¤ ayusharora01: Favorited 1 inputs -> 5x boost 
[2025-11-29T02:02:27.999Z] DEBUG: ðŸ‘¤ az_blue: Favorited 1 inputs -> 5x boost 
[2025-11-29T02:02:27.999Z] DEBUG: ðŸ‘¤ bacquiejaker: Favorited 1 inputs -> 5x boost 
[2025-11-29T02:02:27.999Z] DEBUG: ðŸ‘¤ ballhogging: Favorited 1 inputs -> 5x boost 
[2025-11-29T02:02:27.999Z] DEBUG: ðŸ‘¤ bangout420: Favorited 1 inputs -> 5x boost 
[2025-11-29T02:02:27.999Z] DEBUG: ðŸ‘¤ banjodaddy96: Favorited 1 inputs -> 5x boost 
[2025-11-29T02:02:27.999Z] DEBUG: ðŸ‘¤ barack: Favorited 1 inputs -> 5x boost 
[2025-11-29T02:02:27.999Z] DEBUG: ðŸ‘¤ bcool: Favorited 1 inputs -> 5x boost 
[2025-11-29T02:02:27.999Z] DEBUG: ðŸ‘¤ bea7z: Favorited 1 inputs -> 5x boost 
[2025-11-29T02:02:27.999Z] DEBUG: ðŸ‘¤ beansprouting99: Favorited 1 inputs -> 5x boost 
[2025-11-29T02:02:27.999Z] DEBUG: ðŸ‘¤ beardedatheart: Favorited 1 inputs -> 5x boost 
[2025-11-29T02:02:27.999Z] DEBUG: ðŸ‘¤ beeps1244: Favorited 1 inputs -> 5x boost 
[2025-11-29T02:02:27.999Z] DEBUG: ðŸ‘¤ belltravassos: Favorited 1 inputs -> 5x boost 
[2025-11-29T02:02:27.999Z] DEBUG: ðŸ‘¤ benc745: Favorited 1 inputs -> 5x boost 
[2025-11-29T02:02:28.000Z] DEBUG: ðŸ‘¤ bennyford: Favorited 1 inputs -> 5x boost 
[2025-11-29T02:02:28.000Z] DEBUG: ðŸ‘¤ bensilver: Favorited 1 inputs -> 5x boost 
[2025-11-29T02:02:28.000Z] DEBUG: ðŸ‘¤ berenicega: Favorited 1 inputs -> 5x boost 
[2025-11-29T02:02:28.000Z] DEBUG: ðŸ‘¤ bertobabe: Favorited 1 inputs -> 5x boost 
[2025-11-29T02:02:28.000Z] DEBUG: ðŸ‘¤ bigfoot800: Favorited 1 inputs -> 5x boost 
[2025-11-29T02:02:28.000Z] DEBUG: ðŸ‘¤ bigheaven: Favorited 1 inputs -> 5x boost 
[2025-11-29T02:02:28.000Z] DEBUG: ðŸ‘¤ bighog: Favorited 1 inputs -> 5x boost 
[2025-11-29T02:02:28.000Z] DEBUG: ðŸ‘¤ bigorca14: Favorited 1 inputs -> 5x boost 
[2025-11-29T02:02:28.000Z] DEBUG: ðŸ‘¤ bigwopzetsu: Favorited 1 inputs -> 5x boost 
[2025-11-29T02:02:28.000Z] DEBUG: ðŸ‘¤ bjm13: Favorited 1 inputs -> 5x boost 
[2025-11-29T02:02:28.000Z] DEBUG: ðŸ‘¤ bjo_bro007: Favorited 1 inputs -> 5x boost 
[2025-11-29T02:02:28.000Z] DEBUG: ðŸ‘¤ bkramer: Favorited 1 inputs -> 5x boost 
[2025-11-29T02:02:28.000Z] DEBUG: ðŸ‘¤ bladerunner2k49: Favorited 1 inputs -> 5x boost 
[2025-11-29T02:02:28.000Z] DEBUG: ðŸ‘¤ blannahannah: Favorited 1 inputs -> 5x boost 
[2025-11-29T02:02:28.000Z] DEBUG: ðŸ‘¤ bluecinema79: Favorited 1 inputs -> 5x boost 
[2025-11-29T02:02:28.000Z] DEBUG: ðŸ‘¤ bmmusial: Favorited 1 inputs -> 5x boost 
[2025-11-29T02:02:28.000Z] DEBUG: ðŸ‘¤ bobsawthat: Favorited 1 inputs -> 5x boost 
[2025-11-29T02:02:28.000Z] DEBUG: ðŸ‘¤ bodine: Favorited 1 inputs -> 5x boost 
[2025-11-29T02:02:28.000Z] DEBUG: ðŸ‘¤ bojan1: Favorited 1 inputs -> 5x boost 
[2025-11-29T02:02:28.000Z] DEBUG: ðŸ‘¤ bonkoos: Favorited 1 inputs -> 5x boost 
[2025-11-29T02:02:28.000Z] DEBUG: ðŸ‘¤ boothadam97: Favorited 1 inputs -> 5x boost 
[2025-11-29T02:02:28.000Z] DEBUG: ðŸ‘¤ borgaf: Favorited 1 inputs -> 5x boost 
[2025-11-29T02:02:28.001Z] DEBUG: ðŸ‘¤ br4ve_trave1er: Favorited 1 inputs -> 5x boost 
[2025-11-29T02:02:28.001Z] DEBUG: ðŸ‘¤ bradleymertes: Favorited 1 inputs -> 5x boost 
[2025-11-29T02:02:28.001Z] DEBUG: ðŸ‘¤ brandonmedrano: Favorited 1 inputs -> 5x boost 
[2025-11-29T02:02:28.001Z] DEBUG: ðŸ‘¤ brandonscreek: Favorited 1 inputs -> 5x boost 
[2025-11-29T02:02:28.001Z] DEBUG: ðŸ‘¤ bravvyy: Favorited 1 inputs -> 5x boost 
[2025-11-29T02:02:28.001Z] DEBUG: ðŸ‘¤ brb1228: Favorited 1 inputs -> 5x boost 
[2025-11-29T02:02:28.001Z] DEBUG: ðŸ‘¤ brendan271: Favorited 1 inputs -> 5x boost 
[2025-11-29T02:02:28.001Z] DEBUG: ðŸ‘¤ brettbasanda: Favorited 1 inputs -> 5x boost 
[2025-11-29T02:02:28.001Z] DEBUG: ðŸ‘¤ brick650: Favorited 1 inputs -> 5x boost 
[2025-11-29T02:02:28.001Z] DEBUG: ðŸ‘¤ briggoh: Favorited 1 inputs -> 5x boost 
[2025-11-29T02:02:28.001Z] DEBUG: ðŸ‘¤ briggz: Favorited 1 inputs -> 5x boost 
[2025-11-29T02:02:28.001Z] DEBUG: ðŸ‘¤ brodytimoney: Favorited 1 inputs -> 5x boost 
[2025-11-29T02:02:28.001Z] DEBUG: ðŸ‘¤ bruceekirk: Favorited 1 inputs -> 5x boost 
[2025-11-29T02:02:28.001Z] DEBUG: ðŸ‘¤ bryahnnihilator: Favorited 1 inputs -> 5x boost 
[2025-11-29T02:02:28.001Z] DEBUG: ðŸ‘¤ btc0029: Favorited 1 inputs -> 5x boost 
[2025-11-29T02:02:28.001Z] DEBUG: ðŸ‘¤ buntaro: Favorited 1 inputs -> 5x boost 
[2025-11-29T02:02:28.001Z] DEBUG: ðŸ‘¤ burchtopia: Favorited 1 inputs -> 5x boost 
[2025-11-29T02:02:28.001Z] DEBUG: ðŸ‘¤ caden2915: Favorited 1 inputs -> 5x boost 
[2025-11-29T02:02:28.001Z] DEBUG: ðŸ‘¤ calestrickland: Favorited 1 inputs -> 5x boost 
[2025-11-29T02:02:28.001Z] DEBUG: ðŸ‘¤ calmmoon: Favorited 1 inputs -> 5x boost 
[2025-11-29T02:02:28.001Z] DEBUG: ðŸ‘¤ calumwt: Favorited 1 inputs -> 5x boost 
[2025-11-29T02:02:28.002Z] DEBUG: ðŸ‘¤ cameronesch: Favorited 1 inputs -> 5x boost 
[2025-11-29T02:02:28.002Z] DEBUG: ðŸ‘¤ cameronithink: Favorited 1 inputs -> 5x boost 
[2025-11-29T02:02:28.002Z] DEBUG: ðŸ‘¤ cami_ra: Favorited 1 inputs -> 5x boost 
[2025-11-29T02:02:28.002Z] DEBUG: ðŸ‘¤ carl05avila: Favorited 1 inputs -> 5x boost 
[2025-11-29T02:02:28.002Z] DEBUG: ðŸ‘¤ carlolagatta: Favorited 1 inputs -> 5x boost 
[2025-11-29T02:02:28.002Z] DEBUG: ðŸ‘¤ carot191: Favorited 1 inputs -> 5x boost 
[2025-11-29T02:02:28.002Z] DEBUG: ðŸ‘¤ carrief1sherman: Favorited 1 inputs -> 5x boost 
[2025-11-29T02:02:28.002Z] DEBUG: ðŸ‘¤ carsoned9257: Favorited 1 inputs -> 5x boost 
[2025-11-29T02:02:28.002Z] DEBUG: ðŸ‘¤ cartelcrusader: Favorited 1 inputs -> 5x boost 
[2025-11-29T02:02:28.002Z] DEBUG: ðŸ‘¤ carterdunford: Favorited 1 inputs -> 5x boost 
[2025-11-29T02:02:28.002Z] DEBUG: ðŸ‘¤ cartuhr: Favorited 1 inputs -> 5x boost 
[2025-11-29T02:02:28.002Z] DEBUG: ðŸ‘¤ caseydrury04: Favorited 1 inputs -> 5x boost 
[2025-11-29T02:02:28.002Z] DEBUG: ðŸ‘¤ casualcasualty: Favorited 1 inputs -> 5x boost 
[2025-11-29T02:02:28.002Z] DEBUG: ðŸ‘¤ catherinestnly: Favorited 1 inputs -> 5x boost 
[2025-11-29T02:02:28.002Z] DEBUG: ðŸ‘¤ cbang1: Favorited 1 inputs -> 5x boost 
[2025-11-29T02:02:28.002Z] DEBUG: ðŸ‘¤ ccdanyell: Favorited 1 inputs -> 5x boost 
[2025-11-29T02:02:28.002Z] DEBUG: ðŸ‘¤ cchristopher6: Favorited 1 inputs -> 5x boost 
[2025-11-29T02:02:28.002Z] DEBUG: ðŸ‘¤ ccrothers98: Favorited 1 inputs -> 5x boost 
[2025-11-29T02:02:28.002Z] DEBUG: ðŸ‘¤ ceezthetease: Favorited 1 inputs -> 5x boost 
[2025-11-29T02:02:28.002Z] DEBUG: ðŸ‘¤ cel5st3: Favorited 1 inputs -> 5x boost 
[2025-11-29T02:02:28.002Z] DEBUG: ðŸ‘¤ cemallol: Favorited 1 inputs -> 5x boost 
[2025-11-29T02:02:28.002Z] DEBUG: ðŸ‘¤ chadwylie: Favorited 1 inputs -> 5x boost 
[2025-11-29T02:02:28.002Z] DEBUG: ðŸ‘¤ chancesong: Favorited 1 inputs -> 5x boost 
[2025-11-29T02:02:28.002Z] DEBUG: ðŸ‘¤ charlesgarand: Favorited 1 inputs -> 5x boost 
[2025-11-29T02:02:28.003Z] DEBUG: ðŸ‘¤ chicken_jocky: Favorited 1 inputs -> 5x boost 
[2025-11-29T02:02:28.003Z] DEBUG: ðŸ‘¤ chloe_bsslr: Favorited 1 inputs -> 5x boost 
[2025-11-29T02:02:28.003Z] DEBUG: ðŸ‘¤ chrisshor: Favorited 1 inputs -> 5x boost 
[2025-11-29T02:02:28.003Z] DEBUG: ðŸ‘¤ christmasisland: Favorited 1 inputs -> 5x boost 
[2025-11-29T02:02:28.003Z] DEBUG: ðŸ‘¤ chunkemunke: Favorited 1 inputs -> 5x boost 
[2025-11-29T02:02:28.003Z] DEBUG: ðŸ‘¤ chunkrock: Favorited 1 inputs -> 5x boost 
[2025-11-29T02:02:28.003Z] DEBUG: ðŸ‘¤ cill_burns: Favorited 1 inputs -> 5x boost 
[2025-11-29T02:02:28.003Z] DEBUG: ðŸ‘¤ cinemacyn: Favorited 1 inputs -> 5x boost 
[2025-11-29T02:02:28.003Z] DEBUG: ðŸ‘¤ cjhartley97: Favorited 1 inputs -> 5x boost 
[2025-11-29T02:02:28.003Z] DEBUG: ðŸ‘¤ clairerobertz: Favorited 1 inputs -> 5x boost 
[2025-11-29T02:02:28.003Z] DEBUG: ðŸ‘¤ claurey: Favorited 1 inputs -> 5x boost 
[2025-11-29T02:02:28.003Z] DEBUG: ðŸ‘¤ clawrence040: Favorited 1 inputs -> 5x boost 
[2025-11-29T02:02:28.003Z] DEBUG: ðŸ‘¤ clawsonn: Favorited 1 inputs -> 5x boost 
[2025-11-29T02:02:28.003Z] DEBUG: ðŸ‘¤ clearwaters: Favorited 1 inputs -> 5x boost 
[2025-11-29T02:02:28.003Z] DEBUG: ðŸ‘¤ cleopatra420: Favorited 1 inputs -> 5x boost 
[2025-11-29T02:02:28.004Z] DEBUG: ðŸ‘¤ clogard: Favorited 1 inputs -> 5x boost 
[2025-11-29T02:02:28.004Z] DEBUG: ðŸ‘¤ cloudiiaaa: Favorited 1 inputs -> 5x boost 
[2025-11-29T02:02:28.004Z] DEBUG: ðŸ‘¤ coachjoefox: Favorited 1 inputs -> 5x boost 
[2025-11-29T02:02:28.004Z] DEBUG: ðŸ‘¤ coconutlovin: Favorited 1 inputs -> 5x boost 
[2025-11-29T02:02:28.004Z] DEBUG: ðŸ‘¤ cojalu24: Favorited 1 inputs -> 5x boost 
[2025-11-29T02:02:28.004Z] DEBUG: ðŸ‘¤ colba: Favorited 1 inputs -> 5x boost 
[2025-11-29T02:02:28.004Z] DEBUG: ðŸ‘¤ colindinho: Favorited 1 inputs -> 5x boost 
[2025-11-29T02:02:28.004Z] DEBUG: ðŸ‘¤ colinsinjakovic: Favorited 1 inputs -> 5x boost 
[2025-11-29T02:02:28.004Z] DEBUG: ðŸ‘¤ colorss: Favorited 1 inputs -> 5x boost 
[2025-11-29T02:02:28.004Z] DEBUG: ðŸ‘¤ coltonstone: Favorited 1 inputs -> 5x boost 
[2025-11-29T02:02:28.004Z] DEBUG: ðŸ‘¤ combcell: Favorited 1 inputs -> 5x boost 
[2025-11-29T02:02:28.004Z] DEBUG: ðŸ‘¤ communistcheeks: Favorited 1 inputs -> 5x boost 
[2025-11-29T02:02:28.004Z] DEBUG: ðŸ‘¤ connermcfall: Favorited 1 inputs -> 5x boost 
[2025-11-29T02:02:28.004Z] DEBUG: ðŸ‘¤ connorobrien: Favorited 1 inputs -> 5x boost 
[2025-11-29T02:02:28.004Z] DEBUG: ðŸ‘¤ conversano: Favorited 1 inputs -> 5x boost 
[2025-11-29T02:02:28.004Z] DEBUG: ðŸ‘¤ coolyguy42: Favorited 1 inputs -> 5x boost 
[2025-11-29T02:02:28.004Z] DEBUG: ðŸ‘¤ corcor624: Favorited 1 inputs -> 5x boost 
[2025-11-29T02:02:28.004Z] DEBUG: ðŸ‘¤ cowboycaleb: Favorited 1 inputs -> 5x boost 
[2025-11-29T02:02:28.004Z] DEBUG: ðŸ‘¤ cpbenn1993: Favorited 1 inputs -> 5x boost 
[2025-11-29T02:02:28.004Z] DEBUG: ðŸ‘¤ crankmaster429: Favorited 1 inputs -> 5x boost 
[2025-11-29T02:02:28.004Z] DEBUG: ðŸ‘¤ crueldoe: Favorited 1 inputs -> 5x boost 
[2025-11-29T02:02:28.004Z] DEBUG: ðŸ‘¤ ctjohnson7: Favorited 1 inputs -> 5x boost 
[2025-11-29T02:02:28.004Z] DEBUG: ðŸ‘¤ ctschloe: Favorited 1 inputs -> 5x boost 
[2025-11-29T02:02:28.004Z] DEBUG: ðŸ‘¤ cuautlej: Favorited 1 inputs -> 5x boost 
[2025-11-29T02:02:28.005Z] DEBUG: ðŸ‘¤ curl08: Favorited 1 inputs -> 5x boost 
[2025-11-29T02:02:28.005Z] DEBUG: ðŸ‘¤ cybersaint2005: Favorited 1 inputs -> 5x boost 
[2025-11-29T02:02:28.005Z] DEBUG: ðŸ‘¤ cygod: Favorited 1 inputs -> 5x boost 
[2025-11-29T02:02:28.005Z] DEBUG: ðŸ‘¤ cyily: Favorited 1 inputs -> 5x boost 
[2025-11-29T02:02:28.005Z] DEBUG: ðŸ‘¤ cyningiefan: Favorited 1 inputs -> 5x boost 
[2025-11-29T02:02:28.005Z] DEBUG: ðŸ‘¤ cyrus20: Favorited 1 inputs -> 5x boost 
[2025-11-29T02:02:28.005Z] DEBUG: ðŸ‘¤ daffodyll: Favorited 1 inputs -> 5x boost 
[2025-11-29T02:02:28.005Z] DEBUG: ðŸ‘¤ damndaisy: Favorited 1 inputs -> 5x boost 
[2025-11-29T02:02:28.005Z] DEBUG: ðŸ‘¤ damonatorwr: Favorited 1 inputs -> 5x boost 
[2025-11-29T02:02:28.005Z] DEBUG: ðŸ‘¤ danchilll: Favorited 1 inputs -> 5x boost 
[2025-11-29T02:02:28.005Z] DEBUG: ðŸ‘¤ dancolton: Favorited 1 inputs -> 5x boost 
[2025-11-29T02:02:28.005Z] DEBUG: ðŸ‘¤ danielgotkowitz: Favorited 1 inputs -> 5x boost 
[2025-11-29T02:02:28.005Z] DEBUG: ðŸ‘¤ danielkoloff: Favorited 1 inputs -> 5x boost 
[2025-11-29T02:02:28.005Z] DEBUG: ðŸ‘¤ danktits420: Favorited 1 inputs -> 5x boost 
[2025-11-29T02:02:28.005Z] DEBUG: ðŸ‘¤ dardevid: Favorited 1 inputs -> 5x boost 
[2025-11-29T02:02:28.005Z] DEBUG: ðŸ‘¤ darkstar2003: Favorited 1 inputs -> 5x boost 
[2025-11-29T02:02:28.006Z] DEBUG: ðŸ‘¤ davidfdez015: Favorited 1 inputs -> 5x boost 
[2025-11-29T02:02:28.006Z] DEBUG: ðŸ‘¤ 0000_q: Favorited 1 inputs -> 5x boost 
[2025-11-29T02:02:28.006Z] DEBUG: ðŸ‘¤ 0001pilar: Favorited 1 inputs -> 5x boost 
[2025-11-29T02:02:28.006Z] DEBUG: ðŸ‘¤ 040siliconwings: Favorited 1 inputs -> 5x boost 
[2025-11-29T02:02:28.006Z] DEBUG: ðŸ‘¤ 0_weenie_0: Favorited 1 inputs -> 5x boost 
[2025-11-29T02:02:28.006Z] DEBUG: ðŸ‘¤ 0bdi3nt: Favorited 1 inputs -> 5x boost 
[2025-11-29T02:02:28.006Z] DEBUG: ðŸ‘¤ 0mustafaozkan: Favorited 1 inputs -> 5x boost 
[2025-11-29T02:02:28.006Z] DEBUG: ðŸ‘¤ 0palz: Favorited 1 inputs -> 5x boost 
[2025-11-29T02:02:28.006Z] DEBUG: ðŸ‘¤ 1000seraphim: Favorited 1 inputs -> 5x boost 
[2025-11-29T02:02:28.006Z] DEBUG: ðŸ‘¤ 10zins: Favorited 1 inputs -> 5x boost 
[2025-11-29T02:02:28.006Z] DEBUG: ðŸ‘¤ 12bitbunny: Favorited 1 inputs -> 5x boost 
[2025-11-29T02:02:28.006Z] DEBUG: ðŸ‘¤ 12ozmouze: Favorited 1 inputs -> 5x boost 
[2025-11-29T02:02:28.006Z] DEBUG: ðŸ‘¤ 13minus2: Favorited 1 inputs -> 5x boost 
[2025-11-29T02:02:28.006Z] DEBUG: ðŸ‘¤ 17alice17: Favorited 1 inputs -> 5x boost 
[2025-11-29T02:02:28.006Z] DEBUG: ðŸ‘¤ 1951void: Favorited 1 inputs -> 5x boost 
[2025-11-29T02:02:28.006Z] DEBUG: ðŸ‘¤ 198oshorror: Favorited 1 inputs -> 5x boost 
[2025-11-29T02:02:28.006Z] DEBUG: ðŸ‘¤ 1fleetwoodmacs: Favorited 1 inputs -> 5x boost 
[2025-11-29T02:02:28.006Z] DEBUG: ðŸ‘¤ 1ihatemaria: Favorited 1 inputs -> 5x boost 
[2025-11-29T02:02:28.006Z] DEBUG: ðŸ‘¤ 1klaraz: Favorited 1 inputs -> 5x boost 
[2025-11-29T02:02:28.006Z] DEBUG: ðŸ‘¤ 1loveme2much: Favorited 1 inputs -> 5x boost 
[2025-11-29T02:02:28.006Z] DEBUG: ðŸ‘¤ 1nils: Favorited 1 inputs -> 5x boost 
[2025-11-29T02:02:28.006Z] DEBUG: ðŸ‘¤ 1ofconnor: Favorited 1 inputs -> 5x boost 
[2025-11-29T02:02:28.006Z] DEBUG: ðŸ‘¤ 1ri5: Favorited 1 inputs -> 5x boost 
[2025-11-29T02:02:28.006Z] DEBUG: ðŸ‘¤ 2009rbr: Favorited 1 inputs -> 5x boost 
[2025-11-29T02:02:28.007Z] DEBUG: ðŸ‘¤ 2021soberme: Favorited 1 inputs -> 5x boost 
[2025-11-29T02:02:28.007Z] DEBUG: ðŸ‘¤ 25aces: Favorited 1 inputs -> 5x boost 
[2025-11-29T02:02:28.007Z] DEBUG: ðŸ‘¤ 2cbcity: Favorited 1 inputs -> 5x boost 
[2025-11-29T02:02:28.007Z] DEBUG: ðŸ‘¤ 2freakyfreakers: Favorited 1 inputs -> 5x boost 
[2025-11-29T02:02:28.007Z] DEBUG: ðŸ‘¤ 333romy333: Favorited 1 inputs -> 5x boost 
[2025-11-29T02:02:28.007Z] DEBUG: ðŸ‘¤ 33bluz: Favorited 1 inputs -> 5x boost 
[2025-11-29T02:02:28.007Z] DEBUG: ðŸ‘¤ 360levi: Favorited 1 inputs -> 5x boost 
[2025-11-29T02:02:28.007Z] DEBUG: ðŸ‘¤ 36trillion: Favorited 1 inputs -> 5x boost 
[2025-11-29T02:02:28.007Z] DEBUG: ðŸ‘¤ 3c4sr: Favorited 1 inputs -> 5x boost 
[2025-11-29T02:02:28.007Z] DEBUG: ðŸ‘¤ 3r3n: Favorited 1 inputs -> 5x boost 
[2025-11-29T02:02:28.007Z] DEBUG: ðŸ‘¤ 3xilium: Favorited 1 inputs -> 5x boost 
[2025-11-29T02:02:28.007Z] DEBUG: ðŸ‘¤ 3xtuk: Favorited 1 inputs -> 5x boost 
[2025-11-29T02:02:28.007Z] DEBUG: ðŸ‘¤ 400troglodytes: Favorited 1 inputs -> 5x boost 
[2025-11-29T02:02:28.007Z] DEBUG: ðŸ‘¤ 420bih: Favorited 1 inputs -> 5x boost 
[2025-11-29T02:02:28.007Z] DEBUG: ðŸ‘¤ 44laylaa: Favorited 1 inputs -> 5x boost 
[2025-11-29T02:02:28.007Z] DEBUG: ðŸ‘¤ 4a3c: Favorited 1 inputs -> 5x boost 
[2025-11-29T02:02:28.007Z] DEBUG: ðŸ‘¤ 4cinefiles2069: Favorited 1 inputs -> 5x boost 
[2025-11-29T02:02:28.007Z] DEBUG: ðŸ‘¤ 4everlooking_up: Favorited 1 inputs -> 5x boost 
[2025-11-29T02:02:28.007Z] DEBUG: ðŸ‘¤ 4eyes2002: Favorited 1 inputs -> 5x boost 
[2025-11-29T02:02:28.007Z] DEBUG: ðŸ‘¤ 4gr3ss0rr: Favorited 1 inputs -> 5x boost 
[2025-11-29T02:02:28.007Z] DEBUG: ðŸ‘¤ 4ktrash: Favorited 1 inputs -> 5x boost 
[2025-11-29T02:02:28.007Z] DEBUG: ðŸ‘¤ 4ltea: Favorited 1 inputs -> 5x boost 
[2025-11-29T02:02:28.007Z] DEBUG: ðŸ‘¤ 4nt0: Favorited 1 inputs -> 5x boost 
[2025-11-29T02:02:28.007Z] DEBUG: ðŸ‘¤ 4ntitaxi: Favorited 1 inputs -> 5x boost 
[2025-11-29T02:02:28.007Z] DEBUG: ðŸ‘¤ 4rgus: Favorited 1 inputs -> 5x boost 
[2025-11-29T02:02:28.007Z] DEBUG: ðŸ‘¤ 4s4p_toni: Favorited 1 inputs -> 5x boost 
[2025-11-29T02:02:28.007Z] DEBUG: ðŸ‘¤ 4uralun4r: Favorited 1 inputs -> 5x boost 
[2025-11-29T02:02:28.007Z] DEBUG: ðŸ‘¤ 4v4my3rs: Favorited 1 inputs -> 5x boost 
[2025-11-29T02:02:28.007Z] DEBUG: ðŸ‘¤ 50percentgweilo: Favorited 1 inputs -> 5x boost 
[2025-11-29T02:02:28.007Z] DEBUG: ðŸ‘¤ 5454662p: Favorited 1 inputs -> 5x boost 
[2025-11-29T02:02:28.007Z] DEBUG: ðŸ‘¤ 5thelementt: Favorited 1 inputs -> 5x boost 
[2025-11-29T02:02:28.007Z] DEBUG: ðŸ‘¤ 6gr6ce6: Favorited 1 inputs -> 5x boost 
[2025-11-29T02:02:28.007Z] DEBUG: ðŸ‘¤ 6grr9: Favorited 1 inputs -> 5x boost 
[2025-11-29T02:02:28.007Z] DEBUG: ðŸ‘¤ 6ikke6pim6: Favorited 1 inputs -> 5x boost 
[2025-11-29T02:02:28.007Z] DEBUG: ðŸ‘¤ 6ranflakes: Favorited 1 inputs -> 5x boost 
[2025-11-29T02:02:28.008Z] DEBUG: ðŸ‘¤ 6sm66: Favorited 1 inputs -> 5x boost 
[2025-11-29T02:02:28.008Z] DEBUG: ðŸ‘¤ 7cgeece: Favorited 1 inputs -> 5x boost 
[2025-11-29T02:02:28.008Z] DEBUG: ðŸ‘¤ 7morena: Favorited 1 inputs -> 5x boost 
[2025-11-29T02:02:28.008Z] DEBUG: ðŸ‘¤ 7ordan: Favorited 1 inputs -> 5x boost 
[2025-11-29T02:02:28.008Z] DEBUG: ðŸ‘¤ 808vt: Favorited 1 inputs -> 5x boost 
[2025-11-29T02:02:28.008Z] DEBUG: ðŸ‘¤ 80squeen: Favorited 1 inputs -> 5x boost 
[2025-11-29T02:02:28.008Z] DEBUG: ðŸ‘¤ 80sstoner: Favorited 1 inputs -> 5x boost 
[2025-11-29T02:02:28.008Z] DEBUG: ðŸ‘¤ 81092g: Favorited 1 inputs -> 5x boost 
[2025-11-29T02:02:28.008Z] DEBUG: ðŸ‘¤ 8birdpie: Favorited 1 inputs -> 5x boost 
[2025-11-29T02:02:28.008Z] DEBUG: ðŸ‘¤ 90099h43: Favorited 1 inputs -> 5x boost 
[2025-11-29T02:02:28.008Z] DEBUG: ðŸ‘¤ 93percentbent: Favorited 1 inputs -> 5x boost 
[2025-11-29T02:02:28.008Z] DEBUG: ðŸ‘¤ 9511ii: Favorited 1 inputs -> 5x boost 
[2025-11-29T02:02:28.008Z] DEBUG: ðŸ‘¤ 978cami: Favorited 1 inputs -> 5x boost 
[2025-11-29T02:02:28.008Z] DEBUG: ðŸ‘¤ 97zs: Favorited 1 inputs -> 5x boost 
[2025-11-29T02:02:28.008Z] DEBUG: ðŸ‘¤ 9benhenry9: Favorited 1 inputs -> 5x boost 
[2025-11-29T02:02:28.008Z] DEBUG: ðŸ‘¤ a_circus_rat: Favorited 1 inputs -> 5x boost 
[2025-11-29T02:02:28.008Z] DEBUG: ðŸ‘¤ a_crab_ran_goon: Favorited 1 inputs -> 5x boost 
[2025-11-29T02:02:28.008Z] DEBUG: ðŸ‘¤ a_giu0: Favorited 1 inputs -> 5x boost 
[2025-11-29T02:02:28.008Z] DEBUG: ðŸ‘¤ aamelang: Favorited 1 inputs -> 5x boost 
[2025-11-29T02:02:28.008Z] DEBUG: ðŸ‘¤ aaniz: Favorited 1 inputs -> 5x boost 
[2025-11-29T02:02:28.008Z] DEBUG: ðŸ‘¤ aaronaubuchon: Favorited 1 inputs -> 5x boost 
[2025-11-29T02:02:28.008Z] DEBUG: ðŸ‘¤ aaronbilbrey: Favorited 1 inputs -> 5x boost 
[2025-11-29T02:02:28.008Z] DEBUG: ðŸ‘¤ aarondrane: Favorited 1 inputs -> 5x boost 
[2025-11-29T02:02:28.008Z] DEBUG: ðŸ‘¤ aaronlangecomix: Favorited 1 inputs -> 5x boost 
[2025-11-29T02:02:28.008Z] DEBUG: ðŸ‘¤ aaronrrobinson: Favorited 1 inputs -> 5x boost 
[2025-11-29T02:02:28.008Z] DEBUG: ðŸ‘¤ aartti: Favorited 1 inputs -> 5x boost 
[2025-11-29T02:02:28.008Z] DEBUG: ðŸ‘¤ aatu: Favorited 1 inputs -> 5x boost 
[2025-11-29T02:02:28.008Z] DEBUG: ðŸ‘¤ abacatesgrandes: Favorited 1 inputs -> 5x boost 
[2025-11-29T02:02:28.009Z] DEBUG: ðŸ‘¤ abaddonext: Favorited 1 inputs -> 5x boost 
[2025-11-29T02:02:28.009Z] DEBUG: ðŸ‘¤ abagal: Favorited 1 inputs -> 5x boost 
[2025-11-29T02:02:28.009Z] DEBUG: ðŸ‘¤ abarone: Favorited 1 inputs -> 5x boost 
[2025-11-29T02:02:28.009Z] DEBUG: ðŸ‘¤ abbasmuhammad: Favorited 1 inputs -> 5x boost 
[2025-11-29T02:02:28.009Z] DEBUG: ðŸ‘¤ abbatronn: Favorited 1 inputs -> 5x boost 
[2025-11-29T02:02:28.009Z] DEBUG: ðŸ‘¤ abberdabberr: Favorited 1 inputs -> 5x boost 
[2025-11-29T02:02:28.009Z] DEBUG: ðŸ‘¤ abbers987: Favorited 1 inputs -> 5x boost 
[2025-11-29T02:02:28.009Z] DEBUG: ðŸ‘¤ abbonexcore: Favorited 1 inputs -> 5x boost 
[2025-11-29T02:02:28.009Z] DEBUG: ðŸ‘¤ abbsurdist: Favorited 1 inputs -> 5x boost 
[2025-11-29T02:02:28.009Z] DEBUG: ðŸ‘¤ abbyclaree: Favorited 1 inputs -> 5x boost 
[2025-11-29T02:02:28.009Z] DEBUG: ðŸ‘¤ abbyisaloser: Favorited 1 inputs -> 5x boost 
[2025-11-29T02:02:28.009Z] DEBUG: ðŸ‘¤ abe1996: Favorited 1 inputs -> 5x boost 
[2025-11-29T02:02:28.009Z] DEBUG: ðŸ‘¤ abe_snakes: Favorited 1 inputs -> 5x boost 
[2025-11-29T02:02:28.009Z] DEBUG: ðŸ‘¤ abel_apolo: Favorited 1 inputs -> 5x boost 
[2025-11-29T02:02:28.009Z] DEBUG: ðŸ‘¤ abellanayers: Favorited 1 inputs -> 5x boost 
[2025-11-29T02:02:28.009Z] DEBUG: ðŸ‘¤ abenbrook: Favorited 1 inputs -> 5x boost 
[2025-11-29T02:02:28.009Z] DEBUG: ðŸ‘¤ abhir: Favorited 1 inputs -> 5x boost 
[2025-11-29T02:02:28.009Z] DEBUG: ðŸ‘¤ abighoul: Favorited 1 inputs -> 5x boost 
[2025-11-29T02:02:28.009Z] DEBUG: ðŸ‘¤ ablazeinthevcr: Favorited 1 inputs -> 5x boost 
[2025-11-29T02:02:28.009Z] DEBUG: ðŸ‘¤ aboiham: Favorited 1 inputs -> 5x boost 
[2025-11-29T02:02:28.009Z] DEBUG: ðŸ‘¤ aboutdelznt: Favorited 1 inputs -> 5x boost 
[2025-11-29T02:02:28.009Z] DEBUG: ðŸ‘¤ abrasiveyam: Favorited 1 inputs -> 5x boost 
[2025-11-29T02:02:28.009Z] DEBUG: ðŸ‘¤ abunchofcats: Favorited 1 inputs -> 5x boost 
[2025-11-29T02:02:28.009Z] DEBUG: ðŸ‘¤ ac1dw0lf: Favorited 1 inputs -> 5x boost 
[2025-11-29T02:02:28.009Z] DEBUG: ðŸ‘¤ acablanchet: Favorited 1 inputs -> 5x boost 
[2025-11-29T02:02:28.009Z] DEBUG: ðŸ‘¤ academy_ratio: Favorited 1 inputs -> 5x boost 
[2025-11-29T02:02:28.009Z] DEBUG: ðŸ‘¤ achi_barsa: Favorited 1 inputs -> 5x boost 
[2025-11-29T02:02:28.010Z] DEBUG: ðŸ‘¤ achiocco: Favorited 1 inputs -> 5x boost 
[2025-11-29T02:02:28.010Z] DEBUG: ðŸ‘¤ achromatopsic: Favorited 1 inputs -> 5x boost 
[2025-11-29T02:02:28.010Z] DEBUG: ðŸ‘¤ acidbathmp3: Favorited 1 inputs -> 5x boost 
[2025-11-29T02:02:28.010Z] DEBUG: ðŸ‘¤ acidbats: Favorited 1 inputs -> 5x boost 
[2025-11-29T02:02:28.010Z] DEBUG: ðŸ‘¤ ackblom12: Favorited 1 inputs -> 5x boost 
[2025-11-29T02:02:28.010Z] DEBUG: ðŸ‘¤ aclaasz: Favorited 1 inputs -> 5x boost 
[2025-11-29T02:02:28.010Z] DEBUG: ðŸ‘¤ aclockwork: Favorited 1 inputs -> 5x boost 
[2025-11-29T02:02:28.010Z] DEBUG: ðŸ‘¤ aclockworkgirl: Favorited 1 inputs -> 5x boost 
[2025-11-29T02:02:28.010Z] DEBUG: ðŸ‘¤ acousticpizza: Favorited 1 inputs -> 5x boost 
[2025-11-29T02:02:28.010Z] DEBUG: ðŸ‘¤ acpowell: Favorited 1 inputs -> 5x boost 
[2025-11-29T02:02:28.010Z] DEBUG: ðŸ‘¤ acquiredtaste: Favorited 1 inputs -> 5x boost 
[2025-11-29T02:02:28.010Z] DEBUG: ðŸ‘¤ acryingcl0wn: Favorited 1 inputs -> 5x boost 
[2025-11-29T02:02:28.010Z] DEBUG: ðŸ‘¤ actuallyshivroy: Favorited 1 inputs -> 5x boost 
[2025-11-29T02:02:28.010Z] DEBUG: ðŸ‘¤ acultclassic: Favorited 1 inputs -> 5x boost 
[2025-11-29T02:02:28.010Z] DEBUG: ðŸ‘¤ ad0nia: Favorited 1 inputs -> 5x boost 
[2025-11-29T02:02:28.010Z] DEBUG: ðŸ‘¤ adam11: Favorited 1 inputs -> 5x boost 
[2025-11-29T02:02:28.010Z] DEBUG: ðŸ‘¤ adam___________: Favorited 1 inputs -> 5x boost 
[2025-11-29T02:02:28.010Z] DEBUG: ðŸ‘¤ adamcw: Favorited 1 inputs -> 5x boost 
[2025-11-29T02:02:28.010Z] DEBUG: ðŸ‘¤ adamdeboe: Favorited 1 inputs -> 5x boost 
[2025-11-29T02:02:28.010Z] DEBUG: ðŸ‘¤ adamfix: Favorited 1 inputs -> 5x boost 
[2025-11-29T02:02:28.010Z] DEBUG: ðŸ‘¤ adamfos: Favorited 1 inputs -> 5x boost 
[2025-11-29T02:02:28.010Z] DEBUG: ðŸ‘¤ adamgibson: Favorited 1 inputs -> 5x boost 
[2025-11-29T02:02:28.010Z] DEBUG: ðŸ‘¤ adamlevett: Favorited 1 inputs -> 5x boost 
[2025-11-29T02:02:28.010Z] DEBUG: ðŸ‘¤ adamsandlersmom: Favorited 1 inputs -> 5x boost 
[2025-11-29T02:02:28.010Z] DEBUG: ðŸ‘¤ adamshredz: Favorited 1 inputs -> 5x boost 
[2025-11-29T02:02:28.010Z] DEBUG: ðŸ‘¤ adamvass: Favorited 1 inputs -> 5x boost 
[2025-11-29T02:02:28.011Z] DEBUG: ðŸ‘¤ addandmovies: Favorited 1 inputs -> 5x boost 
[2025-11-29T02:02:28.011Z] DEBUG: ðŸ‘¤ addomecique: Favorited 1 inputs -> 5x boost 
[2025-11-29T02:02:28.011Z] DEBUG: ðŸ‘¤ adebaser: Favorited 1 inputs -> 5x boost 
[2025-11-29T02:02:28.011Z] DEBUG: ðŸ‘¤ adelinet007: Favorited 1 inputs -> 5x boost 
[2025-11-29T02:02:28.011Z] DEBUG: ðŸ‘¤ aden0906: Favorited 1 inputs -> 5x boost 
[2025-11-29T02:02:28.011Z] DEBUG: ðŸ‘¤ adidog: Favorited 1 inputs -> 5x boost 
[2025-11-29T02:02:28.011Z] DEBUG: ðŸ‘¤ adimocanu: Favorited 1 inputs -> 5x boost 
[2025-11-29T02:02:28.011Z] DEBUG: ðŸ‘¤ admiral_video: Favorited 1 inputs -> 5x boost 
[2025-11-29T02:02:28.011Z] DEBUG: ðŸ‘¤ admiralfrosty: Favorited 1 inputs -> 5x boost 
[2025-11-29T02:02:28.011Z] DEBUG: ðŸ‘¤ adolfsc: Favorited 1 inputs -> 5x boost 
[2025-11-29T02:02:28.011Z] DEBUG: ðŸ‘¤ adri999999: Favorited 1 inputs -> 5x boost 
[2025-11-29T02:02:28.011Z] DEBUG: ðŸ‘¤ adrienneg: Favorited 1 inputs -> 5x boost 
[2025-11-29T02:02:28.011Z] DEBUG: ðŸ‘¤ adriush: Favorited 1 inputs -> 5x boost 
[2025-11-29T02:02:28.011Z] DEBUG: ðŸ‘¤ adultthemes: Favorited 1 inputs -> 5x boost 
[2025-11-29T02:02:28.011Z] DEBUG: ðŸ‘¤ adulttiktokhaus: Favorited 1 inputs -> 5x boost 
[2025-11-29T02:02:28.011Z] DEBUG: ðŸ‘¤ advillavigne: Favorited 1 inputs -> 5x boost 
[2025-11-29T02:02:28.011Z] DEBUG: ðŸ‘¤ aelfescinu: Favorited 1 inputs -> 5x boost 
[2025-11-29T02:02:28.011Z] DEBUG: ðŸ‘¤ aethermoss: Favorited 1 inputs -> 5x boost 
[2025-11-29T02:02:28.011Z] DEBUG: ðŸ‘¤ aevamae: Favorited 1 inputs -> 5x boost 
[2025-11-29T02:02:28.011Z] DEBUG: ðŸ‘¤ afrothecreator: Favorited 1 inputs -> 5x boost 
[2025-11-29T02:02:28.011Z] DEBUG: ðŸ‘¤ agcooper: Favorited 1 inputs -> 5x boost 
[2025-11-29T02:02:28.011Z] DEBUG: ðŸ‘¤ agentdalecuter: Favorited 1 inputs -> 5x boost 
[2025-11-29T02:02:28.011Z] DEBUG: ðŸ‘¤ aggelossav: Favorited 1 inputs -> 5x boost 
[2025-11-29T02:02:28.011Z] DEBUG: ðŸ‘¤ aggro_cag: Favorited 1 inputs -> 5x boost 
[2025-11-29T02:02:28.011Z] DEBUG: ðŸ‘¤ aghastus: Favorited 1 inputs -> 5x boost 
[2025-11-29T02:02:28.011Z] DEBUG: ðŸ‘¤ aghood21: Favorited 1 inputs -> 5x boost 
[2025-11-29T02:02:28.011Z] DEBUG: ðŸ‘¤ aghooststory: Favorited 1 inputs -> 5x boost 
[2025-11-29T02:02:28.011Z] DEBUG: ðŸ‘¤ agn90: Favorited 1 inputs -> 5x boost 
[2025-11-29T02:02:28.011Z] DEBUG: ðŸ‘¤ agnesnaovarda: Favorited 1 inputs -> 5x boost 
[2025-11-29T02:02:28.011Z] DEBUG: ðŸ‘¤ agostinapunk: Favorited 1 inputs -> 5x boost 
[2025-11-29T02:02:28.011Z] DEBUG: ðŸ‘¤ aguilardiegoe: Favorited 1 inputs -> 5x boost 
[2025-11-29T02:02:28.012Z] DEBUG: ðŸ‘¤ agustingz: Favorited 1 inputs -> 5x boost 
[2025-11-29T02:02:28.012Z] DEBUG: ðŸ‘¤ aha1n3s: Favorited 1 inputs -> 5x boost 
[2025-11-29T02:02:28.012Z] DEBUG: ðŸ‘¤ ahannah1226: Favorited 1 inputs -> 5x boost 
[2025-11-29T02:02:28.012Z] DEBUG: ðŸ‘¤ ahelberg0046: Favorited 1 inputs -> 5x boost 
[2025-11-29T02:02:28.012Z] DEBUG: ðŸ‘¤ ahkaufman: Favorited 1 inputs -> 5x boost 
[2025-11-29T02:02:28.012Z] DEBUG: ðŸ‘¤ ahmetfhc: Favorited 1 inputs -> 5x boost 
[2025-11-29T02:02:28.012Z] DEBUG: ðŸ‘¤ ahoyjoyboy: Favorited 1 inputs -> 5x boost 
[2025-11-29T02:02:28.012Z] DEBUG: ðŸ‘¤ aidanfilms: Favorited 1 inputs -> 5x boost 
[2025-11-29T02:02:28.012Z] DEBUG: ðŸ‘¤ aidanhughes99: Favorited 1 inputs -> 5x boost 
[2025-11-29T02:02:28.012Z] DEBUG: ðŸ‘¤ aidenmi: Favorited 1 inputs -> 5x boost 
[2025-11-29T02:02:28.012Z] DEBUG: ðŸ‘¤ aideq: Favorited 1 inputs -> 5x boost 
[2025-11-29T02:02:28.012Z] DEBUG: ðŸ‘¤ aidnkznr: Favorited 1 inputs -> 5x boost 
[2025-11-29T02:02:28.012Z] DEBUG: ðŸ‘¤ aihpos: Favorited 1 inputs -> 5x boost 
[2025-11-29T02:02:28.012Z] DEBUG: ðŸ‘¤ ailbbhe: Favorited 1 inputs -> 5x boost 
[2025-11-29T02:02:28.012Z] DEBUG: ðŸ‘¤ airhead_mel: Favorited 1 inputs -> 5x boost 
[2025-11-29T02:02:28.012Z] DEBUG: ðŸ‘¤ aispolak: Favorited 1 inputs -> 5x boost 
[2025-11-29T02:02:28.012Z] DEBUG: ðŸ‘¤ aj_jacobs: Favorited 1 inputs -> 5x boost 
[2025-11-29T02:02:28.012Z] DEBUG: ðŸ‘¤ ajaxnikk: Favorited 1 inputs -> 5x boost 
[2025-11-29T02:02:28.012Z] DEBUG: ðŸ‘¤ ajsquid: Favorited 1 inputs -> 5x boost 
[2025-11-29T02:02:28.012Z] DEBUG: ðŸ‘¤ akarafa: Favorited 1 inputs -> 5x boost 
[2025-11-29T02:02:28.012Z] DEBUG: ðŸ‘¤ akonucu: Favorited 1 inputs -> 5x boost 
[2025-11-29T02:02:28.012Z] DEBUG: ðŸ‘¤ akselhegge: Favorited 1 inputs -> 5x boost 
[2025-11-29T02:02:28.012Z] DEBUG: ðŸ‘¤ akutagawas: Favorited 1 inputs -> 5x boost 
[2025-11-29T02:02:28.012Z] DEBUG: ðŸ‘¤ al31ghs13g: Favorited 1 inputs -> 5x boost 
[2025-11-29T02:02:28.012Z] DEBUG: ðŸ‘¤ al_aburto: Favorited 1 inputs -> 5x boost 
[2025-11-29T02:02:28.012Z] DEBUG: ðŸ‘¤ aladams: Favorited 1 inputs -> 5x boost 
[2025-11-29T02:02:28.012Z] DEBUG: ðŸ‘¤ alaialotus: Favorited 1 inputs -> 5x boost 
[2025-11-29T02:02:28.012Z] DEBUG: ðŸ‘¤ alambrecht19: Favorited 1 inputs -> 5x boost 
[2025-11-29T02:02:28.012Z] INFO: ðŸ† Top affinity users: 
[2025-11-29T02:02:28.013Z] INFO:   782: 5.00x (0 likes, 1 favorites) 
[2025-11-29T02:02:28.013Z] INFO:   1937: 5.00x (0 likes, 1 favorites) 
[2025-11-29T02:02:28.013Z] INFO:   00397: 5.00x (0 likes, 1 favorites) 
[2025-11-29T02:02:28.013Z] INFO:   0rbitoclast: 5.00x (0 likes, 1 favorites) 
[2025-11-29T02:02:28.013Z] INFO:   12000ants: 5.00x (0 likes, 1 favorites) 
[2025-11-29T02:02:28.013Z] INFO: ðŸŽ¬ STEP 3: Fetching other movies from these users 
[2025-11-29T02:02:33.833Z] INFO: ðŸŽ¯ STEP 4: Scoring candidate movies 
[2025-11-29T02:02:33.835Z] INFO: ðŸŽ¯ Found 2907 candidate movies 
[2025-11-29T02:02:33.836Z] INFO: âœ… 1623 candidates after filtering (min 2 interactions) 
[2025-11-29T02:02:33.836Z] INFO: ðŸ“ˆ STEP 5: Fetching movie details for popularity rankings 
[2025-11-29T02:02:33.918Z] INFO: ðŸŽ¯ STEP 4: Scoring candidate movies 
[2025-11-29T02:02:33.920Z] INFO: ðŸŽ¯ Found 2907 candidate movies 
[2025-11-29T02:02:33.921Z] INFO: âœ… 1623 candidates after filtering (min 2 interactions) 
[2025-11-29T02:02:33.921Z] INFO: ðŸ“ˆ STEP 5: Fetching movie details for popularity rankings 
[2025-11-29T02:02:36.725Z] INFO: ðŸ“ˆ Avg popularity rank: 2148.2 (lower = more popular) 
[2025-11-29T02:02:36.725Z] INFO: ðŸŽ¨ STEP 6: Applying obscurity bias and ranking 
[2025-11-29T02:02:36.726Z] WARN: âš ï¸ Movie not found: the-jerk 
[2025-11-29T02:02:36.726Z] WARN: âš ï¸ Movie not found: orpheus 
[2025-11-29T02:02:36.726Z] WARN: âš ï¸ Movie not found: waking-life 
[2025-11-29T02:02:36.726Z] WARN: âš ï¸ Movie not found: westworld 
[2025-11-29T02:02:36.726Z] WARN: âš ï¸ Movie not found: delicatessen 
[2025-11-29T02:02:36.727Z] INFO: ðŸ“š STEP 7: Formatting final recommendations 
[2025-11-29T02:02:36.727Z] INFO: ðŸ† Final recommendations: 
[2025-11-29T02:02:36.727Z] INFO: 1. Re-Animator (score: 46.05, popularity rank: 1822) 
[2025-11-29T02:02:36.727Z] INFO: 2. In the Mouth ofÂ Madness (score: 44.53, popularity rank: 1774) 
[2025-11-29T02:02:36.727Z] INFO: 3. Hellraiser (score: 42.51, popularity rank: 978) 
[2025-11-29T02:02:36.727Z] INFO: 4. Crash (score: 38.59, popularity rank: 1139) 
[2025-11-29T02:02:36.727Z] INFO: 5. Ichi theÂ Killer (score: 33.12, popularity rank: 1924) 
[2025-11-29T02:02:36.790Z] INFO: ðŸ“ˆ Avg popularity rank: 2148.2 (lower = more popular) 
[2025-11-29T02:02:36.790Z] INFO: ðŸŽ¨ STEP 6: Applying obscurity bias and ranking 
[2025-11-29T02:02:36.791Z] WARN: âš ï¸ Movie not found: the-jerk 
[2025-11-29T02:02:36.791Z] WARN: âš ï¸ Movie not found: orpheus 
[2025-11-29T02:02:36.791Z] WARN: âš ï¸ Movie not found: waking-life 
[2025-11-29T02:02:36.791Z] WARN: âš ï¸ Movie not found: westworld 
[2025-11-29T02:02:36.791Z] WARN: âš ï¸ Movie not found: delicatessen 
[2025-11-29T02:02:36.792Z] INFO: ðŸ“š STEP 7: Formatting final recommendations 
[2025-11-29T02:02:36.792Z] INFO: ðŸ† Final recommendations: 
[2025-11-29T02:02:36.792Z] INFO: 1. Re-Animator (score: 46.05, popularity rank: 1822) 
[2025-11-29T02:02:36.792Z] INFO: 2. In the Mouth ofÂ Madness (score: 44.53, popularity rank: 1774) 
[2025-11-29T02:02:36.792Z] INFO: 3. Hellraiser (score: 42.51, popularity rank: 978) 
[2025-11-29T02:02:36.792Z] INFO: 4. Crash (score: 38.59, popularity rank: 1139) 
[2025-11-29T02:02:36.792Z] INFO: 5. Ichi theÂ Killer (score: 33.12, popularity rank: 1924) 
