[2025-11-29T01:55:03.356Z] Processing collaborative filtering recommendation request 
[2025-11-29T01:55:03.358Z] Processing collaborative filtering recommendation request 
[2025-11-29T01:55:03.359Z] ðŸš€ Pure collaborative filtering started 
[2025-11-29T01:55:03.359Z] ðŸ“¥ Input movie slugs: [
  "beau-is-afraid",
  "the-night-of-the-hunter"
]
[2025-11-29T01:55:03.360Z] âš™ï¸ Config: {
  "numRecommendations": 5,
  "likedBothMoviesBoost": 3,
  "favoritedInputMovieBoost": 5,
  "combinedBoost": 8,
  "favoriteWeight": 2,
  "obscurityBias": 1.5,
  "minInteractionsThreshold": 2
}
[2025-11-29T01:55:03.360Z] INFO: ðŸ‘¥ STEP 1: Finding users who interacted with input movies 
[2025-11-29T01:55:03.362Z] ðŸš€ Pure collaborative filtering started 
[2025-11-29T01:55:03.362Z] ðŸ“¥ Input movie slugs: [
  "beau-is-afraid",
  "the-night-of-the-hunter"
]
[2025-11-29T01:55:03.362Z] âš™ï¸ Config: {
  "numRecommendations": 5,
  "likedBothMoviesBoost": 3,
  "favoritedInputMovieBoost": 5,
  "combinedBoost": 8,
  "favoriteWeight": 2,
  "obscurityBias": 1.5,
  "minInteractionsThreshold": 2
}
[2025-11-29T01:55:03.362Z] INFO: ðŸ‘¥ STEP 1: Finding users who interacted with input movies 
[2025-11-29T01:55:03.460Z] INFO: ðŸ‘ 200 users liked beau-is-afraid 
[2025-11-29T01:55:03.532Z] INFO: ðŸ‘ 200 users liked the-night-of-the-hunter 
[2025-11-29T01:55:03.608Z] INFO: â­ 200 users favorited beau-is-afraid 
[2025-11-29T01:55:03.624Z] INFO: ðŸ‘ 200 users liked beau-is-afraid 
[2025-11-29T01:55:03.676Z] INFO: â­ 200 users favorited the-night-of-the-hunter 
[2025-11-29T01:55:03.678Z] INFO: ðŸ‘¥ Total users who interacted: 797 
[2025-11-29T01:55:03.678Z] INFO: ðŸ“Š STEP 2: Calculating user affinity scores 
[2025-11-29T01:55:03.680Z] DEBUG: ðŸ‘¤ 36350: Favorited 1 inputs -> 5x boost 
[2025-11-29T01:55:03.681Z] DEBUG: ðŸ‘¤ 971718: Favorited 1 inputs -> 5x boost 
[2025-11-29T01:55:03.681Z] DEBUG: ðŸ‘¤ 1343215243: Favorited 1 inputs -> 5x boost 
[2025-11-29T01:55:03.681Z] DEBUG: ðŸ‘¤ callum0k: Liked 2 inputs -> 3x boost 
[2025-11-29T01:55:03.681Z] DEBUG: ðŸ‘¤ castrovalvas: Liked 2 inputs -> 3x boost 
[2025-11-29T01:55:03.681Z] DEBUG: ðŸ‘¤ pkronhamn: Liked 2 inputs -> 3x boost 
[2025-11-29T01:55:03.681Z] DEBUG: ðŸ‘¤ 01magid: Favorited 1 inputs -> 5x boost 
[2025-11-29T01:55:03.681Z] DEBUG: ðŸ‘¤ 0atly: Favorited 1 inputs -> 5x boost 
[2025-11-29T01:55:03.681Z] DEBUG: ðŸ‘¤ 0ct0bergirl: Favorited 1 inputs -> 5x boost 
[2025-11-29T01:55:03.681Z] DEBUG: ðŸ‘¤ 0f_tuna: Favorited 1 inputs -> 5x boost 
[2025-11-29T01:55:03.681Z] DEBUG: ðŸ‘¤ 0pavel: Favorited 1 inputs -> 5x boost 
[2025-11-29T01:55:03.682Z] DEBUG: ðŸ‘¤ 100naziscalps: Favorited 1 inputs -> 5x boost 
[2025-11-29T01:55:03.682Z] DEBUG: ðŸ‘¤ 11coll: Favorited 1 inputs -> 5x boost 
[2025-11-29T01:55:03.682Z] DEBUG: ðŸ‘¤ 11estroud: Favorited 1 inputs -> 5x boost 
[2025-11-29T01:55:03.682Z] DEBUG: ðŸ‘¤ 123urawesome: Favorited 1 inputs -> 5x boost 
[2025-11-29T01:55:03.682Z] DEBUG: ðŸ‘¤ 12horses: Favorited 1 inputs -> 5x boost 
[2025-11-29T01:55:03.682Z] DEBUG: ðŸ‘¤ 12thvenus: Favorited 1 inputs -> 5x boost 
[2025-11-29T01:55:03.682Z] DEBUG: ðŸ‘¤ 1b1faces: Favorited 1 inputs -> 5x boost 
[2025-11-29T01:55:03.682Z] DEBUG: ðŸ‘¤ 1imir: Favorited 1 inputs -> 5x boost 
[2025-11-29T01:55:03.682Z] DEBUG: ðŸ‘¤ 1mateoz: Favorited 1 inputs -> 5x boost 
[2025-11-29T01:55:03.682Z] DEBUG: ðŸ‘¤ 1spunlobster: Favorited 1 inputs -> 5x boost 
[2025-11-29T01:55:03.682Z] DEBUG: ðŸ‘¤ 2003skohei: Favorited 1 inputs -> 5x boost 
[2025-11-29T01:55:03.682Z] DEBUG: ðŸ‘¤ 20teethinaglass: Favorited 1 inputs -> 5x boost 
[2025-11-29T01:55:03.682Z] DEBUG: ðŸ‘¤ 28njwhite: Favorited 1 inputs -> 5x boost 
[2025-11-29T01:55:03.682Z] DEBUG: ðŸ‘¤ 2chelly2belly: Favorited 1 inputs -> 5x boost 
[2025-11-29T01:55:03.682Z] DEBUG: ðŸ‘¤ 2cool4schoolz: Favorited 1 inputs -> 5x boost 
[2025-11-29T01:55:03.682Z] DEBUG: ðŸ‘¤ 2kibb: Favorited 1 inputs -> 5x boost 
[2025-11-29T01:55:03.682Z] DEBUG: ðŸ‘¤ 2smallchildren: Favorited 1 inputs -> 5x boost 
[2025-11-29T01:55:03.682Z] DEBUG: ðŸ‘¤ 2tall2fall: Favorited 1 inputs -> 5x boost 
[2025-11-29T01:55:03.682Z] DEBUG: ðŸ‘¤ 35t4v1d4: Favorited 1 inputs -> 5x boost 
[2025-11-29T01:55:03.682Z] DEBUG: ðŸ‘¤ 3leo3: Favorited 1 inputs -> 5x boost 
[2025-11-29T01:55:03.682Z] DEBUG: ðŸ‘¤ 3llie_bells: Favorited 1 inputs -> 5x boost 
[2025-11-29T01:55:03.682Z] DEBUG: ðŸ‘¤ 4riete: Favorited 1 inputs -> 5x boost 
[2025-11-29T01:55:03.682Z] DEBUG: ðŸ‘¤ 4rmadio: Favorited 1 inputs -> 5x boost 
[2025-11-29T01:55:03.682Z] DEBUG: ðŸ‘¤ 5ftoblerone: Favorited 1 inputs -> 5x boost 
[2025-11-29T01:55:03.682Z] DEBUG: ðŸ‘¤ 5ifth: Favorited 1 inputs -> 5x boost 
[2025-11-29T01:55:03.682Z] DEBUG: ðŸ‘¤ 666bemma: Favorited 1 inputs -> 5x boost 
[2025-11-29T01:55:03.682Z] DEBUG: ðŸ‘¤ 66jupiter: Favorited 1 inputs -> 5x boost 
[2025-11-29T01:55:03.682Z] DEBUG: ðŸ‘¤ 6ak: Favorited 1 inputs -> 5x boost 
[2025-11-29T01:55:03.682Z] DEBUG: ðŸ‘¤ 7c8: Favorited 1 inputs -> 5x boost 
[2025-11-29T01:55:03.682Z] DEBUG: ðŸ‘¤ 8bian: Favorited 1 inputs -> 5x boost 
[2025-11-29T01:55:03.682Z] DEBUG: ðŸ‘¤ 8uckl3y: Favorited 1 inputs -> 5x boost 
[2025-11-29T01:55:03.682Z] DEBUG: ðŸ‘¤ 90s4ngel: Favorited 1 inputs -> 5x boost 
[2025-11-29T01:55:03.682Z] DEBUG: ðŸ‘¤ 999yak0b999: Favorited 1 inputs -> 5x boost 
[2025-11-29T01:55:03.683Z] DEBUG: ðŸ‘¤ 99percentsilk: Favorited 1 inputs -> 5x boost 
[2025-11-29T01:55:03.683Z] DEBUG: ðŸ‘¤ _2ccx: Favorited 1 inputs -> 5x boost 
[2025-11-29T01:55:03.683Z] DEBUG: ðŸ‘¤ _absolutely_: Favorited 1 inputs -> 5x boost 
[2025-11-29T01:55:03.683Z] DEBUG: ðŸ‘¤ _ahmetemin: Favorited 1 inputs -> 5x boost 
[2025-11-29T01:55:03.683Z] DEBUG: ðŸ‘¤ a166443df: Favorited 1 inputs -> 5x boost 
[2025-11-29T01:55:03.683Z] DEBUG: ðŸ‘¤ a1emily: Favorited 1 inputs -> 5x boost 
[2025-11-29T01:55:03.683Z] DEBUG: ðŸ‘¤ a1exdur0: Favorited 1 inputs -> 5x boost 
[2025-11-29T01:55:03.683Z] DEBUG: ðŸ‘¤ a1onsoar3a11o: Favorited 1 inputs -> 5x boost 
[2025-11-29T01:55:03.683Z] DEBUG: ðŸ‘¤ a24goth: Favorited 1 inputs -> 5x boost 
[2025-11-29T01:55:03.683Z] DEBUG: ðŸ‘¤ a24wh0reee: Favorited 1 inputs -> 5x boost 
[2025-11-29T01:55:03.683Z] DEBUG: ðŸ‘¤ a_borrellj: Favorited 1 inputs -> 5x boost 
[2025-11-29T01:55:03.683Z] DEBUG: ðŸ‘¤ a_damn_uno: Favorited 1 inputs -> 5x boost 
[2025-11-29T01:55:03.683Z] DEBUG: ðŸ‘¤ aaaaaverey: Favorited 1 inputs -> 5x boost 
[2025-11-29T01:55:03.683Z] DEBUG: ðŸ‘¤ aaaarrrss: Favorited 1 inputs -> 5x boost 
[2025-11-29T01:55:03.683Z] DEBUG: ðŸ‘¤ aaadrain: Favorited 1 inputs -> 5x boost 
[2025-11-29T01:55:03.683Z] DEBUG: ðŸ‘¤ aaburto: Favorited 1 inputs -> 5x boost 
[2025-11-29T01:55:03.683Z] DEBUG: ðŸ‘¤ aaliyahp: Favorited 1 inputs -> 5x boost 
[2025-11-29T01:55:03.683Z] DEBUG: ðŸ‘¤ aaphill18: Favorited 1 inputs -> 5x boost 
[2025-11-29T01:55:03.683Z] DEBUG: ðŸ‘¤ aaron_gumboy: Favorited 1 inputs -> 5x boost 
[2025-11-29T01:55:03.683Z] DEBUG: ðŸ‘¤ aaronrugg: Favorited 1 inputs -> 5x boost 
[2025-11-29T01:55:03.683Z] DEBUG: ðŸ‘¤ abbeju: Favorited 1 inputs -> 5x boost 
[2025-11-29T01:55:03.683Z] DEBUG: ðŸ‘¤ abbyandersonsbf: Favorited 1 inputs -> 5x boost 
[2025-11-29T01:55:03.683Z] DEBUG: ðŸ‘¤ abcdent: Favorited 1 inputs -> 5x boost 
[2025-11-29T01:55:03.683Z] DEBUG: ðŸ‘¤ abigail1100: Favorited 1 inputs -> 5x boost 
[2025-11-29T01:55:03.683Z] DEBUG: ðŸ‘¤ abii2022: Favorited 1 inputs -> 5x boost 
[2025-11-29T01:55:03.683Z] DEBUG: ðŸ‘¤ abril7312: Favorited 1 inputs -> 5x boost 
[2025-11-29T01:55:03.683Z] DEBUG: ðŸ‘¤ ace6g: Favorited 1 inputs -> 5x boost 
[2025-11-29T01:55:03.684Z] DEBUG: ðŸ‘¤ acehrs: Favorited 1 inputs -> 5x boost 
[2025-11-29T01:55:03.684Z] DEBUG: ðŸ‘¤ aceynth: Favorited 1 inputs -> 5x boost 
[2025-11-29T01:55:03.684Z] DEBUG: ðŸ‘¤ achilles24: Favorited 1 inputs -> 5x boost 
[2025-11-29T01:55:03.684Z] DEBUG: ðŸ‘¤ achter_de_boom: Favorited 1 inputs -> 5x boost 
[2025-11-29T01:55:03.684Z] DEBUG: ðŸ‘¤ acylchloride: Favorited 1 inputs -> 5x boost 
[2025-11-29T01:55:03.684Z] DEBUG: ðŸ‘¤ adamfisher321: Favorited 1 inputs -> 5x boost 
[2025-11-29T01:55:03.685Z] DEBUG: ðŸ‘¤ adamkaaa: Favorited 1 inputs -> 5x boost 
[2025-11-29T01:55:03.685Z] DEBUG: ðŸ‘¤ adammahfr: Favorited 1 inputs -> 5x boost 
[2025-11-29T01:55:03.685Z] DEBUG: ðŸ‘¤ adampolanik: Favorited 1 inputs -> 5x boost 
[2025-11-29T01:55:03.685Z] DEBUG: ðŸ‘¤ adamrara: Favorited 1 inputs -> 5x boost 
[2025-11-29T01:55:03.685Z] DEBUG: ðŸ‘¤ adamrusso22: Favorited 1 inputs -> 5x boost 
[2025-11-29T01:55:03.685Z] DEBUG: ðŸ‘¤ adclown: Favorited 1 inputs -> 5x boost 
[2025-11-29T01:55:03.685Z] DEBUG: ðŸ‘¤ addijane: Favorited 1 inputs -> 5x boost 
[2025-11-29T01:55:03.685Z] DEBUG: ðŸ‘¤ addytayy: Favorited 1 inputs -> 5x boost 
[2025-11-29T01:55:03.685Z] DEBUG: ðŸ‘¤ adetoni626: Favorited 1 inputs -> 5x boost 
[2025-11-29T01:55:03.685Z] DEBUG: ðŸ‘¤ adrianth: Favorited 1 inputs -> 5x boost 
[2025-11-29T01:55:03.685Z] DEBUG: ðŸ‘¤ adribadillo: Favorited 1 inputs -> 5x boost 
[2025-11-29T01:55:03.685Z] DEBUG: ðŸ‘¤ adriftmoon: Favorited 1 inputs -> 5x boost 
[2025-11-29T01:55:03.685Z] DEBUG: ðŸ‘¤ adrnisnt: Favorited 1 inputs -> 5x boost 
[2025-11-29T01:55:03.685Z] DEBUG: ðŸ‘¤ aducnhan: Favorited 1 inputs -> 5x boost 
[2025-11-29T01:55:03.685Z] DEBUG: ðŸ‘¤ aeywon: Favorited 1 inputs -> 5x boost 
[2025-11-29T01:55:03.685Z] DEBUG: ðŸ‘¤ aggylar: Favorited 1 inputs -> 5x boost 
[2025-11-29T01:55:03.685Z] DEBUG: ðŸ‘¤ agrad1: Favorited 1 inputs -> 5x boost 
[2025-11-29T01:55:03.685Z] DEBUG: ðŸ‘¤ agusinvestiga: Favorited 1 inputs -> 5x boost 
[2025-11-29T01:55:03.685Z] DEBUG: ðŸ‘¤ ahmed92kira: Favorited 1 inputs -> 5x boost 
[2025-11-29T01:55:03.685Z] DEBUG: ðŸ‘¤ ahmedhatemhelal: Favorited 1 inputs -> 5x boost 
[2025-11-29T01:55:03.686Z] DEBUG: ðŸ‘¤ aidancarter35: Favorited 1 inputs -> 5x boost 
[2025-11-29T01:55:03.686Z] DEBUG: ðŸ‘¤ aidanpine: Favorited 1 inputs -> 5x boost 
[2025-11-29T01:55:03.686Z] DEBUG: ðŸ‘¤ aieterox: Favorited 1 inputs -> 5x boost 
[2025-11-29T01:55:03.686Z] DEBUG: ðŸ‘¤ airasterfan: Favorited 1 inputs -> 5x boost 
[2025-11-29T01:55:03.686Z] DEBUG: ðŸ‘¤ aiyae: Favorited 1 inputs -> 5x boost 
[2025-11-29T01:55:03.686Z] DEBUG: ðŸ‘¤ aizenssword: Favorited 1 inputs -> 5x boost 
[2025-11-29T01:55:03.686Z] DEBUG: ðŸ‘¤ ajbakes1: Favorited 1 inputs -> 5x boost 
[2025-11-29T01:55:03.686Z] DEBUG: ðŸ‘¤ ajciv: Favorited 1 inputs -> 5x boost 
[2025-11-29T01:55:03.686Z] DEBUG: ðŸ‘¤ akatlong: Favorited 1 inputs -> 5x boost 
[2025-11-29T01:55:03.686Z] DEBUG: ðŸ‘¤ akishajj: Favorited 1 inputs -> 5x boost 
[2025-11-29T01:55:03.686Z] DEBUG: ðŸ‘¤ akrobitaille: Favorited 1 inputs -> 5x boost 
[2025-11-29T01:55:03.686Z] DEBUG: ðŸ‘¤ alan_nilsen: Favorited 1 inputs -> 5x boost 
[2025-11-29T01:55:03.686Z] DEBUG: ðŸ‘¤ alanbinyasan: Favorited 1 inputs -> 5x boost 
[2025-11-29T01:55:03.686Z] DEBUG: ðŸ‘¤ alanmtzm06: Favorited 1 inputs -> 5x boost 
[2025-11-29T01:55:03.686Z] DEBUG: ðŸ‘¤ alanxdiaz: Favorited 1 inputs -> 5x boost 
[2025-11-29T01:55:03.686Z] DEBUG: ðŸ‘¤ albaniansans: Favorited 1 inputs -> 5x boost 
[2025-11-29T01:55:03.686Z] DEBUG: ðŸ‘¤ albertirijillo: Favorited 1 inputs -> 5x boost 
[2025-11-29T01:55:03.686Z] DEBUG: ðŸ‘¤ albiiiiiin: Favorited 1 inputs -> 5x boost 
[2025-11-29T01:55:03.686Z] DEBUG: ðŸ‘¤ albinisterrific: Favorited 1 inputs -> 5x boost 
[2025-11-29T01:55:03.686Z] DEBUG: ðŸ‘¤ albionn: Favorited 1 inputs -> 5x boost 
[2025-11-29T01:55:03.686Z] DEBUG: ðŸ‘¤ alcachofra: Favorited 1 inputs -> 5x boost 
[2025-11-29T01:55:03.686Z] DEBUG: ðŸ‘¤ alcasys: Favorited 1 inputs -> 5x boost 
[2025-11-29T01:55:03.686Z] DEBUG: ðŸ‘¤ aldiniqesad: Favorited 1 inputs -> 5x boost 
[2025-11-29T01:55:03.686Z] DEBUG: ðŸ‘¤ aldo2323: Favorited 1 inputs -> 5x boost 
[2025-11-29T01:55:03.686Z] DEBUG: ðŸ‘¤ ale66cl: Favorited 1 inputs -> 5x boost 
[2025-11-29T01:55:03.686Z] DEBUG: ðŸ‘¤ ale9000: Favorited 1 inputs -> 5x boost 
[2025-11-29T01:55:03.686Z] DEBUG: ðŸ‘¤ ale_perra: Favorited 1 inputs -> 5x boost 
[2025-11-29T01:55:03.686Z] DEBUG: ðŸ‘¤ aledymeww: Favorited 1 inputs -> 5x boost 
[2025-11-29T01:55:03.686Z] DEBUG: ðŸ‘¤ alekk_: Favorited 1 inputs -> 5x boost 
[2025-11-29T01:55:03.686Z] DEBUG: ðŸ‘¤ alekonvm: Favorited 1 inputs -> 5x boost 
[2025-11-29T01:55:03.686Z] DEBUG: ðŸ‘¤ aleksisv: Favorited 1 inputs -> 5x boost 
[2025-11-29T01:55:03.686Z] DEBUG: ðŸ‘¤ alelelli25: Favorited 1 inputs -> 5x boost 
[2025-11-29T01:55:03.687Z] DEBUG: ðŸ‘¤ alelunch5: Favorited 1 inputs -> 5x boost 
[2025-11-29T01:55:03.687Z] DEBUG: ðŸ‘¤ alenkadoyle: Favorited 1 inputs -> 5x boost 
[2025-11-29T01:55:03.687Z] DEBUG: ðŸ‘¤ alessiomusi: Favorited 1 inputs -> 5x boost 
[2025-11-29T01:55:03.687Z] DEBUG: ðŸ‘¤ alex2323p: Favorited 1 inputs -> 5x boost 
[2025-11-29T01:55:03.687Z] DEBUG: ðŸ‘¤ alex33: Favorited 1 inputs -> 5x boost 
[2025-11-29T01:55:03.688Z] DEBUG: ðŸ‘¤ alex6_eats: Favorited 1 inputs -> 5x boost 
[2025-11-29T01:55:03.688Z] DEBUG: ðŸ‘¤ alexaarmas: Favorited 1 inputs -> 5x boost 
[2025-11-29T01:55:03.688Z] DEBUG: ðŸ‘¤ alexander839: Favorited 1 inputs -> 5x boost 
[2025-11-29T01:55:03.688Z] DEBUG: ðŸ‘¤ alexanderhat: Favorited 1 inputs -> 5x boost 
[2025-11-29T01:55:03.688Z] DEBUG: ðŸ‘¤ alexandriabitch: Favorited 1 inputs -> 5x boost 
[2025-11-29T01:55:03.688Z] DEBUG: ðŸ‘¤ alexapolette: Favorited 1 inputs -> 5x boost 
[2025-11-29T01:55:03.688Z] DEBUG: ðŸ‘¤ alexei666: Favorited 1 inputs -> 5x boost 
[2025-11-29T01:55:03.688Z] DEBUG: ðŸ‘¤ alexfilmz04: Favorited 1 inputs -> 5x boost 
[2025-11-29T01:55:03.688Z] DEBUG: ðŸ‘¤ alexisluvsa24: Favorited 1 inputs -> 5x boost 
[2025-11-29T01:55:03.688Z] DEBUG: ðŸ‘¤ alexl5: Favorited 1 inputs -> 5x boost 
[2025-11-29T01:55:03.688Z] DEBUG: ðŸ‘¤ alexled: Favorited 1 inputs -> 5x boost 
[2025-11-29T01:55:03.688Z] DEBUG: ðŸ‘¤ alexmustgo: Favorited 1 inputs -> 5x boost 
[2025-11-29T01:55:03.688Z] DEBUG: ðŸ‘¤ alexo_tan: Favorited 1 inputs -> 5x boost 
[2025-11-29T01:55:03.690Z] DEBUG: ðŸ‘¤ alexscouch: Favorited 1 inputs -> 5x boost 
[2025-11-29T01:55:03.690Z] DEBUG: ðŸ‘¤ alexxkister: Favorited 1 inputs -> 5x boost 
[2025-11-29T01:55:03.690Z] DEBUG: ðŸ‘¤ alexxx_zl: Favorited 1 inputs -> 5x boost 
[2025-11-29T01:55:03.690Z] DEBUG: ðŸ‘¤ alfred_bttnr: Favorited 1 inputs -> 5x boost 
[2025-11-29T01:55:03.690Z] DEBUG: ðŸ‘¤ alice985: Favorited 1 inputs -> 5x boost 
[2025-11-29T01:55:03.690Z] DEBUG: ðŸ‘¤ aliceeee33: Favorited 1 inputs -> 5x boost 
[2025-11-29T01:55:03.690Z] DEBUG: ðŸ‘¤ alicemerturk: Favorited 1 inputs -> 5x boost 
[2025-11-29T01:55:03.690Z] DEBUG: ðŸ‘¤ alicerowden: Favorited 1 inputs -> 5x boost 
[2025-11-29T01:55:03.690Z] DEBUG: ðŸ‘¤ aliens3tiddies: Favorited 1 inputs -> 5x boost 
[2025-11-29T01:55:03.690Z] DEBUG: ðŸ‘¤ alienshampoo: Favorited 1 inputs -> 5x boost 
[2025-11-29T01:55:03.691Z] DEBUG: ðŸ‘¤ alijah_blue: Favorited 1 inputs -> 5x boost 
[2025-11-29T01:55:03.691Z] DEBUG: ðŸ‘¤ alisabusu: Favorited 1 inputs -> 5x boost 
[2025-11-29T01:55:03.691Z] DEBUG: ðŸ‘¤ alissaxw: Favorited 1 inputs -> 5x boost 
[2025-11-29T01:55:03.691Z] DEBUG: ðŸ‘¤ alixcrist: Favorited 1 inputs -> 5x boost 
[2025-11-29T01:55:03.691Z] DEBUG: ðŸ‘¤ allie008: Favorited 1 inputs -> 5x boost 
[2025-11-29T01:55:03.691Z] DEBUG: ðŸ‘¤ allwhitecastle: Favorited 1 inputs -> 5x boost 
[2025-11-29T01:55:03.691Z] DEBUG: ðŸ‘¤ almiraslley: Favorited 1 inputs -> 5x boost 
[2025-11-29T01:55:03.691Z] DEBUG: ðŸ‘¤ almostshankara: Favorited 1 inputs -> 5x boost 
[2025-11-29T01:55:03.691Z] DEBUG: ðŸ‘¤ alofn: Favorited 1 inputs -> 5x boost 
[2025-11-29T01:55:03.691Z] DEBUG: ðŸ‘¤ alphrose: Favorited 1 inputs -> 5x boost 
[2025-11-29T01:55:03.691Z] DEBUG: ðŸ‘¤ alpt4: Favorited 1 inputs -> 5x boost 
[2025-11-29T01:55:03.691Z] DEBUG: ðŸ‘¤ alskom: Favorited 1 inputs -> 5x boost 
[2025-11-29T01:55:03.691Z] DEBUG: ðŸ‘¤ alth_ea: Favorited 1 inputs -> 5x boost 
[2025-11-29T01:55:03.691Z] DEBUG: ðŸ‘¤ altijdhardt: Favorited 1 inputs -> 5x boost 
[2025-11-29T01:55:03.691Z] DEBUG: ðŸ‘¤ alvarligt: Favorited 1 inputs -> 5x boost 
[2025-11-29T01:55:03.691Z] DEBUG: ðŸ‘¤ alwayswithwater: Favorited 1 inputs -> 5x boost 
[2025-11-29T01:55:03.691Z] DEBUG: ðŸ‘¤ alyssabmays: Favorited 1 inputs -> 5x boost 
[2025-11-29T01:55:03.691Z] DEBUG: ðŸ‘¤ alyssajos: Favorited 1 inputs -> 5x boost 
[2025-11-29T01:55:03.691Z] DEBUG: ðŸ‘¤ alyxalyxandria: Favorited 1 inputs -> 5x boost 
[2025-11-29T01:55:03.691Z] DEBUG: ðŸ‘¤ amalaise: Favorited 1 inputs -> 5x boost 
[2025-11-29T01:55:03.691Z] DEBUG: ðŸ‘¤ amandatenz: Favorited 1 inputs -> 5x boost 
[2025-11-29T01:55:03.691Z] DEBUG: ðŸ‘¤ amaranthh: Favorited 1 inputs -> 5x boost 
[2025-11-29T01:55:03.691Z] DEBUG: ðŸ‘¤ amari3527: Favorited 1 inputs -> 5x boost 
[2025-11-29T01:55:03.691Z] DEBUG: ðŸ‘¤ amarisou: Favorited 1 inputs -> 5x boost 
[2025-11-29T01:55:03.691Z] DEBUG: ðŸ‘¤ ambiguous_evan: Favorited 1 inputs -> 5x boost 
[2025-11-29T01:55:03.691Z] DEBUG: ðŸ‘¤ ambivalence6: Favorited 1 inputs -> 5x boost 
[2025-11-29T01:55:03.692Z] DEBUG: ðŸ‘¤ ambre_lysz: Favorited 1 inputs -> 5x boost 
[2025-11-29T01:55:03.692Z] DEBUG: ðŸ‘¤ ambrioche: Favorited 1 inputs -> 5x boost 
[2025-11-29T01:55:03.692Z] DEBUG: ðŸ‘¤ amehdaly: Favorited 1 inputs -> 5x boost 
[2025-11-29T01:55:03.692Z] DEBUG: ðŸ‘¤ amirmayko: Favorited 1 inputs -> 5x boost 
[2025-11-29T01:55:03.692Z] DEBUG: ðŸ‘¤ amluga: Favorited 1 inputs -> 5x boost 
[2025-11-29T01:55:03.692Z] DEBUG: ðŸ‘¤ ammajononsense: Favorited 1 inputs -> 5x boost 
[2025-11-29T01:55:03.692Z] DEBUG: ðŸ‘¤ amparhoe: Favorited 1 inputs -> 5x boost 
[2025-11-29T01:55:03.692Z] DEBUG: ðŸ‘¤ amplesso: Favorited 1 inputs -> 5x boost 
[2025-11-29T01:55:03.692Z] DEBUG: ðŸ‘¤ amplessso: Favorited 1 inputs -> 5x boost 
[2025-11-29T01:55:03.692Z] DEBUG: ðŸ‘¤ anakind_yt: Favorited 1 inputs -> 5x boost 
[2025-11-29T01:55:03.692Z] DEBUG: ðŸ‘¤ analogjosh: Favorited 1 inputs -> 5x boost 
[2025-11-29T01:55:03.692Z] DEBUG: ðŸ‘¤ analyzer: Favorited 1 inputs -> 5x boost 
[2025-11-29T01:55:03.694Z] DEBUG: ðŸ‘¤ anaminhoca16: Favorited 1 inputs -> 5x boost 
[2025-11-29T01:55:03.695Z] DEBUG: ðŸ‘¤ anat0mie: Favorited 1 inputs -> 5x boost 
[2025-11-29T01:55:03.695Z] DEBUG: ðŸ‘¤ anatomyofapaul: Favorited 1 inputs -> 5x boost 
[2025-11-29T01:55:03.695Z] DEBUG: ðŸ‘¤ andershahn: Favorited 1 inputs -> 5x boost 
[2025-11-29T01:55:03.695Z] DEBUG: ðŸ‘¤ andersoneli: Favorited 1 inputs -> 5x boost 
[2025-11-29T01:55:03.695Z] DEBUG: ðŸ‘¤ andre_knechtel: Favorited 1 inputs -> 5x boost 
[2025-11-29T01:55:03.695Z] DEBUG: ðŸ‘¤ andreabjorseth: Favorited 1 inputs -> 5x boost 
[2025-11-29T01:55:03.695Z] DEBUG: ðŸ‘¤ andreapeghi: Favorited 1 inputs -> 5x boost 
[2025-11-29T01:55:03.695Z] DEBUG: ðŸ‘¤ andrewaka: Favorited 1 inputs -> 5x boost 
[2025-11-29T01:55:03.695Z] DEBUG: ðŸ‘¤ andrewhu93: Favorited 1 inputs -> 5x boost 
[2025-11-29T01:55:03.695Z] DEBUG: ðŸ‘¤ andrewlborne1: Favorited 1 inputs -> 5x boost 
[2025-11-29T01:55:03.695Z] DEBUG: ðŸ‘¤ 00shorrors: Favorited 1 inputs -> 5x boost 
[2025-11-29T01:55:03.695Z] DEBUG: ðŸ‘¤ 021613: Favorited 1 inputs -> 5x boost 
[2025-11-29T01:55:03.695Z] DEBUG: ðŸ‘¤ 1216natalie: Favorited 1 inputs -> 5x boost 
[2025-11-29T01:55:03.695Z] DEBUG: ðŸ‘¤ 1lumpsum: Favorited 1 inputs -> 5x boost 
[2025-11-29T01:55:03.695Z] DEBUG: ðŸ‘¤ 22amelja: Favorited 1 inputs -> 5x boost 
[2025-11-29T01:55:03.695Z] DEBUG: ðŸ‘¤ 24fps: Favorited 1 inputs -> 5x boost 
[2025-11-29T01:55:03.695Z] DEBUG: ðŸ‘¤ 24karatdead: Favorited 1 inputs -> 5x boost 
[2025-11-29T01:55:03.695Z] DEBUG: ðŸ‘¤ 2zl9l: Favorited 1 inputs -> 5x boost 
[2025-11-29T01:55:03.695Z] DEBUG: ðŸ‘¤ 300sosa: Favorited 1 inputs -> 5x boost 
[2025-11-29T01:55:03.695Z] DEBUG: ðŸ‘¤ 31st: Favorited 1 inputs -> 5x boost 
[2025-11-29T01:55:03.695Z] DEBUG: ðŸ‘¤ 33nzo: Favorited 1 inputs -> 5x boost 
[2025-11-29T01:55:03.695Z] DEBUG: ðŸ‘¤ 3foot6: Favorited 1 inputs -> 5x boost 
[2025-11-29T01:55:03.695Z] DEBUG: ðŸ‘¤ 3lder: Favorited 1 inputs -> 5x boost 
[2025-11-29T01:55:03.695Z] DEBUG: ðŸ‘¤ 470pilar: Favorited 1 inputs -> 5x boost 
[2025-11-29T01:55:03.695Z] DEBUG: ðŸ‘¤ 492o9: Favorited 1 inputs -> 5x boost 
[2025-11-29T01:55:03.695Z] DEBUG: ðŸ‘¤ 4skin4hire: Favorited 1 inputs -> 5x boost 
[2025-11-29T01:55:03.695Z] DEBUG: ðŸ‘¤ 501a: Favorited 1 inputs -> 5x boost 
[2025-11-29T01:55:03.697Z] DEBUG: ðŸ‘¤ 60secreviews: Favorited 1 inputs -> 5x boost 
[2025-11-29T01:55:03.697Z] DEBUG: ðŸ‘¤ 63topalian: Favorited 1 inputs -> 5x boost 
[2025-11-29T01:55:03.697Z] DEBUG: ðŸ‘¤ 666hellboy: Favorited 1 inputs -> 5x boost 
[2025-11-29T01:55:03.697Z] DEBUG: ðŸ‘¤ 6evan: Favorited 1 inputs -> 5x boost 
[2025-11-29T01:55:03.697Z] DEBUG: ðŸ‘¤ 70milimetros_: Favorited 1 inputs -> 5x boost 
[2025-11-29T01:55:03.697Z] DEBUG: ðŸ‘¤ 78fahrnheit: Favorited 1 inputs -> 5x boost 
[2025-11-29T01:55:03.697Z] DEBUG: ðŸ‘¤ 7fa: Favorited 1 inputs -> 5x boost 
[2025-11-29T01:55:03.697Z] DEBUG: ðŸ‘¤ 7thcervical: Favorited 1 inputs -> 5x boost 
[2025-11-29T01:55:03.697Z] DEBUG: ðŸ‘¤ 815max: Favorited 1 inputs -> 5x boost 
[2025-11-29T01:55:03.697Z] DEBUG: ðŸ‘¤ 8lbonion: Favorited 1 inputs -> 5x boost 
[2025-11-29T01:55:03.697Z] DEBUG: ðŸ‘¤ _1904: Favorited 1 inputs -> 5x boost 
[2025-11-29T01:55:03.697Z] DEBUG: ðŸ‘¤ a2pcinema: Favorited 1 inputs -> 5x boost 
[2025-11-29T01:55:03.697Z] DEBUG: ðŸ‘¤ a_frame_in_time: Favorited 1 inputs -> 5x boost 
[2025-11-29T01:55:03.697Z] DEBUG: ðŸ‘¤ a_k_h_g_m: Favorited 1 inputs -> 5x boost 
[2025-11-29T01:55:03.697Z] DEBUG: ðŸ‘¤ aa_dqn: Favorited 1 inputs -> 5x boost 
[2025-11-29T01:55:03.697Z] DEBUG: ðŸ‘¤ aaaaaugh: Favorited 1 inputs -> 5x boost 
[2025-11-29T01:55:03.697Z] DEBUG: ðŸ‘¤ aalvesmurilo: Favorited 1 inputs -> 5x boost 
[2025-11-29T01:55:03.697Z] DEBUG: ðŸ‘¤ aaroncharles18: Favorited 1 inputs -> 5x boost 
[2025-11-29T01:55:03.697Z] DEBUG: ðŸ‘¤ aaroncurran: Favorited 1 inputs -> 5x boost 
[2025-11-29T01:55:03.697Z] DEBUG: ðŸ‘¤ aaronthebridge: Favorited 1 inputs -> 5x boost 
[2025-11-29T01:55:03.697Z] DEBUG: ðŸ‘¤ abadeer: Favorited 1 inputs -> 5x boost 
[2025-11-29T01:55:03.697Z] DEBUG: ðŸ‘¤ abdriel: Favorited 1 inputs -> 5x boost 
[2025-11-29T01:55:03.698Z] DEBUG: ðŸ‘¤ abelroxu: Favorited 1 inputs -> 5x boost 
[2025-11-29T01:55:03.698Z] DEBUG: ðŸ‘¤ aberov: Favorited 1 inputs -> 5x boost 
[2025-11-29T01:55:03.698Z] DEBUG: ðŸ‘¤ abetosdouglas: Favorited 1 inputs -> 5x boost 
[2025-11-29T01:55:03.698Z] DEBUG: ðŸ‘¤ abettin: Favorited 1 inputs -> 5x boost 
[2025-11-29T01:55:03.698Z] DEBUG: ðŸ‘¤ abhichatterjee: Favorited 1 inputs -> 5x boost 
[2025-11-29T01:55:03.698Z] DEBUG: ðŸ‘¤ abookofsymbols: Favorited 1 inputs -> 5x boost 
[2025-11-29T01:55:03.698Z] DEBUG: ðŸ‘¤ abroxus: Favorited 1 inputs -> 5x boost 
[2025-11-29T01:55:03.698Z] DEBUG: ðŸ‘¤ abrrntcnvltn: Favorited 1 inputs -> 5x boost 
[2025-11-29T01:55:03.698Z] DEBUG: ðŸ‘¤ abu_harat: Favorited 1 inputs -> 5x boost 
[2025-11-29T01:55:03.698Z] DEBUG: ðŸ‘¤ accordingtocara: Favorited 1 inputs -> 5x boost 
[2025-11-29T01:55:03.698Z] DEBUG: ðŸ‘¤ aceeethinkin: Favorited 1 inputs -> 5x boost 
[2025-11-29T01:55:03.698Z] DEBUG: ðŸ‘¤ acespark: Favorited 1 inputs -> 5x boost 
[2025-11-29T01:55:03.698Z] DEBUG: ðŸ‘¤ achimstrejac1: Favorited 1 inputs -> 5x boost 
[2025-11-29T01:55:03.698Z] DEBUG: ðŸ‘¤ aclezotte: Favorited 1 inputs -> 5x boost 
[2025-11-29T01:55:03.698Z] DEBUG: ðŸ‘¤ acolladou: Favorited 1 inputs -> 5x boost 
[2025-11-29T01:55:03.698Z] DEBUG: ðŸ‘¤ actualbookworm: Favorited 1 inputs -> 5x boost 
[2025-11-29T01:55:03.698Z] DEBUG: ðŸ‘¤ ad_romain: Favorited 1 inputs -> 5x boost 
[2025-11-29T01:55:03.698Z] DEBUG: ðŸ‘¤ adakorrrr: Favorited 1 inputs -> 5x boost 
[2025-11-29T01:55:03.698Z] DEBUG: ðŸ‘¤ adam563: Favorited 1 inputs -> 5x boost 
[2025-11-29T01:55:03.698Z] DEBUG: ðŸ‘¤ adam992: Favorited 1 inputs -> 5x boost 
[2025-11-29T01:55:03.698Z] DEBUG: ðŸ‘¤ adamevans95: Favorited 1 inputs -> 5x boost 
[2025-11-29T01:55:03.698Z] DEBUG: ðŸ‘¤ adamneal: Favorited 1 inputs -> 5x boost 
[2025-11-29T01:55:03.698Z] DEBUG: ðŸ‘¤ adamsandlerily: Favorited 1 inputs -> 5x boost 
[2025-11-29T01:55:03.698Z] DEBUG: ðŸ‘¤ adamski_c: Favorited 1 inputs -> 5x boost 
[2025-11-29T01:55:03.698Z] DEBUG: ðŸ‘¤ adamterrett: Favorited 1 inputs -> 5x boost 
[2025-11-29T01:55:03.699Z] DEBUG: ðŸ‘¤ adamwadam: Favorited 1 inputs -> 5x boost 
[2025-11-29T01:55:03.699Z] DEBUG: ðŸ‘¤ adawg49: Favorited 1 inputs -> 5x boost 
[2025-11-29T01:55:03.699Z] DEBUG: ðŸ‘¤ adawgdude: Favorited 1 inputs -> 5x boost 
[2025-11-29T01:55:03.699Z] DEBUG: ðŸ‘¤ adcaplan: Favorited 1 inputs -> 5x boost 
[2025-11-29T01:55:03.699Z] DEBUG: ðŸ‘¤ adeleblancsec: Favorited 1 inputs -> 5x boost 
[2025-11-29T01:55:03.699Z] DEBUG: ðŸ‘¤ adelitainparis: Favorited 1 inputs -> 5x boost 
[2025-11-29T01:55:03.699Z] DEBUG: ðŸ‘¤ adellamour: Favorited 1 inputs -> 5x boost 
[2025-11-29T01:55:03.699Z] DEBUG: ðŸ‘¤ ademption: Favorited 1 inputs -> 5x boost 
[2025-11-29T01:55:03.699Z] DEBUG: ðŸ‘¤ adezele: Favorited 1 inputs -> 5x boost 
[2025-11-29T01:55:03.699Z] DEBUG: ðŸ‘¤ adl_lrs: Favorited 1 inputs -> 5x boost 
[2025-11-29T01:55:03.699Z] DEBUG: ðŸ‘¤ adlerino: Favorited 1 inputs -> 5x boost 
[2025-11-29T01:55:03.699Z] DEBUG: ðŸ‘¤ admraddus13: Favorited 1 inputs -> 5x boost 
[2025-11-29T01:55:03.699Z] DEBUG: ðŸ‘¤ adoig: Favorited 1 inputs -> 5x boost 
[2025-11-29T01:55:03.699Z] DEBUG: ðŸ‘¤ adolfovil: Favorited 1 inputs -> 5x boost 
[2025-11-29T01:55:03.699Z] DEBUG: ðŸ‘¤ adriakent: Favorited 1 inputs -> 5x boost 
[2025-11-29T01:55:03.699Z] DEBUG: ðŸ‘¤ adrie51: Favorited 1 inputs -> 5x boost 
[2025-11-29T01:55:03.699Z] DEBUG: ðŸ‘¤ adrieni: Favorited 1 inputs -> 5x boost 
[2025-11-29T01:55:03.699Z] DEBUG: ðŸ‘¤ adryelcosmo: Favorited 1 inputs -> 5x boost 
[2025-11-29T01:55:03.699Z] DEBUG: ðŸ‘¤ adsikoko: Favorited 1 inputs -> 5x boost 
[2025-11-29T01:55:03.699Z] DEBUG: ðŸ‘¤ advantagesmith: Favorited 1 inputs -> 5x boost 
[2025-11-29T01:55:03.699Z] DEBUG: ðŸ‘¤ aerology: Favorited 1 inputs -> 5x boost 
[2025-11-29T01:55:03.700Z] DEBUG: ðŸ‘¤ aesile23: Favorited 1 inputs -> 5x boost 
[2025-11-29T01:55:03.700Z] DEBUG: ðŸ‘¤ aessa: Favorited 1 inputs -> 5x boost 
[2025-11-29T01:55:03.700Z] DEBUG: ðŸ‘¤ afader27: Favorited 1 inputs -> 5x boost 
[2025-11-29T01:55:03.700Z] DEBUG: ðŸ‘¤ affamirez: Favorited 1 inputs -> 5x boost 
[2025-11-29T01:55:03.700Z] DEBUG: ðŸ‘¤ afh1995: Favorited 1 inputs -> 5x boost 
[2025-11-29T01:55:03.700Z] DEBUG: ðŸ‘¤ aflore8: Favorited 1 inputs -> 5x boost 
[2025-11-29T01:55:03.700Z] DEBUG: ðŸ‘¤ afrench27: Favorited 1 inputs -> 5x boost 
[2025-11-29T01:55:03.703Z] DEBUG: ðŸ‘¤ afrhodie: Favorited 1 inputs -> 5x boost 
[2025-11-29T01:55:03.703Z] DEBUG: ðŸ‘¤ afuchs1023: Favorited 1 inputs -> 5x boost 
[2025-11-29T01:55:03.703Z] DEBUG: ðŸ‘¤ ag1010: Favorited 1 inputs -> 5x boost 
[2025-11-29T01:55:03.703Z] DEBUG: ðŸ‘¤ ag2905: Favorited 1 inputs -> 5x boost 
[2025-11-29T01:55:03.703Z] DEBUG: ðŸ‘¤ agatabakensztos: Favorited 1 inputs -> 5x boost 
[2025-11-29T01:55:03.703Z] DEBUG: ðŸ‘¤ agentscarn: Favorited 1 inputs -> 5x boost 
[2025-11-29T01:55:03.703Z] DEBUG: ðŸ‘¤ aggieh: Favorited 1 inputs -> 5x boost 
[2025-11-29T01:55:03.703Z] DEBUG: ðŸ‘¤ agibbonist: Favorited 1 inputs -> 5x boost 
[2025-11-29T01:55:03.703Z] DEBUG: ðŸ‘¤ aging_broad: Favorited 1 inputs -> 5x boost 
[2025-11-29T01:55:03.703Z] DEBUG: ðŸ‘¤ agnese_cossu: Favorited 1 inputs -> 5x boost 
[2025-11-29T01:55:03.703Z] DEBUG: ðŸ‘¤ agoddamnedangel: Favorited 1 inputs -> 5x boost 
[2025-11-29T01:55:03.703Z] DEBUG: ðŸ‘¤ agodoy: Favorited 1 inputs -> 5x boost 
[2025-11-29T01:55:03.703Z] DEBUG: ðŸ‘¤ agreenmirage: Favorited 1 inputs -> 5x boost 
[2025-11-29T01:55:03.703Z] DEBUG: ðŸ‘¤ agusayavedra: Favorited 1 inputs -> 5x boost 
[2025-11-29T01:55:03.703Z] DEBUG: ðŸ‘¤ agustinbatalla: Favorited 1 inputs -> 5x boost 
[2025-11-29T01:55:03.703Z] DEBUG: ðŸ‘¤ agvstinav: Favorited 1 inputs -> 5x boost 
[2025-11-29T01:55:03.703Z] DEBUG: ðŸ‘¤ ahendrila: Favorited 1 inputs -> 5x boost 
[2025-11-29T01:55:03.703Z] DEBUG: ðŸ‘¤ ahmcphail: Favorited 1 inputs -> 5x boost 
[2025-11-29T01:55:03.704Z] DEBUG: ðŸ‘¤ ahorkarme: Favorited 1 inputs -> 5x boost 
[2025-11-29T01:55:03.704Z] DEBUG: ðŸ‘¤ ahviana: Favorited 1 inputs -> 5x boost 
[2025-11-29T01:55:03.704Z] DEBUG: ðŸ‘¤ aiazawa: Favorited 1 inputs -> 5x boost 
[2025-11-29T01:55:03.704Z] DEBUG: ðŸ‘¤ aidanduck: Favorited 1 inputs -> 5x boost 
[2025-11-29T01:55:03.704Z] DEBUG: ðŸ‘¤ aikade: Favorited 1 inputs -> 5x boost 
[2025-11-29T01:55:03.704Z] DEBUG: ðŸ‘¤ aikinine: Favorited 1 inputs -> 5x boost 
[2025-11-29T01:55:03.704Z] DEBUG: ðŸ‘¤ aimar21: Favorited 1 inputs -> 5x boost 
[2025-11-29T01:55:03.704Z] DEBUG: ðŸ‘¤ aimboz: Favorited 1 inputs -> 5x boost 
[2025-11-29T01:55:03.704Z] DEBUG: ðŸ‘¤ aindanao: Favorited 1 inputs -> 5x boost 
[2025-11-29T01:55:03.704Z] DEBUG: ðŸ‘¤ airbuddwyer: Favorited 1 inputs -> 5x boost 
[2025-11-29T01:55:03.704Z] DEBUG: ðŸ‘¤ aisha444: Favorited 1 inputs -> 5x boost 
[2025-11-29T01:55:03.704Z] DEBUG: ðŸ‘¤ aishastevensy: Favorited 1 inputs -> 5x boost 
[2025-11-29T01:55:03.704Z] DEBUG: ðŸ‘¤ ajaxganz: Favorited 1 inputs -> 5x boost 
[2025-11-29T01:55:03.704Z] DEBUG: ðŸ‘¤ ajisco: Favorited 1 inputs -> 5x boost 
[2025-11-29T01:55:03.704Z] DEBUG: ðŸ‘¤ ajm313: Favorited 1 inputs -> 5x boost 
[2025-11-29T01:55:03.704Z] DEBUG: ðŸ‘¤ ajohnson0109: Favorited 1 inputs -> 5x boost 
[2025-11-29T01:55:03.704Z] DEBUG: ðŸ‘¤ ajs0203: Favorited 1 inputs -> 5x boost 
[2025-11-29T01:55:03.704Z] DEBUG: ðŸ‘¤ ajsnyder: Favorited 1 inputs -> 5x boost 
[2025-11-29T01:55:03.704Z] DEBUG: ðŸ‘¤ akajeannette: Favorited 1 inputs -> 5x boost 
[2025-11-29T01:55:03.704Z] DEBUG: ðŸ‘¤ akazaya: Favorited 1 inputs -> 5x boost 
[2025-11-29T01:55:03.704Z] DEBUG: ðŸ‘¤ akirataqueda: Favorited 1 inputs -> 5x boost 
[2025-11-29T01:55:03.704Z] DEBUG: ðŸ‘¤ akshansh: Favorited 1 inputs -> 5x boost 
[2025-11-29T01:55:03.704Z] DEBUG: ðŸ‘¤ akshatmishra: Favorited 1 inputs -> 5x boost 
[2025-11-29T01:55:03.704Z] DEBUG: ðŸ‘¤ al83: Favorited 1 inputs -> 5x boost 
[2025-11-29T01:55:03.704Z] DEBUG: ðŸ‘¤ aladyinthemeads: Favorited 1 inputs -> 5x boost 
[2025-11-29T01:55:03.704Z] DEBUG: ðŸ‘¤ alainb: Favorited 1 inputs -> 5x boost 
[2025-11-29T01:55:03.705Z] DEBUG: ðŸ‘¤ alan_mamruth: Favorited 1 inputs -> 5x boost 
[2025-11-29T01:55:03.705Z] DEBUG: ðŸ‘¤ alanhunter: Favorited 1 inputs -> 5x boost 
[2025-11-29T01:55:03.705Z] DEBUG: ðŸ‘¤ alannatyre: Favorited 1 inputs -> 5x boost 
[2025-11-29T01:55:03.705Z] DEBUG: ðŸ‘¤ alaunohda: Favorited 1 inputs -> 5x boost 
[2025-11-29T01:55:03.705Z] DEBUG: ðŸ‘¤ alb981: Favorited 1 inputs -> 5x boost 
[2025-11-29T01:55:03.705Z] DEBUG: ðŸ‘¤ albaron: Favorited 1 inputs -> 5x boost 
[2025-11-29T01:55:03.705Z] DEBUG: ðŸ‘¤ albatros_06: Favorited 1 inputs -> 5x boost 
[2025-11-29T01:55:03.705Z] DEBUG: ðŸ‘¤ albatrosseatsap: Favorited 1 inputs -> 5x boost 
[2025-11-29T01:55:03.705Z] DEBUG: ðŸ‘¤ albertodorsi: Favorited 1 inputs -> 5x boost 
[2025-11-29T01:55:03.705Z] DEBUG: ðŸ‘¤ albertrex: Favorited 1 inputs -> 5x boost 
[2025-11-29T01:55:03.705Z] DEBUG: ðŸ‘¤ alcottt: Favorited 1 inputs -> 5x boost 
[2025-11-29T01:55:03.705Z] DEBUG: ðŸ‘¤ aldavs: Favorited 1 inputs -> 5x boost 
[2025-11-29T01:55:03.705Z] DEBUG: ðŸ‘¤ aldomntg: Favorited 1 inputs -> 5x boost 
[2025-11-29T01:55:03.705Z] DEBUG: ðŸ‘¤ aleappiani: Favorited 1 inputs -> 5x boost 
[2025-11-29T01:55:03.705Z] DEBUG: ðŸ‘¤ aleboh: Favorited 1 inputs -> 5x boost 
[2025-11-29T01:55:03.705Z] DEBUG: ðŸ‘¤ alecbernal: Favorited 1 inputs -> 5x boost 
[2025-11-29T01:55:03.705Z] DEBUG: ðŸ‘¤ alecuevas08: Favorited 1 inputs -> 5x boost 
[2025-11-29T01:55:03.705Z] DEBUG: ðŸ‘¤ aleen: Favorited 1 inputs -> 5x boost 
[2025-11-29T01:55:03.705Z] DEBUG: ðŸ‘¤ alejandromorale: Favorited 1 inputs -> 5x boost 
[2025-11-29T01:55:03.705Z] DEBUG: ðŸ‘¤ alemanc: Favorited 1 inputs -> 5x boost 
[2025-11-29T01:55:03.705Z] DEBUG: ðŸ‘¤ aleskyanne: Favorited 1 inputs -> 5x boost 
[2025-11-29T01:55:03.705Z] DEBUG: ðŸ‘¤ alessandro_96: Favorited 1 inputs -> 5x boost 
[2025-11-29T01:55:03.705Z] DEBUG: ðŸ‘¤ alessandro_msnt: Favorited 1 inputs -> 5x boost 
[2025-11-29T01:55:03.705Z] DEBUG: ðŸ‘¤ alessandroteo: Favorited 1 inputs -> 5x boost 
[2025-11-29T01:55:03.705Z] DEBUG: ðŸ‘¤ alessd: Favorited 1 inputs -> 5x boost 
[2025-11-29T01:55:03.705Z] DEBUG: ðŸ‘¤ alessiospinelli: Favorited 1 inputs -> 5x boost 
[2025-11-29T01:55:03.705Z] DEBUG: ðŸ‘¤ alex114: Favorited 1 inputs -> 5x boost 
[2025-11-29T01:55:03.705Z] DEBUG: ðŸ‘¤ alex_eubanks: Favorited 1 inputs -> 5x boost 
[2025-11-29T01:55:03.705Z] DEBUG: ðŸ‘¤ alex_tstnr: Favorited 1 inputs -> 5x boost 
[2025-11-29T01:55:03.705Z] DEBUG: ðŸ‘¤ alex_untitled: Favorited 1 inputs -> 5x boost 
[2025-11-29T01:55:03.705Z] DEBUG: ðŸ‘¤ alex_yeghiazari: Favorited 1 inputs -> 5x boost 
[2025-11-29T01:55:03.705Z] DEBUG: ðŸ‘¤ alexaeb: Favorited 1 inputs -> 5x boost 
[2025-11-29T01:55:03.706Z] DEBUG: ðŸ‘¤ alexandracaskin: Favorited 1 inputs -> 5x boost 
[2025-11-29T01:55:03.706Z] DEBUG: ðŸ‘¤ alexandraclark: Favorited 1 inputs -> 5x boost 
[2025-11-29T01:55:03.706Z] DEBUG: ðŸ‘¤ alexandramotown: Favorited 1 inputs -> 5x boost 
[2025-11-29T01:55:03.706Z] DEBUG: ðŸ‘¤ alexandrenahon: Favorited 1 inputs -> 5x boost 
[2025-11-29T01:55:03.706Z] DEBUG: ðŸ‘¤ alexandria2: Favorited 1 inputs -> 5x boost 
[2025-11-29T01:55:03.706Z] DEBUG: ðŸ‘¤ alexbush: Favorited 1 inputs -> 5x boost 
[2025-11-29T01:55:03.706Z] DEBUG: ðŸ‘¤ alexcassavetes: Favorited 1 inputs -> 5x boost 
[2025-11-29T01:55:03.706Z] DEBUG: ðŸ‘¤ alexfurssedonn: Favorited 1 inputs -> 5x boost 
[2025-11-29T01:55:03.706Z] DEBUG: ðŸ‘¤ alexgiglio99: Favorited 1 inputs -> 5x boost 
[2025-11-29T01:55:03.706Z] DEBUG: ðŸ‘¤ alexhendricks98: Favorited 1 inputs -> 5x boost 
[2025-11-29T01:55:03.706Z] DEBUG: ðŸ‘¤ alexishavana: Favorited 1 inputs -> 5x boost 
[2025-11-29T01:55:03.706Z] DEBUG: ðŸ‘¤ alexj0nes84: Favorited 1 inputs -> 5x boost 
[2025-11-29T01:55:03.706Z] DEBUG: ðŸ‘¤ alexmarquis: Favorited 1 inputs -> 5x boost 
[2025-11-29T01:55:03.706Z] DEBUG: ðŸ‘¤ alexmopo: Favorited 1 inputs -> 5x boost 
[2025-11-29T01:55:03.706Z] DEBUG: ðŸ‘¤ alexnichols: Favorited 1 inputs -> 5x boost 
[2025-11-29T01:55:03.706Z] DEBUG: ðŸ‘¤ alexsnz: Favorited 1 inputs -> 5x boost 
[2025-11-29T01:55:03.706Z] DEBUG: ðŸ‘¤ alextrinder: Favorited 1 inputs -> 5x boost 
[2025-11-29T01:55:03.706Z] DEBUG: ðŸ‘¤ alexvisoiu: Favorited 1 inputs -> 5x boost 
[2025-11-29T01:55:03.706Z] DEBUG: ðŸ‘¤ alf77: Favorited 1 inputs -> 5x boost 
[2025-11-29T01:55:03.706Z] DEBUG: ðŸ‘¤ alfakakauhe: Favorited 1 inputs -> 5x boost 
[2025-11-29T01:55:03.706Z] DEBUG: ðŸ‘¤ alffan69: Favorited 1 inputs -> 5x boost 
[2025-11-29T01:55:03.706Z] DEBUG: ðŸ‘¤ alfie_dollimore: Favorited 1 inputs -> 5x boost 
[2025-11-29T01:55:03.706Z] DEBUG: ðŸ‘¤ alfonso70: Favorited 1 inputs -> 5x boost 
[2025-11-29T01:55:03.706Z] DEBUG: ðŸ‘¤ alfred_hitchbot: Favorited 1 inputs -> 5x boost 
[2025-11-29T01:55:03.706Z] DEBUG: ðŸ‘¤ alfred_kralik: Favorited 1 inputs -> 5x boost 
[2025-11-29T01:55:03.706Z] DEBUG: ðŸ‘¤ alfredopacino3: Favorited 1 inputs -> 5x boost 
[2025-11-29T01:55:03.706Z] DEBUG: ðŸ‘¤ ali22ab: Favorited 1 inputs -> 5x boost 
[2025-11-29T01:55:03.706Z] DEBUG: ðŸ‘¤ aliasgill: Favorited 1 inputs -> 5x boost 
[2025-11-29T01:55:03.706Z] DEBUG: ðŸ‘¤ alicedelabriere: Favorited 1 inputs -> 5x boost 
[2025-11-29T01:55:03.707Z] INFO: ðŸ† Top affinity users: 
[2025-11-29T01:55:03.707Z] INFO:   36350: 5.00x (0 likes, 1 favorites) 
[2025-11-29T01:55:03.707Z] INFO:   971718: 5.00x (0 likes, 1 favorites) 
[2025-11-29T01:55:03.707Z] INFO:   1343215243: 5.00x (0 likes, 1 favorites) 
[2025-11-29T01:55:03.707Z] INFO:   01magid: 5.00x (0 likes, 1 favorites) 
[2025-11-29T01:55:03.707Z] INFO:   0atly: 5.00x (0 likes, 1 favorites) 
[2025-11-29T01:55:03.707Z] INFO: ðŸŽ¬ STEP 3: Fetching other movies from these users 
[2025-11-29T01:55:03.756Z] INFO: ðŸ‘ 200 users liked the-night-of-the-hunter 
[2025-11-29T01:55:03.881Z] INFO: â­ 200 users favorited beau-is-afraid 
[2025-11-29T01:55:03.952Z] INFO: â­ 200 users favorited the-night-of-the-hunter 
[2025-11-29T01:55:03.952Z] INFO: ðŸ‘¥ Total users who interacted: 797 
[2025-11-29T01:55:03.952Z] INFO: ðŸ“Š STEP 2: Calculating user affinity scores 
[2025-11-29T01:55:03.953Z] DEBUG: ðŸ‘¤ 36350: Favorited 1 inputs -> 5x boost 
[2025-11-29T01:55:03.953Z] DEBUG: ðŸ‘¤ 971718: Favorited 1 inputs -> 5x boost 
[2025-11-29T01:55:03.953Z] DEBUG: ðŸ‘¤ 1343215243: Favorited 1 inputs -> 5x boost 
[2025-11-29T01:55:03.953Z] DEBUG: ðŸ‘¤ callum0k: Liked 2 inputs -> 3x boost 
[2025-11-29T01:55:03.953Z] DEBUG: ðŸ‘¤ castrovalvas: Liked 2 inputs -> 3x boost 
[2025-11-29T01:55:03.953Z] DEBUG: ðŸ‘¤ pkronhamn: Liked 2 inputs -> 3x boost 
[2025-11-29T01:55:03.953Z] DEBUG: ðŸ‘¤ 01magid: Favorited 1 inputs -> 5x boost 
[2025-11-29T01:55:03.953Z] DEBUG: ðŸ‘¤ 0atly: Favorited 1 inputs -> 5x boost 
[2025-11-29T01:55:03.953Z] DEBUG: ðŸ‘¤ 0ct0bergirl: Favorited 1 inputs -> 5x boost 
[2025-11-29T01:55:03.953Z] DEBUG: ðŸ‘¤ 0f_tuna: Favorited 1 inputs -> 5x boost 
[2025-11-29T01:55:03.953Z] DEBUG: ðŸ‘¤ 0pavel: Favorited 1 inputs -> 5x boost 
[2025-11-29T01:55:03.953Z] DEBUG: ðŸ‘¤ 100naziscalps: Favorited 1 inputs -> 5x boost 
[2025-11-29T01:55:03.953Z] DEBUG: ðŸ‘¤ 11coll: Favorited 1 inputs -> 5x boost 
[2025-11-29T01:55:03.953Z] DEBUG: ðŸ‘¤ 11estroud: Favorited 1 inputs -> 5x boost 
[2025-11-29T01:55:03.953Z] DEBUG: ðŸ‘¤ 123urawesome: Favorited 1 inputs -> 5x boost 
[2025-11-29T01:55:03.953Z] DEBUG: ðŸ‘¤ 12horses: Favorited 1 inputs -> 5x boost 
[2025-11-29T01:55:03.953Z] DEBUG: ðŸ‘¤ 12thvenus: Favorited 1 inputs -> 5x boost 
[2025-11-29T01:55:03.953Z] DEBUG: ðŸ‘¤ 1b1faces: Favorited 1 inputs -> 5x boost 
[2025-11-29T01:55:03.953Z] DEBUG: ðŸ‘¤ 1imir: Favorited 1 inputs -> 5x boost 
[2025-11-29T01:55:03.953Z] DEBUG: ðŸ‘¤ 1mateoz: Favorited 1 inputs -> 5x boost 
[2025-11-29T01:55:03.954Z] DEBUG: ðŸ‘¤ 1spunlobster: Favorited 1 inputs -> 5x boost 
[2025-11-29T01:55:03.954Z] DEBUG: ðŸ‘¤ 2003skohei: Favorited 1 inputs -> 5x boost 
[2025-11-29T01:55:03.954Z] DEBUG: ðŸ‘¤ 20teethinaglass: Favorited 1 inputs -> 5x boost 
[2025-11-29T01:55:03.954Z] DEBUG: ðŸ‘¤ 28njwhite: Favorited 1 inputs -> 5x boost 
[2025-11-29T01:55:03.954Z] DEBUG: ðŸ‘¤ 2chelly2belly: Favorited 1 inputs -> 5x boost 
[2025-11-29T01:55:03.954Z] DEBUG: ðŸ‘¤ 2cool4schoolz: Favorited 1 inputs -> 5x boost 
[2025-11-29T01:55:03.954Z] DEBUG: ðŸ‘¤ 2kibb: Favorited 1 inputs -> 5x boost 
[2025-11-29T01:55:03.954Z] DEBUG: ðŸ‘¤ 2smallchildren: Favorited 1 inputs -> 5x boost 
[2025-11-29T01:55:03.954Z] DEBUG: ðŸ‘¤ 2tall2fall: Favorited 1 inputs -> 5x boost 
[2025-11-29T01:55:03.954Z] DEBUG: ðŸ‘¤ 35t4v1d4: Favorited 1 inputs -> 5x boost 
[2025-11-29T01:55:03.954Z] DEBUG: ðŸ‘¤ 3leo3: Favorited 1 inputs -> 5x boost 
[2025-11-29T01:55:03.954Z] DEBUG: ðŸ‘¤ 3llie_bells: Favorited 1 inputs -> 5x boost 
[2025-11-29T01:55:03.954Z] DEBUG: ðŸ‘¤ 4riete: Favorited 1 inputs -> 5x boost 
[2025-11-29T01:55:03.954Z] DEBUG: ðŸ‘¤ 4rmadio: Favorited 1 inputs -> 5x boost 
[2025-11-29T01:55:03.954Z] DEBUG: ðŸ‘¤ 5ftoblerone: Favorited 1 inputs -> 5x boost 
[2025-11-29T01:55:03.954Z] DEBUG: ðŸ‘¤ 5ifth: Favorited 1 inputs -> 5x boost 
[2025-11-29T01:55:03.954Z] DEBUG: ðŸ‘¤ 666bemma: Favorited 1 inputs -> 5x boost 
[2025-11-29T01:55:03.954Z] DEBUG: ðŸ‘¤ 66jupiter: Favorited 1 inputs -> 5x boost 
[2025-11-29T01:55:03.954Z] DEBUG: ðŸ‘¤ 6ak: Favorited 1 inputs -> 5x boost 
[2025-11-29T01:55:03.954Z] DEBUG: ðŸ‘¤ 7c8: Favorited 1 inputs -> 5x boost 
[2025-11-29T01:55:03.954Z] DEBUG: ðŸ‘¤ 8bian: Favorited 1 inputs -> 5x boost 
[2025-11-29T01:55:03.954Z] DEBUG: ðŸ‘¤ 8uckl3y: Favorited 1 inputs -> 5x boost 
[2025-11-29T01:55:03.954Z] DEBUG: ðŸ‘¤ 90s4ngel: Favorited 1 inputs -> 5x boost 
[2025-11-29T01:55:03.954Z] DEBUG: ðŸ‘¤ 999yak0b999: Favorited 1 inputs -> 5x boost 
[2025-11-29T01:55:03.954Z] DEBUG: ðŸ‘¤ 99percentsilk: Favorited 1 inputs -> 5x boost 
[2025-11-29T01:55:03.954Z] DEBUG: ðŸ‘¤ _2ccx: Favorited 1 inputs -> 5x boost 
[2025-11-29T01:55:03.954Z] DEBUG: ðŸ‘¤ _absolutely_: Favorited 1 inputs -> 5x boost 
[2025-11-29T01:55:03.954Z] DEBUG: ðŸ‘¤ _ahmetemin: Favorited 1 inputs -> 5x boost 
[2025-11-29T01:55:03.955Z] DEBUG: ðŸ‘¤ a166443df: Favorited 1 inputs -> 5x boost 
[2025-11-29T01:55:03.955Z] DEBUG: ðŸ‘¤ a1emily: Favorited 1 inputs -> 5x boost 
[2025-11-29T01:55:03.955Z] DEBUG: ðŸ‘¤ a1exdur0: Favorited 1 inputs -> 5x boost 
[2025-11-29T01:55:03.955Z] DEBUG: ðŸ‘¤ a1onsoar3a11o: Favorited 1 inputs -> 5x boost 
[2025-11-29T01:55:03.955Z] DEBUG: ðŸ‘¤ a24goth: Favorited 1 inputs -> 5x boost 
[2025-11-29T01:55:03.955Z] DEBUG: ðŸ‘¤ a24wh0reee: Favorited 1 inputs -> 5x boost 
[2025-11-29T01:55:03.955Z] DEBUG: ðŸ‘¤ a_borrellj: Favorited 1 inputs -> 5x boost 
[2025-11-29T01:55:03.955Z] DEBUG: ðŸ‘¤ a_damn_uno: Favorited 1 inputs -> 5x boost 
[2025-11-29T01:55:03.955Z] DEBUG: ðŸ‘¤ aaaaaverey: Favorited 1 inputs -> 5x boost 
[2025-11-29T01:55:03.955Z] DEBUG: ðŸ‘¤ aaaarrrss: Favorited 1 inputs -> 5x boost 
[2025-11-29T01:55:03.955Z] DEBUG: ðŸ‘¤ aaadrain: Favorited 1 inputs -> 5x boost 
[2025-11-29T01:55:03.955Z] DEBUG: ðŸ‘¤ aaburto: Favorited 1 inputs -> 5x boost 
[2025-11-29T01:55:03.955Z] DEBUG: ðŸ‘¤ aaliyahp: Favorited 1 inputs -> 5x boost 
[2025-11-29T01:55:03.955Z] DEBUG: ðŸ‘¤ aaphill18: Favorited 1 inputs -> 5x boost 
[2025-11-29T01:55:03.955Z] DEBUG: ðŸ‘¤ aaron_gumboy: Favorited 1 inputs -> 5x boost 
[2025-11-29T01:55:03.955Z] DEBUG: ðŸ‘¤ aaronrugg: Favorited 1 inputs -> 5x boost 
[2025-11-29T01:55:03.955Z] DEBUG: ðŸ‘¤ abbeju: Favorited 1 inputs -> 5x boost 
[2025-11-29T01:55:03.955Z] DEBUG: ðŸ‘¤ abbyandersonsbf: Favorited 1 inputs -> 5x boost 
[2025-11-29T01:55:03.955Z] DEBUG: ðŸ‘¤ abcdent: Favorited 1 inputs -> 5x boost 
[2025-11-29T01:55:03.955Z] DEBUG: ðŸ‘¤ abigail1100: Favorited 1 inputs -> 5x boost 
[2025-11-29T01:55:03.955Z] DEBUG: ðŸ‘¤ abii2022: Favorited 1 inputs -> 5x boost 
[2025-11-29T01:55:03.955Z] DEBUG: ðŸ‘¤ abril7312: Favorited 1 inputs -> 5x boost 
[2025-11-29T01:55:03.955Z] DEBUG: ðŸ‘¤ ace6g: Favorited 1 inputs -> 5x boost 
[2025-11-29T01:55:03.955Z] DEBUG: ðŸ‘¤ acehrs: Favorited 1 inputs -> 5x boost 
[2025-11-29T01:55:03.955Z] DEBUG: ðŸ‘¤ aceynth: Favorited 1 inputs -> 5x boost 
[2025-11-29T01:55:03.955Z] DEBUG: ðŸ‘¤ achilles24: Favorited 1 inputs -> 5x boost 
[2025-11-29T01:55:03.955Z] DEBUG: ðŸ‘¤ achter_de_boom: Favorited 1 inputs -> 5x boost 
[2025-11-29T01:55:03.955Z] DEBUG: ðŸ‘¤ acylchloride: Favorited 1 inputs -> 5x boost 
[2025-11-29T01:55:03.955Z] DEBUG: ðŸ‘¤ adamfisher321: Favorited 1 inputs -> 5x boost 
[2025-11-29T01:55:03.955Z] DEBUG: ðŸ‘¤ adamkaaa: Favorited 1 inputs -> 5x boost 
[2025-11-29T01:55:03.955Z] DEBUG: ðŸ‘¤ adammahfr: Favorited 1 inputs -> 5x boost 
[2025-11-29T01:55:03.955Z] DEBUG: ðŸ‘¤ adampolanik: Favorited 1 inputs -> 5x boost 
[2025-11-29T01:55:03.955Z] DEBUG: ðŸ‘¤ adamrara: Favorited 1 inputs -> 5x boost 
[2025-11-29T01:55:03.955Z] DEBUG: ðŸ‘¤ adamrusso22: Favorited 1 inputs -> 5x boost 
[2025-11-29T01:55:03.956Z] DEBUG: ðŸ‘¤ adclown: Favorited 1 inputs -> 5x boost 
[2025-11-29T01:55:03.956Z] DEBUG: ðŸ‘¤ addijane: Favorited 1 inputs -> 5x boost 
[2025-11-29T01:55:03.956Z] DEBUG: ðŸ‘¤ addytayy: Favorited 1 inputs -> 5x boost 
[2025-11-29T01:55:03.956Z] DEBUG: ðŸ‘¤ adetoni626: Favorited 1 inputs -> 5x boost 
[2025-11-29T01:55:03.956Z] DEBUG: ðŸ‘¤ adrianth: Favorited 1 inputs -> 5x boost 
[2025-11-29T01:55:03.956Z] DEBUG: ðŸ‘¤ adribadillo: Favorited 1 inputs -> 5x boost 
[2025-11-29T01:55:03.956Z] DEBUG: ðŸ‘¤ adriftmoon: Favorited 1 inputs -> 5x boost 
[2025-11-29T01:55:03.956Z] DEBUG: ðŸ‘¤ adrnisnt: Favorited 1 inputs -> 5x boost 
[2025-11-29T01:55:03.956Z] DEBUG: ðŸ‘¤ aducnhan: Favorited 1 inputs -> 5x boost 
[2025-11-29T01:55:03.956Z] DEBUG: ðŸ‘¤ aeywon: Favorited 1 inputs -> 5x boost 
[2025-11-29T01:55:03.956Z] DEBUG: ðŸ‘¤ aggylar: Favorited 1 inputs -> 5x boost 
[2025-11-29T01:55:03.956Z] DEBUG: ðŸ‘¤ agrad1: Favorited 1 inputs -> 5x boost 
[2025-11-29T01:55:03.956Z] DEBUG: ðŸ‘¤ agusinvestiga: Favorited 1 inputs -> 5x boost 
[2025-11-29T01:55:03.956Z] DEBUG: ðŸ‘¤ ahmed92kira: Favorited 1 inputs -> 5x boost 
[2025-11-29T01:55:03.956Z] DEBUG: ðŸ‘¤ ahmedhatemhelal: Favorited 1 inputs -> 5x boost 
[2025-11-29T01:55:03.956Z] DEBUG: ðŸ‘¤ aidancarter35: Favorited 1 inputs -> 5x boost 
[2025-11-29T01:55:03.956Z] DEBUG: ðŸ‘¤ aidanpine: Favorited 1 inputs -> 5x boost 
[2025-11-29T01:55:03.956Z] DEBUG: ðŸ‘¤ aieterox: Favorited 1 inputs -> 5x boost 
[2025-11-29T01:55:03.956Z] DEBUG: ðŸ‘¤ airasterfan: Favorited 1 inputs -> 5x boost 
[2025-11-29T01:55:03.956Z] DEBUG: ðŸ‘¤ aiyae: Favorited 1 inputs -> 5x boost 
[2025-11-29T01:55:03.956Z] DEBUG: ðŸ‘¤ aizenssword: Favorited 1 inputs -> 5x boost 
[2025-11-29T01:55:03.956Z] DEBUG: ðŸ‘¤ ajbakes1: Favorited 1 inputs -> 5x boost 
[2025-11-29T01:55:03.956Z] DEBUG: ðŸ‘¤ ajciv: Favorited 1 inputs -> 5x boost 
[2025-11-29T01:55:03.956Z] DEBUG: ðŸ‘¤ akatlong: Favorited 1 inputs -> 5x boost 
[2025-11-29T01:55:03.956Z] DEBUG: ðŸ‘¤ akishajj: Favorited 1 inputs -> 5x boost 
[2025-11-29T01:55:03.956Z] DEBUG: ðŸ‘¤ akrobitaille: Favorited 1 inputs -> 5x boost 
[2025-11-29T01:55:03.956Z] DEBUG: ðŸ‘¤ alan_nilsen: Favorited 1 inputs -> 5x boost 
[2025-11-29T01:55:03.956Z] DEBUG: ðŸ‘¤ alanbinyasan: Favorited 1 inputs -> 5x boost 
[2025-11-29T01:55:03.956Z] DEBUG: ðŸ‘¤ alanmtzm06: Favorited 1 inputs -> 5x boost 
[2025-11-29T01:55:03.956Z] DEBUG: ðŸ‘¤ alanxdiaz: Favorited 1 inputs -> 5x boost 
[2025-11-29T01:55:03.956Z] DEBUG: ðŸ‘¤ albaniansans: Favorited 1 inputs -> 5x boost 
[2025-11-29T01:55:03.956Z] DEBUG: ðŸ‘¤ albertirijillo: Favorited 1 inputs -> 5x boost 
[2025-11-29T01:55:03.956Z] DEBUG: ðŸ‘¤ albiiiiiin: Favorited 1 inputs -> 5x boost 
[2025-11-29T01:55:03.956Z] DEBUG: ðŸ‘¤ albinisterrific: Favorited 1 inputs -> 5x boost 
[2025-11-29T01:55:03.957Z] DEBUG: ðŸ‘¤ albionn: Favorited 1 inputs -> 5x boost 
[2025-11-29T01:55:03.957Z] DEBUG: ðŸ‘¤ alcachofra: Favorited 1 inputs -> 5x boost 
[2025-11-29T01:55:03.957Z] DEBUG: ðŸ‘¤ alcasys: Favorited 1 inputs -> 5x boost 
[2025-11-29T01:55:03.957Z] DEBUG: ðŸ‘¤ aldiniqesad: Favorited 1 inputs -> 5x boost 
[2025-11-29T01:55:03.957Z] DEBUG: ðŸ‘¤ aldo2323: Favorited 1 inputs -> 5x boost 
[2025-11-29T01:55:03.957Z] DEBUG: ðŸ‘¤ ale66cl: Favorited 1 inputs -> 5x boost 
[2025-11-29T01:55:03.957Z] DEBUG: ðŸ‘¤ ale9000: Favorited 1 inputs -> 5x boost 
[2025-11-29T01:55:03.957Z] DEBUG: ðŸ‘¤ ale_perra: Favorited 1 inputs -> 5x boost 
[2025-11-29T01:55:03.957Z] DEBUG: ðŸ‘¤ aledymeww: Favorited 1 inputs -> 5x boost 
[2025-11-29T01:55:03.957Z] DEBUG: ðŸ‘¤ alekk_: Favorited 1 inputs -> 5x boost 
[2025-11-29T01:55:03.957Z] DEBUG: ðŸ‘¤ alekonvm: Favorited 1 inputs -> 5x boost 
[2025-11-29T01:55:03.957Z] DEBUG: ðŸ‘¤ aleksisv: Favorited 1 inputs -> 5x boost 
[2025-11-29T01:55:03.957Z] DEBUG: ðŸ‘¤ alelelli25: Favorited 1 inputs -> 5x boost 
[2025-11-29T01:55:03.957Z] DEBUG: ðŸ‘¤ alelunch5: Favorited 1 inputs -> 5x boost 
[2025-11-29T01:55:03.957Z] DEBUG: ðŸ‘¤ alenkadoyle: Favorited 1 inputs -> 5x boost 
[2025-11-29T01:55:03.957Z] DEBUG: ðŸ‘¤ alessiomusi: Favorited 1 inputs -> 5x boost 
[2025-11-29T01:55:03.957Z] DEBUG: ðŸ‘¤ alex2323p: Favorited 1 inputs -> 5x boost 
[2025-11-29T01:55:03.957Z] DEBUG: ðŸ‘¤ alex33: Favorited 1 inputs -> 5x boost 
[2025-11-29T01:55:03.957Z] DEBUG: ðŸ‘¤ alex6_eats: Favorited 1 inputs -> 5x boost 
[2025-11-29T01:55:03.957Z] DEBUG: ðŸ‘¤ alexaarmas: Favorited 1 inputs -> 5x boost 
[2025-11-29T01:55:03.957Z] DEBUG: ðŸ‘¤ alexander839: Favorited 1 inputs -> 5x boost 
[2025-11-29T01:55:03.957Z] DEBUG: ðŸ‘¤ alexanderhat: Favorited 1 inputs -> 5x boost 
[2025-11-29T01:55:03.957Z] DEBUG: ðŸ‘¤ alexandriabitch: Favorited 1 inputs -> 5x boost 
[2025-11-29T01:55:03.957Z] DEBUG: ðŸ‘¤ alexapolette: Favorited 1 inputs -> 5x boost 
[2025-11-29T01:55:03.957Z] DEBUG: ðŸ‘¤ alexei666: Favorited 1 inputs -> 5x boost 
[2025-11-29T01:55:03.957Z] DEBUG: ðŸ‘¤ alexfilmz04: Favorited 1 inputs -> 5x boost 
[2025-11-29T01:55:03.957Z] DEBUG: ðŸ‘¤ alexisluvsa24: Favorited 1 inputs -> 5x boost 
[2025-11-29T01:55:03.957Z] DEBUG: ðŸ‘¤ alexl5: Favorited 1 inputs -> 5x boost 
[2025-11-29T01:55:03.957Z] DEBUG: ðŸ‘¤ alexled: Favorited 1 inputs -> 5x boost 
[2025-11-29T01:55:03.957Z] DEBUG: ðŸ‘¤ alexmustgo: Favorited 1 inputs -> 5x boost 
[2025-11-29T01:55:03.957Z] DEBUG: ðŸ‘¤ alexo_tan: Favorited 1 inputs -> 5x boost 
[2025-11-29T01:55:03.957Z] DEBUG: ðŸ‘¤ alexscouch: Favorited 1 inputs -> 5x boost 
[2025-11-29T01:55:03.957Z] DEBUG: ðŸ‘¤ alexxkister: Favorited 1 inputs -> 5x boost 
[2025-11-29T01:55:03.957Z] DEBUG: ðŸ‘¤ alexxx_zl: Favorited 1 inputs -> 5x boost 
[2025-11-29T01:55:03.957Z] DEBUG: ðŸ‘¤ alfred_bttnr: Favorited 1 inputs -> 5x boost 
[2025-11-29T01:55:03.958Z] DEBUG: ðŸ‘¤ alice985: Favorited 1 inputs -> 5x boost 
[2025-11-29T01:55:03.958Z] DEBUG: ðŸ‘¤ aliceeee33: Favorited 1 inputs -> 5x boost 
[2025-11-29T01:55:03.958Z] DEBUG: ðŸ‘¤ alicemerturk: Favorited 1 inputs -> 5x boost 
[2025-11-29T01:55:03.958Z] DEBUG: ðŸ‘¤ alicerowden: Favorited 1 inputs -> 5x boost 
[2025-11-29T01:55:03.958Z] DEBUG: ðŸ‘¤ aliens3tiddies: Favorited 1 inputs -> 5x boost 
[2025-11-29T01:55:03.958Z] DEBUG: ðŸ‘¤ alienshampoo: Favorited 1 inputs -> 5x boost 
[2025-11-29T01:55:03.958Z] DEBUG: ðŸ‘¤ alijah_blue: Favorited 1 inputs -> 5x boost 
[2025-11-29T01:55:03.958Z] DEBUG: ðŸ‘¤ alisabusu: Favorited 1 inputs -> 5x boost 
[2025-11-29T01:55:03.958Z] DEBUG: ðŸ‘¤ alissaxw: Favorited 1 inputs -> 5x boost 
[2025-11-29T01:55:03.958Z] DEBUG: ðŸ‘¤ alixcrist: Favorited 1 inputs -> 5x boost 
[2025-11-29T01:55:03.958Z] DEBUG: ðŸ‘¤ allie008: Favorited 1 inputs -> 5x boost 
[2025-11-29T01:55:03.958Z] DEBUG: ðŸ‘¤ allwhitecastle: Favorited 1 inputs -> 5x boost 
[2025-11-29T01:55:03.958Z] DEBUG: ðŸ‘¤ almiraslley: Favorited 1 inputs -> 5x boost 
[2025-11-29T01:55:03.958Z] DEBUG: ðŸ‘¤ almostshankara: Favorited 1 inputs -> 5x boost 
[2025-11-29T01:55:03.958Z] DEBUG: ðŸ‘¤ alofn: Favorited 1 inputs -> 5x boost 
[2025-11-29T01:55:03.958Z] DEBUG: ðŸ‘¤ alphrose: Favorited 1 inputs -> 5x boost 
[2025-11-29T01:55:03.958Z] DEBUG: ðŸ‘¤ alpt4: Favorited 1 inputs -> 5x boost 
[2025-11-29T01:55:03.958Z] DEBUG: ðŸ‘¤ alskom: Favorited 1 inputs -> 5x boost 
[2025-11-29T01:55:03.958Z] DEBUG: ðŸ‘¤ alth_ea: Favorited 1 inputs -> 5x boost 
[2025-11-29T01:55:03.958Z] DEBUG: ðŸ‘¤ altijdhardt: Favorited 1 inputs -> 5x boost 
[2025-11-29T01:55:03.958Z] DEBUG: ðŸ‘¤ alvarligt: Favorited 1 inputs -> 5x boost 
[2025-11-29T01:55:03.958Z] DEBUG: ðŸ‘¤ alwayswithwater: Favorited 1 inputs -> 5x boost 
[2025-11-29T01:55:03.958Z] DEBUG: ðŸ‘¤ alyssabmays: Favorited 1 inputs -> 5x boost 
[2025-11-29T01:55:03.958Z] DEBUG: ðŸ‘¤ alyssajos: Favorited 1 inputs -> 5x boost 
[2025-11-29T01:55:03.958Z] DEBUG: ðŸ‘¤ alyxalyxandria: Favorited 1 inputs -> 5x boost 
[2025-11-29T01:55:03.958Z] DEBUG: ðŸ‘¤ amalaise: Favorited 1 inputs -> 5x boost 
[2025-11-29T01:55:03.959Z] DEBUG: ðŸ‘¤ amandatenz: Favorited 1 inputs -> 5x boost 
[2025-11-29T01:55:03.959Z] DEBUG: ðŸ‘¤ amaranthh: Favorited 1 inputs -> 5x boost 
[2025-11-29T01:55:03.959Z] DEBUG: ðŸ‘¤ amari3527: Favorited 1 inputs -> 5x boost 
[2025-11-29T01:55:03.959Z] DEBUG: ðŸ‘¤ amarisou: Favorited 1 inputs -> 5x boost 
[2025-11-29T01:55:03.959Z] DEBUG: ðŸ‘¤ ambiguous_evan: Favorited 1 inputs -> 5x boost 
[2025-11-29T01:55:03.959Z] DEBUG: ðŸ‘¤ ambivalence6: Favorited 1 inputs -> 5x boost 
[2025-11-29T01:55:03.959Z] DEBUG: ðŸ‘¤ ambre_lysz: Favorited 1 inputs -> 5x boost 
[2025-11-29T01:55:03.959Z] DEBUG: ðŸ‘¤ ambrioche: Favorited 1 inputs -> 5x boost 
[2025-11-29T01:55:03.959Z] DEBUG: ðŸ‘¤ amehdaly: Favorited 1 inputs -> 5x boost 
[2025-11-29T01:55:03.959Z] DEBUG: ðŸ‘¤ amirmayko: Favorited 1 inputs -> 5x boost 
[2025-11-29T01:55:03.959Z] DEBUG: ðŸ‘¤ amluga: Favorited 1 inputs -> 5x boost 
[2025-11-29T01:55:03.959Z] DEBUG: ðŸ‘¤ ammajononsense: Favorited 1 inputs -> 5x boost 
[2025-11-29T01:55:03.959Z] DEBUG: ðŸ‘¤ amparhoe: Favorited 1 inputs -> 5x boost 
[2025-11-29T01:55:03.959Z] DEBUG: ðŸ‘¤ amplesso: Favorited 1 inputs -> 5x boost 
[2025-11-29T01:55:03.959Z] DEBUG: ðŸ‘¤ amplessso: Favorited 1 inputs -> 5x boost 
[2025-11-29T01:55:03.959Z] DEBUG: ðŸ‘¤ anakind_yt: Favorited 1 inputs -> 5x boost 
[2025-11-29T01:55:03.959Z] DEBUG: ðŸ‘¤ analogjosh: Favorited 1 inputs -> 5x boost 
[2025-11-29T01:55:03.959Z] DEBUG: ðŸ‘¤ analyzer: Favorited 1 inputs -> 5x boost 
[2025-11-29T01:55:03.959Z] DEBUG: ðŸ‘¤ anaminhoca16: Favorited 1 inputs -> 5x boost 
[2025-11-29T01:55:03.959Z] DEBUG: ðŸ‘¤ anat0mie: Favorited 1 inputs -> 5x boost 
[2025-11-29T01:55:03.959Z] DEBUG: ðŸ‘¤ anatomyofapaul: Favorited 1 inputs -> 5x boost 
[2025-11-29T01:55:03.959Z] DEBUG: ðŸ‘¤ andershahn: Favorited 1 inputs -> 5x boost 
[2025-11-29T01:55:03.959Z] DEBUG: ðŸ‘¤ andersoneli: Favorited 1 inputs -> 5x boost 
[2025-11-29T01:55:03.959Z] DEBUG: ðŸ‘¤ andre_knechtel: Favorited 1 inputs -> 5x boost 
[2025-11-29T01:55:03.959Z] DEBUG: ðŸ‘¤ andreabjorseth: Favorited 1 inputs -> 5x boost 
[2025-11-29T01:55:03.959Z] DEBUG: ðŸ‘¤ andreapeghi: Favorited 1 inputs -> 5x boost 
[2025-11-29T01:55:03.959Z] DEBUG: ðŸ‘¤ andrewaka: Favorited 1 inputs -> 5x boost 
[2025-11-29T01:55:03.959Z] DEBUG: ðŸ‘¤ andrewhu93: Favorited 1 inputs -> 5x boost 
[2025-11-29T01:55:03.959Z] DEBUG: ðŸ‘¤ andrewlborne1: Favorited 1 inputs -> 5x boost 
[2025-11-29T01:55:03.959Z] DEBUG: ðŸ‘¤ 00shorrors: Favorited 1 inputs -> 5x boost 
[2025-11-29T01:55:03.959Z] DEBUG: ðŸ‘¤ 021613: Favorited 1 inputs -> 5x boost 
[2025-11-29T01:55:03.959Z] DEBUG: ðŸ‘¤ 1216natalie: Favorited 1 inputs -> 5x boost 
[2025-11-29T01:55:03.959Z] DEBUG: ðŸ‘¤ 1lumpsum: Favorited 1 inputs -> 5x boost 
[2025-11-29T01:55:03.959Z] DEBUG: ðŸ‘¤ 22amelja: Favorited 1 inputs -> 5x boost 
[2025-11-29T01:55:03.959Z] DEBUG: ðŸ‘¤ 24fps: Favorited 1 inputs -> 5x boost 
[2025-11-29T01:55:03.959Z] DEBUG: ðŸ‘¤ 24karatdead: Favorited 1 inputs -> 5x boost 
[2025-11-29T01:55:03.959Z] DEBUG: ðŸ‘¤ 2zl9l: Favorited 1 inputs -> 5x boost 
[2025-11-29T01:55:03.960Z] DEBUG: ðŸ‘¤ 300sosa: Favorited 1 inputs -> 5x boost 
[2025-11-29T01:55:03.960Z] DEBUG: ðŸ‘¤ 31st: Favorited 1 inputs -> 5x boost 
[2025-11-29T01:55:03.960Z] DEBUG: ðŸ‘¤ 33nzo: Favorited 1 inputs -> 5x boost 
[2025-11-29T01:55:03.960Z] DEBUG: ðŸ‘¤ 3foot6: Favorited 1 inputs -> 5x boost 
[2025-11-29T01:55:03.960Z] DEBUG: ðŸ‘¤ 3lder: Favorited 1 inputs -> 5x boost 
[2025-11-29T01:55:03.960Z] DEBUG: ðŸ‘¤ 470pilar: Favorited 1 inputs -> 5x boost 
[2025-11-29T01:55:03.960Z] DEBUG: ðŸ‘¤ 492o9: Favorited 1 inputs -> 5x boost 
[2025-11-29T01:55:03.960Z] DEBUG: ðŸ‘¤ 4skin4hire: Favorited 1 inputs -> 5x boost 
[2025-11-29T01:55:03.960Z] DEBUG: ðŸ‘¤ 501a: Favorited 1 inputs -> 5x boost 
[2025-11-29T01:55:03.960Z] DEBUG: ðŸ‘¤ 60secreviews: Favorited 1 inputs -> 5x boost 
[2025-11-29T01:55:03.960Z] DEBUG: ðŸ‘¤ 63topalian: Favorited 1 inputs -> 5x boost 
[2025-11-29T01:55:03.960Z] DEBUG: ðŸ‘¤ 666hellboy: Favorited 1 inputs -> 5x boost 
[2025-11-29T01:55:03.960Z] DEBUG: ðŸ‘¤ 6evan: Favorited 1 inputs -> 5x boost 
[2025-11-29T01:55:03.960Z] DEBUG: ðŸ‘¤ 70milimetros_: Favorited 1 inputs -> 5x boost 
[2025-11-29T01:55:03.960Z] DEBUG: ðŸ‘¤ 78fahrnheit: Favorited 1 inputs -> 5x boost 
[2025-11-29T01:55:03.960Z] DEBUG: ðŸ‘¤ 7fa: Favorited 1 inputs -> 5x boost 
[2025-11-29T01:55:03.960Z] DEBUG: ðŸ‘¤ 7thcervical: Favorited 1 inputs -> 5x boost 
[2025-11-29T01:55:03.962Z] DEBUG: ðŸ‘¤ 815max: Favorited 1 inputs -> 5x boost 
[2025-11-29T01:55:03.962Z] DEBUG: ðŸ‘¤ 8lbonion: Favorited 1 inputs -> 5x boost 
[2025-11-29T01:55:03.962Z] DEBUG: ðŸ‘¤ _1904: Favorited 1 inputs -> 5x boost 
[2025-11-29T01:55:03.962Z] DEBUG: ðŸ‘¤ a2pcinema: Favorited 1 inputs -> 5x boost 
[2025-11-29T01:55:03.962Z] DEBUG: ðŸ‘¤ a_frame_in_time: Favorited 1 inputs -> 5x boost 
[2025-11-29T01:55:03.962Z] DEBUG: ðŸ‘¤ a_k_h_g_m: Favorited 1 inputs -> 5x boost 
[2025-11-29T01:55:03.962Z] DEBUG: ðŸ‘¤ aa_dqn: Favorited 1 inputs -> 5x boost 
[2025-11-29T01:55:03.962Z] DEBUG: ðŸ‘¤ aaaaaugh: Favorited 1 inputs -> 5x boost 
[2025-11-29T01:55:03.962Z] DEBUG: ðŸ‘¤ aalvesmurilo: Favorited 1 inputs -> 5x boost 
[2025-11-29T01:55:03.962Z] DEBUG: ðŸ‘¤ aaroncharles18: Favorited 1 inputs -> 5x boost 
[2025-11-29T01:55:03.962Z] DEBUG: ðŸ‘¤ aaroncurran: Favorited 1 inputs -> 5x boost 
[2025-11-29T01:55:03.962Z] DEBUG: ðŸ‘¤ aaronthebridge: Favorited 1 inputs -> 5x boost 
[2025-11-29T01:55:03.962Z] DEBUG: ðŸ‘¤ abadeer: Favorited 1 inputs -> 5x boost 
[2025-11-29T01:55:03.962Z] DEBUG: ðŸ‘¤ abdriel: Favorited 1 inputs -> 5x boost 
[2025-11-29T01:55:03.962Z] DEBUG: ðŸ‘¤ abelroxu: Favorited 1 inputs -> 5x boost 
[2025-11-29T01:55:03.962Z] DEBUG: ðŸ‘¤ aberov: Favorited 1 inputs -> 5x boost 
[2025-11-29T01:55:03.962Z] DEBUG: ðŸ‘¤ abetosdouglas: Favorited 1 inputs -> 5x boost 
[2025-11-29T01:55:03.962Z] DEBUG: ðŸ‘¤ abettin: Favorited 1 inputs -> 5x boost 
[2025-11-29T01:55:03.962Z] DEBUG: ðŸ‘¤ abhichatterjee: Favorited 1 inputs -> 5x boost 
[2025-11-29T01:55:03.962Z] DEBUG: ðŸ‘¤ abookofsymbols: Favorited 1 inputs -> 5x boost 
[2025-11-29T01:55:03.962Z] DEBUG: ðŸ‘¤ abroxus: Favorited 1 inputs -> 5x boost 
[2025-11-29T01:55:03.963Z] DEBUG: ðŸ‘¤ abrrntcnvltn: Favorited 1 inputs -> 5x boost 
[2025-11-29T01:55:03.963Z] DEBUG: ðŸ‘¤ abu_harat: Favorited 1 inputs -> 5x boost 
[2025-11-29T01:55:03.963Z] DEBUG: ðŸ‘¤ accordingtocara: Favorited 1 inputs -> 5x boost 
[2025-11-29T01:55:03.963Z] DEBUG: ðŸ‘¤ aceeethinkin: Favorited 1 inputs -> 5x boost 
[2025-11-29T01:55:03.963Z] DEBUG: ðŸ‘¤ acespark: Favorited 1 inputs -> 5x boost 
[2025-11-29T01:55:03.963Z] DEBUG: ðŸ‘¤ achimstrejac1: Favorited 1 inputs -> 5x boost 
[2025-11-29T01:55:03.963Z] DEBUG: ðŸ‘¤ aclezotte: Favorited 1 inputs -> 5x boost 
[2025-11-29T01:55:03.963Z] DEBUG: ðŸ‘¤ acolladou: Favorited 1 inputs -> 5x boost 
[2025-11-29T01:55:03.963Z] DEBUG: ðŸ‘¤ actualbookworm: Favorited 1 inputs -> 5x boost 
[2025-11-29T01:55:03.963Z] DEBUG: ðŸ‘¤ ad_romain: Favorited 1 inputs -> 5x boost 
[2025-11-29T01:55:03.963Z] DEBUG: ðŸ‘¤ adakorrrr: Favorited 1 inputs -> 5x boost 
[2025-11-29T01:55:03.963Z] DEBUG: ðŸ‘¤ adam563: Favorited 1 inputs -> 5x boost 
[2025-11-29T01:55:03.963Z] DEBUG: ðŸ‘¤ adam992: Favorited 1 inputs -> 5x boost 
[2025-11-29T01:55:03.963Z] DEBUG: ðŸ‘¤ adamevans95: Favorited 1 inputs -> 5x boost 
[2025-11-29T01:55:03.963Z] DEBUG: ðŸ‘¤ adamneal: Favorited 1 inputs -> 5x boost 
[2025-11-29T01:55:03.963Z] DEBUG: ðŸ‘¤ adamsandlerily: Favorited 1 inputs -> 5x boost 
[2025-11-29T01:55:03.963Z] DEBUG: ðŸ‘¤ adamski_c: Favorited 1 inputs -> 5x boost 
[2025-11-29T01:55:03.963Z] DEBUG: ðŸ‘¤ adamterrett: Favorited 1 inputs -> 5x boost 
[2025-11-29T01:55:03.963Z] DEBUG: ðŸ‘¤ adamwadam: Favorited 1 inputs -> 5x boost 
[2025-11-29T01:55:03.963Z] DEBUG: ðŸ‘¤ adawg49: Favorited 1 inputs -> 5x boost 
[2025-11-29T01:55:03.963Z] DEBUG: ðŸ‘¤ adawgdude: Favorited 1 inputs -> 5x boost 
[2025-11-29T01:55:03.963Z] DEBUG: ðŸ‘¤ adcaplan: Favorited 1 inputs -> 5x boost 
[2025-11-29T01:55:03.963Z] DEBUG: ðŸ‘¤ adeleblancsec: Favorited 1 inputs -> 5x boost 
[2025-11-29T01:55:03.963Z] DEBUG: ðŸ‘¤ adelitainparis: Favorited 1 inputs -> 5x boost 
[2025-11-29T01:55:03.964Z] DEBUG: ðŸ‘¤ adellamour: Favorited 1 inputs -> 5x boost 
[2025-11-29T01:55:03.964Z] DEBUG: ðŸ‘¤ ademption: Favorited 1 inputs -> 5x boost 
[2025-11-29T01:55:03.964Z] DEBUG: ðŸ‘¤ adezele: Favorited 1 inputs -> 5x boost 
[2025-11-29T01:55:03.964Z] DEBUG: ðŸ‘¤ adl_lrs: Favorited 1 inputs -> 5x boost 
[2025-11-29T01:55:03.964Z] DEBUG: ðŸ‘¤ adlerino: Favorited 1 inputs -> 5x boost 
[2025-11-29T01:55:03.964Z] DEBUG: ðŸ‘¤ admraddus13: Favorited 1 inputs -> 5x boost 
[2025-11-29T01:55:03.964Z] DEBUG: ðŸ‘¤ adoig: Favorited 1 inputs -> 5x boost 
[2025-11-29T01:55:03.964Z] DEBUG: ðŸ‘¤ adolfovil: Favorited 1 inputs -> 5x boost 
[2025-11-29T01:55:03.964Z] DEBUG: ðŸ‘¤ adriakent: Favorited 1 inputs -> 5x boost 
[2025-11-29T01:55:03.964Z] DEBUG: ðŸ‘¤ adrie51: Favorited 1 inputs -> 5x boost 
[2025-11-29T01:55:03.964Z] DEBUG: ðŸ‘¤ adrieni: Favorited 1 inputs -> 5x boost 
[2025-11-29T01:55:03.964Z] DEBUG: ðŸ‘¤ adryelcosmo: Favorited 1 inputs -> 5x boost 
[2025-11-29T01:55:03.964Z] DEBUG: ðŸ‘¤ adsikoko: Favorited 1 inputs -> 5x boost 
[2025-11-29T01:55:03.964Z] DEBUG: ðŸ‘¤ advantagesmith: Favorited 1 inputs -> 5x boost 
[2025-11-29T01:55:03.964Z] DEBUG: ðŸ‘¤ aerology: Favorited 1 inputs -> 5x boost 
[2025-11-29T01:55:03.964Z] DEBUG: ðŸ‘¤ aesile23: Favorited 1 inputs -> 5x boost 
[2025-11-29T01:55:03.964Z] DEBUG: ðŸ‘¤ aessa: Favorited 1 inputs -> 5x boost 
[2025-11-29T01:55:03.964Z] DEBUG: ðŸ‘¤ afader27: Favorited 1 inputs -> 5x boost 
[2025-11-29T01:55:03.964Z] DEBUG: ðŸ‘¤ affamirez: Favorited 1 inputs -> 5x boost 
[2025-11-29T01:55:03.964Z] DEBUG: ðŸ‘¤ afh1995: Favorited 1 inputs -> 5x boost 
[2025-11-29T01:55:03.964Z] DEBUG: ðŸ‘¤ aflore8: Favorited 1 inputs -> 5x boost 
[2025-11-29T01:55:03.964Z] DEBUG: ðŸ‘¤ afrench27: Favorited 1 inputs -> 5x boost 
[2025-11-29T01:55:03.964Z] DEBUG: ðŸ‘¤ afrhodie: Favorited 1 inputs -> 5x boost 
[2025-11-29T01:55:03.964Z] DEBUG: ðŸ‘¤ afuchs1023: Favorited 1 inputs -> 5x boost 
[2025-11-29T01:55:03.964Z] DEBUG: ðŸ‘¤ ag1010: Favorited 1 inputs -> 5x boost 
[2025-11-29T01:55:03.964Z] DEBUG: ðŸ‘¤ ag2905: Favorited 1 inputs -> 5x boost 
[2025-11-29T01:55:03.964Z] DEBUG: ðŸ‘¤ agatabakensztos: Favorited 1 inputs -> 5x boost 
[2025-11-29T01:55:03.964Z] DEBUG: ðŸ‘¤ agentscarn: Favorited 1 inputs -> 5x boost 
[2025-11-29T01:55:03.964Z] DEBUG: ðŸ‘¤ aggieh: Favorited 1 inputs -> 5x boost 
[2025-11-29T01:55:03.964Z] DEBUG: ðŸ‘¤ agibbonist: Favorited 1 inputs -> 5x boost 
[2025-11-29T01:55:03.964Z] DEBUG: ðŸ‘¤ aging_broad: Favorited 1 inputs -> 5x boost 
[2025-11-29T01:55:03.964Z] DEBUG: ðŸ‘¤ agnese_cossu: Favorited 1 inputs -> 5x boost 
[2025-11-29T01:55:03.964Z] DEBUG: ðŸ‘¤ agoddamnedangel: Favorited 1 inputs -> 5x boost 
[2025-11-29T01:55:03.965Z] DEBUG: ðŸ‘¤ agodoy: Favorited 1 inputs -> 5x boost 
[2025-11-29T01:55:03.965Z] DEBUG: ðŸ‘¤ agreenmirage: Favorited 1 inputs -> 5x boost 
[2025-11-29T01:55:03.965Z] DEBUG: ðŸ‘¤ agusayavedra: Favorited 1 inputs -> 5x boost 
[2025-11-29T01:55:03.965Z] DEBUG: ðŸ‘¤ agustinbatalla: Favorited 1 inputs -> 5x boost 
[2025-11-29T01:55:03.965Z] DEBUG: ðŸ‘¤ agvstinav: Favorited 1 inputs -> 5x boost 
[2025-11-29T01:55:03.965Z] DEBUG: ðŸ‘¤ ahendrila: Favorited 1 inputs -> 5x boost 
[2025-11-29T01:55:03.965Z] DEBUG: ðŸ‘¤ ahmcphail: Favorited 1 inputs -> 5x boost 
[2025-11-29T01:55:03.965Z] DEBUG: ðŸ‘¤ ahorkarme: Favorited 1 inputs -> 5x boost 
[2025-11-29T01:55:03.965Z] DEBUG: ðŸ‘¤ ahviana: Favorited 1 inputs -> 5x boost 
[2025-11-29T01:55:03.965Z] DEBUG: ðŸ‘¤ aiazawa: Favorited 1 inputs -> 5x boost 
[2025-11-29T01:55:03.965Z] DEBUG: ðŸ‘¤ aidanduck: Favorited 1 inputs -> 5x boost 
[2025-11-29T01:55:03.965Z] DEBUG: ðŸ‘¤ aikade: Favorited 1 inputs -> 5x boost 
[2025-11-29T01:55:03.965Z] DEBUG: ðŸ‘¤ aikinine: Favorited 1 inputs -> 5x boost 
[2025-11-29T01:55:03.965Z] DEBUG: ðŸ‘¤ aimar21: Favorited 1 inputs -> 5x boost 
[2025-11-29T01:55:03.965Z] DEBUG: ðŸ‘¤ aimboz: Favorited 1 inputs -> 5x boost 
[2025-11-29T01:55:03.965Z] DEBUG: ðŸ‘¤ aindanao: Favorited 1 inputs -> 5x boost 
[2025-11-29T01:55:03.965Z] DEBUG: ðŸ‘¤ airbuddwyer: Favorited 1 inputs -> 5x boost 
[2025-11-29T01:55:03.965Z] DEBUG: ðŸ‘¤ aisha444: Favorited 1 inputs -> 5x boost 
[2025-11-29T01:55:03.965Z] DEBUG: ðŸ‘¤ aishastevensy: Favorited 1 inputs -> 5x boost 
[2025-11-29T01:55:03.965Z] DEBUG: ðŸ‘¤ ajaxganz: Favorited 1 inputs -> 5x boost 
[2025-11-29T01:55:03.965Z] DEBUG: ðŸ‘¤ ajisco: Favorited 1 inputs -> 5x boost 
[2025-11-29T01:55:03.965Z] DEBUG: ðŸ‘¤ ajm313: Favorited 1 inputs -> 5x boost 
[2025-11-29T01:55:03.965Z] DEBUG: ðŸ‘¤ ajohnson0109: Favorited 1 inputs -> 5x boost 
[2025-11-29T01:55:03.965Z] DEBUG: ðŸ‘¤ ajs0203: Favorited 1 inputs -> 5x boost 
[2025-11-29T01:55:03.965Z] DEBUG: ðŸ‘¤ ajsnyder: Favorited 1 inputs -> 5x boost 
[2025-11-29T01:55:03.965Z] DEBUG: ðŸ‘¤ akajeannette: Favorited 1 inputs -> 5x boost 
[2025-11-29T01:55:03.965Z] DEBUG: ðŸ‘¤ akazaya: Favorited 1 inputs -> 5x boost 
[2025-11-29T01:55:03.965Z] DEBUG: ðŸ‘¤ akirataqueda: Favorited 1 inputs -> 5x boost 
[2025-11-29T01:55:03.965Z] DEBUG: ðŸ‘¤ akshansh: Favorited 1 inputs -> 5x boost 
[2025-11-29T01:55:03.965Z] DEBUG: ðŸ‘¤ akshatmishra: Favorited 1 inputs -> 5x boost 
[2025-11-29T01:55:03.965Z] DEBUG: ðŸ‘¤ al83: Favorited 1 inputs -> 5x boost 
[2025-11-29T01:55:03.965Z] DEBUG: ðŸ‘¤ aladyinthemeads: Favorited 1 inputs -> 5x boost 
[2025-11-29T01:55:03.966Z] DEBUG: ðŸ‘¤ alainb: Favorited 1 inputs -> 5x boost 
[2025-11-29T01:55:03.966Z] DEBUG: ðŸ‘¤ alan_mamruth: Favorited 1 inputs -> 5x boost 
[2025-11-29T01:55:03.966Z] DEBUG: ðŸ‘¤ alanhunter: Favorited 1 inputs -> 5x boost 
[2025-11-29T01:55:03.966Z] DEBUG: ðŸ‘¤ alannatyre: Favorited 1 inputs -> 5x boost 
[2025-11-29T01:55:03.966Z] DEBUG: ðŸ‘¤ alaunohda: Favorited 1 inputs -> 5x boost 
[2025-11-29T01:55:03.966Z] DEBUG: ðŸ‘¤ alb981: Favorited 1 inputs -> 5x boost 
[2025-11-29T01:55:03.966Z] DEBUG: ðŸ‘¤ albaron: Favorited 1 inputs -> 5x boost 
[2025-11-29T01:55:03.966Z] DEBUG: ðŸ‘¤ albatros_06: Favorited 1 inputs -> 5x boost 
[2025-11-29T01:55:03.966Z] DEBUG: ðŸ‘¤ albatrosseatsap: Favorited 1 inputs -> 5x boost 
[2025-11-29T01:55:03.966Z] DEBUG: ðŸ‘¤ albertodorsi: Favorited 1 inputs -> 5x boost 
[2025-11-29T01:55:03.966Z] DEBUG: ðŸ‘¤ albertrex: Favorited 1 inputs -> 5x boost 
[2025-11-29T01:55:03.966Z] DEBUG: ðŸ‘¤ alcottt: Favorited 1 inputs -> 5x boost 
[2025-11-29T01:55:03.966Z] DEBUG: ðŸ‘¤ aldavs: Favorited 1 inputs -> 5x boost 
[2025-11-29T01:55:03.966Z] DEBUG: ðŸ‘¤ aldomntg: Favorited 1 inputs -> 5x boost 
[2025-11-29T01:55:03.966Z] DEBUG: ðŸ‘¤ aleappiani: Favorited 1 inputs -> 5x boost 
[2025-11-29T01:55:03.966Z] DEBUG: ðŸ‘¤ aleboh: Favorited 1 inputs -> 5x boost 
[2025-11-29T01:55:03.966Z] DEBUG: ðŸ‘¤ alecbernal: Favorited 1 inputs -> 5x boost 
[2025-11-29T01:55:03.966Z] DEBUG: ðŸ‘¤ alecuevas08: Favorited 1 inputs -> 5x boost 
[2025-11-29T01:55:03.966Z] DEBUG: ðŸ‘¤ aleen: Favorited 1 inputs -> 5x boost 
[2025-11-29T01:55:03.966Z] DEBUG: ðŸ‘¤ alejandromorale: Favorited 1 inputs -> 5x boost 
[2025-11-29T01:55:03.966Z] DEBUG: ðŸ‘¤ alemanc: Favorited 1 inputs -> 5x boost 
[2025-11-29T01:55:03.966Z] DEBUG: ðŸ‘¤ aleskyanne: Favorited 1 inputs -> 5x boost 
[2025-11-29T01:55:03.966Z] DEBUG: ðŸ‘¤ alessandro_96: Favorited 1 inputs -> 5x boost 
[2025-11-29T01:55:03.966Z] DEBUG: ðŸ‘¤ alessandro_msnt: Favorited 1 inputs -> 5x boost 
[2025-11-29T01:55:03.966Z] DEBUG: ðŸ‘¤ alessandroteo: Favorited 1 inputs -> 5x boost 
[2025-11-29T01:55:03.966Z] DEBUG: ðŸ‘¤ alessd: Favorited 1 inputs -> 5x boost 
[2025-11-29T01:55:03.966Z] DEBUG: ðŸ‘¤ alessiospinelli: Favorited 1 inputs -> 5x boost 
[2025-11-29T01:55:03.966Z] DEBUG: ðŸ‘¤ alex114: Favorited 1 inputs -> 5x boost 
[2025-11-29T01:55:03.966Z] DEBUG: ðŸ‘¤ alex_eubanks: Favorited 1 inputs -> 5x boost 
[2025-11-29T01:55:03.966Z] DEBUG: ðŸ‘¤ alex_tstnr: Favorited 1 inputs -> 5x boost 
[2025-11-29T01:55:03.966Z] DEBUG: ðŸ‘¤ alex_untitled: Favorited 1 inputs -> 5x boost 
[2025-11-29T01:55:03.966Z] DEBUG: ðŸ‘¤ alex_yeghiazari: Favorited 1 inputs -> 5x boost 
[2025-11-29T01:55:03.966Z] DEBUG: ðŸ‘¤ alexaeb: Favorited 1 inputs -> 5x boost 
[2025-11-29T01:55:03.967Z] DEBUG: ðŸ‘¤ alexandracaskin: Favorited 1 inputs -> 5x boost 
[2025-11-29T01:55:03.967Z] DEBUG: ðŸ‘¤ alexandraclark: Favorited 1 inputs -> 5x boost 
[2025-11-29T01:55:03.968Z] DEBUG: ðŸ‘¤ alexandramotown: Favorited 1 inputs -> 5x boost 
[2025-11-29T01:55:03.968Z] DEBUG: ðŸ‘¤ alexandrenahon: Favorited 1 inputs -> 5x boost 
[2025-11-29T01:55:03.968Z] DEBUG: ðŸ‘¤ alexandria2: Favorited 1 inputs -> 5x boost 
[2025-11-29T01:55:03.968Z] DEBUG: ðŸ‘¤ alexbush: Favorited 1 inputs -> 5x boost 
[2025-11-29T01:55:03.968Z] DEBUG: ðŸ‘¤ alexcassavetes: Favorited 1 inputs -> 5x boost 
[2025-11-29T01:55:03.969Z] DEBUG: ðŸ‘¤ alexfurssedonn: Favorited 1 inputs -> 5x boost 
[2025-11-29T01:55:03.969Z] DEBUG: ðŸ‘¤ alexgiglio99: Favorited 1 inputs -> 5x boost 
[2025-11-29T01:55:03.969Z] DEBUG: ðŸ‘¤ alexhendricks98: Favorited 1 inputs -> 5x boost 
[2025-11-29T01:55:03.969Z] DEBUG: ðŸ‘¤ alexishavana: Favorited 1 inputs -> 5x boost 
[2025-11-29T01:55:03.969Z] DEBUG: ðŸ‘¤ alexj0nes84: Favorited 1 inputs -> 5x boost 
[2025-11-29T01:55:03.969Z] DEBUG: ðŸ‘¤ alexmarquis: Favorited 1 inputs -> 5x boost 
[2025-11-29T01:55:03.969Z] DEBUG: ðŸ‘¤ alexmopo: Favorited 1 inputs -> 5x boost 
[2025-11-29T01:55:03.969Z] DEBUG: ðŸ‘¤ alexnichols: Favorited 1 inputs -> 5x boost 
[2025-11-29T01:55:03.969Z] DEBUG: ðŸ‘¤ alexsnz: Favorited 1 inputs -> 5x boost 
[2025-11-29T01:55:03.969Z] DEBUG: ðŸ‘¤ alextrinder: Favorited 1 inputs -> 5x boost 
[2025-11-29T01:55:03.969Z] DEBUG: ðŸ‘¤ alexvisoiu: Favorited 1 inputs -> 5x boost 
[2025-11-29T01:55:03.969Z] DEBUG: ðŸ‘¤ alf77: Favorited 1 inputs -> 5x boost 
[2025-11-29T01:55:03.969Z] DEBUG: ðŸ‘¤ alfakakauhe: Favorited 1 inputs -> 5x boost 
[2025-11-29T01:55:03.971Z] DEBUG: ðŸ‘¤ alffan69: Favorited 1 inputs -> 5x boost 
[2025-11-29T01:55:03.971Z] DEBUG: ðŸ‘¤ alfie_dollimore: Favorited 1 inputs -> 5x boost 
[2025-11-29T01:55:03.971Z] DEBUG: ðŸ‘¤ alfonso70: Favorited 1 inputs -> 5x boost 
[2025-11-29T01:55:03.971Z] DEBUG: ðŸ‘¤ alfred_hitchbot: Favorited 1 inputs -> 5x boost 
[2025-11-29T01:55:03.972Z] DEBUG: ðŸ‘¤ alfred_kralik: Favorited 1 inputs -> 5x boost 
[2025-11-29T01:55:03.972Z] DEBUG: ðŸ‘¤ alfredopacino3: Favorited 1 inputs -> 5x boost 
[2025-11-29T01:55:03.972Z] DEBUG: ðŸ‘¤ ali22ab: Favorited 1 inputs -> 5x boost 
[2025-11-29T01:55:03.972Z] DEBUG: ðŸ‘¤ aliasgill: Favorited 1 inputs -> 5x boost 
[2025-11-29T01:55:03.972Z] DEBUG: ðŸ‘¤ alicedelabriere: Favorited 1 inputs -> 5x boost 
[2025-11-29T01:55:03.972Z] INFO: ðŸ† Top affinity users: 
[2025-11-29T01:55:03.972Z] INFO:   36350: 5.00x (0 likes, 1 favorites) 
[2025-11-29T01:55:03.972Z] INFO:   971718: 5.00x (0 likes, 1 favorites) 
[2025-11-29T01:55:03.972Z] INFO:   1343215243: 5.00x (0 likes, 1 favorites) 
[2025-11-29T01:55:03.972Z] INFO:   01magid: 5.00x (0 likes, 1 favorites) 
[2025-11-29T01:55:03.973Z] INFO:   0atly: 5.00x (0 likes, 1 favorites) 
[2025-11-29T01:55:03.973Z] INFO: ðŸŽ¬ STEP 3: Fetching other movies from these users 
[2025-11-29T01:55:08.939Z] INFO: ðŸŽ¯ STEP 4: Scoring candidate movies 
[2025-11-29T01:55:08.941Z] INFO: ðŸŽ¯ Found 3169 candidate movies 
[2025-11-29T01:55:08.942Z] INFO: âœ… 1777 candidates after filtering (min 2 interactions) 
[2025-11-29T01:55:08.942Z] INFO: ðŸ“ˆ STEP 5: Fetching movie details for popularity rankings 
[2025-11-29T01:55:08.998Z] INFO: ðŸŽ¯ STEP 4: Scoring candidate movies 
[2025-11-29T01:55:09.000Z] INFO: ðŸŽ¯ Found 3169 candidate movies 
[2025-11-29T01:55:09.002Z] INFO: âœ… 1777 candidates after filtering (min 2 interactions) 
[2025-11-29T01:55:09.002Z] INFO: ðŸ“ˆ STEP 5: Fetching movie details for popularity rankings 
[2025-11-29T01:55:11.611Z] INFO: ðŸ“ˆ Avg popularity rank: 2100.0 (lower = more popular) 
[2025-11-29T01:55:11.611Z] INFO: ðŸŽ¨ STEP 6: Applying obscurity bias and ranking 
[2025-11-29T01:55:11.612Z] WARN: âš ï¸ Movie not found: delicatessen 
[2025-11-29T01:55:11.612Z] WARN: âš ï¸ Movie not found: westworld 
[2025-11-29T01:55:11.612Z] WARN: âš ï¸ Movie not found: magic-mikes-last-dance 
[2025-11-29T01:55:11.612Z] WARN: âš ï¸ Movie not found: waking-life 
[2025-11-29T01:55:11.612Z] WARN: âš ï¸ Movie not found: farewell-my-concubine 
[2025-11-29T01:55:11.612Z] WARN: âš ï¸ Movie not found: orpheus 
[2025-11-29T01:55:11.613Z] INFO: ðŸ“š STEP 7: Formatting final recommendations 
[2025-11-29T01:55:11.613Z] INFO: ðŸ† Final recommendations: 
[2025-11-29T01:55:11.613Z] INFO: 1. Nosferatu theÂ Vampyre (score: 45.77, popularity rank: 1760) 
[2025-11-29T01:55:11.613Z] INFO: 2. Diabolique (score: 42.60, popularity rank: 2382) 
[2025-11-29T01:55:11.613Z] INFO: 3. BeauÂ Travail (score: 40.92, popularity rank: 1662) 
[2025-11-29T01:55:11.613Z] INFO: 4. The ThirdÂ Man (score: 36.42, popularity rank: 1657) 
[2025-11-29T01:55:11.614Z] INFO: 5. Skinamarink (score: 34.96, popularity rank: 1326) 
[2025-11-29T01:55:11.825Z] INFO: ðŸ“ˆ Avg popularity rank: 2100.0 (lower = more popular) 
[2025-11-29T01:55:11.825Z] INFO: ðŸŽ¨ STEP 6: Applying obscurity bias and ranking 
[2025-11-29T01:55:11.826Z] WARN: âš ï¸ Movie not found: delicatessen 
[2025-11-29T01:55:11.827Z] WARN: âš ï¸ Movie not found: westworld 
[2025-11-29T01:55:11.827Z] WARN: âš ï¸ Movie not found: magic-mikes-last-dance 
[2025-11-29T01:55:11.827Z] WARN: âš ï¸ Movie not found: waking-life 
[2025-11-29T01:55:11.827Z] WARN: âš ï¸ Movie not found: farewell-my-concubine 
[2025-11-29T01:55:11.828Z] WARN: âš ï¸ Movie not found: orpheus 
[2025-11-29T01:55:11.829Z] INFO: ðŸ“š STEP 7: Formatting final recommendations 
[2025-11-29T01:55:11.830Z] INFO: ðŸ† Final recommendations: 
[2025-11-29T01:55:11.830Z] INFO: 1. Nosferatu theÂ Vampyre (score: 45.77, popularity rank: 1760) 
[2025-11-29T01:55:11.830Z] INFO: 2. Diabolique (score: 42.60, popularity rank: 2382) 
[2025-11-29T01:55:11.830Z] INFO: 3. BeauÂ Travail (score: 40.92, popularity rank: 1662) 
[2025-11-29T01:55:11.830Z] INFO: 4. The ThirdÂ Man (score: 36.42, popularity rank: 1657) 
[2025-11-29T01:55:11.830Z] INFO: 5. Skinamarink (score: 34.96, popularity rank: 1326) 
