[2025-11-16T18:17:35.193Z] Processing weighted recommendation request 
[2025-11-16T18:17:35.194Z] 🚀 generateRecommendations started with weighted algorithm 
[2025-11-16T18:17:35.194Z] 📥 Input movie slugs: [
  "hereditary"
]
[2025-11-16T18:17:35.194Z] ⚙️ Active weights: {
  "collaborative": 0.35,
  "favorite_bonus": 0.1,
  "genre": 0.2,
  "nanogenre": 0.15,
  "director": 0.1,
  "actor": 0.05,
  "temporal": 0.05
}
[2025-11-16T18:17:35.194Z] INFO: 📊 STEP 1: Gathering input movie data 
[2025-11-16T18:17:35.780Z] INFO: 📊 Loaded 1 input movies 
[2025-11-16T18:17:35.781Z] INFO: 👥 STEP 2: Building user interaction map 
[2025-11-16T18:17:36.004Z] INFO: 👥 Found 241 users who interacted with input movies 
[2025-11-16T18:17:36.004Z] INFO: Userineractions: {
  "adrianam": {
    "inputMovieCount": 2,
    "otherMovies": {}
  },
  "tylerdoiron": {
    "inputMovieCount": 2,
    "otherMovies": {}
  },
  "hotdad23": {
    "inputMovieCount": 1,
    "otherMovies": {}
  },
  "tonyterror": {
    "inputMovieCount": 1,
    "otherMovies": {}
  },
  "josiahmorgan11": {
    "inputMovieCount": 1,
    "otherMovies": {}
  },
  "ximenaribs": {
    "inputMovieCount": 1,
    "otherMovies": {}
  },
  "irathethird": {
    "inputMovieCount": 1,
    "otherMovies": {}
  },
  "vampireweekend": {
    "inputMovieCount": 1,
    "otherMovies": {}
  },
  "horizonframed": {
    "inputMovieCount": 1,
    "otherMovies": {}
  },
  "sonnywortzikk": {
    "inputMovieCount": 1,
    "otherMovies": {}
  },
  "lmr": {
    "inputMovieCount": 1,
    "otherMovies": {}
  },
  "martaluvi": {
    "inputMovieCount": 1,
    "otherMovies": {}
  },
  "cherryz": {
    "inputMovieCount": 1,
    "otherMovies": {}
  },
  "anjyfox": {
    "inputMovieCount": 1,
    "otherMovies": {}
  },
  "mayhemkvlt": {
    "inputMovieCount": 1,
    "otherMovies": {}
  },
  "damdaaamm": {
    "inputMovieCount": 1,
    "otherMovies": {}
  },
  "dallasfrance": {
    "inputMovieCount": 1,
    "otherMovies": {}
  },
  "moviemaestro": {
    "inputMovieCount": 1,
    "otherMovies": {}
  },
  "tototoro": {
    "inputMovieCount": 1,
    "otherMovies": {}
  },
  "jesstra24": {
    "inputMovieCount": 1,
    "otherMovies": {}
  },
  "yogilovesfilm": {
    "inputMovieCount": 1,
    "otherMovies": {}
  },
  "filmlinds": {
    "inputMovieCount": 1,
    "otherMovies": {}
  },
  "maxthemovieguy": {
    "inputMovieCount": 1,
    "otherMovies": {}
  },
  "14ltobias": {
    "inputMovieCount": 1,
    "otherMovies": {}
  },
  "flanmovieman": {
    "inputMovieCount": 1,
    "otherMovies": {}
  },
  "bajonasmekas": {
    "inputMovieCount": 1,
    "otherMovies": {}
  },
  "entlauber": {
    "inputMovieCount": 1,
    "otherMovies": {}
  },
  "adrianmoviez": {
    "inputMovieCount": 1,
    "otherMovies": {}
  },
  "truman": {
    "inputMovieCount": 1,
    "otherMovies": {}
  },
  "kasarin": {
    "inputMovieCount": 1,
    "otherMovies": {}
  },
  "reservoirdvgs": {
    "inputMovieCount": 1,
    "otherMovies": {}
  },
  "henryspencerirl": {
    "inputMovieCount": 1,
    "otherMovies": {}
  },
  "luciacoronado_": {
    "inputMovieCount": 1,
    "otherMovies": {}
  },
  "samherbst": {
    "inputMovieCount": 1,
    "otherMovies": {}
  },
  "bethbecomesher": {
    "inputMovieCount": 1,
    "otherMovies": {}
  },
  "imamesscraven18": {
    "inputMovieCount": 1,
    "otherMovies": {}
  },
  "ed_w00d": {
    "inputMovieCount": 1,
    "otherMovies": {}
  },
  "amyja89": {
    "inputMovieCount": 1,
    "otherMovies": {}
  },
  "hanxine": {
    "inputMovieCount": 1,
    "otherMovies": {}
  },
  "milanabor": {
    "inputMovieCount": 1,
    "otherMovies": {}
  },
  "jc13": {
    "inputMovieCount": 1,
    "otherMovies": {}
  },
  "scissorluvs": {
    "inputMovieCount": 1,
    "otherMovies": {}
  },
  "anniewoj": {
    "inputMovieCount": 1,
    "otherMovies": {}
  },
  "ajasmine": {
    "inputMovieCount": 1,
    "otherMovies": {}
  },
  "andrez15": {
    "inputMovieCount": 1,
    "otherMovies": {}
  },
  "lenn_art": {
    "inputMovieCount": 1,
    "otherMovies": {}
  },
  "luckydoll": {
    "inputMovieCount": 1,
    "otherMovies": {}
  },
  "innerash": {
    "inputMovieCount": 1,
    "otherMovies": {}
  },
  "cassie": {
    "inputMovieCount": 1,
    "otherMovies": {}
  },
  "herman2181": {
    "inputMovieCount": 1,
    "otherMovies": {}
  },
  "lileyy": {
    "inputMovieCount": 1,
    "otherMovies": {}
  },
  "edunne125": {
    "inputMovieCount": 1,
    "otherMovies": {}
  },
  "bongjoonho": {
    "inputMovieCount": 1,
    "otherMovies": {}
  },
  "nickyd": {
    "inputMovieCount": 1,
    "otherMovies": {}
  },
  "codymonster91": {
    "inputMovieCount": 1,
    "otherMovies": {}
  },
  "djdoublem3": {
    "inputMovieCount": 1,
    "otherMovies": {}
  },
  "chatterb0xd": {
    "inputMovieCount": 1,
    "otherMovies": {}
  },
  "tracedthurman": {
    "inputMovieCount": 1,
    "otherMovies": {}
  },
  "truong78": {
    "inputMovieCount": 1,
    "otherMovies": {}
  },
  "georgecarmi": {
    "inputMovieCount": 1,
    "otherMovies": {}
  },
  "alexroy656": {
    "inputMovieCount": 1,
    "otherMovies": {}
  },
  "mulaney": {
    "inputMovieCount": 1,
    "otherMovies": {}
  },
  "emforce": {
    "inputMovieCount": 1,
    "otherMovies": {}
  },
  "theblackphillip": {
    "inputMovieCount": 1,
    "otherMovies": {}
  },
  "chickenmaster": {
    "inputMovieCount": 1,
    "otherMovies": {}
  },
  "unawarewolf": {
    "inputMovieCount": 1,
    "otherMovies": {}
  },
  "jonathanfujii": {
    "inputMovieCount": 1,
    "otherMovies": {}
  },
  "dorseyhorsey": {
    "inputMovieCount": 1,
    "otherMovies": {}
  },
  "dylanmeetze": {
    "inputMovieCount": 1,
    "otherMovies": {}
  },
  "nycsubwayrat": {
    "inputMovieCount": 1,
    "otherMovies": {}
  },
  "andregps": {
    "inputMovieCount": 1,
    "otherMovies": {}
  },
  "maxivanov": {
    "inputMovieCount": 1,
    "otherMovies": {}
  },
  "mumbles": {
    "inputMovieCount": 1,
    "otherMovies": {}
  },
  "vascomunoz": {
    "inputMovieCount": 1,
    "otherMovies": {}
  },
  "cernanmari": {
    "inputMovieCount": 1,
    "otherMovies": {}
  },
  "elliebean": {
    "inputMovieCount": 1,
    "otherMovies": {}
  },
  "belial_carboni": {
    "inputMovieCount": 1,
    "otherMovies": {}
  },
  "bengrimm": {
    "inputMovieCount": 1,
    "otherMovies": {}
  },
  "tummyache": {
    "inputMovieCount": 1,
    "otherMovies": {}
  },
  "femvp": {
    "inputMovieCount": 1,
    "otherMovies": {}
  },
  "khoi97": {
    "inputMovieCount": 1,
    "otherMovies": {}
  },
  "ducournau": {
    "inputMovieCount": 1,
    "otherMovies": {}
  },
  "jewbo23": {
    "inputMovieCount": 1,
    "otherMovies": {}
  },
  "g_emi": {
    "inputMovieCount": 1,
    "otherMovies": {}
  },
  "jeaba": {
    "inputMovieCount": 1,
    "otherMovies": {}
  },
  "starr": {
    "inputMovieCount": 1,
    "otherMovies": {}
  },
  "austinelkins": {
    "inputMovieCount": 1,
    "otherMovies": {}
  },
  "zoesf": {
    "inputMovieCount": 1,
    "otherMovies": {}
  },
  "theresahole": {
    "inputMovieCount": 1,
    "otherMovies": {}
  },
  "kun": {
    "inputMovieCount": 1,
    "otherMovies": {}
  },
  "hereditary": {
    "inputMovieCount": 1,
    "otherMovies": {}
  },
  "lucyskeet": {
    "inputMovieCount": 1,
    "otherMovies": {}
  },
  "kendallwalsh": {
    "inputMovieCount": 1,
    "otherMovies": {}
  },
  "sehnzeleid": {
    "inputMovieCount": 1,
    "otherMovies": {}
  },
  "markmooney": {
    "inputMovieCount": 1,
    "otherMovies": {}
  },
  "worldwideweb": {
    "inputMovieCount": 1,
    "otherMovies": {}
  },
  "teamgal": {
    "inputMovieCount": 1,
    "otherMovies": {}
  },
  "riverjphoenix": {
    "inputMovieCount": 1,
    "otherMovies": {}
  },
  "codypphoto": {
    "inputMovieCount": 1,
    "otherMovies": {}
  },
  "rickd": {
    "inputMovieCount": 1,
    "otherMovies": {}
  },
  "faretheewell": {
    "inputMovieCount": 1,
    "otherMovies": {}
  },
  "beenalee": {
    "inputMovieCount": 1,
    "otherMovies": {}
  },
  "ricfranco": {
    "inputMovieCount": 1,
    "otherMovies": {}
  },
  "madeons": {
    "inputMovieCount": 1,
    "otherMovies": {}
  },
  "unclestan": {
    "inputMovieCount": 1,
    "otherMovies": {}
  },
  "cinefan27": {
    "inputMovieCount": 1,
    "otherMovies": {}
  },
  "clockworkking": {
    "inputMovieCount": 1,
    "otherMovies": {}
  },
  "pinkmcflurry": {
    "inputMovieCount": 1,
    "otherMovies": {}
  },
  "gorybmovie": {
    "inputMovieCount": 1,
    "otherMovies": {}
  },
  "simplecinema": {
    "inputMovieCount": 1,
    "otherMovies": {}
  },
  "incomingmail": {
    "inputMovieCount": 1,
    "otherMovies": {}
  },
  "ianjonas": {
    "inputMovieCount": 1,
    "otherMovies": {}
  },
  "lukelivermore": {
    "inputMovieCount": 1,
    "otherMovies": {}
  },
  "tommysyk": {
    "inputMovieCount": 1,
    "otherMovies": {}
  },
  "mardarrius": {
    "inputMovieCount": 1,
    "otherMovies": {}
  },
  "mcufilm": {
    "inputMovieCount": 1,
    "otherMovies": {}
  },
  "nibiru_truth": {
    "inputMovieCount": 1,
    "otherMovies": {}
  },
  "freyainthcities": {
    "inputMovieCount": 1,
    "otherMovies": {}
  },
  "halliehalliday": {
    "inputMovieCount": 1,
    "otherMovies": {}
  },
  "kingofgondor": {
    "inputMovieCount": 1,
    "otherMovies": {}
  },
  "always8323": {
    "inputMovieCount": 1,
    "otherMovies": {}
  },
  "christianbales": {
    "inputMovieCount": 1,
    "otherMovies": {}
  },
  "annijaas": {
    "inputMovieCount": 1,
    "otherMovies": {}
  },
  "movieswithdes": {
    "inputMovieCount": 1,
    "otherMovies": {}
  },
  "dialnfornick": {
    "inputMovieCount": 1,
    "otherMovies": {}
  },
  "sadik_khan_": {
    "inputMovieCount": 1,
    "otherMovies": {}
  },
  "jessedixon": {
    "inputMovieCount": 1,
    "otherMovies": {}
  },
  "ashonfilm": {
    "inputMovieCount": 1,
    "otherMovies": {}
  },
  "taz": {
    "inputMovieCount": 1,
    "otherMovies": {}
  },
  "dreadfuls": {
    "inputMovieCount": 1,
    "otherMovies": {}
  },
  "thediegoandaluz": {
    "inputMovieCount": 1,
    "otherMovies": {}
  },
  "ricomcpato": {
    "inputMovieCount": 1,
    "otherMovies": {}
  },
  "fake_shemp": {
    "inputMovieCount": 1,
    "otherMovies": {}
  },
  "dakotajoaquin": {
    "inputMovieCount": 1,
    "otherMovies": {}
  },
  "badeboom": {
    "inputMovieCount": 1,
    "otherMovies": {}
  },
  "kwight01": {
    "inputMovieCount": 1,
    "otherMovies": {}
  },
  "donnieddarko": {
    "inputMovieCount": 1,
    "otherMovies": {}
  },
  "alaynaviolet": {
    "inputMovieCount": 1,
    "otherMovies": {}
  },
  "leeannremiker": {
    "inputMovieCount": 1,
    "otherMovies": {}
  },
  "smarmyjerkface": {
    "inputMovieCount": 1,
    "otherMovies": {}
  },
  "beegproductions": {
    "inputMovieCount": 1,
    "otherMovies": {}
  },
  "margielatabi": {
    "inputMovieCount": 1,
    "otherMovies": {}
  },
  "millenniummambo": {
    "inputMovieCount": 1,
    "otherMovies": {}
  },
  "kyledunne": {
    "inputMovieCount": 1,
    "otherMovies": {}
  },
  "emilybabyy": {
    "inputMovieCount": 1,
    "otherMovies": {}
  },
  "cilliansheart": {
    "inputMovieCount": 1,
    "otherMovies": {}
  },
  "sunset99": {
    "inputMovieCount": 1,
    "otherMovies": {}
  },
  "evilbjork": {
    "inputMovieCount": 1,
    "otherMovies": {}
  },
  "emperorcupcake": {
    "inputMovieCount": 1,
    "otherMovies": {}
  },
  "karmanoodle": {
    "inputMovieCount": 1,
    "otherMovies": {}
  },
  "hail_freyr": {
    "inputMovieCount": 1,
    "otherMovies": {}
  },
  "belrodrigues": {
    "inputMovieCount": 1,
    "otherMovies": {}
  },
  "mbf231": {
    "inputMovieCount": 1,
    "otherMovies": {}
  },
  "joereid": {
    "inputMovieCount": 1,
    "otherMovies": {}
  },
  "erinlindsayy": {
    "inputMovieCount": 1,
    "otherMovies": {}
  },
  "coreypierce": {
    "inputMovieCount": 1,
    "otherMovies": {}
  },
  "hauntedhippie": {
    "inputMovieCount": 1,
    "otherMovies": {}
  },
  "seenandnotseen": {
    "inputMovieCount": 1,
    "otherMovies": {}
  },
  "samiser": {
    "inputMovieCount": 1,
    "otherMovies": {}
  },
  "medicalmovieman": {
    "inputMovieCount": 1,
    "otherMovies": {}
  },
  "superpulse": {
    "inputMovieCount": 1,
    "otherMovies": {}
  },
  "sprudelheinz": {
    "inputMovieCount": 1,
    "otherMovies": {}
  },
  "lovrfilms": {
    "inputMovieCount": 1,
    "otherMovies": {}
  },
  "jay": {
    "inputMovieCount": 1,
    "otherMovies": {}
  },
  "cherrygloss": {
    "inputMovieCount": 1,
    "otherMovies": {}
  },
  "miketorchic": {
    "inputMovieCount": 1,
    "otherMovies": {}
  },
  "meggss": {
    "inputMovieCount": 1,
    "otherMovies": {}
  },
  "skipper_schutt": {
    "inputMovieCount": 1,
    "otherMovies": {}
  },
  "rhesusnegative": {
    "inputMovieCount": 1,
    "otherMovies": {}
  },
  "andrerseits": {
    "inputMovieCount": 1,
    "otherMovies": {}
  },
  "tentaclatron": {
    "inputMovieCount": 1,
    "otherMovies": {}
  },
  "smallclone": {
    "inputMovieCount": 1,
    "otherMovies": {}
  },
  "yorel1976": {
    "inputMovieCount": 1,
    "otherMovies": {}
  },
  "robertdavid": {
    "inputMovieCount": 1,
    "otherMovies": {}
  },
  "draper_": {
    "inputMovieCount": 1,
    "otherMovies": {}
  },
  "mook": {
    "inputMovieCount": 1,
    "otherMovies": {}
  },
  "elisavetkei": {
    "inputMovieCount": 1,
    "otherMovies": {}
  },
  "fakerobhunter": {
    "inputMovieCount": 1,
    "otherMovies": {}
  },
  "tdm5003": {
    "inputMovieCount": 1,
    "otherMovies": {}
  },
  "zizyy": {
    "inputMovieCount": 1,
    "otherMovies": {}
  },
  "pjenkins": {
    "inputMovieCount": 1,
    "otherMovies": {}
  },
  "elsergiomunoz": {
    "inputMovieCount": 1,
    "otherMovies": {}
  },
  "teamshaikha": {
    "inputMovieCount": 1,
    "otherMovies": {}
  },
  "_66tl_": {
    "inputMovieCount": 1,
    "otherMovies": {}
  },
  "m__ollymac": {
    "inputMovieCount": 1,
    "otherMovies": {}
  },
  "ksenijab": {
    "inputMovieCount": 1,
    "otherMovies": {}
  },
  "andredenervaux": {
    "inputMovieCount": 1,
    "otherMovies": {}
  },
  "cinemaexcelsior": {
    "inputMovieCount": 1,
    "otherMovies": {}
  },
  "flyawayhome": {
    "inputMovieCount": 1,
    "otherMovies": {}
  },
  "jozhster": {
    "inputMovieCount": 1,
    "otherMovies": {}
  },
  "v6446v": {
    "inputMovieCount": 1,
    "otherMovies": {}
  },
  "edithwharton": {
    "inputMovieCount": 1,
    "otherMovies": {}
  },
  "prezoh": {
    "inputMovieCount": 1,
    "otherMovies": {}
  },
  "joakocritica": {
    "inputMovieCount": 1,
    "otherMovies": {}
  },
  "rudimh": {
    "inputMovieCount": 1,
    "otherMovies": {}
  },
  "ifising": {
    "inputMovieCount": 1,
    "otherMovies": {}
  },
  "andylevy": {
    "inputMovieCount": 1,
    "otherMovies": {}
  },
  "mattluvsmovies": {
    "inputMovieCount": 1,
    "otherMovies": {}
  },
  "brat": {
    "inputMovieCount": 1,
    "otherMovies": {}
  },
  "wesandrson": {
    "inputMovieCount": 1,
    "otherMovies": {}
  },
  "katkowalski314": {
    "inputMovieCount": 1,
    "otherMovies": {}
  },
  "feliomestre": {
    "inputMovieCount": 1,
    "otherMovies": {}
  },
  "denduffy": {
    "inputMovieCount": 1,
    "otherMovies": {}
  },
  "blakemower": {
    "inputMovieCount": 1,
    "otherMovies": {}
  },
  "dulcetnicole": {
    "inputMovieCount": 1,
    "otherMovies": {}
  },
  "evasive": {
    "inputMovieCount": 1,
    "otherMovies": {}
  },
  "behaind": {
    "inputMovieCount": 1,
    "otherMovies": {}
  },
  "everista": {
    "inputMovieCount": 1,
    "otherMovies": {}
  },
  "sarahlovett": {
    "inputMovieCount": 1,
    "otherMovies": {}
  },
  "fallnfairy": {
    "inputMovieCount": 1,
    "otherMovies": {}
  },
  "prolelol": {
    "inputMovieCount": 1,
    "otherMovies": {}
  },
  "olilovesfilm": {
    "inputMovieCount": 1,
    "otherMovies": {}
  },
  "elaurapictures": {
    "inputMovieCount": 1,
    "otherMovies": {}
  },
  "sloany_": {
    "inputMovieCount": 1,
    "otherMovies": {}
  },
  "b1mb1m": {
    "inputMovieCount": 1,
    "otherMovies": {}
  },
  "pauloveshorror": {
    "inputMovieCount": 1,
    "otherMovies": {}
  },
  "drumdums": {
    "inputMovieCount": 1,
    "otherMovies": {}
  },
  "zanderific": {
    "inputMovieCount": 1,
    "otherMovies": {}
  },
  "modish": {
    "inputMovieCount": 1,
    "otherMovies": {}
  },
  "toddhaynes": {
    "inputMovieCount": 1,
    "otherMovies": {}
  },
  "vontrapp": {
    "inputMovieCount": 1,
    "otherMovies": {}
  },
  "chloe1": {
    "inputMovieCount": 1,
    "otherMovies": {}
  },
  "rodstar": {
    "inputMovieCount": 1,
    "otherMovies": {}
  },
  "danielzalez": {
    "inputMovieCount": 1,
    "otherMovies": {}
  },
  "jacobalenciaga": {
    "inputMovieCount": 1,
    "otherMovies": {}
  },
  "notviking": {
    "inputMovieCount": 1,
    "otherMovies": {}
  },
  "qmoviereviews": {
    "inputMovieCount": 1,
    "otherMovies": {}
  },
  "cdgray": {
    "inputMovieCount": 1,
    "otherMovies": {}
  },
  "carygrcnt": {
    "inputMovieCount": 1,
    "otherMovies": {}
  },
  "reviewsbybrooks": {
    "inputMovieCount": 1,
    "otherMovies": {}
  },
  "lucaselordi": {
    "inputMovieCount": 1,
    "otherMovies": {}
  },
  "jocey": {
    "inputMovieCount": 1,
    "otherMovies": {}
  },
  "thejacko": {
    "inputMovieCount": 1,
    "otherMovies": {}
  },
  "taylorfilmguy": {
    "inputMovieCount": 1,
    "otherMovies": {}
  },
  "rybrentmannftw": {
    "inputMovieCount": 1,
    "otherMovies": {}
  },
  "whateverokay": {
    "inputMovieCount": 1,
    "otherMovies": {}
  },
  "digitalpress": {
    "inputMovieCount": 1,
    "otherMovies": {}
  },
  "macfilms": {
    "inputMovieCount": 1,
    "otherMovies": {}
  },
  "danielle41515": {
    "inputMovieCount": 1,
    "otherMovies": {}
  },
  "russman": {
    "inputMovieCount": 1,
    "otherMovies": {}
  },
  "eviibag": {
    "inputMovieCount": 1,
    "otherMovies": {}
  }
}
[2025-11-16T18:17:39.977Z] INFO: 🎯 STEP 3: Building candidate movie set 
[2025-11-16T18:17:39.977Z] INFO: 🎯 Found 1499 candidate movies 
[2025-11-16T18:17:39.977Z] INFO: 📈 STEP 4: Calculating global statistics 
[2025-11-16T18:17:39.978Z] DEBUG: 🔍 Querying likes - batch 1 
[2025-11-16T18:17:40.616Z] DEBUG: 🔍 Querying likes - batch 2 
[2025-11-16T18:17:41.217Z] DEBUG: 🔍 Querying likes - batch 3 
[2025-11-16T18:17:41.737Z] DEBUG: 🔍 Querying likes - batch 4 
[2025-11-16T18:17:42.337Z] DEBUG: 🔍 Querying likes - batch 5 
[2025-11-16T18:17:42.943Z] DEBUG: 🔍 Querying likes - batch 6 
[2025-11-16T18:17:43.403Z] DEBUG: 🔍 Querying likes - batch 7 
[2025-11-16T18:17:44.012Z] DEBUG: 🔍 Querying likes - batch 8 
[2025-11-16T18:17:44.606Z] DEBUG: 🔍 Querying likes - batch 9 
[2025-11-16T18:17:45.260Z] DEBUG: 🔍 Querying likes - batch 10 
[2025-11-16T18:17:45.798Z] INFO: 🔍 Progress: 175229 items from likes so far... 
[2025-11-16T18:17:45.798Z] DEBUG: 🔍 Querying likes - batch 11 
[2025-11-16T18:17:46.324Z] DEBUG: 🔍 Querying likes - batch 12 
[2025-11-16T18:17:47.065Z] DEBUG: 🔍 Querying likes - batch 13 
[2025-11-16T18:17:47.697Z] DEBUG: 🔍 Querying likes - batch 14 
[2025-11-16T18:17:48.433Z] DEBUG: 🔍 Querying likes - batch 15 
[2025-11-16T18:17:48.998Z] DEBUG: 🔍 Querying likes - batch 16 
[2025-11-16T18:17:49.248Z] INFO: 🔍 Retrieved 268857 total items from likes in 16 batches 
[2025-11-16T18:17:49.305Z] INFO: 📈 Global stats: 5000 movies, avg 53.8 likes/movie 
[2025-11-16T18:17:49.305Z] INFO: 🎨 STEP 5: Scoring candidate movies 
[2025-11-16T18:19:31.074Z] DEBUG: Score breakdown for thelma-2017: {
  "collaborative": "0.323",
  "genre": "0.100",
  "director": "0.000",
  "actor": "0.000",
  "temporal": "0.043",
  "final": "0.466"
}
[2025-11-16T18:19:31.076Z] DEBUG: Score breakdown for saltburn: {
  "collaborative": "0.229",
  "genre": "0.040",
  "director": "0.000",
  "actor": "0.000",
  "temporal": "0.040",
  "final": "0.309"
}
[2025-11-16T18:19:31.076Z] DEBUG: Score breakdown for the-prestige: {
  "collaborative": "0.177",
  "genre": "0.040",
  "director": "0.000",
  "actor": "0.000",
  "temporal": "0.020",
  "final": "0.237"
}
[2025-11-16T18:19:31.077Z] DEBUG: Score breakdown for nightcrawler: {
  "collaborative": "0.213",
  "genre": "0.040",
  "director": "0.000",
  "actor": "0.000",
  "temporal": "0.037",
  "final": "0.290"
}
[2025-11-16T18:19:31.077Z] DEBUG: Score breakdown for you-were-never-really-here: {
  "collaborative": "0.271",
  "genre": "0.040",
  "director": "0.000",
  "actor": "0.000",
  "temporal": "0.043",
  "final": "0.354"
}
[2025-11-16T18:19:31.079Z] DEBUG: Score breakdown for the-descent: {
  "collaborative": "0.273",
  "genre": "0.050",
  "director": "0.000",
  "actor": "0.000",
  "temporal": "0.018",
  "final": "0.340"
}
[2025-11-16T18:19:31.080Z] DEBUG: Score breakdown for mandy-2018: {
  "collaborative": "0.294",
  "genre": "0.040",
  "director": "0.000",
  "actor": "0.000",
  "temporal": "0.045",
  "final": "0.380"
}
[2025-11-16T18:19:31.080Z] DEBUG: Score breakdown for noroi-the-curse: {
  "collaborative": "0.350",
  "genre": "0.200",
  "director": "0.000",
  "actor": "0.000",
  "temporal": "0.018",
  "final": "0.568"
}
[2025-11-16T18:19:31.081Z] DEBUG: Score breakdown for charade: {
  "collaborative": "0.277",
  "genre": "0.040",
  "director": "0.000",
  "actor": "0.000",
  "temporal": "0.001",
  "final": "0.318"
}
[2025-11-16T18:19:31.081Z] DEBUG: Score breakdown for basic-instinct: {
  "collaborative": "0.286",
  "genre": "0.133",
  "director": "0.000",
  "actor": "0.000",
  "temporal": "0.003",
  "final": "0.422"
}
[2025-11-16T18:19:31.082Z] DEBUG: Score breakdown for suspiria: {
  "collaborative": "0.252",
  "genre": "0.067",
  "director": "0.000",
  "actor": "0.000",
  "temporal": "0.001",
  "final": "0.320"
}
[2025-11-16T18:19:31.082Z] DEBUG: Score breakdown for lavventura: {
  "collaborative": "0.350",
  "genre": "0.040",
  "director": "0.000",
  "actor": "0.000",
  "temporal": "0.001",
  "final": "0.391"
}
[2025-11-16T18:19:31.082Z] DEBUG: Score breakdown for the-texas-chain-saw-massacre: {
  "collaborative": "0.237",
  "genre": "0.067",
  "director": "0.000",
  "actor": "0.000",
  "temporal": "0.001",
  "final": "0.304"
}
[2025-11-16T18:19:31.082Z] DEBUG: Score breakdown for twin-peaks: {
  "collaborative": "0.188",
  "genre": "0.080",
  "director": "0.000",
  "actor": "0.000",
  "temporal": "0.002",
  "final": "0.270"
}
[2025-11-16T18:19:31.083Z] DEBUG: Score breakdown for bones-and-all: {
  "collaborative": "0.215",
  "genre": "0.040",
  "director": "0.000",
  "actor": "0.000",
  "temporal": "0.041",
  "final": "0.296"
}
[2025-11-16T18:19:31.083Z] DEBUG: Score breakdown for shoplifters: {
  "collaborative": "0.199",
  "genre": "0.040",
  "director": "0.000",
  "actor": "0.000",
  "temporal": "0.045",
  "final": "0.284"
}
[2025-11-16T18:19:31.084Z] DEBUG: Score breakdown for bodies-bodies-bodies: {
  "collaborative": "0.238",
  "genre": "0.100",
  "director": "0.000",
  "actor": "0.000",
  "temporal": "0.041",
  "final": "0.379"
}
[2025-11-16T18:19:31.085Z] DEBUG: Score breakdown for day-of-the-dead: {
  "collaborative": "0.313",
  "genre": "0.100",
  "director": "0.000",
  "actor": "0.000",
  "temporal": "0.002",
  "final": "0.415"
}
[2025-11-16T18:19:31.085Z] DEBUG: Score breakdown for the-crow: {
  "collaborative": "0.278",
  "genre": "0.040",
  "director": "0.000",
  "actor": "0.000",
  "temporal": "0.003",
  "final": "0.321"
}
[2025-11-16T18:19:31.085Z] DEBUG: Score breakdown for se7en: {
  "collaborative": "0.144",
  "genre": "0.100",
  "director": "0.000",
  "actor": "0.000",
  "temporal": "0.003",
  "final": "0.247"
}
[2025-11-16T18:19:31.085Z] DEBUG: Score breakdown for dead-ringers: {
  "collaborative": "0.301",
  "genre": "0.133",
  "director": "0.000",
  "actor": "0.000",
  "temporal": "0.002",
  "final": "0.437"
}
[2025-11-16T18:19:31.086Z] DEBUG: Score breakdown for black-swan: {
  "collaborative": "0.182",
  "genre": "0.100",
  "director": "0.000",
  "actor": "0.000",
  "temporal": "0.028",
  "final": "0.310"
}
[2025-11-16T18:19:31.086Z] DEBUG: Score breakdown for collateral: {
  "collaborative": "0.248",
  "genre": "0.040",
  "director": "0.000",
  "actor": "0.000",
  "temporal": "0.016",
  "final": "0.304"
}
[2025-11-16T18:19:31.086Z] DEBUG: Score breakdown for raw-2016: {
  "collaborative": "0.249",
  "genre": "0.050",
  "director": "0.000",
  "actor": "0.000",
  "temporal": "0.041",
  "final": "0.340"
}
[2025-11-16T18:19:31.086Z] DEBUG: Score breakdown for sicario-2015: {
  "collaborative": "0.253",
  "genre": "0.040",
  "director": "0.000",
  "actor": "0.000",
  "temporal": "0.039",
  "final": "0.331"
}
[2025-11-16T18:19:31.086Z] DEBUG: Score breakdown for blow-out: {
  "collaborative": "0.231",
  "genre": "0.100",
  "director": "0.000",
  "actor": "0.000",
  "temporal": "0.002",
  "final": "0.333"
}
[2025-11-16T18:19:31.087Z] DEBUG: Score breakdown for mulholland-drive: {
  "collaborative": "0.168",
  "genre": "0.100",
  "director": "0.000",
  "actor": "0.000",
  "temporal": "0.010",
  "final": "0.278"
}
[2025-11-16T18:19:31.087Z] DEBUG: Score breakdown for cure: {
  "collaborative": "0.202",
  "genre": "0.150",
  "director": "0.000",
  "actor": "0.000",
  "temporal": "0.004",
  "final": "0.356"
}
[2025-11-16T18:19:31.087Z] DEBUG: Score breakdown for saw-ii: {
  "collaborative": "0.338",
  "genre": "0.067",
  "director": "0.000",
  "actor": "0.000",
  "temporal": "0.018",
  "final": "0.422"
}
[2025-11-16T18:19:31.087Z] DEBUG: Score breakdown for the-invisible-man-2020: {
  "collaborative": "0.248",
  "genre": "0.100",
  "director": "0.000",
  "actor": "0.000",
  "temporal": "0.043",
  "final": "0.391"
}
[2025-11-16T18:19:31.087Z] DEBUG: Score breakdown for midsommar: {
  "collaborative": "0.222",
  "genre": "0.100",
  "director": "0.000",
  "actor": "0.000",
  "temporal": "0.044",
  "final": "0.366"
}
[2025-11-16T18:19:31.087Z] DEBUG: Score breakdown for oldboy: {
  "collaborative": "0.158",
  "genre": "0.080",
  "director": "0.000",
  "actor": "0.000",
  "temporal": "0.014",
  "final": "0.252"
}
[2025-11-16T18:19:31.088Z] DEBUG: Score breakdown for scream: {
  "collaborative": "0.193",
  "genre": "0.100",
  "director": "0.000",
  "actor": "0.000",
  "temporal": "0.003",
  "final": "0.297"
}
[2025-11-16T18:19:31.088Z] DEBUG: Score breakdown for childs-play-2: {
  "collaborative": "0.345",
  "genre": "0.133",
  "director": "0.000",
  "actor": "0.000",
  "temporal": "0.002",
  "final": "0.481"
}
[2025-11-16T18:19:31.088Z] DEBUG: Score breakdown for sympathy-for-mr-vengeance: {
  "collaborative": "0.316",
  "genre": "0.040",
  "director": "0.000",
  "actor": "0.000",
  "temporal": "0.012",
  "final": "0.368"
}
[2025-11-16T18:19:31.088Z] DEBUG: Score breakdown for parasite-2019: {
  "collaborative": "0.130",
  "genre": "0.040",
  "director": "0.000",
  "actor": "0.000",
  "temporal": "0.044",
  "final": "0.215"
}
[2025-11-16T18:19:31.088Z] DEBUG: Score breakdown for the-wailing: {
  "collaborative": "0.288",
  "genre": "0.133",
  "director": "0.000",
  "actor": "0.000",
  "temporal": "0.041",
  "final": "0.462"
}
[2025-11-16T18:19:31.089Z] DEBUG: Score breakdown for the-shining: {
  "collaborative": "0.157",
  "genre": "0.133",
  "director": "0.000",
  "actor": "0.000",
  "temporal": "0.001",
  "final": "0.292"
}
[2025-11-16T18:19:31.089Z] DEBUG: Score breakdown for the-innocents: {
  "collaborative": "0.280",
  "genre": "0.133",
  "director": "0.000",
  "actor": "0.000",
  "temporal": "0.001",
  "final": "0.414"
}
[2025-11-16T18:19:31.089Z] DEBUG: Score breakdown for it-2017: {
  "collaborative": "0.265",
  "genre": "0.133",
  "director": "0.000",
  "actor": "0.000",
  "temporal": "0.043",
  "final": "0.441"
}
[2025-11-16T18:19:31.089Z] DEBUG: Score breakdown for chinatown: {
  "collaborative": "0.201",
  "genre": "0.080",
  "director": "0.000",
  "actor": "0.000",
  "temporal": "0.001",
  "final": "0.282"
}
[2025-11-16T18:19:31.089Z] DEBUG: Score breakdown for an-american-werewolf-in-london: {
  "collaborative": "0.249",
  "genre": "0.050",
  "director": "0.000",
  "actor": "0.000",
  "temporal": "0.002",
  "final": "0.301"
}
[2025-11-16T18:19:31.090Z] DEBUG: Score breakdown for saw-v: {
  "collaborative": "0.350",
  "genre": "0.100",
  "director": "0.000",
  "actor": "0.000",
  "temporal": "0.024",
  "final": "0.474"
}
[2025-11-16T18:19:31.090Z] DEBUG: Score breakdown for nosferatu-2024: {
  "collaborative": "0.163",
  "genre": "0.040",
  "director": "0.000",
  "actor": "0.000",
  "temporal": "0.039",
  "final": "0.242"
}
[2025-11-16T18:19:31.090Z] DEBUG: Score breakdown for shaun-of-the-dead: {
  "collaborative": "0.227",
  "genre": "0.050",
  "director": "0.000",
  "actor": "0.000",
  "temporal": "0.016",
  "final": "0.292"
}
[2025-11-16T18:19:31.090Z] DEBUG: Score breakdown for gremlins-2-the-new-batch: {
  "collaborative": "0.307",
  "genre": "0.040",
  "director": "0.000",
  "actor": "0.000",
  "temporal": "0.002",
  "final": "0.350"
}
[2025-11-16T18:19:31.090Z] DEBUG: Score breakdown for the-girl-with-the-dragon-tattoo-2011: {
  "collaborative": "0.244",
  "genre": "0.100",
  "director": "0.000",
  "actor": "0.000",
  "temporal": "0.030",
  "final": "0.374"
}
[2025-11-16T18:19:31.090Z] DEBUG: Score breakdown for take-shelter: {
  "collaborative": "0.336",
  "genre": "0.050",
  "director": "0.000",
  "actor": "0.000",
  "temporal": "0.030",
  "final": "0.416"
}
[2025-11-16T18:19:31.090Z] DEBUG: Score breakdown for possession: {
  "collaborative": "0.222",
  "genre": "0.067",
  "director": "0.000",
  "actor": "0.000",
  "temporal": "0.002",
  "final": "0.290"
}
[2025-11-16T18:19:31.091Z] DEBUG: Score breakdown for joker-2019: {
  "collaborative": "0.258",
  "genre": "0.040",
  "director": "0.000",
  "actor": "0.000",
  "temporal": "0.044",
  "final": "0.342"
}
[2025-11-16T18:19:31.091Z] DEBUG: Score breakdown for room-2015: {
  "collaborative": "0.247",
  "genre": "0.050",
  "director": "0.000",
  "actor": "0.000",
  "temporal": "0.039",
  "final": "0.336"
}
[2025-11-16T18:19:31.091Z] DEBUG: Score breakdown for casino-royale-2006: {
  "collaborative": "0.271",
  "genre": "0.040",
  "director": "0.000",
  "actor": "0.000",
  "temporal": "0.020",
  "final": "0.331"
}
[2025-11-16T18:19:31.091Z] DEBUG: Score breakdown for hush-2016: {
  "collaborative": "0.350",
  "genre": "0.133",
  "director": "0.000",
  "actor": "0.000",
  "temporal": "0.041",
  "final": "0.524"
}
[2025-11-16T18:19:31.091Z] DEBUG: Score breakdown for game-night: {
  "collaborative": "0.245",
  "genre": "0.040",
  "director": "0.000",
  "actor": "0.000",
  "temporal": "0.045",
  "final": "0.330"
}
[2025-11-16T18:19:31.091Z] DEBUG: Score breakdown for the-lighthouse-2019: {
  "collaborative": "0.210",
  "genre": "0.080",
  "director": "0.000",
  "actor": "0.000",
  "temporal": "0.044",
  "final": "0.334"
}
[2025-11-16T18:19:31.096Z] DEBUG: Score breakdown for man-on-fire-2004: {
  "collaborative": "0.333",
  "genre": "0.040",
  "director": "0.000",
  "actor": "0.000",
  "temporal": "0.016",
  "final": "0.389"
}
[2025-11-16T18:19:31.096Z] DEBUG: Score breakdown for the-dead-zone: {
  "collaborative": "0.350",
  "genre": "0.100",
  "director": "0.000",
  "actor": "0.000",
  "temporal": "0.002",
  "final": "0.452"
}
[2025-11-16T18:19:31.096Z] DEBUG: Score breakdown for amsterdam-2022: {
  "collaborative": "0.350",
  "genre": "0.040",
  "director": "0.000",
  "actor": "0.000",
  "temporal": "0.041",
  "final": "0.431"
}
[2025-11-16T18:19:31.096Z] DEBUG: Score breakdown for aliens: {
  "collaborative": "0.203",
  "genre": "0.080",
  "director": "0.000",
  "actor": "0.000",
  "temporal": "0.002",
  "final": "0.285"
}
[2025-11-16T18:19:31.097Z] DEBUG: Score breakdown for red-rooms: {
  "collaborative": "0.220",
  "genre": "0.100",
  "director": "0.000",
  "actor": "0.000",
  "temporal": "0.040",
  "final": "0.360"
}
[2025-11-16T18:19:31.097Z] DEBUG: Score breakdown for the-night-of-the-hunter: {
  "collaborative": "0.200",
  "genre": "0.040",
  "director": "0.000",
  "actor": "0.000",
  "temporal": "0.000",
  "final": "0.241"
}
[2025-11-16T18:19:31.097Z] DEBUG: Score breakdown for thesis: {
  "collaborative": "0.350",
  "genre": "0.133",
  "director": "0.000",
  "actor": "0.000",
  "temporal": "0.003",
  "final": "0.487"
}
[2025-11-16T18:19:31.097Z] DEBUG: Score breakdown for the-batman: {
  "collaborative": "0.187",
  "genre": "0.100",
  "director": "0.000",
  "actor": "0.000",
  "temporal": "0.041",
  "final": "0.328"
}
[2025-11-16T18:19:31.097Z] DEBUG: Score breakdown for thelma-louise: {
  "collaborative": "0.206",
  "genre": "0.033",
  "director": "0.000",
  "actor": "0.000",
  "temporal": "0.003",
  "final": "0.242"
}
[2025-11-16T18:19:31.098Z] DEBUG: Score breakdown for strangers-on-a-train: {
  "collaborative": "0.274",
  "genre": "0.050",
  "director": "0.000",
  "actor": "0.000",
  "temporal": "0.000",
  "final": "0.325"
}
[2025-11-16T18:19:31.098Z] DEBUG: Score breakdown for double-indemnity: {
  "collaborative": "0.200",
  "genre": "0.050",
  "director": "0.000",
  "actor": "0.000",
  "temporal": "0.000",
  "final": "0.250"
}
[2025-11-16T18:19:31.098Z] DEBUG: Score breakdown for inglourious-basterds: {
  "collaborative": "0.143",
  "genre": "0.040",
  "director": "0.000",
  "actor": "0.000",
  "temporal": "0.026",
  "final": "0.209"
}
[2025-11-16T18:19:31.098Z] DEBUG: Score breakdown for a-quiet-place-2018: {
  "collaborative": "0.239",
  "genre": "0.040",
  "director": "0.000",
  "actor": "0.000",
  "temporal": "0.045",
  "final": "0.325"
}
[2025-11-16T18:19:31.098Z] DEBUG: Score breakdown for scream-2: {
  "collaborative": "0.279",
  "genre": "0.133",
  "director": "0.000",
  "actor": "0.000",
  "temporal": "0.004",
  "final": "0.416"
}
[2025-11-16T18:19:31.098Z] DEBUG: Score breakdown for saw-vi: {
  "collaborative": "0.350",
  "genre": "0.133",
  "director": "0.000",
  "actor": "0.000",
  "temporal": "0.026",
  "final": "0.509"
}
[2025-11-16T18:19:31.098Z] DEBUG: Score breakdown for terminator-2-judgment-day: {
  "collaborative": "0.172",
  "genre": "0.040",
  "director": "0.000",
  "actor": "0.000",
  "temporal": "0.003",
  "final": "0.214"
}
[2025-11-16T18:19:31.099Z] DEBUG: Score breakdown for the-silence-of-the-lambs: {
  "collaborative": "0.146",
  "genre": "0.080",
  "director": "0.000",
  "actor": "0.000",
  "temporal": "0.003",
  "final": "0.229"
}
[2025-11-16T18:19:31.099Z] DEBUG: Score breakdown for mothers-instinct-2024: {
  "collaborative": "0.350",
  "genre": "0.050",
  "director": "0.000",
  "actor": "0.000",
  "temporal": "0.039",
  "final": "0.439"
}
[2025-11-16T18:19:31.099Z] DEBUG: Score breakdown for 2001-a-space-odyssey: {
  "collaborative": "0.173",
  "genre": "0.040",
  "director": "0.000",
  "actor": "0.000",
  "temporal": "0.001",
  "final": "0.214"
}
[2025-11-16T18:19:31.100Z] DEBUG: Score breakdown for 10-cloverfield-lane: {
  "collaborative": "0.274",
  "genre": "0.080",
  "director": "0.000",
  "actor": "0.000",
  "temporal": "0.041",
  "final": "0.394"
}
[2025-11-16T18:19:31.100Z] DEBUG: Score breakdown for scream-vi: {
  "collaborative": "0.257",
  "genre": "0.100",
  "director": "0.000",
  "actor": "0.000",
  "temporal": "0.040",
  "final": "0.397"
}
[2025-11-16T18:19:31.102Z] DEBUG: Score breakdown for scream-3: {
  "collaborative": "0.350",
  "genre": "0.133",
  "director": "0.000",
  "actor": "0.000",
  "temporal": "0.008",
  "final": "0.491"
}
[2025-11-16T18:19:31.105Z] DEBUG: Score breakdown for happy-death-day-2u: {
  "collaborative": "0.350",
  "genre": "0.040",
  "director": "0.000",
  "actor": "0.000",
  "temporal": "0.044",
  "final": "0.434"
}
[2025-11-16T18:19:31.106Z] DEBUG: Score breakdown for halloween: {
  "collaborative": "0.350",
  "genre": "0.067",
  "director": "0.000",
  "actor": "0.000",
  "temporal": "0.022",
  "final": "0.438"
}
[2025-11-16T18:19:31.107Z] DEBUG: Score breakdown for a-nightmare-on-elm-street-2010: {
  "collaborative": "0.350",
  "genre": "0.200",
  "director": "0.000",
  "actor": "0.000",
  "temporal": "0.028",
  "final": "0.578"
}
[2025-11-16T18:19:31.107Z] DEBUG: Score breakdown for its-whats-inside: {
  "collaborative": "0.247",
  "genre": "0.040",
  "director": "0.000",
  "actor": "0.000",
  "temporal": "0.039",
  "final": "0.326"
}
[2025-11-16T18:19:31.111Z] DEBUG: Score breakdown for after-hours: {
  "collaborative": "0.206",
  "genre": "0.040",
  "director": "0.000",
  "actor": "0.000",
  "temporal": "0.002",
  "final": "0.248"
}
[2025-11-16T18:19:31.111Z] DEBUG: Score breakdown for climax-2018: {
  "collaborative": "0.284",
  "genre": "0.050",
  "director": "0.000",
  "actor": "0.000",
  "temporal": "0.045",
  "final": "0.379"
}
[2025-11-16T18:19:31.112Z] DEBUG: Score breakdown for eileen-2023: {
  "collaborative": "0.348",
  "genre": "0.067",
  "director": "0.000",
  "actor": "0.000",
  "temporal": "0.040",
  "final": "0.454"
}
[2025-11-16T18:19:31.112Z] DEBUG: Score breakdown for longlegs: {
  "collaborative": "0.206",
  "genre": "0.100",
  "director": "0.000",
  "actor": "0.000",
  "temporal": "0.039",
  "final": "0.345"
}
[2025-11-16T18:19:31.113Z] DEBUG: Score breakdown for may: {
  "collaborative": "0.299",
  "genre": "0.040",
  "director": "0.000",
  "actor": "0.000",
  "temporal": "0.012",
  "final": "0.351"
}
[2025-11-16T18:19:31.114Z] DEBUG: Score breakdown for taken: {
  "collaborative": "0.350",
  "genre": "0.050",
  "director": "0.000",
  "actor": "0.000",
  "temporal": "0.024",
  "final": "0.424"
}
[2025-11-16T18:19:31.114Z] DEBUG: Score breakdown for phone-booth: {
  "collaborative": "0.350",
  "genre": "0.050",
  "director": "0.000",
  "actor": "0.000",
  "temporal": "0.012",
  "final": "0.412"
}
[2025-11-16T18:19:31.115Z] DEBUG: Score breakdown for burning-2018: {
  "collaborative": "0.260",
  "genre": "0.100",
  "director": "0.000",
  "actor": "0.000",
  "temporal": "0.045",
  "final": "0.406"
}
[2025-11-16T18:19:31.119Z] DEBUG: Score breakdown for the-substance: {
  "collaborative": "0.158",
  "genre": "0.050",
  "director": "0.000",
  "actor": "0.000",
  "temporal": "0.039",
  "final": "0.246"
}
[2025-11-16T18:19:31.123Z] DEBUG: Score breakdown for fatal-attraction: {
  "collaborative": "0.350",
  "genre": "0.040",
  "director": "0.000",
  "actor": "0.000",
  "temporal": "0.002",
  "final": "0.392"
}
[2025-11-16T18:19:31.124Z] DEBUG: Score breakdown for the-blair-witch-project: {
  "collaborative": "0.265",
  "genre": "0.133",
  "director": "0.000",
  "actor": "0.000",
  "temporal": "0.006",
  "final": "0.404"
}
[2025-11-16T18:19:31.126Z] DEBUG: Score breakdown for black-mirror-san-junipero: {
  "collaborative": "0.249",
  "genre": "0.033",
  "director": "0.000",
  "actor": "0.000",
  "temporal": "0.041",
  "final": "0.324"
}
[2025-11-16T18:19:31.126Z] DEBUG: Score breakdown for american-psycho: {
  "collaborative": "0.213",
  "genre": "0.080",
  "director": "0.000",
  "actor": "0.000",
  "temporal": "0.008",
  "final": "0.301"
}
[2025-11-16T18:19:31.127Z] DEBUG: Score breakdown for thief: {
  "collaborative": "0.268",
  "genre": "0.040",
  "director": "0.000",
  "actor": "0.000",
  "temporal": "0.002",
  "final": "0.310"
}
[2025-11-16T18:19:31.127Z] DEBUG: Score breakdown for sanctuary-2022: {
  "collaborative": "0.327",
  "genre": "0.050",
  "director": "0.000",
  "actor": "0.000",
  "temporal": "0.041",
  "final": "0.418"
}
[2025-11-16T18:19:31.127Z] DEBUG: Score breakdown for memento: {
  "collaborative": "0.205",
  "genre": "0.133",
  "director": "0.000",
  "actor": "0.000",
  "temporal": "0.008",
  "final": "0.346"
}
[2025-11-16T18:19:31.127Z] DEBUG: Score breakdown for us-2019: {
  "collaborative": "0.226",
  "genre": "0.133",
  "director": "0.000",
  "actor": "0.000",
  "temporal": "0.044",
  "final": "0.403"
}
[2025-11-16T18:19:31.127Z] DEBUG: Score breakdown for unbreakable: {
  "collaborative": "0.272",
  "genre": "0.100",
  "director": "0.000",
  "actor": "0.000",
  "temporal": "0.008",
  "final": "0.379"
}
[2025-11-16T18:19:31.127Z] DEBUG: Score breakdown for clue: {
  "collaborative": "0.253",
  "genre": "0.080",
  "director": "0.000",
  "actor": "0.000",
  "temporal": "0.002",
  "final": "0.335"
}
[2025-11-16T18:19:31.128Z] DEBUG: Score breakdown for i-care-a-lot: {
  "collaborative": "0.350",
  "genre": "0.040",
  "director": "0.000",
  "actor": "0.000",
  "temporal": "0.043",
  "final": "0.433"
}
[2025-11-16T18:19:31.128Z] DEBUG: Score breakdown for the-others: {
  "collaborative": "0.308",
  "genre": "0.200",
  "director": "0.000",
  "actor": "0.000",
  "temporal": "0.010",
  "final": "0.518"
}
[2025-11-16T18:19:31.128Z] DEBUG: Score breakdown for sunshine-2007: {
  "collaborative": "0.290",
  "genre": "0.040",
  "director": "0.000",
  "actor": "0.000",
  "temporal": "0.022",
  "final": "0.352"
}
[2025-11-16T18:19:31.128Z] DEBUG: Score breakdown for thoroughbreds-2017: {
  "collaborative": "0.274",
  "genre": "0.050",
  "director": "0.000",
  "actor": "0.000",
  "temporal": "0.043",
  "final": "0.367"
}
[2025-11-16T18:19:31.128Z] DEBUG: Score breakdown for searching-2018: {
  "collaborative": "0.283",
  "genre": "0.100",
  "director": "0.000",
  "actor": "0.000",
  "temporal": "0.045",
  "final": "0.429"
}
[2025-11-16T18:19:31.128Z] DEBUG: Score breakdown for house-of-1000-corpses: {
  "collaborative": "0.350",
  "genre": "0.067",
  "director": "0.000",
  "actor": "0.000",
  "temporal": "0.014",
  "final": "0.430"
}
[2025-11-16T18:19:31.129Z] DEBUG: Score breakdown for the-craft: {
  "collaborative": "0.320",
  "genre": "0.040",
  "director": "0.000",
  "actor": "0.000",
  "temporal": "0.003",
  "final": "0.363"
}
[2025-11-16T18:19:31.129Z] DEBUG: Score breakdown for elle: {
  "collaborative": "0.350",
  "genre": "0.050",
  "director": "0.000",
  "actor": "0.000",
  "temporal": "0.041",
  "final": "0.441"
}
[2025-11-16T18:19:31.129Z] DEBUG: Score breakdown for bram-stokers-dracula: {
  "collaborative": "0.275",
  "genre": "0.050",
  "director": "0.000",
  "actor": "0.000",
  "temporal": "0.003",
  "final": "0.328"
}
[2025-11-16T18:19:31.130Z] DEBUG: Score breakdown for the-invisible-man: {
  "collaborative": "0.289",
  "genre": "0.050",
  "director": "0.000",
  "actor": "0.000",
  "temporal": "0.000",
  "final": "0.339"
}
[2025-11-16T18:19:31.130Z] DEBUG: Score breakdown for i-saw-the-tv-glow: {
  "collaborative": "0.195",
  "genre": "0.050",
  "director": "0.000",
  "actor": "0.000",
  "temporal": "0.039",
  "final": "0.283"
}
[2025-11-16T18:19:31.131Z] DEBUG: Score breakdown for blade: {
  "collaborative": "0.350",
  "genre": "0.050",
  "director": "0.000",
  "actor": "0.000",
  "temporal": "0.004",
  "final": "0.404"
}
[2025-11-16T18:19:31.132Z] DEBUG: Score breakdown for the-menu-2022: {
  "collaborative": "0.221",
  "genre": "0.100",
  "director": "0.000",
  "actor": "0.000",
  "temporal": "0.041",
  "final": "0.362"
}
[2025-11-16T18:19:31.133Z] DEBUG: Score breakdown for what-we-do-in-the-shadows: {
  "collaborative": "0.201",
  "genre": "0.050",
  "director": "0.000",
  "actor": "0.000",
  "temporal": "0.037",
  "final": "0.287"
}
[2025-11-16T18:19:31.135Z] DEBUG: Score breakdown for 1917: {
  "collaborative": "0.214",
  "genre": "0.033",
  "director": "0.000",
  "actor": "0.000",
  "temporal": "0.044",
  "final": "0.292"
}
[2025-11-16T18:19:31.136Z] DEBUG: Score breakdown for gone-girl: {
  "collaborative": "0.185",
  "genre": "0.100",
  "director": "0.000",
  "actor": "0.000",
  "temporal": "0.037",
  "final": "0.321"
}
[2025-11-16T18:19:31.136Z] DEBUG: Score breakdown for halloween-iii-season-of-the-witch: {
  "collaborative": "0.316",
  "genre": "0.050",
  "director": "0.000",
  "actor": "0.000",
  "temporal": "0.002",
  "final": "0.368"
}
[2025-11-16T18:19:31.137Z] DEBUG: Score breakdown for good-time: {
  "collaborative": "0.229",
  "genre": "0.050",
  "director": "0.000",
  "actor": "0.000",
  "temporal": "0.043",
  "final": "0.323"
}
[2025-11-16T18:19:31.137Z] DEBUG: Score breakdown for the-raid-2011: {
  "collaborative": "0.297",
  "genre": "0.040",
  "director": "0.000",
  "actor": "0.000",
  "temporal": "0.030",
  "final": "0.367"
}
[2025-11-16T18:19:31.138Z] DEBUG: Score breakdown for the-impossible: {
  "collaborative": "0.350",
  "genre": "0.040",
  "director": "0.000",
  "actor": "0.000",
  "temporal": "0.032",
  "final": "0.422"
}
[2025-11-16T18:19:31.138Z] DEBUG: Score breakdown for no-time-to-die-2021: {
  "collaborative": "0.264",
  "genre": "0.040",
  "director": "0.000",
  "actor": "0.000",
  "temporal": "0.042",
  "final": "0.346"
}
[2025-11-16T18:19:31.138Z] DEBUG: Score breakdown for the-platform: {
  "collaborative": "0.350",
  "genre": "0.040",
  "director": "0.000",
  "actor": "0.000",
  "temporal": "0.044",
  "final": "0.434"
}
[2025-11-16T18:19:31.138Z] DEBUG: Score breakdown for once-upon-a-time-in-hollywood: {
  "collaborative": "0.228",
  "genre": "0.040",
  "director": "0.000",
  "actor": "0.000",
  "temporal": "0.044",
  "final": "0.312"
}
[2025-11-16T18:19:31.139Z] DEBUG: Score breakdown for woman-of-the-hour: {
  "collaborative": "0.299",
  "genre": "0.040",
  "director": "0.000",
  "actor": "0.000",
  "temporal": "0.040",
  "final": "0.379"
}
[2025-11-16T18:19:31.139Z] DEBUG: Score breakdown for battle-royale: {
  "collaborative": "0.285",
  "genre": "0.040",
  "director": "0.000",
  "actor": "0.000",
  "temporal": "0.008",
  "final": "0.332"
}
[2025-11-16T18:19:31.139Z] DEBUG: Score breakdown for tenebre: {
  "collaborative": "0.302",
  "genre": "0.200",
  "director": "0.000",
  "actor": "0.000",
  "temporal": "0.002",
  "final": "0.504"
}
[2025-11-16T18:19:31.139Z] DEBUG: Score breakdown for tucker-and-dale-vs-evil: {
  "collaborative": "0.350",
  "genre": "0.050",
  "director": "0.000",
  "actor": "0.000",
  "temporal": "0.028",
  "final": "0.428"
}
[2025-11-16T18:19:31.139Z] DEBUG: Score breakdown for the-witches-of-eastwick: {
  "collaborative": "0.350",
  "genre": "0.040",
  "director": "0.000",
  "actor": "0.000",
  "temporal": "0.002",
  "final": "0.392"
}
[2025-11-16T18:19:31.140Z] DEBUG: Score breakdown for suspiria-2018: {
  "collaborative": "0.242",
  "genre": "0.100",
  "director": "0.000",
  "actor": "0.000",
  "temporal": "0.045",
  "final": "0.387"
}
[2025-11-16T18:19:31.141Z] DEBUG: Score breakdown for nightmare-alley-2021: {
  "collaborative": "0.279",
  "genre": "0.040",
  "director": "0.000",
  "actor": "0.000",
  "temporal": "0.042",
  "final": "0.361"
}
[2025-11-16T18:19:31.141Z] DEBUG: Score breakdown for bad-times-at-the-el-royale: {
  "collaborative": "0.295",
  "genre": "0.080",
  "director": "0.000",
  "actor": "0.000",
  "temporal": "0.045",
  "final": "0.421"
}
[2025-11-16T18:19:31.142Z] DEBUG: Score breakdown for mother-2017: {
  "collaborative": "0.269",
  "genre": "0.100",
  "director": "0.000",
  "actor": "0.000",
  "temporal": "0.043",
  "final": "0.412"
}
[2025-11-16T18:19:31.142Z] DEBUG: Score breakdown for happy-death-day: {
  "collaborative": "0.350",
  "genre": "0.100",
  "director": "0.000",
  "actor": "0.000",
  "temporal": "0.043",
  "final": "0.493"
}
[2025-11-16T18:19:31.142Z] DEBUG: Score breakdown for the-dark-knight: {
  "collaborative": "0.147",
  "genre": "0.033",
  "director": "0.000",
  "actor": "0.000",
  "temporal": "0.024",
  "final": "0.204"
}
[2025-11-16T18:19:31.142Z] DEBUG: Score breakdown for monkey-man: {
  "collaborative": "0.232",
  "genre": "0.050",
  "director": "0.000",
  "actor": "0.000",
  "temporal": "0.039",
  "final": "0.321"
}
[2025-11-16T18:19:31.142Z] DEBUG: Score breakdown for coraline: {
  "collaborative": "0.186",
  "genre": "0.033",
  "director": "0.000",
  "actor": "0.000",
  "temporal": "0.026",
  "final": "0.245"
}
[2025-11-16T18:19:31.142Z] DEBUG: Score breakdown for le-samourai: {
  "collaborative": "0.235",
  "genre": "0.040",
  "director": "0.000",
  "actor": "0.000",
  "temporal": "0.001",
  "final": "0.276"
}
[2025-11-16T18:19:31.142Z] DEBUG: Score breakdown for nocturnal-animals: {
  "collaborative": "0.286",
  "genre": "0.050",
  "director": "0.000",
  "actor": "0.000",
  "temporal": "0.041",
  "final": "0.377"
}
[2025-11-16T18:19:31.143Z] DEBUG: Score breakdown for black-mirror-white-christmas: {
  "collaborative": "0.260",
  "genre": "0.033",
  "director": "0.000",
  "actor": "0.000",
  "temporal": "0.037",
  "final": "0.330"
}
[2025-11-16T18:19:31.143Z] DEBUG: Score breakdown for dawn-of-the-dead: {
  "collaborative": "0.302",
  "genre": "0.067",
  "director": "0.000",
  "actor": "0.000",
  "temporal": "0.001",
  "final": "0.370"
}
[2025-11-16T18:19:31.143Z] DEBUG: Score breakdown for jaws: {
  "collaborative": "0.232",
  "genre": "0.100",
  "director": "0.000",
  "actor": "0.000",
  "temporal": "0.001",
  "final": "0.333"
}
[2025-11-16T18:19:31.143Z] DEBUG: Score breakdown for new-nightmare: {
  "collaborative": "0.348",
  "genre": "0.100",
  "director": "0.000",
  "actor": "0.000",
  "temporal": "0.003",
  "final": "0.451"
}
[2025-11-16T18:19:31.143Z] DEBUG: Score breakdown for evil-dead-rise: {
  "collaborative": "0.264",
  "genre": "0.133",
  "director": "0.000",
  "actor": "0.000",
  "temporal": "0.040",
  "final": "0.437"
}
[2025-11-16T18:19:31.143Z] DEBUG: Score breakdown for evil-dead-ii: {
  "collaborative": "0.239",
  "genre": "0.040",
  "director": "0.000",
  "actor": "0.000",
  "temporal": "0.002",
  "final": "0.281"
}
[2025-11-16T18:19:31.143Z] DEBUG: Score breakdown for children-of-men: {
  "collaborative": "0.177",
  "genre": "0.033",
  "director": "0.000",
  "actor": "0.000",
  "temporal": "0.020",
  "final": "0.230"
}
[2025-11-16T18:19:31.143Z] DEBUG: Score breakdown for zodiac: {
  "collaborative": "0.208",
  "genre": "0.080",
  "director": "0.000",
  "actor": "0.000",
  "temporal": "0.022",
  "final": "0.309"
}
[2025-11-16T18:19:31.143Z] DEBUG: Score breakdown for the-hurt-locker: {
  "collaborative": "0.350",
  "genre": "0.040",
  "director": "0.000",
  "actor": "0.000",
  "temporal": "0.024",
  "final": "0.414"
}
[2025-11-16T18:19:31.144Z] DEBUG: Score breakdown for signs: {
  "collaborative": "0.283",
  "genre": "0.120",
  "director": "0.000",
  "actor": "0.000",
  "temporal": "0.012",
  "final": "0.415"
}
[2025-11-16T18:19:31.144Z] DEBUG: Score breakdown for dawn-of-the-dead-2004: {
  "collaborative": "0.350",
  "genre": "0.050",
  "director": "0.000",
  "actor": "0.000",
  "temporal": "0.016",
  "final": "0.416"
}
[2025-11-16T18:19:31.144Z] DEBUG: Score breakdown for citizen-kane: {
  "collaborative": "0.226",
  "genre": "0.050",
  "director": "0.000",
  "actor": "0.000",
  "temporal": "0.000",
  "final": "0.276"
}
[2025-11-16T18:19:31.144Z] DEBUG: Score breakdown for zombieland: {
  "collaborative": "0.290",
  "genre": "0.050",
  "director": "0.000",
  "actor": "0.000",
  "temporal": "0.026",
  "final": "0.366"
}
[2025-11-16T18:19:31.145Z] DEBUG: Score breakdown for the-killing-of-a-sacred-deer: {
  "collaborative": "0.238",
  "genre": "0.100",
  "director": "0.000",
  "actor": "0.000",
  "temporal": "0.043",
  "final": "0.381"
}
[2025-11-16T18:19:31.145Z] DEBUG: Score breakdown for death-becomes-her: {
  "collaborative": "0.258",
  "genre": "0.040",
  "director": "0.000",
  "actor": "0.000",
  "temporal": "0.003",
  "final": "0.301"
}
[2025-11-16T18:19:31.145Z] DEBUG: Score breakdown for smile-2-2024: {
  "collaborative": "0.222",
  "genre": "0.133",
  "director": "0.000",
  "actor": "0.000",
  "temporal": "0.039",
  "final": "0.394"
}
[2025-11-16T18:19:31.146Z] DEBUG: Score breakdown for the-player: {
  "collaborative": "0.280",
  "genre": "0.067",
  "director": "0.000",
  "actor": "0.000",
  "temporal": "0.003",
  "final": "0.350"
}
[2025-11-16T18:19:31.146Z] DEBUG: Score breakdown for blade-ii: {
  "collaborative": "0.350",
  "genre": "0.080",
  "director": "0.000",
  "actor": "0.000",
  "temporal": "0.012",
  "final": "0.442"
}
[2025-11-16T18:19:31.146Z] DEBUG: Score breakdown for christine-1983: {
  "collaborative": "0.309",
  "genre": "0.067",
  "director": "0.000",
  "actor": "0.000",
  "temporal": "0.002",
  "final": "0.378"
}
[2025-11-16T18:19:31.146Z] DEBUG: Score breakdown for invasion-of-the-body-snatchers: {
  "collaborative": "0.327",
  "genre": "0.100",
  "director": "0.000",
  "actor": "0.000",
  "temporal": "0.000",
  "final": "0.428"
}
[2025-11-16T18:19:31.146Z] DEBUG: Score breakdown for king-of-new-york: {
  "collaborative": "0.313",
  "genre": "0.050",
  "director": "0.000",
  "actor": "0.000",
  "temporal": "0.002",
  "final": "0.365"
}
[2025-11-16T18:19:31.146Z] DEBUG: Score breakdown for the-hunt-2020: {
  "collaborative": "0.350",
  "genre": "0.100",
  "director": "0.000",
  "actor": "0.000",
  "temporal": "0.043",
  "final": "0.493"
}
[2025-11-16T18:19:31.146Z] DEBUG: Score breakdown for suicide-club: {
  "collaborative": "0.350",
  "genre": "0.100",
  "director": "0.000",
  "actor": "0.000",
  "temporal": "0.010",
  "final": "0.460"
}
[2025-11-16T18:19:31.147Z] DEBUG: Score breakdown for the-poughkeepsie-tapes: {
  "collaborative": "0.350",
  "genre": "0.150",
  "director": "0.000",
  "actor": "0.000",
  "temporal": "0.022",
  "final": "0.522"
}
[2025-11-16T18:19:31.147Z] DEBUG: Score breakdown for overlord-2018: {
  "collaborative": "0.350",
  "genre": "0.040",
  "director": "0.000",
  "actor": "0.000",
  "temporal": "0.045",
  "final": "0.435"
}
[2025-11-16T18:19:31.147Z] DEBUG: Score breakdown for the-texas-chainsaw-massacre-2: {
  "collaborative": "0.350",
  "genre": "0.050",
  "director": "0.000",
  "actor": "0.000",
  "temporal": "0.002",
  "final": "0.402"
}
[2025-11-16T18:19:31.147Z] DEBUG: Score breakdown for the-sadness-2021: {
  "collaborative": "0.350",
  "genre": "0.133",
  "director": "0.000",
  "actor": "0.000",
  "temporal": "0.042",
  "final": "0.525"
}
[2025-11-16T18:19:31.147Z] DEBUG: Score breakdown for blink-twice: {
  "collaborative": "0.277",
  "genre": "0.200",
  "director": "0.000",
  "actor": "0.000",
  "temporal": "0.039",
  "final": "0.516"
}
[2025-11-16T18:19:31.147Z] DEBUG: Score breakdown for the-art-of-self-defense-2019: {
  "collaborative": "0.350",
  "genre": "0.080",
  "director": "0.000",
  "actor": "0.000",
  "temporal": "0.044",
  "final": "0.474"
}
[2025-11-16T18:19:31.147Z] DEBUG: Score breakdown for scooby-doo: {
  "collaborative": "0.317",
  "genre": "0.040",
  "director": "0.000",
  "actor": "0.000",
  "temporal": "0.012",
  "final": "0.368"
}
[2025-11-16T18:19:31.147Z] DEBUG: Score breakdown for klute: {
  "collaborative": "0.314",
  "genre": "0.100",
  "director": "0.000",
  "actor": "0.000",
  "temporal": "0.001",
  "final": "0.415"
}
[2025-11-16T18:19:31.147Z] DEBUG: Score breakdown for skyfall: {
  "collaborative": "0.264",
  "genre": "0.040",
  "director": "0.000",
  "actor": "0.000",
  "temporal": "0.032",
  "final": "0.336"
}
[2025-11-16T18:19:31.147Z] DEBUG: Score breakdown for thanksgiving-2023: {
  "collaborative": "0.286",
  "genre": "0.200",
  "director": "0.000",
  "actor": "0.000",
  "temporal": "0.040",
  "final": "0.525"
}
[2025-11-16T18:19:31.148Z] DEBUG: Score breakdown for the-fast-and-the-furious-2001: {
  "collaborative": "0.350",
  "genre": "0.040",
  "director": "0.000",
  "actor": "0.000",
  "temporal": "0.010",
  "final": "0.400"
}
[2025-11-16T18:19:31.148Z] DEBUG: Score breakdown for fanny-and-alexander: {
  "collaborative": "0.221",
  "genre": "0.040",
  "director": "0.000",
  "actor": "0.000",
  "temporal": "0.002",
  "final": "0.262"
}
[2025-11-16T18:19:31.148Z] DEBUG: Score breakdown for knives-out-2019: {
  "collaborative": "0.186",
  "genre": "0.040",
  "director": "0.000",
  "actor": "0.000",
  "temporal": "0.044",
  "final": "0.270"
}
[2025-11-16T18:19:31.148Z] DEBUG: Score breakdown for seconds: {
  "collaborative": "0.301",
  "genre": "0.100",
  "director": "0.000",
  "actor": "0.000",
  "temporal": "0.001",
  "final": "0.401"
}
[2025-11-16T18:19:31.148Z] DEBUG: Score breakdown for shutter-island: {
  "collaborative": "0.213",
  "genre": "0.100",
  "director": "0.000",
  "actor": "0.000",
  "temporal": "0.028",
  "final": "0.341"
}
[2025-11-16T18:19:31.148Z] DEBUG: Score breakdown for misery: {
  "collaborative": "0.244",
  "genre": "0.100",
  "director": "0.000",
  "actor": "0.000",
  "temporal": "0.002",
  "final": "0.347"
}
[2025-11-16T18:19:31.148Z] DEBUG: Score breakdown for dawn-of-the-planet-of-the-apes: {
  "collaborative": "0.259",
  "genre": "0.033",
  "director": "0.000",
  "actor": "0.000",
  "temporal": "0.037",
  "final": "0.329"
}
[2025-11-16T18:19:31.148Z] DEBUG: Score breakdown for saw-x: {
  "collaborative": "0.293",
  "genre": "0.200",
  "director": "0.000",
  "actor": "0.000",
  "temporal": "0.040",
  "final": "0.533"
}
[2025-11-16T18:19:31.148Z] DEBUG: Score breakdown for strange-darling: {
  "collaborative": "0.241",
  "genre": "0.100",
  "director": "0.000",
  "actor": "0.000",
  "temporal": "0.040",
  "final": "0.381"
}
[2025-11-16T18:19:31.148Z] DEBUG: Score breakdown for coherence: {
  "collaborative": "0.302",
  "genre": "0.050",
  "director": "0.000",
  "actor": "0.000",
  "temporal": "0.034",
  "final": "0.386"
}
[2025-11-16T18:19:31.149Z] DEBUG: Score breakdown for nosferatu: {
  "collaborative": "0.247",
  "genre": "0.067",
  "director": "0.000",
  "actor": "0.000",
  "temporal": "0.000",
  "final": "0.314"
}
[2025-11-16T18:19:31.149Z] DEBUG: Score breakdown for a-history-of-violence: {
  "collaborative": "0.292",
  "genre": "0.040",
  "director": "0.000",
  "actor": "0.000",
  "temporal": "0.018",
  "final": "0.349"
}
[2025-11-16T18:19:31.149Z] DEBUG: Score breakdown for carry-on-2024: {
  "collaborative": "0.297",
  "genre": "0.050",
  "director": "0.000",
  "actor": "0.000",
  "temporal": "0.039",
  "final": "0.385"
}
[2025-11-16T18:19:31.149Z] DEBUG: Score breakdown for doctor-sleep: {
  "collaborative": "0.293",
  "genre": "0.100",
  "director": "0.000",
  "actor": "0.000",
  "temporal": "0.044",
  "final": "0.437"
}
[2025-11-16T18:19:31.149Z] DEBUG: Score breakdown for personal-shopper: {
  "collaborative": "0.318",
  "genre": "0.100",
  "director": "0.000",
  "actor": "0.000",
  "temporal": "0.041",
  "final": "0.459"
}
[2025-11-16T18:19:31.149Z] DEBUG: Score breakdown for prince-of-darkness: {
  "collaborative": "0.350",
  "genre": "0.067",
  "director": "0.000",
  "actor": "0.000",
  "temporal": "0.002",
  "final": "0.419"
}
[2025-11-16T18:19:31.149Z] DEBUG: Score breakdown for altered-states: {
  "collaborative": "0.350",
  "genre": "0.100",
  "director": "0.000",
  "actor": "0.000",
  "temporal": "0.001",
  "final": "0.451"
}
[2025-11-16T18:19:31.149Z] DEBUG: Score breakdown for escape-room-2019: {
  "collaborative": "0.350",
  "genre": "0.200",
  "director": "0.000",
  "actor": "0.000",
  "temporal": "0.044",
  "final": "0.594"
}
[2025-11-16T18:19:31.149Z] DEBUG: Score breakdown for funny-games: {
  "collaborative": "0.287",
  "genre": "0.100",
  "director": "0.000",
  "actor": "0.000",
  "temporal": "0.004",
  "final": "0.390"
}
[2025-11-16T18:19:31.150Z] DEBUG: Score breakdown for lisa-frankenstein: {
  "collaborative": "0.267",
  "genre": "0.040",
  "director": "0.000",
  "actor": "0.000",
  "temporal": "0.039",
  "final": "0.346"
}
[2025-11-16T18:19:31.150Z] DEBUG: Score breakdown for dog-day-afternoon: {
  "collaborative": "0.168",
  "genre": "0.040",
  "director": "0.000",
  "actor": "0.000",
  "temporal": "0.001",
  "final": "0.209"
}
[2025-11-16T18:19:31.150Z] DEBUG: Score breakdown for jackie-brown: {
  "collaborative": "0.246",
  "genre": "0.040",
  "director": "0.000",
  "actor": "0.000",
  "temporal": "0.004",
  "final": "0.290"
}
[2025-11-16T18:19:31.151Z] DEBUG: Score breakdown for the-babadook: {
  "collaborative": "0.289",
  "genre": "0.050",
  "director": "0.000",
  "actor": "0.000",
  "temporal": "0.037",
  "final": "0.376"
}
[2025-11-16T18:19:31.151Z] DEBUG: Score breakdown for decision-to-leave: {
  "collaborative": "0.232",
  "genre": "0.100",
  "director": "0.000",
  "actor": "0.000",
  "temporal": "0.041",
  "final": "0.373"
}
[2025-11-16T18:19:31.151Z] DEBUG: Score breakdown for run-lola-run: {
  "collaborative": "0.295",
  "genre": "0.040",
  "director": "0.000",
  "actor": "0.000",
  "temporal": "0.004",
  "final": "0.339"
}
[2025-11-16T18:19:31.151Z] DEBUG: Score breakdown for crash: {
  "collaborative": "0.286",
  "genre": "0.050",
  "director": "0.000",
  "actor": "0.000",
  "temporal": "0.003",
  "final": "0.340"
}
[2025-11-16T18:19:31.152Z] DEBUG: Score breakdown for the-lodge-2019: {
  "collaborative": "0.350",
  "genre": "0.150",
  "director": "0.000",
  "actor": "0.000",
  "temporal": "0.044",
  "final": "0.544"
}
[2025-11-16T18:19:31.152Z] DEBUG: Score breakdown for final-destination: {
  "collaborative": "0.350",
  "genre": "0.067",
  "director": "0.000",
  "actor": "0.000",
  "temporal": "0.008",
  "final": "0.424"
}
[2025-11-16T18:19:31.153Z] DEBUG: Score breakdown for fresh-2022: {
  "collaborative": "0.282",
  "genre": "0.133",
  "director": "0.000",
  "actor": "0.000",
  "temporal": "0.041",
  "final": "0.457"
}
[2025-11-16T18:19:31.153Z] DEBUG: Score breakdown for im-thinking-of-ending-things: {
  "collaborative": "0.263",
  "genre": "0.080",
  "director": "0.000",
  "actor": "0.000",
  "temporal": "0.043",
  "final": "0.386"
}
[2025-11-16T18:19:31.153Z] DEBUG: Score breakdown for a-nightmare-on-elm-street-3-dream-warriors: {
  "collaborative": "0.285",
  "genre": "0.100",
  "director": "0.000",
  "actor": "0.000",
  "temporal": "0.002",
  "final": "0.387"
}
[2025-11-16T18:19:31.153Z] DEBUG: Score breakdown for the-ritual-2017: {
  "collaborative": "0.350",
  "genre": "0.200",
  "director": "0.000",
  "actor": "0.000",
  "temporal": "0.043",
  "final": "0.593"
}
[2025-11-16T18:19:31.154Z] DEBUG: Score breakdown for the-invitation-2015: {
  "collaborative": "0.343",
  "genre": "0.133",
  "director": "0.000",
  "actor": "0.000",
  "temporal": "0.039",
  "final": "0.515"
}
[2025-11-16T18:19:31.154Z] DEBUG: Score breakdown for goldfinger: {
  "collaborative": "0.350",
  "genre": "0.040",
  "director": "0.000",
  "actor": "0.000",
  "temporal": "0.001",
  "final": "0.391"
}
[2025-11-16T18:19:31.154Z] DEBUG: Score breakdown for the-blackcoats-daughter: {
  "collaborative": "0.350",
  "genre": "0.133",
  "director": "0.000",
  "actor": "0.000",
  "temporal": "0.039",
  "final": "0.522"
}
[2025-11-16T18:19:31.154Z] DEBUG: Score breakdown for we-need-to-talk-about-kevin: {
  "collaborative": "0.294",
  "genre": "0.050",
  "director": "0.000",
  "actor": "0.000",
  "temporal": "0.030",
  "final": "0.374"
}
[2025-11-16T18:19:31.154Z] DEBUG: Score breakdown for gremlins: {
  "collaborative": "0.290",
  "genre": "0.040",
  "director": "0.000",
  "actor": "0.000",
  "temporal": "0.002",
  "final": "0.332"
}
[2025-11-16T18:19:31.155Z] DEBUG: Score breakdown for twelve-monkeys: {
  "collaborative": "0.311",
  "genre": "0.100",
  "director": "0.000",
  "actor": "0.000",
  "temporal": "0.003",
  "final": "0.414"
}
[2025-11-16T18:19:31.155Z] DEBUG: Score breakdown for prey-2022: {
  "collaborative": "0.252",
  "genre": "0.040",
  "director": "0.000",
  "actor": "0.000",
  "temporal": "0.041",
  "final": "0.333"
}
[2025-11-16T18:19:31.155Z] DEBUG: Score breakdown for videodrome: {
  "collaborative": "0.244",
  "genre": "0.100",
  "director": "0.000",
  "actor": "0.000",
  "temporal": "0.002",
  "final": "0.345"
}
[2025-11-16T18:19:31.158Z] DEBUG: Score breakdown for to-live-and-die-in-la: {
  "collaborative": "0.285",
  "genre": "0.040",
  "director": "0.000",
  "actor": "0.000",
  "temporal": "0.002",
  "final": "0.327"
}
[2025-11-16T18:19:31.158Z] DEBUG: Score breakdown for the-killer-2023: {
  "collaborative": "0.228",
  "genre": "0.050",
  "director": "0.000",
  "actor": "0.000",
  "temporal": "0.040",
  "final": "0.318"
}
[2025-11-16T18:19:31.158Z] DEBUG: Score breakdown for scary-stories-to-tell-in-the-dark-2019: {
  "collaborative": "0.350",
  "genre": "0.100",
  "director": "0.000",
  "actor": "0.000",
  "temporal": "0.044",
  "final": "0.494"
}
[2025-11-16T18:19:31.158Z] DEBUG: Score breakdown for paprika-2006: {
  "collaborative": "0.264",
  "genre": "0.040",
  "director": "0.000",
  "actor": "0.000",
  "temporal": "0.020",
  "final": "0.324"
}
[2025-11-16T18:19:31.158Z] DEBUG: Score breakdown for saint-maud: {
  "collaborative": "0.289",
  "genre": "0.200",
  "director": "0.000",
  "actor": "0.000",
  "temporal": "0.044",
  "final": "0.533"
}
[2025-11-16T18:19:31.158Z] DEBUG: Score breakdown for the-skin-i-live-in: {
  "collaborative": "0.350",
  "genre": "0.150",
  "director": "0.000",
  "actor": "0.000",
  "temporal": "0.030",
  "final": "0.530"
}
[2025-11-16T18:19:31.158Z] DEBUG: Score breakdown for house: {
  "collaborative": "0.234",
  "genre": "0.040",
  "director": "0.000",
  "actor": "0.000",
  "temporal": "0.001",
  "final": "0.276"
}
[2025-11-16T18:19:31.158Z] DEBUG: Score breakdown for blue-ruin: {
  "collaborative": "0.350",
  "genre": "0.050",
  "director": "0.000",
  "actor": "0.000",
  "temporal": "0.034",
  "final": "0.434"
}
[2025-11-16T18:19:31.159Z] DEBUG: Score breakdown for from-dusk-till-dawn: {
  "collaborative": "0.350",
  "genre": "0.080",
  "director": "0.000",
  "actor": "0.000",
  "temporal": "0.003",
  "final": "0.433"
}
[2025-11-16T18:19:31.159Z] DEBUG: Score breakdown for in-the-mouth-of-madness: {
  "collaborative": "0.312",
  "genre": "0.133",
  "director": "0.000",
  "actor": "0.000",
  "temporal": "0.003",
  "final": "0.448"
}
[2025-11-16T18:19:31.159Z] DEBUG: Score breakdown for ginger-snaps: {
  "collaborative": "0.307",
  "genre": "0.080",
  "director": "0.000",
  "actor": "0.000",
  "temporal": "0.008",
  "final": "0.395"
}
[2025-11-16T18:19:31.159Z] DEBUG: Score breakdown for mississippi-burning: {
  "collaborative": "0.350",
  "genre": "0.080",
  "director": "0.000",
  "actor": "0.000",
  "temporal": "0.002",
  "final": "0.432"
}
[2025-11-16T18:19:31.159Z] DEBUG: Score breakdown for planet-terror: {
  "collaborative": "0.350",
  "genre": "0.100",
  "director": "0.000",
  "actor": "0.000",
  "temporal": "0.022",
  "final": "0.472"
}
[2025-11-16T18:19:31.159Z] DEBUG: Score breakdown for oblivion-2013: {
  "collaborative": "0.350",
  "genre": "0.033",
  "director": "0.000",
  "actor": "0.000",
  "temporal": "0.034",
  "final": "0.418"
}
[2025-11-16T18:19:31.159Z] DEBUG: Score breakdown for spectre-2015: {
  "collaborative": "0.350",
  "genre": "0.040",
  "director": "0.000",
  "actor": "0.000",
  "temporal": "0.039",
  "final": "0.429"
}
[2025-11-16T18:19:31.159Z] DEBUG: Score breakdown for black-mirror-shut-up-and-dance: {
  "collaborative": "0.306",
  "genre": "0.033",
  "director": "0.000",
  "actor": "0.000",
  "temporal": "0.041",
  "final": "0.381"
}
[2025-11-16T18:19:31.159Z] DEBUG: Score breakdown for host-2020: {
  "collaborative": "0.350",
  "genre": "0.067",
  "director": "0.000",
  "actor": "0.000",
  "temporal": "0.043",
  "final": "0.460"
}
[2025-11-16T18:19:31.159Z] DEBUG: Score breakdown for infinity-pool: {
  "collaborative": "0.280",
  "genre": "0.050",
  "director": "0.000",
  "actor": "0.000",
  "temporal": "0.040",
  "final": "0.370"
}
[2025-11-16T18:19:31.160Z] DEBUG: Score breakdown for a-nightmare-on-elm-street-part-2-freddys-revenge: {
  "collaborative": "0.350",
  "genre": "0.067",
  "director": "0.000",
  "actor": "0.000",
  "temporal": "0.002",
  "final": "0.419"
}
[2025-11-16T18:19:31.160Z] DEBUG: Score breakdown for fast-x: {
  "collaborative": "0.350",
  "genre": "0.067",
  "director": "0.000",
  "actor": "0.000",
  "temporal": "0.040",
  "final": "0.456"
}
[2025-11-16T18:19:31.160Z] DEBUG: Score breakdown for the-talented-mr-ripley: {
  "collaborative": "0.281",
  "genre": "0.040",
  "director": "0.000",
  "actor": "0.000",
  "temporal": "0.006",
  "final": "0.327"
}
[2025-11-16T18:19:31.160Z] DEBUG: Score breakdown for the-evil-dead: {
  "collaborative": "0.259",
  "genre": "0.067",
  "director": "0.000",
  "actor": "0.000",
  "temporal": "0.002",
  "final": "0.327"
}
[2025-11-16T18:19:31.160Z] DEBUG: Score breakdown for existenz: {
  "collaborative": "0.332",
  "genre": "0.040",
  "director": "0.000",
  "actor": "0.000",
  "temporal": "0.006",
  "final": "0.378"
}
[2025-11-16T18:19:31.160Z] DEBUG: Score breakdown for john-wick-chapter-2: {
  "collaborative": "0.249",
  "genre": "0.040",
  "director": "0.000",
  "actor": "0.000",
  "temporal": "0.043",
  "final": "0.333"
}
[2025-11-16T18:19:31.160Z] DEBUG: Score breakdown for the-usual-suspects: {
  "collaborative": "0.318",
  "genre": "0.040",
  "director": "0.000",
  "actor": "0.000",
  "temporal": "0.003",
  "final": "0.361"
}
[2025-11-16T18:19:31.161Z] DEBUG: Score breakdown for eden-lake: {
  "collaborative": "0.350",
  "genre": "0.133",
  "director": "0.000",
  "actor": "0.000",
  "temporal": "0.024",
  "final": "0.507"
}
[2025-11-16T18:19:31.161Z] DEBUG: Score breakdown for it-follows: {
  "collaborative": "0.245",
  "genre": "0.133",
  "director": "0.000",
  "actor": "0.000",
  "temporal": "0.037",
  "final": "0.415"
}
[2025-11-16T18:19:31.161Z] DEBUG: Score breakdown for the-abyss: {
  "collaborative": "0.337",
  "genre": "0.033",
  "director": "0.000",
  "actor": "0.000",
  "temporal": "0.002",
  "final": "0.373"
}
[2025-11-16T18:19:31.161Z] DEBUG: Score breakdown for mission-impossible-ghost-protocol: {
  "collaborative": "0.279",
  "genre": "0.040",
  "director": "0.000",
  "actor": "0.000",
  "temporal": "0.030",
  "final": "0.349"
}
[2025-11-16T18:19:31.161Z] DEBUG: Score breakdown for the-fast-and-the-furious-tokyo-drift: {
  "collaborative": "0.350",
  "genre": "0.033",
  "director": "0.000",
  "actor": "0.000",
  "temporal": "0.020",
  "final": "0.403"
}
[2025-11-16T18:19:31.161Z] DEBUG: Score breakdown for house-of-wax-2005: {
  "collaborative": "0.350",
  "genre": "0.200",
  "director": "0.000",
  "actor": "0.000",
  "temporal": "0.018",
  "final": "0.568"
}
[2025-11-16T18:19:31.161Z] DEBUG: Score breakdown for eraserhead: {
  "collaborative": "0.246",
  "genre": "0.067",
  "director": "0.000",
  "actor": "0.000",
  "temporal": "0.001",
  "final": "0.314"
}
[2025-11-16T18:19:31.161Z] DEBUG: Score breakdown for the-shallows: {
  "collaborative": "0.350",
  "genre": "0.100",
  "director": "0.000",
  "actor": "0.000",
  "temporal": "0.041",
  "final": "0.491"
}
[2025-11-16T18:19:31.161Z] DEBUG: Score breakdown for a-man-escaped: {
  "collaborative": "0.230",
  "genre": "0.050",
  "director": "0.000",
  "actor": "0.000",
  "temporal": "0.000",
  "final": "0.280"
}
[2025-11-16T18:19:31.161Z] DEBUG: Score breakdown for sherlock-jr: {
  "collaborative": "0.184",
  "genre": "0.040",
  "director": "0.000",
  "actor": "0.000",
  "temporal": "0.000",
  "final": "0.224"
}
[2025-11-16T18:19:31.162Z] DEBUG: Score breakdown for birth-2004: {
  "collaborative": "0.289",
  "genre": "0.050",
  "director": "0.000",
  "actor": "0.000",
  "temporal": "0.016",
  "final": "0.355"
}
[2025-11-16T18:19:31.162Z] DEBUG: Score breakdown for witness-for-the-prosecution-1957: {
  "collaborative": "0.203",
  "genre": "0.040",
  "director": "0.000",
  "actor": "0.000",
  "temporal": "0.000",
  "final": "0.244"
}
[2025-11-16T18:19:31.162Z] DEBUG: Score breakdown for bullet-train: {
  "collaborative": "0.281",
  "genre": "0.040",
  "director": "0.000",
  "actor": "0.000",
  "temporal": "0.041",
  "final": "0.362"
}
[2025-11-16T18:19:31.162Z] DEBUG: Score breakdown for predator: {
  "collaborative": "0.275",
  "genre": "0.033",
  "director": "0.000",
  "actor": "0.000",
  "temporal": "0.002",
  "final": "0.311"
}
[2025-11-16T18:19:31.162Z] DEBUG: Score breakdown for batman-mask-of-the-phantasm: {
  "collaborative": "0.299",
  "genre": "0.029",
  "director": "0.000",
  "actor": "0.000",
  "temporal": "0.003",
  "final": "0.331"
}
[2025-11-16T18:19:31.162Z] DEBUG: Score breakdown for abigail-2024: {
  "collaborative": "0.272",
  "genre": "0.133",
  "director": "0.000",
  "actor": "0.000",
  "temporal": "0.039",
  "final": "0.444"
}
[2025-11-16T18:19:31.162Z] DEBUG: Score breakdown for assassination-nation: {
  "collaborative": "0.350",
  "genre": "0.100",
  "director": "0.000",
  "actor": "0.000",
  "temporal": "0.045",
  "final": "0.495"
}
[2025-11-16T18:19:31.162Z] DEBUG: Score breakdown for in-a-lonely-place: {
  "collaborative": "0.257",
  "genre": "0.040",
  "director": "0.000",
  "actor": "0.000",
  "temporal": "0.000",
  "final": "0.298"
}
[2025-11-16T18:19:31.162Z] INFO: 🎨 Scored 254 candidates 
[2025-11-16T18:19:31.162Z] INFO: 🏆 STEP 6: Ranking and diversifying results 
[2025-11-16T18:19:31.163Z] INFO: 🏆 Final recommendations: 
[2025-11-16T18:19:31.163Z] INFO: 1. Escape Room (score: 0.594) 
[2025-11-16T18:19:31.163Z] INFO: 2. The Ritual (score: 0.593) 
[2025-11-16T18:19:31.163Z] INFO: 3. A Nightmare on Elm Street (score: 0.578) 
[2025-11-16T18:19:31.163Z] INFO: 4. Noroi: The Curse (score: 0.568) 
[2025-11-16T18:19:31.163Z] INFO: 5. House of Wax (score: 0.568) 
