[2025-11-29T00:06:03.829Z] Processing collaborative filtering recommendation request 
[2025-11-29T00:06:03.830Z] Processing collaborative filtering recommendation request 
[2025-11-29T00:06:03.831Z] ðŸš€ Pure collaborative filtering started 
[2025-11-29T00:06:03.831Z] ðŸ“¥ Input movie slugs: [
  "hereditary",
  "beau-is-afraid"
]
[2025-11-29T00:06:03.832Z] âš™ï¸ Config: {
  "numRecommendations": 5,
  "likedBothMoviesBoost": 3,
  "favoritedInputMovieBoost": 5,
  "combinedBoost": 8,
  "favoriteWeight": 2,
  "obscurityBias": 1.5,
  "minInteractionsThreshold": 2
}
[2025-11-29T00:06:03.832Z] INFO: ðŸ‘¥ STEP 1: Finding users who interacted with input movies 
[2025-11-29T00:06:03.834Z] ðŸš€ Pure collaborative filtering started 
[2025-11-29T00:06:03.834Z] ðŸ“¥ Input movie slugs: [
  "hereditary",
  "beau-is-afraid"
]
[2025-11-29T00:06:03.834Z] âš™ï¸ Config: {
  "numRecommendations": 5,
  "likedBothMoviesBoost": 3,
  "favoritedInputMovieBoost": 5,
  "combinedBoost": 8,
  "favoriteWeight": 2,
  "obscurityBias": 1.5,
  "minInteractionsThreshold": 2
}
[2025-11-29T00:06:03.834Z] INFO: ðŸ‘¥ STEP 1: Finding users who interacted with input movies 
[2025-11-29T00:06:04.061Z] INFO: ðŸ‘ 200 users liked hereditary 
[2025-11-29T00:06:04.063Z] INFO: ðŸ‘ 200 users liked hereditary 
[2025-11-29T00:06:04.130Z] INFO: ðŸ‘ 200 users liked beau-is-afraid 
[2025-11-29T00:06:04.132Z] INFO: ðŸ‘ 200 users liked beau-is-afraid 
[2025-11-29T00:06:04.204Z] INFO: â­ 200 users favorited hereditary 
[2025-11-29T00:06:04.214Z] INFO: â­ 200 users favorited hereditary 
[2025-11-29T00:06:04.277Z] INFO: â­ 200 users favorited beau-is-afraid 
[2025-11-29T00:06:04.278Z] INFO: ðŸ‘¥ Total users who interacted: 795 
[2025-11-29T00:06:04.278Z] INFO: ðŸ“Š STEP 2: Calculating user affinity scores 
[2025-11-29T00:06:04.278Z] DEBUG: ðŸ‘¤ 1867: Favorited 1 inputs -> 5x boost 
[2025-11-29T00:06:04.278Z] DEBUG: ðŸ‘¤ 192000: Favorited 1 inputs -> 5x boost 
[2025-11-29T00:06:04.278Z] DEBUG: ðŸ‘¤ ajeplz: Liked 2 inputs -> 3x boost 
[2025-11-29T00:06:04.278Z] DEBUG: ðŸ‘¤ happynas: Liked 2 inputs -> 3x boost 
[2025-11-29T00:06:04.278Z] DEBUG: ðŸ‘¤ mikebot1986: Liked 2 inputs -> 3x boost 
[2025-11-29T00:06:04.278Z] DEBUG: ðŸ‘¤ pkronhamn: Liked 2 inputs -> 3x boost 
[2025-11-29T00:06:04.279Z] DEBUG: ðŸ‘¤ 000peppermint: Favorited 1 inputs -> 5x boost 
[2025-11-29T00:06:04.279Z] DEBUG: ðŸ‘¤ 001nay: Favorited 1 inputs -> 5x boost 
[2025-11-29T00:06:04.279Z] DEBUG: ðŸ‘¤ 00caff: Favorited 1 inputs -> 5x boost 
[2025-11-29T00:06:04.279Z] DEBUG: ðŸ‘¤ 00chwi: Favorited 1 inputs -> 5x boost 
[2025-11-29T00:06:04.279Z] DEBUG: ðŸ‘¤ 00lisa00: Favorited 1 inputs -> 5x boost 
[2025-11-29T00:06:04.279Z] DEBUG: ðŸ‘¤ 00sangue: Favorited 1 inputs -> 5x boost 
[2025-11-29T00:06:04.279Z] DEBUG: ðŸ‘¤ 00wits: Favorited 1 inputs -> 5x boost 
[2025-11-29T00:06:04.279Z] DEBUG: ðŸ‘¤ 0101stein: Favorited 1 inputs -> 5x boost 
[2025-11-29T00:06:04.279Z] DEBUG: ðŸ‘¤ 01100010runo: Favorited 1 inputs -> 5x boost 
[2025-11-29T00:06:04.279Z] DEBUG: ðŸ‘¤ 01101000_: Favorited 1 inputs -> 5x boost 
[2025-11-29T00:06:04.279Z] DEBUG: ðŸ‘¤ 01101100: Favorited 1 inputs -> 5x boost 
[2025-11-29T00:06:04.279Z] DEBUG: ðŸ‘¤ 011110010110000: Favorited 1 inputs -> 5x boost 
[2025-11-29T00:06:04.279Z] DEBUG: ðŸ‘¤ 0115isma: Favorited 1 inputs -> 5x boost 
[2025-11-29T00:06:04.279Z] DEBUG: ðŸ‘¤ 02child: Favorited 1 inputs -> 5x boost 
[2025-11-29T00:06:04.279Z] DEBUG: ðŸ‘¤ 02d: Favorited 1 inputs -> 5x boost 
[2025-11-29T00:06:04.279Z] DEBUG: ðŸ‘¤ 0326237l: Favorited 1 inputs -> 5x boost 
[2025-11-29T00:06:04.279Z] DEBUG: ðŸ‘¤ 051122: Favorited 1 inputs -> 5x boost 
[2025-11-29T00:06:04.279Z] DEBUG: ðŸ‘¤ 0609asf: Favorited 1 inputs -> 5x boost 
[2025-11-29T00:06:04.279Z] DEBUG: ðŸ‘¤ 07rtc07: Favorited 1 inputs -> 5x boost 
[2025-11-29T00:06:04.279Z] DEBUG: ðŸ‘¤ 0800mundo: Favorited 1 inputs -> 5x boost 
[2025-11-29T00:06:04.279Z] DEBUG: ðŸ‘¤ 0930ll: Favorited 1 inputs -> 5x boost 
[2025-11-29T00:06:04.280Z] DEBUG: ðŸ‘¤ 09939010301: Favorited 1 inputs -> 5x boost 
[2025-11-29T00:06:04.280Z] DEBUG: ðŸ‘¤ 0_gh0st_: Favorited 1 inputs -> 5x boost 
[2025-11-29T00:06:04.280Z] DEBUG: ðŸ‘¤ 0_melo: Favorited 1 inputs -> 5x boost 
[2025-11-29T00:06:04.280Z] DEBUG: ðŸ‘¤ 0_o: Favorited 1 inputs -> 5x boost 
[2025-11-29T00:06:04.280Z] DEBUG: ðŸ‘¤ 0aleki: Favorited 1 inputs -> 5x boost 
[2025-11-29T00:06:04.280Z] DEBUG: ðŸ‘¤ 0bama_presd3nte: Favorited 1 inputs -> 5x boost 
[2025-11-29T00:06:04.280Z] DEBUG: ðŸ‘¤ 0carloscarlos: Favorited 1 inputs -> 5x boost 
[2025-11-29T00:06:04.280Z] DEBUG: ðŸ‘¤ 0ccidendum: Favorited 1 inputs -> 5x boost 
[2025-11-29T00:06:04.280Z] DEBUG: ðŸ‘¤ 0ema0: Favorited 1 inputs -> 5x boost 
[2025-11-29T00:06:04.280Z] DEBUG: ðŸ‘¤ 0hnowen: Favorited 1 inputs -> 5x boost 
[2025-11-29T00:06:04.280Z] DEBUG: ðŸ‘¤ 0hose: Favorited 1 inputs -> 5x boost 
[2025-11-29T00:06:04.280Z] DEBUG: ðŸ‘¤ 0kaysophie: Favorited 1 inputs -> 5x boost 
[2025-11-29T00:06:04.280Z] DEBUG: ðŸ‘¤ 0lilguy0: Favorited 1 inputs -> 5x boost 
[2025-11-29T00:06:04.280Z] DEBUG: ðŸ‘¤ 0liv3e: Favorited 1 inputs -> 5x boost 
[2025-11-29T00:06:04.280Z] DEBUG: ðŸ‘¤ 0liv3r_: Favorited 1 inputs -> 5x boost 
[2025-11-29T00:06:04.280Z] DEBUG: ðŸ‘¤ 0livv3: Favorited 1 inputs -> 5x boost 
[2025-11-29T00:06:04.280Z] DEBUG: ðŸ‘¤ 0m3n89: Favorited 1 inputs -> 5x boost 
[2025-11-29T00:06:04.280Z] DEBUG: ðŸ‘¤ 0neeyedghoul: Favorited 1 inputs -> 5x boost 
[2025-11-29T00:06:04.280Z] DEBUG: ðŸ‘¤ 0onyme: Favorited 1 inputs -> 5x boost 
[2025-11-29T00:06:04.280Z] DEBUG: ðŸ‘¤ 0rrange_juicee: Favorited 1 inputs -> 5x boost 
[2025-11-29T00:06:04.280Z] DEBUG: ðŸ‘¤ 0rux: Favorited 1 inputs -> 5x boost 
[2025-11-29T00:06:04.280Z] DEBUG: ðŸ‘¤ 0samudazai: Favorited 1 inputs -> 5x boost 
[2025-11-29T00:06:04.280Z] DEBUG: ðŸ‘¤ 0scaaar: Favorited 1 inputs -> 5x boost 
[2025-11-29T00:06:04.280Z] DEBUG: ðŸ‘¤ 0thays0: Favorited 1 inputs -> 5x boost 
[2025-11-29T00:06:04.280Z] DEBUG: ðŸ‘¤ 0ther: Favorited 1 inputs -> 5x boost 
[2025-11-29T00:06:04.280Z] DEBUG: ðŸ‘¤ 0tlile: Favorited 1 inputs -> 5x boost 
[2025-11-29T00:06:04.280Z] DEBUG: ðŸ‘¤ 0w1thunder: Favorited 1 inputs -> 5x boost 
[2025-11-29T00:06:04.280Z] DEBUG: ðŸ‘¤ 0zym4nd145: Favorited 1 inputs -> 5x boost 
[2025-11-29T00:06:04.280Z] DEBUG: ðŸ‘¤ 0zymandias13: Favorited 1 inputs -> 5x boost 
[2025-11-29T00:06:04.280Z] DEBUG: ðŸ‘¤ 0zzy4: Favorited 1 inputs -> 5x boost 
[2025-11-29T00:06:04.280Z] DEBUG: ðŸ‘¤ 1000dollarcrab: Favorited 1 inputs -> 5x boost 
[2025-11-29T00:06:04.280Z] DEBUG: ðŸ‘¤ 1000kk: Favorited 1 inputs -> 5x boost 
[2025-11-29T00:06:04.281Z] DEBUG: ðŸ‘¤ 1000o2: Favorited 1 inputs -> 5x boost 
[2025-11-29T00:06:04.281Z] DEBUG: ðŸ‘¤ 100horrors: Favorited 1 inputs -> 5x boost 
[2025-11-29T00:06:04.281Z] DEBUG: ðŸ‘¤ 1010tinny: Favorited 1 inputs -> 5x boost 
[2025-11-29T00:06:04.281Z] DEBUG: ðŸ‘¤ 101aidan010010: Favorited 1 inputs -> 5x boost 
[2025-11-29T00:06:04.281Z] DEBUG: ðŸ‘¤ 101brunos: Favorited 1 inputs -> 5x boost 
[2025-11-29T00:06:04.281Z] DEBUG: ðŸ‘¤ 101kimla: Favorited 1 inputs -> 5x boost 
[2025-11-29T00:06:04.281Z] DEBUG: ðŸ‘¤ 102eyes: Favorited 1 inputs -> 5x boost 
[2025-11-29T00:06:04.281Z] DEBUG: ðŸ‘¤ 102jenna: Favorited 1 inputs -> 5x boost 
[2025-11-29T00:06:04.281Z] DEBUG: ðŸ‘¤ 10bap01: Favorited 1 inputs -> 5x boost 
[2025-11-29T00:06:04.281Z] DEBUG: ðŸ‘¤ 10cowwife: Favorited 1 inputs -> 5x boost 
[2025-11-29T00:06:04.281Z] DEBUG: ðŸ‘¤ 10cust: Favorited 1 inputs -> 5x boost 
[2025-11-29T00:06:04.281Z] DEBUG: ðŸ‘¤ 10paka: Favorited 1 inputs -> 5x boost 
[2025-11-29T00:06:04.281Z] DEBUG: ðŸ‘¤ 10ppat: Favorited 1 inputs -> 5x boost 
[2025-11-29T00:06:04.281Z] DEBUG: ðŸ‘¤ 111ha555h: Favorited 1 inputs -> 5x boost 
[2025-11-29T00:06:04.281Z] DEBUG: ðŸ‘¤ 111hipster: Favorited 1 inputs -> 5x boost 
[2025-11-29T00:06:04.281Z] DEBUG: ðŸ‘¤ 111lex: Favorited 1 inputs -> 5x boost 
[2025-11-29T00:06:04.281Z] DEBUG: ðŸ‘¤ 111ludo: Favorited 1 inputs -> 5x boost 
[2025-11-29T00:06:04.281Z] DEBUG: ðŸ‘¤ 111ntrlude: Favorited 1 inputs -> 5x boost 
[2025-11-29T00:06:04.281Z] DEBUG: ðŸ‘¤ 116amy: Favorited 1 inputs -> 5x boost 
[2025-11-29T00:06:04.281Z] DEBUG: ðŸ‘¤ 118dg: Favorited 1 inputs -> 5x boost 
[2025-11-29T00:06:04.281Z] DEBUG: ðŸ‘¤ 11_23: Favorited 1 inputs -> 5x boost 
[2025-11-29T00:06:04.281Z] DEBUG: ðŸ‘¤ 11expedito: Favorited 1 inputs -> 5x boost 
[2025-11-29T00:06:04.281Z] DEBUG: ðŸ‘¤ 11natalia: Favorited 1 inputs -> 5x boost 
[2025-11-29T00:06:04.281Z] DEBUG: ðŸ‘¤ 11obscure: Favorited 1 inputs -> 5x boost 
[2025-11-29T00:06:04.281Z] DEBUG: ðŸ‘¤ 11ucien: Favorited 1 inputs -> 5x boost 
[2025-11-29T00:06:04.281Z] DEBUG: ðŸ‘¤ 1202kem: Favorited 1 inputs -> 5x boost 
[2025-11-29T00:06:04.281Z] DEBUG: ðŸ‘¤ 121cait: Favorited 1 inputs -> 5x boost 
[2025-11-29T00:06:04.281Z] DEBUG: ðŸ‘¤ 123_taylor: Favorited 1 inputs -> 5x boost 
[2025-11-29T00:06:04.281Z] DEBUG: ðŸ‘¤ 123marcy: Favorited 1 inputs -> 5x boost 
[2025-11-29T00:06:04.281Z] DEBUG: ðŸ‘¤ 123xuan: Favorited 1 inputs -> 5x boost 
[2025-11-29T00:06:04.281Z] DEBUG: ðŸ‘¤ 127martha: Favorited 1 inputs -> 5x boost 
[2025-11-29T00:06:04.281Z] DEBUG: ðŸ‘¤ 12braincells: Favorited 1 inputs -> 5x boost 
[2025-11-29T00:06:04.281Z] DEBUG: ðŸ‘¤ 12ozmoose: Favorited 1 inputs -> 5x boost 
[2025-11-29T00:06:04.282Z] DEBUG: ðŸ‘¤ 12yearsamic: Favorited 1 inputs -> 5x boost 
[2025-11-29T00:06:04.282Z] DEBUG: ðŸ‘¤ 134340s: Favorited 1 inputs -> 5x boost 
[2025-11-29T00:06:04.282Z] DEBUG: ðŸ‘¤ 13isonline: Favorited 1 inputs -> 5x boost 
[2025-11-29T00:06:04.282Z] DEBUG: ðŸ‘¤ 13lijahm: Favorited 1 inputs -> 5x boost 
[2025-11-29T00:06:04.282Z] DEBUG: ðŸ‘¤ 13ran: Favorited 1 inputs -> 5x boost 
[2025-11-29T00:06:04.282Z] DEBUG: ðŸ‘¤ 13sgabo: Favorited 1 inputs -> 5x boost 
[2025-11-29T00:06:04.282Z] DEBUG: ðŸ‘¤ 16dc: Favorited 1 inputs -> 5x boost 
[2025-11-29T00:06:04.282Z] DEBUG: ðŸ‘¤ 16llenhart: Favorited 1 inputs -> 5x boost 
[2025-11-29T00:06:04.282Z] DEBUG: ðŸ‘¤ 16lokis: Favorited 1 inputs -> 5x boost 
[2025-11-29T00:06:04.282Z] DEBUG: ðŸ‘¤ 16mynumber: Favorited 1 inputs -> 5x boost 
[2025-11-29T00:06:04.282Z] DEBUG: ðŸ‘¤ 17hdixon: Favorited 1 inputs -> 5x boost 
[2025-11-29T00:06:04.282Z] DEBUG: ðŸ‘¤ 1800loveabtch: Favorited 1 inputs -> 5x boost 
[2025-11-29T00:06:04.282Z] DEBUG: ðŸ‘¤ 18modlinr: Favorited 1 inputs -> 5x boost 
[2025-11-29T00:06:04.282Z] DEBUG: ðŸ‘¤ 18zkona: Favorited 1 inputs -> 5x boost 
[2025-11-29T00:06:04.282Z] DEBUG: ðŸ‘¤ 190miint091: Favorited 1 inputs -> 5x boost 
[2025-11-29T00:06:04.282Z] DEBUG: ðŸ‘¤ 1964gemini: Favorited 1 inputs -> 5x boost 
[2025-11-29T00:06:04.282Z] DEBUG: ðŸ‘¤ 1975pads: Favorited 1 inputs -> 5x boost 
[2025-11-29T00:06:04.282Z] DEBUG: ðŸ‘¤ 1990volvo240: Favorited 1 inputs -> 5x boost 
[2025-11-29T00:06:04.282Z] DEBUG: ðŸ‘¤ 1996bele: Favorited 1 inputs -> 5x boost 
[2025-11-29T00:06:04.282Z] DEBUG: ðŸ‘¤ 19aduntley: Favorited 1 inputs -> 5x boost 
[2025-11-29T00:06:04.282Z] DEBUG: ðŸ‘¤ 1aquemini: Favorited 1 inputs -> 5x boost 
[2025-11-29T00:06:04.282Z] DEBUG: ðŸ‘¤ 1asdfgh: Favorited 1 inputs -> 5x boost 
[2025-11-29T00:06:04.282Z] DEBUG: ðŸ‘¤ 1aurenmar1e: Favorited 1 inputs -> 5x boost 
[2025-11-29T00:06:04.282Z] DEBUG: ðŸ‘¤ 1b1faces: Favorited 2 inputs -> 5x boost 
[2025-11-29T00:06:04.282Z] DEBUG: ðŸ‘¤ 1ce0ne: Favorited 1 inputs -> 5x boost 
[2025-11-29T00:06:04.282Z] DEBUG: ðŸ‘¤ 1dickhallorann1: Favorited 1 inputs -> 5x boost 
[2025-11-29T00:06:04.282Z] DEBUG: ðŸ‘¤ 1gor3: Favorited 1 inputs -> 5x boost 
[2025-11-29T00:06:04.282Z] DEBUG: ðŸ‘¤ 1gor3s: Favorited 1 inputs -> 5x boost 
[2025-11-29T00:06:04.283Z] DEBUG: ðŸ‘¤ 1hevn: Favorited 1 inputs -> 5x boost 
[2025-11-29T00:06:04.283Z] DEBUG: ðŸ‘¤ 1illyy: Favorited 1 inputs -> 5x boost 
[2025-11-29T00:06:04.283Z] DEBUG: ðŸ‘¤ 1imewilltell: Favorited 1 inputs -> 5x boost 
[2025-11-29T00:06:04.283Z] DEBUG: ðŸ‘¤ 1inamelian: Favorited 1 inputs -> 5x boost 
[2025-11-29T00:06:04.283Z] DEBUG: ðŸ‘¤ 1irene: Favorited 1 inputs -> 5x boost 
[2025-11-29T00:06:04.283Z] DEBUG: ðŸ‘¤ 1iteralyssa: Favorited 1 inputs -> 5x boost 
[2025-11-29T00:06:04.283Z] DEBUG: ðŸ‘¤ 1izzyglizzy: Favorited 1 inputs -> 5x boost 
[2025-11-29T00:06:04.283Z] DEBUG: ðŸ‘¤ 1jetskee: Favorited 1 inputs -> 5x boost 
[2025-11-29T00:06:04.283Z] DEBUG: ðŸ‘¤ 1jirachii: Favorited 1 inputs -> 5x boost 
[2025-11-29T00:06:04.283Z] DEBUG: ðŸ‘¤ 1joee1: Favorited 1 inputs -> 5x boost 
[2025-11-29T00:06:04.283Z] DEBUG: ðŸ‘¤ 1kilo: Favorited 1 inputs -> 5x boost 
[2025-11-29T00:06:04.283Z] DEBUG: ðŸ‘¤ 1kmnl: Favorited 1 inputs -> 5x boost 
[2025-11-29T00:06:04.283Z] DEBUG: ðŸ‘¤ 1lils: Favorited 1 inputs -> 5x boost 
[2025-11-29T00:06:04.283Z] DEBUG: ðŸ‘¤ 1m_root: Favorited 1 inputs -> 5x boost 
[2025-11-29T00:06:04.283Z] DEBUG: ðŸ‘¤ 1macadamian: Favorited 1 inputs -> 5x boost 
[2025-11-29T00:06:04.283Z] DEBUG: ðŸ‘¤ 1mateo: Favorited 1 inputs -> 5x boost 
[2025-11-29T00:06:04.283Z] DEBUG: ðŸ‘¤ 1nick: Favorited 1 inputs -> 5x boost 
[2025-11-29T00:06:04.283Z] DEBUG: ðŸ‘¤ 1s4mmy: Favorited 1 inputs -> 5x boost 
[2025-11-29T00:06:04.283Z] DEBUG: ðŸ‘¤ 1shot_javi: Favorited 1 inputs -> 5x boost 
[2025-11-29T00:06:04.283Z] DEBUG: ðŸ‘¤ 1shroom1: Favorited 1 inputs -> 5x boost 
[2025-11-29T00:06:04.284Z] DEBUG: ðŸ‘¤ 1slay2day: Favorited 1 inputs -> 5x boost 
[2025-11-29T00:06:04.284Z] DEBUG: ðŸ‘¤ 1staczar: Favorited 1 inputs -> 5x boost 
[2025-11-29T00:06:04.284Z] DEBUG: ðŸ‘¤ 1tzzmay3: Favorited 1 inputs -> 5x boost 
[2025-11-29T00:06:04.284Z] DEBUG: ðŸ‘¤ 1welida: Favorited 1 inputs -> 5x boost 
[2025-11-29T00:06:04.284Z] DEBUG: ðŸ‘¤ 1womanmonologue: Favorited 1 inputs -> 5x boost 
[2025-11-29T00:06:04.284Z] DEBUG: ðŸ‘¤ 1yv1a: Favorited 1 inputs -> 5x boost 
[2025-11-29T00:06:04.284Z] DEBUG: ðŸ‘¤ 1z1ntrouble: Favorited 1 inputs -> 5x boost 
[2025-11-29T00:06:04.284Z] DEBUG: ðŸ‘¤ 2004ac: Favorited 1 inputs -> 5x boost 
[2025-11-29T00:06:04.284Z] DEBUG: ðŸ‘¤ 2004chevy: Favorited 1 inputs -> 5x boost 
[2025-11-29T00:06:04.284Z] DEBUG: ðŸ‘¤ 2005chalamet: Favorited 1 inputs -> 5x boost 
[2025-11-29T00:06:04.284Z] DEBUG: ðŸ‘¤ 2007hondaaccord: Favorited 1 inputs -> 5x boost 
[2025-11-29T00:06:04.284Z] DEBUG: ðŸ‘¤ 200motels: Favorited 1 inputs -> 5x boost 
[2025-11-29T00:06:04.284Z] DEBUG: ðŸ‘¤ 2014chevyspark: Favorited 1 inputs -> 5x boost 
[2025-11-29T00:06:04.284Z] DEBUG: ðŸ‘¤ 2020amy: Favorited 1 inputs -> 5x boost 
[2025-11-29T00:06:04.284Z] DEBUG: ðŸ‘¤ 205billy: Favorited 1 inputs -> 5x boost 
[2025-11-29T00:06:04.284Z] DEBUG: ðŸ‘¤ 20jules40: Favorited 1 inputs -> 5x boost 
[2025-11-29T00:06:04.284Z] DEBUG: ðŸ‘¤ 211cmorris: Favorited 1 inputs -> 5x boost 
[2025-11-29T00:06:04.284Z] DEBUG: ðŸ‘¤ 21hazelot: Favorited 1 inputs -> 5x boost 
[2025-11-29T00:06:04.284Z] DEBUG: ðŸ‘¤ 222_zen: Favorited 1 inputs -> 5x boost 
[2025-11-29T00:06:04.284Z] DEBUG: ðŸ‘¤ 222fois: Favorited 1 inputs -> 5x boost 
[2025-11-29T00:06:04.285Z] DEBUG: ðŸ‘¤ 222stupid: Favorited 1 inputs -> 5x boost 
[2025-11-29T00:06:04.285Z] DEBUG: ðŸ‘¤ 222weirdguy222: Favorited 1 inputs -> 5x boost 
[2025-11-29T00:06:04.285Z] DEBUG: ðŸ‘¤ 22lia: Favorited 1 inputs -> 5x boost 
[2025-11-29T00:06:04.285Z] DEBUG: ðŸ‘¤ 22slush: Favorited 1 inputs -> 5x boost 
[2025-11-29T00:06:04.285Z] DEBUG: ðŸ‘¤ 22zxchary: Favorited 1 inputs -> 5x boost 
[2025-11-29T00:06:04.285Z] DEBUG: ðŸ‘¤ 23viperlies: Favorited 1 inputs -> 5x boost 
[2025-11-29T00:06:04.285Z] DEBUG: ðŸ‘¤ 24von: Favorited 1 inputs -> 5x boost 
[2025-11-29T00:06:04.285Z] DEBUG: ðŸ‘¤ 25_visartist: Favorited 1 inputs -> 5x boost 
[2025-11-29T00:06:04.285Z] DEBUG: ðŸ‘¤ 26zen: Favorited 1 inputs -> 5x boost 
[2025-11-29T00:06:04.285Z] DEBUG: ðŸ‘¤ 27tilly: Favorited 1 inputs -> 5x boost 
[2025-11-29T00:06:04.285Z] DEBUG: ðŸ‘¤ 2_thedark: Favorited 1 inputs -> 5x boost 
[2025-11-29T00:06:04.285Z] DEBUG: ðŸ‘¤ 2_themoon: Favorited 1 inputs -> 5x boost 
[2025-11-29T00:06:04.285Z] DEBUG: ðŸ‘¤ 2bluefreaks: Favorited 1 inputs -> 5x boost 
[2025-11-29T00:06:04.285Z] DEBUG: ðŸ‘¤ 2cij2: Favorited 1 inputs -> 5x boost 
[2025-11-29T00:06:04.285Z] DEBUG: ðŸ‘¤ 2cm: Favorited 1 inputs -> 5x boost 
[2025-11-29T00:06:04.285Z] DEBUG: ðŸ‘¤ 2donnie2jimmi: Favorited 1 inputs -> 5x boost 
[2025-11-29T00:06:04.285Z] DEBUG: ðŸ‘¤ 2elanie: Favorited 1 inputs -> 5x boost 
[2025-11-29T00:06:04.285Z] DEBUG: ðŸ‘¤ 2gami: Favorited 1 inputs -> 5x boost 
[2025-11-29T00:06:04.285Z] DEBUG: ðŸ‘¤ 2headcalf: Favorited 1 inputs -> 5x boost 
[2025-11-29T00:06:04.285Z] DEBUG: ðŸ‘¤ 2kingd4us: Favorited 1 inputs -> 5x boost 
[2025-11-29T00:06:04.285Z] DEBUG: ðŸ‘¤ 2lightning: Favorited 1 inputs -> 5x boost 
[2025-11-29T00:06:04.285Z] DEBUG: ðŸ‘¤ 2manygrasstoads: Favorited 1 inputs -> 5x boost 
[2025-11-29T00:06:04.285Z] DEBUG: ðŸ‘¤ 2naatrijaatomi: Favorited 1 inputs -> 5x boost 
[2025-11-29T00:06:04.285Z] DEBUG: ðŸ‘¤ 2ndhand: Favorited 1 inputs -> 5x boost 
[2025-11-29T00:06:04.285Z] DEBUG: ðŸ‘¤ 2night_gpoy: Favorited 1 inputs -> 5x boost 
[2025-11-29T00:06:04.285Z] DEBUG: ðŸ‘¤ 2ofhearts: Favorited 1 inputs -> 5x boost 
[2025-11-29T00:06:04.285Z] DEBUG: ðŸ‘¤ 2sad2furious: Favorited 1 inputs -> 5x boost 
[2025-11-29T00:06:04.285Z] DEBUG: ðŸ‘¤ 2simon_2me: Favorited 1 inputs -> 5x boost 
[2025-11-29T00:06:04.286Z] DEBUG: ðŸ‘¤ 2stepinmycrocs: Favorited 1 inputs -> 5x boost 
[2025-11-29T00:06:04.286Z] DEBUG: ðŸ‘¤ 2stoned: Favorited 1 inputs -> 5x boost 
[2025-11-29T00:06:04.286Z] DEBUG: ðŸ‘¤ 2timechamp45: Favorited 1 inputs -> 5x boost 
[2025-11-29T00:06:04.286Z] DEBUG: ðŸ‘¤ 2truck: Favorited 1 inputs -> 5x boost 
[2025-11-29T00:06:04.286Z] DEBUG: ðŸ‘¤ 2uil: Favorited 1 inputs -> 5x boost 
[2025-11-29T00:06:04.286Z] DEBUG: ðŸ‘¤ 2xtheval: Favorited 1 inputs -> 5x boost 
[2025-11-29T00:06:04.286Z] DEBUG: ðŸ‘¤ 305david: Favorited 1 inputs -> 5x boost 
[2025-11-29T00:06:04.286Z] DEBUG: ðŸ‘¤ 3101gabe: Favorited 1 inputs -> 5x boost 
[2025-11-29T00:06:04.286Z] DEBUG: ðŸ‘¤ 31luckispucki10: Favorited 1 inputs -> 5x boost 
[2025-11-29T00:06:04.286Z] DEBUG: ðŸ‘¤ 327_qd: Favorited 1 inputs -> 5x boost 
[2025-11-29T00:06:04.286Z] DEBUG: ðŸ‘¤ 333jalyn: Favorited 1 inputs -> 5x boost 
[2025-11-29T00:06:04.286Z] DEBUG: ðŸ‘¤ 333rin: Favorited 1 inputs -> 5x boost 
[2025-11-29T00:06:04.286Z] DEBUG: ðŸ‘¤ 33duck01: Favorited 1 inputs -> 5x boost 
[2025-11-29T00:06:04.286Z] DEBUG: ðŸ‘¤ 33vven: Favorited 1 inputs -> 5x boost 
[2025-11-29T00:06:04.286Z] DEBUG: ðŸ‘¤ 3_3_34: Favorited 1 inputs -> 5x boost 
[2025-11-29T00:06:04.286Z] DEBUG: ðŸ‘¤ 3_47est: Favorited 1 inputs -> 5x boost 
[2025-11-29T00:06:04.286Z] DEBUG: ðŸ‘¤ 01magid: Favorited 1 inputs -> 5x boost 
[2025-11-29T00:06:04.286Z] DEBUG: ðŸ‘¤ 0atly: Favorited 1 inputs -> 5x boost 
[2025-11-29T00:06:04.286Z] DEBUG: ðŸ‘¤ 0ct0bergirl: Favorited 1 inputs -> 5x boost 
[2025-11-29T00:06:04.286Z] DEBUG: ðŸ‘¤ 0f_tuna: Favorited 1 inputs -> 5x boost 
[2025-11-29T00:06:04.286Z] DEBUG: ðŸ‘¤ 0pavel: Favorited 1 inputs -> 5x boost 
[2025-11-29T00:06:04.286Z] DEBUG: ðŸ‘¤ 100naziscalps: Favorited 1 inputs -> 5x boost 
[2025-11-29T00:06:04.286Z] DEBUG: ðŸ‘¤ 11coll: Favorited 1 inputs -> 5x boost 
[2025-11-29T00:06:04.286Z] DEBUG: ðŸ‘¤ 11estroud: Favorited 1 inputs -> 5x boost 
[2025-11-29T00:06:04.286Z] DEBUG: ðŸ‘¤ 123urawesome: Favorited 1 inputs -> 5x boost 
[2025-11-29T00:06:04.286Z] DEBUG: ðŸ‘¤ 12horses: Favorited 1 inputs -> 5x boost 
[2025-11-29T00:06:04.286Z] DEBUG: ðŸ‘¤ 12thvenus: Favorited 1 inputs -> 5x boost 
[2025-11-29T00:06:04.286Z] DEBUG: ðŸ‘¤ 1imir: Favorited 1 inputs -> 5x boost 
[2025-11-29T00:06:04.286Z] DEBUG: ðŸ‘¤ 1mateoz: Favorited 1 inputs -> 5x boost 
[2025-11-29T00:06:04.286Z] DEBUG: ðŸ‘¤ 1spunlobster: Favorited 1 inputs -> 5x boost 
[2025-11-29T00:06:04.286Z] DEBUG: ðŸ‘¤ 2003skohei: Favorited 1 inputs -> 5x boost 
[2025-11-29T00:06:04.286Z] DEBUG: ðŸ‘¤ 20teethinaglass: Favorited 1 inputs -> 5x boost 
[2025-11-29T00:06:04.286Z] DEBUG: ðŸ‘¤ 28njwhite: Favorited 1 inputs -> 5x boost 
[2025-11-29T00:06:04.287Z] DEBUG: ðŸ‘¤ 2chelly2belly: Favorited 1 inputs -> 5x boost 
[2025-11-29T00:06:04.287Z] DEBUG: ðŸ‘¤ 2cool4schoolz: Favorited 1 inputs -> 5x boost 
[2025-11-29T00:06:04.287Z] DEBUG: ðŸ‘¤ 2kibb: Favorited 1 inputs -> 5x boost 
[2025-11-29T00:06:04.287Z] DEBUG: ðŸ‘¤ 2smallchildren: Favorited 1 inputs -> 5x boost 
[2025-11-29T00:06:04.287Z] DEBUG: ðŸ‘¤ 2tall2fall: Favorited 1 inputs -> 5x boost 
[2025-11-29T00:06:04.287Z] DEBUG: ðŸ‘¤ 35t4v1d4: Favorited 1 inputs -> 5x boost 
[2025-11-29T00:06:04.287Z] DEBUG: ðŸ‘¤ 3leo3: Favorited 1 inputs -> 5x boost 
[2025-11-29T00:06:04.287Z] DEBUG: ðŸ‘¤ 3llie_bells: Favorited 1 inputs -> 5x boost 
[2025-11-29T00:06:04.287Z] DEBUG: ðŸ‘¤ 4riete: Favorited 1 inputs -> 5x boost 
[2025-11-29T00:06:04.287Z] DEBUG: ðŸ‘¤ 4rmadio: Favorited 1 inputs -> 5x boost 
[2025-11-29T00:06:04.287Z] DEBUG: ðŸ‘¤ 5ftoblerone: Favorited 1 inputs -> 5x boost 
[2025-11-29T00:06:04.287Z] DEBUG: ðŸ‘¤ 5ifth: Favorited 1 inputs -> 5x boost 
[2025-11-29T00:06:04.287Z] DEBUG: ðŸ‘¤ 666bemma: Favorited 1 inputs -> 5x boost 
[2025-11-29T00:06:04.287Z] DEBUG: ðŸ‘¤ 66jupiter: Favorited 1 inputs -> 5x boost 
[2025-11-29T00:06:04.287Z] DEBUG: ðŸ‘¤ 6ak: Favorited 1 inputs -> 5x boost 
[2025-11-29T00:06:04.287Z] DEBUG: ðŸ‘¤ 7c8: Favorited 1 inputs -> 5x boost 
[2025-11-29T00:06:04.287Z] DEBUG: ðŸ‘¤ 8bian: Favorited 1 inputs -> 5x boost 
[2025-11-29T00:06:04.287Z] DEBUG: ðŸ‘¤ 8uckl3y: Favorited 1 inputs -> 5x boost 
[2025-11-29T00:06:04.287Z] DEBUG: ðŸ‘¤ 90s4ngel: Favorited 1 inputs -> 5x boost 
[2025-11-29T00:06:04.287Z] DEBUG: ðŸ‘¤ 999yak0b999: Favorited 1 inputs -> 5x boost 
[2025-11-29T00:06:04.287Z] DEBUG: ðŸ‘¤ 99percentsilk: Favorited 1 inputs -> 5x boost 
[2025-11-29T00:06:04.287Z] DEBUG: ðŸ‘¤ _2ccx: Favorited 1 inputs -> 5x boost 
[2025-11-29T00:06:04.287Z] DEBUG: ðŸ‘¤ _absolutely_: Favorited 1 inputs -> 5x boost 
[2025-11-29T00:06:04.287Z] DEBUG: ðŸ‘¤ _ahmetemin: Favorited 1 inputs -> 5x boost 
[2025-11-29T00:06:04.287Z] DEBUG: ðŸ‘¤ a166443df: Favorited 1 inputs -> 5x boost 
[2025-11-29T00:06:04.287Z] DEBUG: ðŸ‘¤ a1emily: Favorited 1 inputs -> 5x boost 
[2025-11-29T00:06:04.287Z] DEBUG: ðŸ‘¤ a1exdur0: Favorited 1 inputs -> 5x boost 
[2025-11-29T00:06:04.287Z] DEBUG: ðŸ‘¤ a1onsoar3a11o: Favorited 1 inputs -> 5x boost 
[2025-11-29T00:06:04.287Z] DEBUG: ðŸ‘¤ a24goth: Favorited 1 inputs -> 5x boost 
[2025-11-29T00:06:04.287Z] DEBUG: ðŸ‘¤ a24wh0reee: Favorited 1 inputs -> 5x boost 
[2025-11-29T00:06:04.287Z] DEBUG: ðŸ‘¤ a_borrellj: Favorited 1 inputs -> 5x boost 
[2025-11-29T00:06:04.287Z] DEBUG: ðŸ‘¤ a_damn_uno: Favorited 1 inputs -> 5x boost 
[2025-11-29T00:06:04.287Z] DEBUG: ðŸ‘¤ aaaaaverey: Favorited 1 inputs -> 5x boost 
[2025-11-29T00:06:04.287Z] DEBUG: ðŸ‘¤ aaaarrrss: Favorited 1 inputs -> 5x boost 
[2025-11-29T00:06:04.288Z] DEBUG: ðŸ‘¤ aaadrain: Favorited 1 inputs -> 5x boost 
[2025-11-29T00:06:04.288Z] DEBUG: ðŸ‘¤ aaburto: Favorited 1 inputs -> 5x boost 
[2025-11-29T00:06:04.288Z] DEBUG: ðŸ‘¤ aaliyahp: Favorited 1 inputs -> 5x boost 
[2025-11-29T00:06:04.288Z] DEBUG: ðŸ‘¤ aaphill18: Favorited 1 inputs -> 5x boost 
[2025-11-29T00:06:04.288Z] DEBUG: ðŸ‘¤ aaron_gumboy: Favorited 1 inputs -> 5x boost 
[2025-11-29T00:06:04.288Z] DEBUG: ðŸ‘¤ aaronrugg: Favorited 1 inputs -> 5x boost 
[2025-11-29T00:06:04.288Z] DEBUG: ðŸ‘¤ abbeju: Favorited 1 inputs -> 5x boost 
[2025-11-29T00:06:04.288Z] DEBUG: ðŸ‘¤ abbyandersonsbf: Favorited 1 inputs -> 5x boost 
[2025-11-29T00:06:04.288Z] DEBUG: ðŸ‘¤ abcdent: Favorited 1 inputs -> 5x boost 
[2025-11-29T00:06:04.288Z] DEBUG: ðŸ‘¤ abigail1100: Favorited 1 inputs -> 5x boost 
[2025-11-29T00:06:04.288Z] DEBUG: ðŸ‘¤ abii2022: Favorited 1 inputs -> 5x boost 
[2025-11-29T00:06:04.288Z] DEBUG: ðŸ‘¤ abril7312: Favorited 1 inputs -> 5x boost 
[2025-11-29T00:06:04.288Z] DEBUG: ðŸ‘¤ ace6g: Favorited 1 inputs -> 5x boost 
[2025-11-29T00:06:04.288Z] DEBUG: ðŸ‘¤ acehrs: Favorited 1 inputs -> 5x boost 
[2025-11-29T00:06:04.288Z] DEBUG: ðŸ‘¤ aceynth: Favorited 1 inputs -> 5x boost 
[2025-11-29T00:06:04.288Z] DEBUG: ðŸ‘¤ achilles24: Favorited 1 inputs -> 5x boost 
[2025-11-29T00:06:04.288Z] DEBUG: ðŸ‘¤ achter_de_boom: Favorited 1 inputs -> 5x boost 
[2025-11-29T00:06:04.288Z] DEBUG: ðŸ‘¤ acylchloride: Favorited 1 inputs -> 5x boost 
[2025-11-29T00:06:04.288Z] DEBUG: ðŸ‘¤ adamfisher321: Favorited 1 inputs -> 5x boost 
[2025-11-29T00:06:04.288Z] DEBUG: ðŸ‘¤ adamkaaa: Favorited 1 inputs -> 5x boost 
[2025-11-29T00:06:04.288Z] DEBUG: ðŸ‘¤ adammahfr: Favorited 1 inputs -> 5x boost 
[2025-11-29T00:06:04.288Z] DEBUG: ðŸ‘¤ adampolanik: Favorited 1 inputs -> 5x boost 
[2025-11-29T00:06:04.288Z] DEBUG: ðŸ‘¤ adamrara: Favorited 1 inputs -> 5x boost 
[2025-11-29T00:06:04.288Z] DEBUG: ðŸ‘¤ adamrusso22: Favorited 1 inputs -> 5x boost 
[2025-11-29T00:06:04.288Z] DEBUG: ðŸ‘¤ adclown: Favorited 1 inputs -> 5x boost 
[2025-11-29T00:06:04.289Z] DEBUG: ðŸ‘¤ addijane: Favorited 1 inputs -> 5x boost 
[2025-11-29T00:06:04.289Z] DEBUG: ðŸ‘¤ addytayy: Favorited 1 inputs -> 5x boost 
[2025-11-29T00:06:04.289Z] DEBUG: ðŸ‘¤ adetoni626: Favorited 1 inputs -> 5x boost 
[2025-11-29T00:06:04.289Z] DEBUG: ðŸ‘¤ adrianth: Favorited 1 inputs -> 5x boost 
[2025-11-29T00:06:04.289Z] DEBUG: ðŸ‘¤ adribadillo: Favorited 1 inputs -> 5x boost 
[2025-11-29T00:06:04.289Z] DEBUG: ðŸ‘¤ adriftmoon: Favorited 1 inputs -> 5x boost 
[2025-11-29T00:06:04.289Z] DEBUG: ðŸ‘¤ adrnisnt: Favorited 1 inputs -> 5x boost 
[2025-11-29T00:06:04.289Z] DEBUG: ðŸ‘¤ aducnhan: Favorited 1 inputs -> 5x boost 
[2025-11-29T00:06:04.289Z] DEBUG: ðŸ‘¤ aeywon: Favorited 1 inputs -> 5x boost 
[2025-11-29T00:06:04.289Z] DEBUG: ðŸ‘¤ aggylar: Favorited 1 inputs -> 5x boost 
[2025-11-29T00:06:04.289Z] DEBUG: ðŸ‘¤ agrad1: Favorited 1 inputs -> 5x boost 
[2025-11-29T00:06:04.289Z] DEBUG: ðŸ‘¤ agusinvestiga: Favorited 1 inputs -> 5x boost 
[2025-11-29T00:06:04.289Z] DEBUG: ðŸ‘¤ ahmed92kira: Favorited 1 inputs -> 5x boost 
[2025-11-29T00:06:04.290Z] DEBUG: ðŸ‘¤ ahmedhatemhelal: Favorited 1 inputs -> 5x boost 
[2025-11-29T00:06:04.290Z] DEBUG: ðŸ‘¤ aidancarter35: Favorited 1 inputs -> 5x boost 
[2025-11-29T00:06:04.290Z] DEBUG: ðŸ‘¤ aidanpine: Favorited 1 inputs -> 5x boost 
[2025-11-29T00:06:04.290Z] DEBUG: ðŸ‘¤ aieterox: Favorited 1 inputs -> 5x boost 
[2025-11-29T00:06:04.290Z] DEBUG: ðŸ‘¤ airasterfan: Favorited 1 inputs -> 5x boost 
[2025-11-29T00:06:04.290Z] DEBUG: ðŸ‘¤ aiyae: Favorited 1 inputs -> 5x boost 
[2025-11-29T00:06:04.290Z] DEBUG: ðŸ‘¤ aizenssword: Favorited 1 inputs -> 5x boost 
[2025-11-29T00:06:04.290Z] DEBUG: ðŸ‘¤ ajbakes1: Favorited 1 inputs -> 5x boost 
[2025-11-29T00:06:04.290Z] DEBUG: ðŸ‘¤ ajciv: Favorited 1 inputs -> 5x boost 
[2025-11-29T00:06:04.290Z] DEBUG: ðŸ‘¤ akatlong: Favorited 1 inputs -> 5x boost 
[2025-11-29T00:06:04.290Z] DEBUG: ðŸ‘¤ akishajj: Favorited 1 inputs -> 5x boost 
[2025-11-29T00:06:04.290Z] DEBUG: ðŸ‘¤ akrobitaille: Favorited 1 inputs -> 5x boost 
[2025-11-29T00:06:04.290Z] DEBUG: ðŸ‘¤ alan_nilsen: Favorited 1 inputs -> 5x boost 
[2025-11-29T00:06:04.290Z] DEBUG: ðŸ‘¤ alanbinyasan: Favorited 1 inputs -> 5x boost 
[2025-11-29T00:06:04.290Z] DEBUG: ðŸ‘¤ alanmtzm06: Favorited 1 inputs -> 5x boost 
[2025-11-29T00:06:04.290Z] DEBUG: ðŸ‘¤ alanxdiaz: Favorited 1 inputs -> 5x boost 
[2025-11-29T00:06:04.290Z] DEBUG: ðŸ‘¤ albaniansans: Favorited 1 inputs -> 5x boost 
[2025-11-29T00:06:04.290Z] DEBUG: ðŸ‘¤ albertirijillo: Favorited 1 inputs -> 5x boost 
[2025-11-29T00:06:04.290Z] DEBUG: ðŸ‘¤ albiiiiiin: Favorited 1 inputs -> 5x boost 
[2025-11-29T00:06:04.290Z] DEBUG: ðŸ‘¤ albinisterrific: Favorited 1 inputs -> 5x boost 
[2025-11-29T00:06:04.290Z] DEBUG: ðŸ‘¤ albionn: Favorited 1 inputs -> 5x boost 
[2025-11-29T00:06:04.290Z] DEBUG: ðŸ‘¤ alcachofra: Favorited 1 inputs -> 5x boost 
[2025-11-29T00:06:04.290Z] DEBUG: ðŸ‘¤ alcasys: Favorited 1 inputs -> 5x boost 
[2025-11-29T00:06:04.291Z] DEBUG: ðŸ‘¤ aldiniqesad: Favorited 1 inputs -> 5x boost 
[2025-11-29T00:06:04.291Z] DEBUG: ðŸ‘¤ aldo2323: Favorited 1 inputs -> 5x boost 
[2025-11-29T00:06:04.291Z] DEBUG: ðŸ‘¤ ale66cl: Favorited 1 inputs -> 5x boost 
[2025-11-29T00:06:04.291Z] DEBUG: ðŸ‘¤ ale9000: Favorited 1 inputs -> 5x boost 
[2025-11-29T00:06:04.291Z] DEBUG: ðŸ‘¤ ale_perra: Favorited 1 inputs -> 5x boost 
[2025-11-29T00:06:04.291Z] DEBUG: ðŸ‘¤ aledymeww: Favorited 1 inputs -> 5x boost 
[2025-11-29T00:06:04.291Z] DEBUG: ðŸ‘¤ alekk_: Favorited 1 inputs -> 5x boost 
[2025-11-29T00:06:04.291Z] DEBUG: ðŸ‘¤ alekonvm: Favorited 1 inputs -> 5x boost 
[2025-11-29T00:06:04.291Z] DEBUG: ðŸ‘¤ aleksisv: Favorited 1 inputs -> 5x boost 
[2025-11-29T00:06:04.291Z] DEBUG: ðŸ‘¤ alelelli25: Favorited 1 inputs -> 5x boost 
[2025-11-29T00:06:04.291Z] DEBUG: ðŸ‘¤ alelunch5: Favorited 1 inputs -> 5x boost 
[2025-11-29T00:06:04.291Z] DEBUG: ðŸ‘¤ alenkadoyle: Favorited 1 inputs -> 5x boost 
[2025-11-29T00:06:04.291Z] DEBUG: ðŸ‘¤ alessiomusi: Favorited 1 inputs -> 5x boost 
[2025-11-29T00:06:04.291Z] DEBUG: ðŸ‘¤ alex2323p: Favorited 1 inputs -> 5x boost 
[2025-11-29T00:06:04.291Z] DEBUG: ðŸ‘¤ alex33: Favorited 1 inputs -> 5x boost 
[2025-11-29T00:06:04.291Z] DEBUG: ðŸ‘¤ alex6_eats: Favorited 1 inputs -> 5x boost 
[2025-11-29T00:06:04.291Z] DEBUG: ðŸ‘¤ alexaarmas: Favorited 1 inputs -> 5x boost 
[2025-11-29T00:06:04.291Z] DEBUG: ðŸ‘¤ alexander839: Favorited 1 inputs -> 5x boost 
[2025-11-29T00:06:04.291Z] DEBUG: ðŸ‘¤ alexanderhat: Favorited 1 inputs -> 5x boost 
[2025-11-29T00:06:04.291Z] DEBUG: ðŸ‘¤ alexandriabitch: Favorited 1 inputs -> 5x boost 
[2025-11-29T00:06:04.291Z] DEBUG: ðŸ‘¤ alexapolette: Favorited 1 inputs -> 5x boost 
[2025-11-29T00:06:04.291Z] DEBUG: ðŸ‘¤ alexei666: Favorited 1 inputs -> 5x boost 
[2025-11-29T00:06:04.291Z] DEBUG: ðŸ‘¤ alexfilmz04: Favorited 1 inputs -> 5x boost 
[2025-11-29T00:06:04.291Z] DEBUG: ðŸ‘¤ alexisluvsa24: Favorited 1 inputs -> 5x boost 
[2025-11-29T00:06:04.291Z] DEBUG: ðŸ‘¤ alexl5: Favorited 1 inputs -> 5x boost 
[2025-11-29T00:06:04.291Z] DEBUG: ðŸ‘¤ alexled: Favorited 1 inputs -> 5x boost 
[2025-11-29T00:06:04.292Z] DEBUG: ðŸ‘¤ alexmustgo: Favorited 1 inputs -> 5x boost 
[2025-11-29T00:06:04.292Z] DEBUG: ðŸ‘¤ alexo_tan: Favorited 1 inputs -> 5x boost 
[2025-11-29T00:06:04.292Z] DEBUG: ðŸ‘¤ alexscouch: Favorited 1 inputs -> 5x boost 
[2025-11-29T00:06:04.292Z] DEBUG: ðŸ‘¤ alexxkister: Favorited 1 inputs -> 5x boost 
[2025-11-29T00:06:04.292Z] DEBUG: ðŸ‘¤ alexxx_zl: Favorited 1 inputs -> 5x boost 
[2025-11-29T00:06:04.292Z] DEBUG: ðŸ‘¤ alfred_bttnr: Favorited 1 inputs -> 5x boost 
[2025-11-29T00:06:04.292Z] DEBUG: ðŸ‘¤ alice985: Favorited 1 inputs -> 5x boost 
[2025-11-29T00:06:04.292Z] DEBUG: ðŸ‘¤ aliceeee33: Favorited 1 inputs -> 5x boost 
[2025-11-29T00:06:04.292Z] DEBUG: ðŸ‘¤ alicemerturk: Favorited 1 inputs -> 5x boost 
[2025-11-29T00:06:04.292Z] DEBUG: ðŸ‘¤ alicerowden: Favorited 1 inputs -> 5x boost 
[2025-11-29T00:06:04.292Z] DEBUG: ðŸ‘¤ aliens3tiddies: Favorited 1 inputs -> 5x boost 
[2025-11-29T00:06:04.292Z] DEBUG: ðŸ‘¤ alienshampoo: Favorited 1 inputs -> 5x boost 
[2025-11-29T00:06:04.292Z] DEBUG: ðŸ‘¤ alijah_blue: Favorited 1 inputs -> 5x boost 
[2025-11-29T00:06:04.292Z] DEBUG: ðŸ‘¤ alisabusu: Favorited 1 inputs -> 5x boost 
[2025-11-29T00:06:04.292Z] DEBUG: ðŸ‘¤ alissaxw: Favorited 1 inputs -> 5x boost 
[2025-11-29T00:06:04.292Z] DEBUG: ðŸ‘¤ alixcrist: Favorited 1 inputs -> 5x boost 
[2025-11-29T00:06:04.292Z] DEBUG: ðŸ‘¤ allie008: Favorited 1 inputs -> 5x boost 
[2025-11-29T00:06:04.292Z] DEBUG: ðŸ‘¤ allwhitecastle: Favorited 1 inputs -> 5x boost 
[2025-11-29T00:06:04.292Z] DEBUG: ðŸ‘¤ almiraslley: Favorited 1 inputs -> 5x boost 
[2025-11-29T00:06:04.292Z] DEBUG: ðŸ‘¤ almostshankara: Favorited 1 inputs -> 5x boost 
[2025-11-29T00:06:04.292Z] DEBUG: ðŸ‘¤ alofn: Favorited 1 inputs -> 5x boost 
[2025-11-29T00:06:04.292Z] DEBUG: ðŸ‘¤ alphrose: Favorited 1 inputs -> 5x boost 
[2025-11-29T00:06:04.292Z] DEBUG: ðŸ‘¤ alpt4: Favorited 1 inputs -> 5x boost 
[2025-11-29T00:06:04.292Z] DEBUG: ðŸ‘¤ alskom: Favorited 1 inputs -> 5x boost 
[2025-11-29T00:06:04.292Z] DEBUG: ðŸ‘¤ alth_ea: Favorited 1 inputs -> 5x boost 
[2025-11-29T00:06:04.292Z] DEBUG: ðŸ‘¤ altijdhardt: Favorited 1 inputs -> 5x boost 
[2025-11-29T00:06:04.293Z] DEBUG: ðŸ‘¤ alvarligt: Favorited 1 inputs -> 5x boost 
[2025-11-29T00:06:04.293Z] DEBUG: ðŸ‘¤ alwayswithwater: Favorited 1 inputs -> 5x boost 
[2025-11-29T00:06:04.293Z] DEBUG: ðŸ‘¤ alyssabmays: Favorited 1 inputs -> 5x boost 
[2025-11-29T00:06:04.293Z] DEBUG: ðŸ‘¤ alyssajos: Favorited 1 inputs -> 5x boost 
[2025-11-29T00:06:04.293Z] DEBUG: ðŸ‘¤ alyxalyxandria: Favorited 1 inputs -> 5x boost 
[2025-11-29T00:06:04.293Z] DEBUG: ðŸ‘¤ amalaise: Favorited 1 inputs -> 5x boost 
[2025-11-29T00:06:04.293Z] DEBUG: ðŸ‘¤ amandatenz: Favorited 1 inputs -> 5x boost 
[2025-11-29T00:06:04.293Z] DEBUG: ðŸ‘¤ amaranthh: Favorited 1 inputs -> 5x boost 
[2025-11-29T00:06:04.293Z] DEBUG: ðŸ‘¤ amari3527: Favorited 1 inputs -> 5x boost 
[2025-11-29T00:06:04.293Z] DEBUG: ðŸ‘¤ amarisou: Favorited 1 inputs -> 5x boost 
[2025-11-29T00:06:04.293Z] DEBUG: ðŸ‘¤ ambiguous_evan: Favorited 1 inputs -> 5x boost 
[2025-11-29T00:06:04.293Z] DEBUG: ðŸ‘¤ ambivalence6: Favorited 1 inputs -> 5x boost 
[2025-11-29T00:06:04.293Z] DEBUG: ðŸ‘¤ ambre_lysz: Favorited 1 inputs -> 5x boost 
[2025-11-29T00:06:04.293Z] DEBUG: ðŸ‘¤ ambrioche: Favorited 1 inputs -> 5x boost 
[2025-11-29T00:06:04.293Z] DEBUG: ðŸ‘¤ amehdaly: Favorited 1 inputs -> 5x boost 
[2025-11-29T00:06:04.299Z] DEBUG: ðŸ‘¤ amirmayko: Favorited 1 inputs -> 5x boost 
[2025-11-29T00:06:04.299Z] DEBUG: ðŸ‘¤ amluga: Favorited 1 inputs -> 5x boost 
[2025-11-29T00:06:04.299Z] DEBUG: ðŸ‘¤ ammajononsense: Favorited 1 inputs -> 5x boost 
[2025-11-29T00:06:04.299Z] DEBUG: ðŸ‘¤ amparhoe: Favorited 1 inputs -> 5x boost 
[2025-11-29T00:06:04.299Z] DEBUG: ðŸ‘¤ amplesso: Favorited 1 inputs -> 5x boost 
[2025-11-29T00:06:04.299Z] DEBUG: ðŸ‘¤ amplessso: Favorited 1 inputs -> 5x boost 
[2025-11-29T00:06:04.299Z] DEBUG: ðŸ‘¤ anakind_yt: Favorited 1 inputs -> 5x boost 
[2025-11-29T00:06:04.299Z] DEBUG: ðŸ‘¤ analogjosh: Favorited 1 inputs -> 5x boost 
[2025-11-29T00:06:04.299Z] DEBUG: ðŸ‘¤ analyzer: Favorited 1 inputs -> 5x boost 
[2025-11-29T00:06:04.299Z] DEBUG: ðŸ‘¤ anaminhoca16: Favorited 1 inputs -> 5x boost 
[2025-11-29T00:06:04.299Z] DEBUG: ðŸ‘¤ anat0mie: Favorited 1 inputs -> 5x boost 
[2025-11-29T00:06:04.299Z] DEBUG: ðŸ‘¤ anatomyofapaul: Favorited 1 inputs -> 5x boost 
[2025-11-29T00:06:04.299Z] DEBUG: ðŸ‘¤ andershahn: Favorited 1 inputs -> 5x boost 
[2025-11-29T00:06:04.299Z] DEBUG: ðŸ‘¤ andersoneli: Favorited 1 inputs -> 5x boost 
[2025-11-29T00:06:04.299Z] DEBUG: ðŸ‘¤ andre_knechtel: Favorited 1 inputs -> 5x boost 
[2025-11-29T00:06:04.299Z] DEBUG: ðŸ‘¤ andreabjorseth: Favorited 1 inputs -> 5x boost 
[2025-11-29T00:06:04.299Z] DEBUG: ðŸ‘¤ andreapeghi: Favorited 1 inputs -> 5x boost 
[2025-11-29T00:06:04.299Z] DEBUG: ðŸ‘¤ andrewaka: Favorited 1 inputs -> 5x boost 
[2025-11-29T00:06:04.304Z] DEBUG: ðŸ‘¤ andrewhu93: Favorited 1 inputs -> 5x boost 
[2025-11-29T00:06:04.304Z] DEBUG: ðŸ‘¤ andrewlborne1: Favorited 1 inputs -> 5x boost 
[2025-11-29T00:06:04.305Z] INFO: ðŸ† Top affinity users: 
[2025-11-29T00:06:04.306Z] INFO:   1867: 5.00x (0 likes, 1 favorites) 
[2025-11-29T00:06:04.306Z] INFO:   192000: 5.00x (0 likes, 1 favorites) 
[2025-11-29T00:06:04.306Z] INFO:   000peppermint: 5.00x (0 likes, 1 favorites) 
[2025-11-29T00:06:04.306Z] INFO:   001nay: 5.00x (0 likes, 1 favorites) 
[2025-11-29T00:06:04.306Z] INFO:   00caff: 5.00x (0 likes, 1 favorites) 
[2025-11-29T00:06:04.306Z] INFO: ðŸŽ¬ STEP 3: Fetching other movies from these users 
[2025-11-29T00:06:04.376Z] INFO: â­ 200 users favorited beau-is-afraid 
[2025-11-29T00:06:04.377Z] INFO: ðŸ‘¥ Total users who interacted: 795 
[2025-11-29T00:06:04.377Z] INFO: ðŸ“Š STEP 2: Calculating user affinity scores 
[2025-11-29T00:06:04.377Z] DEBUG: ðŸ‘¤ 1867: Favorited 1 inputs -> 5x boost 
[2025-11-29T00:06:04.377Z] DEBUG: ðŸ‘¤ 192000: Favorited 1 inputs -> 5x boost 
[2025-11-29T00:06:04.377Z] DEBUG: ðŸ‘¤ ajeplz: Liked 2 inputs -> 3x boost 
[2025-11-29T00:06:04.377Z] DEBUG: ðŸ‘¤ happynas: Liked 2 inputs -> 3x boost 
[2025-11-29T00:06:04.377Z] DEBUG: ðŸ‘¤ mikebot1986: Liked 2 inputs -> 3x boost 
[2025-11-29T00:06:04.377Z] DEBUG: ðŸ‘¤ pkronhamn: Liked 2 inputs -> 3x boost 
[2025-11-29T00:06:04.377Z] DEBUG: ðŸ‘¤ 000peppermint: Favorited 1 inputs -> 5x boost 
[2025-11-29T00:06:04.377Z] DEBUG: ðŸ‘¤ 001nay: Favorited 1 inputs -> 5x boost 
[2025-11-29T00:06:04.377Z] DEBUG: ðŸ‘¤ 00caff: Favorited 1 inputs -> 5x boost 
[2025-11-29T00:06:04.377Z] DEBUG: ðŸ‘¤ 00chwi: Favorited 1 inputs -> 5x boost 
[2025-11-29T00:06:04.378Z] DEBUG: ðŸ‘¤ 00lisa00: Favorited 1 inputs -> 5x boost 
[2025-11-29T00:06:04.378Z] DEBUG: ðŸ‘¤ 00sangue: Favorited 1 inputs -> 5x boost 
[2025-11-29T00:06:04.378Z] DEBUG: ðŸ‘¤ 00wits: Favorited 1 inputs -> 5x boost 
[2025-11-29T00:06:04.378Z] DEBUG: ðŸ‘¤ 0101stein: Favorited 1 inputs -> 5x boost 
[2025-11-29T00:06:04.378Z] DEBUG: ðŸ‘¤ 01100010runo: Favorited 1 inputs -> 5x boost 
[2025-11-29T00:06:04.378Z] DEBUG: ðŸ‘¤ 01101000_: Favorited 1 inputs -> 5x boost 
[2025-11-29T00:06:04.378Z] DEBUG: ðŸ‘¤ 01101100: Favorited 1 inputs -> 5x boost 
[2025-11-29T00:06:04.378Z] DEBUG: ðŸ‘¤ 011110010110000: Favorited 1 inputs -> 5x boost 
[2025-11-29T00:06:04.378Z] DEBUG: ðŸ‘¤ 0115isma: Favorited 1 inputs -> 5x boost 
[2025-11-29T00:06:04.378Z] DEBUG: ðŸ‘¤ 02child: Favorited 1 inputs -> 5x boost 
[2025-11-29T00:06:04.378Z] DEBUG: ðŸ‘¤ 02d: Favorited 1 inputs -> 5x boost 
[2025-11-29T00:06:04.378Z] DEBUG: ðŸ‘¤ 0326237l: Favorited 1 inputs -> 5x boost 
[2025-11-29T00:06:04.378Z] DEBUG: ðŸ‘¤ 051122: Favorited 1 inputs -> 5x boost 
[2025-11-29T00:06:04.378Z] DEBUG: ðŸ‘¤ 0609asf: Favorited 1 inputs -> 5x boost 
[2025-11-29T00:06:04.378Z] DEBUG: ðŸ‘¤ 07rtc07: Favorited 1 inputs -> 5x boost 
[2025-11-29T00:06:04.378Z] DEBUG: ðŸ‘¤ 0800mundo: Favorited 1 inputs -> 5x boost 
[2025-11-29T00:06:04.378Z] DEBUG: ðŸ‘¤ 0930ll: Favorited 1 inputs -> 5x boost 
[2025-11-29T00:06:04.378Z] DEBUG: ðŸ‘¤ 09939010301: Favorited 1 inputs -> 5x boost 
[2025-11-29T00:06:04.378Z] DEBUG: ðŸ‘¤ 0_gh0st_: Favorited 1 inputs -> 5x boost 
[2025-11-29T00:06:04.378Z] DEBUG: ðŸ‘¤ 0_melo: Favorited 1 inputs -> 5x boost 
[2025-11-29T00:06:04.378Z] DEBUG: ðŸ‘¤ 0_o: Favorited 1 inputs -> 5x boost 
[2025-11-29T00:06:04.378Z] DEBUG: ðŸ‘¤ 0aleki: Favorited 1 inputs -> 5x boost 
[2025-11-29T00:06:04.378Z] DEBUG: ðŸ‘¤ 0bama_presd3nte: Favorited 1 inputs -> 5x boost 
[2025-11-29T00:06:04.378Z] DEBUG: ðŸ‘¤ 0carloscarlos: Favorited 1 inputs -> 5x boost 
[2025-11-29T00:06:04.378Z] DEBUG: ðŸ‘¤ 0ccidendum: Favorited 1 inputs -> 5x boost 
[2025-11-29T00:06:04.379Z] DEBUG: ðŸ‘¤ 0ema0: Favorited 1 inputs -> 5x boost 
[2025-11-29T00:06:04.379Z] DEBUG: ðŸ‘¤ 0hnowen: Favorited 1 inputs -> 5x boost 
[2025-11-29T00:06:04.379Z] DEBUG: ðŸ‘¤ 0hose: Favorited 1 inputs -> 5x boost 
[2025-11-29T00:06:04.379Z] DEBUG: ðŸ‘¤ 0kaysophie: Favorited 1 inputs -> 5x boost 
[2025-11-29T00:06:04.379Z] DEBUG: ðŸ‘¤ 0lilguy0: Favorited 1 inputs -> 5x boost 
[2025-11-29T00:06:04.379Z] DEBUG: ðŸ‘¤ 0liv3e: Favorited 1 inputs -> 5x boost 
[2025-11-29T00:06:04.379Z] DEBUG: ðŸ‘¤ 0liv3r_: Favorited 1 inputs -> 5x boost 
[2025-11-29T00:06:04.379Z] DEBUG: ðŸ‘¤ 0livv3: Favorited 1 inputs -> 5x boost 
[2025-11-29T00:06:04.379Z] DEBUG: ðŸ‘¤ 0m3n89: Favorited 1 inputs -> 5x boost 
[2025-11-29T00:06:04.379Z] DEBUG: ðŸ‘¤ 0neeyedghoul: Favorited 1 inputs -> 5x boost 
[2025-11-29T00:06:04.379Z] DEBUG: ðŸ‘¤ 0onyme: Favorited 1 inputs -> 5x boost 
[2025-11-29T00:06:04.379Z] DEBUG: ðŸ‘¤ 0rrange_juicee: Favorited 1 inputs -> 5x boost 
[2025-11-29T00:06:04.379Z] DEBUG: ðŸ‘¤ 0rux: Favorited 1 inputs -> 5x boost 
[2025-11-29T00:06:04.379Z] DEBUG: ðŸ‘¤ 0samudazai: Favorited 1 inputs -> 5x boost 
[2025-11-29T00:06:04.379Z] DEBUG: ðŸ‘¤ 0scaaar: Favorited 1 inputs -> 5x boost 
[2025-11-29T00:06:04.379Z] DEBUG: ðŸ‘¤ 0thays0: Favorited 1 inputs -> 5x boost 
[2025-11-29T00:06:04.379Z] DEBUG: ðŸ‘¤ 0ther: Favorited 1 inputs -> 5x boost 
[2025-11-29T00:06:04.379Z] DEBUG: ðŸ‘¤ 0tlile: Favorited 1 inputs -> 5x boost 
[2025-11-29T00:06:04.379Z] DEBUG: ðŸ‘¤ 0w1thunder: Favorited 1 inputs -> 5x boost 
[2025-11-29T00:06:04.379Z] DEBUG: ðŸ‘¤ 0zym4nd145: Favorited 1 inputs -> 5x boost 
[2025-11-29T00:06:04.379Z] DEBUG: ðŸ‘¤ 0zymandias13: Favorited 1 inputs -> 5x boost 
[2025-11-29T00:06:04.379Z] DEBUG: ðŸ‘¤ 0zzy4: Favorited 1 inputs -> 5x boost 
[2025-11-29T00:06:04.379Z] DEBUG: ðŸ‘¤ 1000dollarcrab: Favorited 1 inputs -> 5x boost 
[2025-11-29T00:06:04.379Z] DEBUG: ðŸ‘¤ 1000kk: Favorited 1 inputs -> 5x boost 
[2025-11-29T00:06:04.380Z] DEBUG: ðŸ‘¤ 1000o2: Favorited 1 inputs -> 5x boost 
[2025-11-29T00:06:04.380Z] DEBUG: ðŸ‘¤ 100horrors: Favorited 1 inputs -> 5x boost 
[2025-11-29T00:06:04.380Z] DEBUG: ðŸ‘¤ 1010tinny: Favorited 1 inputs -> 5x boost 
[2025-11-29T00:06:04.380Z] DEBUG: ðŸ‘¤ 101aidan010010: Favorited 1 inputs -> 5x boost 
[2025-11-29T00:06:04.380Z] DEBUG: ðŸ‘¤ 101brunos: Favorited 1 inputs -> 5x boost 
[2025-11-29T00:06:04.380Z] DEBUG: ðŸ‘¤ 101kimla: Favorited 1 inputs -> 5x boost 
[2025-11-29T00:06:04.380Z] DEBUG: ðŸ‘¤ 102eyes: Favorited 1 inputs -> 5x boost 
[2025-11-29T00:06:04.380Z] DEBUG: ðŸ‘¤ 102jenna: Favorited 1 inputs -> 5x boost 
[2025-11-29T00:06:04.380Z] DEBUG: ðŸ‘¤ 10bap01: Favorited 1 inputs -> 5x boost 
[2025-11-29T00:06:04.380Z] DEBUG: ðŸ‘¤ 10cowwife: Favorited 1 inputs -> 5x boost 
[2025-11-29T00:06:04.380Z] DEBUG: ðŸ‘¤ 10cust: Favorited 1 inputs -> 5x boost 
[2025-11-29T00:06:04.380Z] DEBUG: ðŸ‘¤ 10paka: Favorited 1 inputs -> 5x boost 
[2025-11-29T00:06:04.380Z] DEBUG: ðŸ‘¤ 10ppat: Favorited 1 inputs -> 5x boost 
[2025-11-29T00:06:04.380Z] DEBUG: ðŸ‘¤ 111ha555h: Favorited 1 inputs -> 5x boost 
[2025-11-29T00:06:04.380Z] DEBUG: ðŸ‘¤ 111hipster: Favorited 1 inputs -> 5x boost 
[2025-11-29T00:06:04.380Z] DEBUG: ðŸ‘¤ 111lex: Favorited 1 inputs -> 5x boost 
[2025-11-29T00:06:04.380Z] DEBUG: ðŸ‘¤ 111ludo: Favorited 1 inputs -> 5x boost 
[2025-11-29T00:06:04.380Z] DEBUG: ðŸ‘¤ 111ntrlude: Favorited 1 inputs -> 5x boost 
[2025-11-29T00:06:04.380Z] DEBUG: ðŸ‘¤ 116amy: Favorited 1 inputs -> 5x boost 
[2025-11-29T00:06:04.380Z] DEBUG: ðŸ‘¤ 118dg: Favorited 1 inputs -> 5x boost 
[2025-11-29T00:06:04.380Z] DEBUG: ðŸ‘¤ 11_23: Favorited 1 inputs -> 5x boost 
[2025-11-29T00:06:04.380Z] DEBUG: ðŸ‘¤ 11expedito: Favorited 1 inputs -> 5x boost 
[2025-11-29T00:06:04.380Z] DEBUG: ðŸ‘¤ 11natalia: Favorited 1 inputs -> 5x boost 
[2025-11-29T00:06:04.380Z] DEBUG: ðŸ‘¤ 11obscure: Favorited 1 inputs -> 5x boost 
[2025-11-29T00:06:04.380Z] DEBUG: ðŸ‘¤ 11ucien: Favorited 1 inputs -> 5x boost 
[2025-11-29T00:06:04.381Z] DEBUG: ðŸ‘¤ 1202kem: Favorited 1 inputs -> 5x boost 
[2025-11-29T00:06:04.381Z] DEBUG: ðŸ‘¤ 121cait: Favorited 1 inputs -> 5x boost 
[2025-11-29T00:06:04.381Z] DEBUG: ðŸ‘¤ 123_taylor: Favorited 1 inputs -> 5x boost 
[2025-11-29T00:06:04.381Z] DEBUG: ðŸ‘¤ 123marcy: Favorited 1 inputs -> 5x boost 
[2025-11-29T00:06:04.381Z] DEBUG: ðŸ‘¤ 123xuan: Favorited 1 inputs -> 5x boost 
[2025-11-29T00:06:04.381Z] DEBUG: ðŸ‘¤ 127martha: Favorited 1 inputs -> 5x boost 
[2025-11-29T00:06:04.381Z] DEBUG: ðŸ‘¤ 12braincells: Favorited 1 inputs -> 5x boost 
[2025-11-29T00:06:04.381Z] DEBUG: ðŸ‘¤ 12ozmoose: Favorited 1 inputs -> 5x boost 
[2025-11-29T00:06:04.381Z] DEBUG: ðŸ‘¤ 12yearsamic: Favorited 1 inputs -> 5x boost 
[2025-11-29T00:06:04.381Z] DEBUG: ðŸ‘¤ 134340s: Favorited 1 inputs -> 5x boost 
[2025-11-29T00:06:04.381Z] DEBUG: ðŸ‘¤ 13isonline: Favorited 1 inputs -> 5x boost 
[2025-11-29T00:06:04.381Z] DEBUG: ðŸ‘¤ 13lijahm: Favorited 1 inputs -> 5x boost 
[2025-11-29T00:06:04.381Z] DEBUG: ðŸ‘¤ 13ran: Favorited 1 inputs -> 5x boost 
[2025-11-29T00:06:04.381Z] DEBUG: ðŸ‘¤ 13sgabo: Favorited 1 inputs -> 5x boost 
[2025-11-29T00:06:04.381Z] DEBUG: ðŸ‘¤ 16dc: Favorited 1 inputs -> 5x boost 
[2025-11-29T00:06:04.381Z] DEBUG: ðŸ‘¤ 16llenhart: Favorited 1 inputs -> 5x boost 
[2025-11-29T00:06:04.381Z] DEBUG: ðŸ‘¤ 16lokis: Favorited 1 inputs -> 5x boost 
[2025-11-29T00:06:04.381Z] DEBUG: ðŸ‘¤ 16mynumber: Favorited 1 inputs -> 5x boost 
[2025-11-29T00:06:04.381Z] DEBUG: ðŸ‘¤ 17hdixon: Favorited 1 inputs -> 5x boost 
[2025-11-29T00:06:04.381Z] DEBUG: ðŸ‘¤ 1800loveabtch: Favorited 1 inputs -> 5x boost 
[2025-11-29T00:06:04.381Z] DEBUG: ðŸ‘¤ 18modlinr: Favorited 1 inputs -> 5x boost 
[2025-11-29T00:06:04.381Z] DEBUG: ðŸ‘¤ 18zkona: Favorited 1 inputs -> 5x boost 
[2025-11-29T00:06:04.381Z] DEBUG: ðŸ‘¤ 190miint091: Favorited 1 inputs -> 5x boost 
[2025-11-29T00:06:04.381Z] DEBUG: ðŸ‘¤ 1964gemini: Favorited 1 inputs -> 5x boost 
[2025-11-29T00:06:04.381Z] DEBUG: ðŸ‘¤ 1975pads: Favorited 1 inputs -> 5x boost 
[2025-11-29T00:06:04.381Z] DEBUG: ðŸ‘¤ 1990volvo240: Favorited 1 inputs -> 5x boost 
[2025-11-29T00:06:04.381Z] DEBUG: ðŸ‘¤ 1996bele: Favorited 1 inputs -> 5x boost 
[2025-11-29T00:06:04.381Z] DEBUG: ðŸ‘¤ 19aduntley: Favorited 1 inputs -> 5x boost 
[2025-11-29T00:06:04.382Z] DEBUG: ðŸ‘¤ 1aquemini: Favorited 1 inputs -> 5x boost 
[2025-11-29T00:06:04.382Z] DEBUG: ðŸ‘¤ 1asdfgh: Favorited 1 inputs -> 5x boost 
[2025-11-29T00:06:04.382Z] DEBUG: ðŸ‘¤ 1aurenmar1e: Favorited 1 inputs -> 5x boost 
[2025-11-29T00:06:04.382Z] DEBUG: ðŸ‘¤ 1b1faces: Favorited 2 inputs -> 5x boost 
[2025-11-29T00:06:04.382Z] DEBUG: ðŸ‘¤ 1ce0ne: Favorited 1 inputs -> 5x boost 
[2025-11-29T00:06:04.382Z] DEBUG: ðŸ‘¤ 1dickhallorann1: Favorited 1 inputs -> 5x boost 
[2025-11-29T00:06:04.382Z] DEBUG: ðŸ‘¤ 1gor3: Favorited 1 inputs -> 5x boost 
[2025-11-29T00:06:04.382Z] DEBUG: ðŸ‘¤ 1gor3s: Favorited 1 inputs -> 5x boost 
[2025-11-29T00:06:04.382Z] DEBUG: ðŸ‘¤ 1hevn: Favorited 1 inputs -> 5x boost 
[2025-11-29T00:06:04.382Z] DEBUG: ðŸ‘¤ 1illyy: Favorited 1 inputs -> 5x boost 
[2025-11-29T00:06:04.382Z] DEBUG: ðŸ‘¤ 1imewilltell: Favorited 1 inputs -> 5x boost 
[2025-11-29T00:06:04.382Z] DEBUG: ðŸ‘¤ 1inamelian: Favorited 1 inputs -> 5x boost 
[2025-11-29T00:06:04.382Z] DEBUG: ðŸ‘¤ 1irene: Favorited 1 inputs -> 5x boost 
[2025-11-29T00:06:04.382Z] DEBUG: ðŸ‘¤ 1iteralyssa: Favorited 1 inputs -> 5x boost 
[2025-11-29T00:06:04.382Z] DEBUG: ðŸ‘¤ 1izzyglizzy: Favorited 1 inputs -> 5x boost 
[2025-11-29T00:06:04.382Z] DEBUG: ðŸ‘¤ 1jetskee: Favorited 1 inputs -> 5x boost 
[2025-11-29T00:06:04.382Z] DEBUG: ðŸ‘¤ 1jirachii: Favorited 1 inputs -> 5x boost 
[2025-11-29T00:06:04.383Z] DEBUG: ðŸ‘¤ 1joee1: Favorited 1 inputs -> 5x boost 
[2025-11-29T00:06:04.383Z] DEBUG: ðŸ‘¤ 1kilo: Favorited 1 inputs -> 5x boost 
[2025-11-29T00:06:04.383Z] DEBUG: ðŸ‘¤ 1kmnl: Favorited 1 inputs -> 5x boost 
[2025-11-29T00:06:04.383Z] DEBUG: ðŸ‘¤ 1lils: Favorited 1 inputs -> 5x boost 
[2025-11-29T00:06:04.383Z] DEBUG: ðŸ‘¤ 1m_root: Favorited 1 inputs -> 5x boost 
[2025-11-29T00:06:04.383Z] DEBUG: ðŸ‘¤ 1macadamian: Favorited 1 inputs -> 5x boost 
[2025-11-29T00:06:04.383Z] DEBUG: ðŸ‘¤ 1mateo: Favorited 1 inputs -> 5x boost 
[2025-11-29T00:06:04.383Z] DEBUG: ðŸ‘¤ 1nick: Favorited 1 inputs -> 5x boost 
[2025-11-29T00:06:04.383Z] DEBUG: ðŸ‘¤ 1s4mmy: Favorited 1 inputs -> 5x boost 
[2025-11-29T00:06:04.383Z] DEBUG: ðŸ‘¤ 1shot_javi: Favorited 1 inputs -> 5x boost 
[2025-11-29T00:06:04.383Z] DEBUG: ðŸ‘¤ 1shroom1: Favorited 1 inputs -> 5x boost 
[2025-11-29T00:06:04.383Z] DEBUG: ðŸ‘¤ 1slay2day: Favorited 1 inputs -> 5x boost 
[2025-11-29T00:06:04.383Z] DEBUG: ðŸ‘¤ 1staczar: Favorited 1 inputs -> 5x boost 
[2025-11-29T00:06:04.383Z] DEBUG: ðŸ‘¤ 1tzzmay3: Favorited 1 inputs -> 5x boost 
[2025-11-29T00:06:04.383Z] DEBUG: ðŸ‘¤ 1welida: Favorited 1 inputs -> 5x boost 
[2025-11-29T00:06:04.383Z] DEBUG: ðŸ‘¤ 1womanmonologue: Favorited 1 inputs -> 5x boost 
[2025-11-29T00:06:04.383Z] DEBUG: ðŸ‘¤ 1yv1a: Favorited 1 inputs -> 5x boost 
[2025-11-29T00:06:04.383Z] DEBUG: ðŸ‘¤ 1z1ntrouble: Favorited 1 inputs -> 5x boost 
[2025-11-29T00:06:04.384Z] DEBUG: ðŸ‘¤ 2004ac: Favorited 1 inputs -> 5x boost 
[2025-11-29T00:06:04.384Z] DEBUG: ðŸ‘¤ 2004chevy: Favorited 1 inputs -> 5x boost 
[2025-11-29T00:06:04.384Z] DEBUG: ðŸ‘¤ 2005chalamet: Favorited 1 inputs -> 5x boost 
[2025-11-29T00:06:04.384Z] DEBUG: ðŸ‘¤ 2007hondaaccord: Favorited 1 inputs -> 5x boost 
[2025-11-29T00:06:04.384Z] DEBUG: ðŸ‘¤ 200motels: Favorited 1 inputs -> 5x boost 
[2025-11-29T00:06:04.384Z] DEBUG: ðŸ‘¤ 2014chevyspark: Favorited 1 inputs -> 5x boost 
[2025-11-29T00:06:04.384Z] DEBUG: ðŸ‘¤ 2020amy: Favorited 1 inputs -> 5x boost 
[2025-11-29T00:06:04.384Z] DEBUG: ðŸ‘¤ 205billy: Favorited 1 inputs -> 5x boost 
[2025-11-29T00:06:04.384Z] DEBUG: ðŸ‘¤ 20jules40: Favorited 1 inputs -> 5x boost 
[2025-11-29T00:06:04.384Z] DEBUG: ðŸ‘¤ 211cmorris: Favorited 1 inputs -> 5x boost 
[2025-11-29T00:06:04.384Z] DEBUG: ðŸ‘¤ 21hazelot: Favorited 1 inputs -> 5x boost 
[2025-11-29T00:06:04.384Z] DEBUG: ðŸ‘¤ 222_zen: Favorited 1 inputs -> 5x boost 
[2025-11-29T00:06:04.384Z] DEBUG: ðŸ‘¤ 222fois: Favorited 1 inputs -> 5x boost 
[2025-11-29T00:06:04.384Z] DEBUG: ðŸ‘¤ 222stupid: Favorited 1 inputs -> 5x boost 
[2025-11-29T00:06:04.384Z] DEBUG: ðŸ‘¤ 222weirdguy222: Favorited 1 inputs -> 5x boost 
[2025-11-29T00:06:04.384Z] DEBUG: ðŸ‘¤ 22lia: Favorited 1 inputs -> 5x boost 
[2025-11-29T00:06:04.384Z] DEBUG: ðŸ‘¤ 22slush: Favorited 1 inputs -> 5x boost 
[2025-11-29T00:06:04.384Z] DEBUG: ðŸ‘¤ 22zxchary: Favorited 1 inputs -> 5x boost 
[2025-11-29T00:06:04.384Z] DEBUG: ðŸ‘¤ 23viperlies: Favorited 1 inputs -> 5x boost 
[2025-11-29T00:06:04.385Z] DEBUG: ðŸ‘¤ 24von: Favorited 1 inputs -> 5x boost 
[2025-11-29T00:06:04.385Z] DEBUG: ðŸ‘¤ 25_visartist: Favorited 1 inputs -> 5x boost 
[2025-11-29T00:06:04.385Z] DEBUG: ðŸ‘¤ 26zen: Favorited 1 inputs -> 5x boost 
[2025-11-29T00:06:04.385Z] DEBUG: ðŸ‘¤ 27tilly: Favorited 1 inputs -> 5x boost 
[2025-11-29T00:06:04.385Z] DEBUG: ðŸ‘¤ 2_thedark: Favorited 1 inputs -> 5x boost 
[2025-11-29T00:06:04.385Z] DEBUG: ðŸ‘¤ 2_themoon: Favorited 1 inputs -> 5x boost 
[2025-11-29T00:06:04.385Z] DEBUG: ðŸ‘¤ 2bluefreaks: Favorited 1 inputs -> 5x boost 
[2025-11-29T00:06:04.385Z] DEBUG: ðŸ‘¤ 2cij2: Favorited 1 inputs -> 5x boost 
[2025-11-29T00:06:04.385Z] DEBUG: ðŸ‘¤ 2cm: Favorited 1 inputs -> 5x boost 
[2025-11-29T00:06:04.385Z] DEBUG: ðŸ‘¤ 2donnie2jimmi: Favorited 1 inputs -> 5x boost 
[2025-11-29T00:06:04.385Z] DEBUG: ðŸ‘¤ 2elanie: Favorited 1 inputs -> 5x boost 
[2025-11-29T00:06:04.385Z] DEBUG: ðŸ‘¤ 2gami: Favorited 1 inputs -> 5x boost 
[2025-11-29T00:06:04.385Z] DEBUG: ðŸ‘¤ 2headcalf: Favorited 1 inputs -> 5x boost 
[2025-11-29T00:06:04.385Z] DEBUG: ðŸ‘¤ 2kingd4us: Favorited 1 inputs -> 5x boost 
[2025-11-29T00:06:04.385Z] DEBUG: ðŸ‘¤ 2lightning: Favorited 1 inputs -> 5x boost 
[2025-11-29T00:06:04.385Z] DEBUG: ðŸ‘¤ 2manygrasstoads: Favorited 1 inputs -> 5x boost 
[2025-11-29T00:06:04.385Z] DEBUG: ðŸ‘¤ 2naatrijaatomi: Favorited 1 inputs -> 5x boost 
[2025-11-29T00:06:04.385Z] DEBUG: ðŸ‘¤ 2ndhand: Favorited 1 inputs -> 5x boost 
[2025-11-29T00:06:04.386Z] DEBUG: ðŸ‘¤ 2night_gpoy: Favorited 1 inputs -> 5x boost 
[2025-11-29T00:06:04.386Z] DEBUG: ðŸ‘¤ 2ofhearts: Favorited 1 inputs -> 5x boost 
[2025-11-29T00:06:04.386Z] DEBUG: ðŸ‘¤ 2sad2furious: Favorited 1 inputs -> 5x boost 
[2025-11-29T00:06:04.386Z] DEBUG: ðŸ‘¤ 2simon_2me: Favorited 1 inputs -> 5x boost 
[2025-11-29T00:06:04.386Z] DEBUG: ðŸ‘¤ 2stepinmycrocs: Favorited 1 inputs -> 5x boost 
[2025-11-29T00:06:04.386Z] DEBUG: ðŸ‘¤ 2stoned: Favorited 1 inputs -> 5x boost 
[2025-11-29T00:06:04.386Z] DEBUG: ðŸ‘¤ 2timechamp45: Favorited 1 inputs -> 5x boost 
[2025-11-29T00:06:04.386Z] DEBUG: ðŸ‘¤ 2truck: Favorited 1 inputs -> 5x boost 
[2025-11-29T00:06:04.387Z] DEBUG: ðŸ‘¤ 2uil: Favorited 1 inputs -> 5x boost 
[2025-11-29T00:06:04.387Z] DEBUG: ðŸ‘¤ 2xtheval: Favorited 1 inputs -> 5x boost 
[2025-11-29T00:06:04.387Z] DEBUG: ðŸ‘¤ 305david: Favorited 1 inputs -> 5x boost 
[2025-11-29T00:06:04.387Z] DEBUG: ðŸ‘¤ 3101gabe: Favorited 1 inputs -> 5x boost 
[2025-11-29T00:06:04.387Z] DEBUG: ðŸ‘¤ 31luckispucki10: Favorited 1 inputs -> 5x boost 
[2025-11-29T00:06:04.387Z] DEBUG: ðŸ‘¤ 327_qd: Favorited 1 inputs -> 5x boost 
[2025-11-29T00:06:04.387Z] DEBUG: ðŸ‘¤ 333jalyn: Favorited 1 inputs -> 5x boost 
[2025-11-29T00:06:04.387Z] DEBUG: ðŸ‘¤ 333rin: Favorited 1 inputs -> 5x boost 
[2025-11-29T00:06:04.387Z] DEBUG: ðŸ‘¤ 33duck01: Favorited 1 inputs -> 5x boost 
[2025-11-29T00:06:04.387Z] DEBUG: ðŸ‘¤ 33vven: Favorited 1 inputs -> 5x boost 
[2025-11-29T00:06:04.387Z] DEBUG: ðŸ‘¤ 3_3_34: Favorited 1 inputs -> 5x boost 
[2025-11-29T00:06:04.387Z] DEBUG: ðŸ‘¤ 3_47est: Favorited 1 inputs -> 5x boost 
[2025-11-29T00:06:04.387Z] DEBUG: ðŸ‘¤ 01magid: Favorited 1 inputs -> 5x boost 
[2025-11-29T00:06:04.387Z] DEBUG: ðŸ‘¤ 0atly: Favorited 1 inputs -> 5x boost 
[2025-11-29T00:06:04.387Z] DEBUG: ðŸ‘¤ 0ct0bergirl: Favorited 1 inputs -> 5x boost 
[2025-11-29T00:06:04.387Z] DEBUG: ðŸ‘¤ 0f_tuna: Favorited 1 inputs -> 5x boost 
[2025-11-29T00:06:04.387Z] DEBUG: ðŸ‘¤ 0pavel: Favorited 1 inputs -> 5x boost 
[2025-11-29T00:06:04.387Z] DEBUG: ðŸ‘¤ 100naziscalps: Favorited 1 inputs -> 5x boost 
[2025-11-29T00:06:04.387Z] DEBUG: ðŸ‘¤ 11coll: Favorited 1 inputs -> 5x boost 
[2025-11-29T00:06:04.387Z] DEBUG: ðŸ‘¤ 11estroud: Favorited 1 inputs -> 5x boost 
[2025-11-29T00:06:04.387Z] DEBUG: ðŸ‘¤ 123urawesome: Favorited 1 inputs -> 5x boost 
[2025-11-29T00:06:04.387Z] DEBUG: ðŸ‘¤ 12horses: Favorited 1 inputs -> 5x boost 
[2025-11-29T00:06:04.387Z] DEBUG: ðŸ‘¤ 12thvenus: Favorited 1 inputs -> 5x boost 
[2025-11-29T00:06:04.388Z] DEBUG: ðŸ‘¤ 1imir: Favorited 1 inputs -> 5x boost 
[2025-11-29T00:06:04.388Z] DEBUG: ðŸ‘¤ 1mateoz: Favorited 1 inputs -> 5x boost 
[2025-11-29T00:06:04.388Z] DEBUG: ðŸ‘¤ 1spunlobster: Favorited 1 inputs -> 5x boost 
[2025-11-29T00:06:04.388Z] DEBUG: ðŸ‘¤ 2003skohei: Favorited 1 inputs -> 5x boost 
[2025-11-29T00:06:04.388Z] DEBUG: ðŸ‘¤ 20teethinaglass: Favorited 1 inputs -> 5x boost 
[2025-11-29T00:06:04.388Z] DEBUG: ðŸ‘¤ 28njwhite: Favorited 1 inputs -> 5x boost 
[2025-11-29T00:06:04.388Z] DEBUG: ðŸ‘¤ 2chelly2belly: Favorited 1 inputs -> 5x boost 
[2025-11-29T00:06:04.388Z] DEBUG: ðŸ‘¤ 2cool4schoolz: Favorited 1 inputs -> 5x boost 
[2025-11-29T00:06:04.388Z] DEBUG: ðŸ‘¤ 2kibb: Favorited 1 inputs -> 5x boost 
[2025-11-29T00:06:04.388Z] DEBUG: ðŸ‘¤ 2smallchildren: Favorited 1 inputs -> 5x boost 
[2025-11-29T00:06:04.388Z] DEBUG: ðŸ‘¤ 2tall2fall: Favorited 1 inputs -> 5x boost 
[2025-11-29T00:06:04.388Z] DEBUG: ðŸ‘¤ 35t4v1d4: Favorited 1 inputs -> 5x boost 
[2025-11-29T00:06:04.388Z] DEBUG: ðŸ‘¤ 3leo3: Favorited 1 inputs -> 5x boost 
[2025-11-29T00:06:04.388Z] DEBUG: ðŸ‘¤ 3llie_bells: Favorited 1 inputs -> 5x boost 
[2025-11-29T00:06:04.388Z] DEBUG: ðŸ‘¤ 4riete: Favorited 1 inputs -> 5x boost 
[2025-11-29T00:06:04.388Z] DEBUG: ðŸ‘¤ 4rmadio: Favorited 1 inputs -> 5x boost 
[2025-11-29T00:06:04.388Z] DEBUG: ðŸ‘¤ 5ftoblerone: Favorited 1 inputs -> 5x boost 
[2025-11-29T00:06:04.388Z] DEBUG: ðŸ‘¤ 5ifth: Favorited 1 inputs -> 5x boost 
[2025-11-29T00:06:04.388Z] DEBUG: ðŸ‘¤ 666bemma: Favorited 1 inputs -> 5x boost 
[2025-11-29T00:06:04.388Z] DEBUG: ðŸ‘¤ 66jupiter: Favorited 1 inputs -> 5x boost 
[2025-11-29T00:06:04.388Z] DEBUG: ðŸ‘¤ 6ak: Favorited 1 inputs -> 5x boost 
[2025-11-29T00:06:04.388Z] DEBUG: ðŸ‘¤ 7c8: Favorited 1 inputs -> 5x boost 
[2025-11-29T00:06:04.388Z] DEBUG: ðŸ‘¤ 8bian: Favorited 1 inputs -> 5x boost 
[2025-11-29T00:06:04.388Z] DEBUG: ðŸ‘¤ 8uckl3y: Favorited 1 inputs -> 5x boost 
[2025-11-29T00:06:04.388Z] DEBUG: ðŸ‘¤ 90s4ngel: Favorited 1 inputs -> 5x boost 
[2025-11-29T00:06:04.389Z] DEBUG: ðŸ‘¤ 999yak0b999: Favorited 1 inputs -> 5x boost 
[2025-11-29T00:06:04.389Z] DEBUG: ðŸ‘¤ 99percentsilk: Favorited 1 inputs -> 5x boost 
[2025-11-29T00:06:04.389Z] DEBUG: ðŸ‘¤ _2ccx: Favorited 1 inputs -> 5x boost 
[2025-11-29T00:06:04.389Z] DEBUG: ðŸ‘¤ _absolutely_: Favorited 1 inputs -> 5x boost 
[2025-11-29T00:06:04.389Z] DEBUG: ðŸ‘¤ _ahmetemin: Favorited 1 inputs -> 5x boost 
[2025-11-29T00:06:04.389Z] DEBUG: ðŸ‘¤ a166443df: Favorited 1 inputs -> 5x boost 
[2025-11-29T00:06:04.389Z] DEBUG: ðŸ‘¤ a1emily: Favorited 1 inputs -> 5x boost 
[2025-11-29T00:06:04.389Z] DEBUG: ðŸ‘¤ a1exdur0: Favorited 1 inputs -> 5x boost 
[2025-11-29T00:06:04.389Z] DEBUG: ðŸ‘¤ a1onsoar3a11o: Favorited 1 inputs -> 5x boost 
[2025-11-29T00:06:04.389Z] DEBUG: ðŸ‘¤ a24goth: Favorited 1 inputs -> 5x boost 
[2025-11-29T00:06:04.389Z] DEBUG: ðŸ‘¤ a24wh0reee: Favorited 1 inputs -> 5x boost 
[2025-11-29T00:06:04.389Z] DEBUG: ðŸ‘¤ a_borrellj: Favorited 1 inputs -> 5x boost 
[2025-11-29T00:06:04.389Z] DEBUG: ðŸ‘¤ a_damn_uno: Favorited 1 inputs -> 5x boost 
[2025-11-29T00:06:04.389Z] DEBUG: ðŸ‘¤ aaaaaverey: Favorited 1 inputs -> 5x boost 
[2025-11-29T00:06:04.389Z] DEBUG: ðŸ‘¤ aaaarrrss: Favorited 1 inputs -> 5x boost 
[2025-11-29T00:06:04.389Z] DEBUG: ðŸ‘¤ aaadrain: Favorited 1 inputs -> 5x boost 
[2025-11-29T00:06:04.389Z] DEBUG: ðŸ‘¤ aaburto: Favorited 1 inputs -> 5x boost 
[2025-11-29T00:06:04.389Z] DEBUG: ðŸ‘¤ aaliyahp: Favorited 1 inputs -> 5x boost 
[2025-11-29T00:06:04.389Z] DEBUG: ðŸ‘¤ aaphill18: Favorited 1 inputs -> 5x boost 
[2025-11-29T00:06:04.389Z] DEBUG: ðŸ‘¤ aaron_gumboy: Favorited 1 inputs -> 5x boost 
[2025-11-29T00:06:04.389Z] DEBUG: ðŸ‘¤ aaronrugg: Favorited 1 inputs -> 5x boost 
[2025-11-29T00:06:04.389Z] DEBUG: ðŸ‘¤ abbeju: Favorited 1 inputs -> 5x boost 
[2025-11-29T00:06:04.389Z] DEBUG: ðŸ‘¤ abbyandersonsbf: Favorited 1 inputs -> 5x boost 
[2025-11-29T00:06:04.389Z] DEBUG: ðŸ‘¤ abcdent: Favorited 1 inputs -> 5x boost 
[2025-11-29T00:06:04.389Z] DEBUG: ðŸ‘¤ abigail1100: Favorited 1 inputs -> 5x boost 
[2025-11-29T00:06:04.389Z] DEBUG: ðŸ‘¤ abii2022: Favorited 1 inputs -> 5x boost 
[2025-11-29T00:06:04.389Z] DEBUG: ðŸ‘¤ abril7312: Favorited 1 inputs -> 5x boost 
[2025-11-29T00:06:04.389Z] DEBUG: ðŸ‘¤ ace6g: Favorited 1 inputs -> 5x boost 
[2025-11-29T00:06:04.390Z] DEBUG: ðŸ‘¤ acehrs: Favorited 1 inputs -> 5x boost 
[2025-11-29T00:06:04.390Z] DEBUG: ðŸ‘¤ aceynth: Favorited 1 inputs -> 5x boost 
[2025-11-29T00:06:04.390Z] DEBUG: ðŸ‘¤ achilles24: Favorited 1 inputs -> 5x boost 
[2025-11-29T00:06:04.390Z] DEBUG: ðŸ‘¤ achter_de_boom: Favorited 1 inputs -> 5x boost 
[2025-11-29T00:06:04.390Z] DEBUG: ðŸ‘¤ acylchloride: Favorited 1 inputs -> 5x boost 
[2025-11-29T00:06:04.390Z] DEBUG: ðŸ‘¤ adamfisher321: Favorited 1 inputs -> 5x boost 
[2025-11-29T00:06:04.390Z] DEBUG: ðŸ‘¤ adamkaaa: Favorited 1 inputs -> 5x boost 
[2025-11-29T00:06:04.390Z] DEBUG: ðŸ‘¤ adammahfr: Favorited 1 inputs -> 5x boost 
[2025-11-29T00:06:04.390Z] DEBUG: ðŸ‘¤ adampolanik: Favorited 1 inputs -> 5x boost 
[2025-11-29T00:06:04.390Z] DEBUG: ðŸ‘¤ adamrara: Favorited 1 inputs -> 5x boost 
[2025-11-29T00:06:04.390Z] DEBUG: ðŸ‘¤ adamrusso22: Favorited 1 inputs -> 5x boost 
[2025-11-29T00:06:04.390Z] DEBUG: ðŸ‘¤ adclown: Favorited 1 inputs -> 5x boost 
[2025-11-29T00:06:04.390Z] DEBUG: ðŸ‘¤ addijane: Favorited 1 inputs -> 5x boost 
[2025-11-29T00:06:04.390Z] DEBUG: ðŸ‘¤ addytayy: Favorited 1 inputs -> 5x boost 
[2025-11-29T00:06:04.390Z] DEBUG: ðŸ‘¤ adetoni626: Favorited 1 inputs -> 5x boost 
[2025-11-29T00:06:04.390Z] DEBUG: ðŸ‘¤ adrianth: Favorited 1 inputs -> 5x boost 
[2025-11-29T00:06:04.390Z] DEBUG: ðŸ‘¤ adribadillo: Favorited 1 inputs -> 5x boost 
[2025-11-29T00:06:04.390Z] DEBUG: ðŸ‘¤ adriftmoon: Favorited 1 inputs -> 5x boost 
[2025-11-29T00:06:04.390Z] DEBUG: ðŸ‘¤ adrnisnt: Favorited 1 inputs -> 5x boost 
[2025-11-29T00:06:04.390Z] DEBUG: ðŸ‘¤ aducnhan: Favorited 1 inputs -> 5x boost 
[2025-11-29T00:06:04.390Z] DEBUG: ðŸ‘¤ aeywon: Favorited 1 inputs -> 5x boost 
[2025-11-29T00:06:04.390Z] DEBUG: ðŸ‘¤ aggylar: Favorited 1 inputs -> 5x boost 
[2025-11-29T00:06:04.390Z] DEBUG: ðŸ‘¤ agrad1: Favorited 1 inputs -> 5x boost 
[2025-11-29T00:06:04.391Z] DEBUG: ðŸ‘¤ agusinvestiga: Favorited 1 inputs -> 5x boost 
[2025-11-29T00:06:04.391Z] DEBUG: ðŸ‘¤ ahmed92kira: Favorited 1 inputs -> 5x boost 
[2025-11-29T00:06:04.391Z] DEBUG: ðŸ‘¤ ahmedhatemhelal: Favorited 1 inputs -> 5x boost 
[2025-11-29T00:06:04.391Z] DEBUG: ðŸ‘¤ aidancarter35: Favorited 1 inputs -> 5x boost 
[2025-11-29T00:06:04.391Z] DEBUG: ðŸ‘¤ aidanpine: Favorited 1 inputs -> 5x boost 
[2025-11-29T00:06:04.391Z] DEBUG: ðŸ‘¤ aieterox: Favorited 1 inputs -> 5x boost 
[2025-11-29T00:06:04.391Z] DEBUG: ðŸ‘¤ airasterfan: Favorited 1 inputs -> 5x boost 
[2025-11-29T00:06:04.391Z] DEBUG: ðŸ‘¤ aiyae: Favorited 1 inputs -> 5x boost 
[2025-11-29T00:06:04.391Z] DEBUG: ðŸ‘¤ aizenssword: Favorited 1 inputs -> 5x boost 
[2025-11-29T00:06:04.391Z] DEBUG: ðŸ‘¤ ajbakes1: Favorited 1 inputs -> 5x boost 
[2025-11-29T00:06:04.391Z] DEBUG: ðŸ‘¤ ajciv: Favorited 1 inputs -> 5x boost 
[2025-11-29T00:06:04.391Z] DEBUG: ðŸ‘¤ akatlong: Favorited 1 inputs -> 5x boost 
[2025-11-29T00:06:04.392Z] DEBUG: ðŸ‘¤ akishajj: Favorited 1 inputs -> 5x boost 
[2025-11-29T00:06:04.392Z] DEBUG: ðŸ‘¤ akrobitaille: Favorited 1 inputs -> 5x boost 
[2025-11-29T00:06:04.392Z] DEBUG: ðŸ‘¤ alan_nilsen: Favorited 1 inputs -> 5x boost 
[2025-11-29T00:06:04.392Z] DEBUG: ðŸ‘¤ alanbinyasan: Favorited 1 inputs -> 5x boost 
[2025-11-29T00:06:04.392Z] DEBUG: ðŸ‘¤ alanmtzm06: Favorited 1 inputs -> 5x boost 
[2025-11-29T00:06:04.392Z] DEBUG: ðŸ‘¤ alanxdiaz: Favorited 1 inputs -> 5x boost 
[2025-11-29T00:06:04.392Z] DEBUG: ðŸ‘¤ albaniansans: Favorited 1 inputs -> 5x boost 
[2025-11-29T00:06:04.392Z] DEBUG: ðŸ‘¤ albertirijillo: Favorited 1 inputs -> 5x boost 
[2025-11-29T00:06:04.392Z] DEBUG: ðŸ‘¤ albiiiiiin: Favorited 1 inputs -> 5x boost 
[2025-11-29T00:06:04.392Z] DEBUG: ðŸ‘¤ albinisterrific: Favorited 1 inputs -> 5x boost 
[2025-11-29T00:06:04.392Z] DEBUG: ðŸ‘¤ albionn: Favorited 1 inputs -> 5x boost 
[2025-11-29T00:06:04.392Z] DEBUG: ðŸ‘¤ alcachofra: Favorited 1 inputs -> 5x boost 
[2025-11-29T00:06:04.392Z] DEBUG: ðŸ‘¤ alcasys: Favorited 1 inputs -> 5x boost 
[2025-11-29T00:06:04.392Z] DEBUG: ðŸ‘¤ aldiniqesad: Favorited 1 inputs -> 5x boost 
[2025-11-29T00:06:04.393Z] DEBUG: ðŸ‘¤ aldo2323: Favorited 1 inputs -> 5x boost 
[2025-11-29T00:06:04.393Z] DEBUG: ðŸ‘¤ ale66cl: Favorited 1 inputs -> 5x boost 
[2025-11-29T00:06:04.393Z] DEBUG: ðŸ‘¤ ale9000: Favorited 1 inputs -> 5x boost 
[2025-11-29T00:06:04.393Z] DEBUG: ðŸ‘¤ ale_perra: Favorited 1 inputs -> 5x boost 
[2025-11-29T00:06:04.393Z] DEBUG: ðŸ‘¤ aledymeww: Favorited 1 inputs -> 5x boost 
[2025-11-29T00:06:04.393Z] DEBUG: ðŸ‘¤ alekk_: Favorited 1 inputs -> 5x boost 
[2025-11-29T00:06:04.393Z] DEBUG: ðŸ‘¤ alekonvm: Favorited 1 inputs -> 5x boost 
[2025-11-29T00:06:04.393Z] DEBUG: ðŸ‘¤ aleksisv: Favorited 1 inputs -> 5x boost 
[2025-11-29T00:06:04.393Z] DEBUG: ðŸ‘¤ alelelli25: Favorited 1 inputs -> 5x boost 
[2025-11-29T00:06:04.393Z] DEBUG: ðŸ‘¤ alelunch5: Favorited 1 inputs -> 5x boost 
[2025-11-29T00:06:04.393Z] DEBUG: ðŸ‘¤ alenkadoyle: Favorited 1 inputs -> 5x boost 
[2025-11-29T00:06:04.393Z] DEBUG: ðŸ‘¤ alessiomusi: Favorited 1 inputs -> 5x boost 
[2025-11-29T00:06:04.393Z] DEBUG: ðŸ‘¤ alex2323p: Favorited 1 inputs -> 5x boost 
[2025-11-29T00:06:04.393Z] DEBUG: ðŸ‘¤ alex33: Favorited 1 inputs -> 5x boost 
[2025-11-29T00:06:04.393Z] DEBUG: ðŸ‘¤ alex6_eats: Favorited 1 inputs -> 5x boost 
[2025-11-29T00:06:04.393Z] DEBUG: ðŸ‘¤ alexaarmas: Favorited 1 inputs -> 5x boost 
[2025-11-29T00:06:04.393Z] DEBUG: ðŸ‘¤ alexander839: Favorited 1 inputs -> 5x boost 
[2025-11-29T00:06:04.393Z] DEBUG: ðŸ‘¤ alexanderhat: Favorited 1 inputs -> 5x boost 
[2025-11-29T00:06:04.393Z] DEBUG: ðŸ‘¤ alexandriabitch: Favorited 1 inputs -> 5x boost 
[2025-11-29T00:06:04.393Z] DEBUG: ðŸ‘¤ alexapolette: Favorited 1 inputs -> 5x boost 
[2025-11-29T00:06:04.394Z] DEBUG: ðŸ‘¤ alexei666: Favorited 1 inputs -> 5x boost 
[2025-11-29T00:06:04.394Z] DEBUG: ðŸ‘¤ alexfilmz04: Favorited 1 inputs -> 5x boost 
[2025-11-29T00:06:04.394Z] DEBUG: ðŸ‘¤ alexisluvsa24: Favorited 1 inputs -> 5x boost 
[2025-11-29T00:06:04.394Z] DEBUG: ðŸ‘¤ alexl5: Favorited 1 inputs -> 5x boost 
[2025-11-29T00:06:04.394Z] DEBUG: ðŸ‘¤ alexled: Favorited 1 inputs -> 5x boost 
[2025-11-29T00:06:04.394Z] DEBUG: ðŸ‘¤ alexmustgo: Favorited 1 inputs -> 5x boost 
[2025-11-29T00:06:04.394Z] DEBUG: ðŸ‘¤ alexo_tan: Favorited 1 inputs -> 5x boost 
[2025-11-29T00:06:04.394Z] DEBUG: ðŸ‘¤ alexscouch: Favorited 1 inputs -> 5x boost 
[2025-11-29T00:06:04.394Z] DEBUG: ðŸ‘¤ alexxkister: Favorited 1 inputs -> 5x boost 
[2025-11-29T00:06:04.394Z] DEBUG: ðŸ‘¤ alexxx_zl: Favorited 1 inputs -> 5x boost 
[2025-11-29T00:06:04.394Z] DEBUG: ðŸ‘¤ alfred_bttnr: Favorited 1 inputs -> 5x boost 
[2025-11-29T00:06:04.394Z] DEBUG: ðŸ‘¤ alice985: Favorited 1 inputs -> 5x boost 
[2025-11-29T00:06:04.394Z] DEBUG: ðŸ‘¤ aliceeee33: Favorited 1 inputs -> 5x boost 
[2025-11-29T00:06:04.394Z] DEBUG: ðŸ‘¤ alicemerturk: Favorited 1 inputs -> 5x boost 
[2025-11-29T00:06:04.394Z] DEBUG: ðŸ‘¤ alicerowden: Favorited 1 inputs -> 5x boost 
[2025-11-29T00:06:04.394Z] DEBUG: ðŸ‘¤ aliens3tiddies: Favorited 1 inputs -> 5x boost 
[2025-11-29T00:06:04.394Z] DEBUG: ðŸ‘¤ alienshampoo: Favorited 1 inputs -> 5x boost 
[2025-11-29T00:06:04.394Z] DEBUG: ðŸ‘¤ alijah_blue: Favorited 1 inputs -> 5x boost 
[2025-11-29T00:06:04.394Z] DEBUG: ðŸ‘¤ alisabusu: Favorited 1 inputs -> 5x boost 
[2025-11-29T00:06:04.395Z] DEBUG: ðŸ‘¤ alissaxw: Favorited 1 inputs -> 5x boost 
[2025-11-29T00:06:04.395Z] DEBUG: ðŸ‘¤ alixcrist: Favorited 1 inputs -> 5x boost 
[2025-11-29T00:06:04.395Z] DEBUG: ðŸ‘¤ allie008: Favorited 1 inputs -> 5x boost 
[2025-11-29T00:06:04.395Z] DEBUG: ðŸ‘¤ allwhitecastle: Favorited 1 inputs -> 5x boost 
[2025-11-29T00:06:04.395Z] DEBUG: ðŸ‘¤ almiraslley: Favorited 1 inputs -> 5x boost 
[2025-11-29T00:06:04.395Z] DEBUG: ðŸ‘¤ almostshankara: Favorited 1 inputs -> 5x boost 
[2025-11-29T00:06:04.395Z] DEBUG: ðŸ‘¤ alofn: Favorited 1 inputs -> 5x boost 
[2025-11-29T00:06:04.395Z] DEBUG: ðŸ‘¤ alphrose: Favorited 1 inputs -> 5x boost 
[2025-11-29T00:06:04.395Z] DEBUG: ðŸ‘¤ alpt4: Favorited 1 inputs -> 5x boost 
[2025-11-29T00:06:04.395Z] DEBUG: ðŸ‘¤ alskom: Favorited 1 inputs -> 5x boost 
[2025-11-29T00:06:04.395Z] DEBUG: ðŸ‘¤ alth_ea: Favorited 1 inputs -> 5x boost 
[2025-11-29T00:06:04.395Z] DEBUG: ðŸ‘¤ altijdhardt: Favorited 1 inputs -> 5x boost 
[2025-11-29T00:06:04.395Z] DEBUG: ðŸ‘¤ alvarligt: Favorited 1 inputs -> 5x boost 
[2025-11-29T00:06:04.395Z] DEBUG: ðŸ‘¤ alwayswithwater: Favorited 1 inputs -> 5x boost 
[2025-11-29T00:06:04.395Z] DEBUG: ðŸ‘¤ alyssabmays: Favorited 1 inputs -> 5x boost 
[2025-11-29T00:06:04.395Z] DEBUG: ðŸ‘¤ alyssajos: Favorited 1 inputs -> 5x boost 
[2025-11-29T00:06:04.395Z] DEBUG: ðŸ‘¤ alyxalyxandria: Favorited 1 inputs -> 5x boost 
[2025-11-29T00:06:04.395Z] DEBUG: ðŸ‘¤ amalaise: Favorited 1 inputs -> 5x boost 
[2025-11-29T00:06:04.395Z] DEBUG: ðŸ‘¤ amandatenz: Favorited 1 inputs -> 5x boost 
[2025-11-29T00:06:04.395Z] DEBUG: ðŸ‘¤ amaranthh: Favorited 1 inputs -> 5x boost 
[2025-11-29T00:06:04.395Z] DEBUG: ðŸ‘¤ amari3527: Favorited 1 inputs -> 5x boost 
[2025-11-29T00:06:04.395Z] DEBUG: ðŸ‘¤ amarisou: Favorited 1 inputs -> 5x boost 
[2025-11-29T00:06:04.395Z] DEBUG: ðŸ‘¤ ambiguous_evan: Favorited 1 inputs -> 5x boost 
[2025-11-29T00:06:04.395Z] DEBUG: ðŸ‘¤ ambivalence6: Favorited 1 inputs -> 5x boost 
[2025-11-29T00:06:04.395Z] DEBUG: ðŸ‘¤ ambre_lysz: Favorited 1 inputs -> 5x boost 
[2025-11-29T00:06:04.395Z] DEBUG: ðŸ‘¤ ambrioche: Favorited 1 inputs -> 5x boost 
[2025-11-29T00:06:04.395Z] DEBUG: ðŸ‘¤ amehdaly: Favorited 1 inputs -> 5x boost 
[2025-11-29T00:06:04.395Z] DEBUG: ðŸ‘¤ amirmayko: Favorited 1 inputs -> 5x boost 
[2025-11-29T00:06:04.396Z] DEBUG: ðŸ‘¤ amluga: Favorited 1 inputs -> 5x boost 
[2025-11-29T00:06:04.396Z] DEBUG: ðŸ‘¤ ammajononsense: Favorited 1 inputs -> 5x boost 
[2025-11-29T00:06:04.396Z] DEBUG: ðŸ‘¤ amparhoe: Favorited 1 inputs -> 5x boost 
[2025-11-29T00:06:04.396Z] DEBUG: ðŸ‘¤ amplesso: Favorited 1 inputs -> 5x boost 
[2025-11-29T00:06:04.396Z] DEBUG: ðŸ‘¤ amplessso: Favorited 1 inputs -> 5x boost 
[2025-11-29T00:06:04.396Z] DEBUG: ðŸ‘¤ anakind_yt: Favorited 1 inputs -> 5x boost 
[2025-11-29T00:06:04.396Z] DEBUG: ðŸ‘¤ analogjosh: Favorited 1 inputs -> 5x boost 
[2025-11-29T00:06:04.396Z] DEBUG: ðŸ‘¤ analyzer: Favorited 1 inputs -> 5x boost 
[2025-11-29T00:06:04.396Z] DEBUG: ðŸ‘¤ anaminhoca16: Favorited 1 inputs -> 5x boost 
[2025-11-29T00:06:04.396Z] DEBUG: ðŸ‘¤ anat0mie: Favorited 1 inputs -> 5x boost 
[2025-11-29T00:06:04.396Z] DEBUG: ðŸ‘¤ anatomyofapaul: Favorited 1 inputs -> 5x boost 
[2025-11-29T00:06:04.396Z] DEBUG: ðŸ‘¤ andershahn: Favorited 1 inputs -> 5x boost 
[2025-11-29T00:06:04.396Z] DEBUG: ðŸ‘¤ andersoneli: Favorited 1 inputs -> 5x boost 
[2025-11-29T00:06:04.396Z] DEBUG: ðŸ‘¤ andre_knechtel: Favorited 1 inputs -> 5x boost 
[2025-11-29T00:06:04.396Z] DEBUG: ðŸ‘¤ andreabjorseth: Favorited 1 inputs -> 5x boost 
[2025-11-29T00:06:04.396Z] DEBUG: ðŸ‘¤ andreapeghi: Favorited 1 inputs -> 5x boost 
[2025-11-29T00:06:04.396Z] DEBUG: ðŸ‘¤ andrewaka: Favorited 1 inputs -> 5x boost 
[2025-11-29T00:06:04.396Z] DEBUG: ðŸ‘¤ andrewhu93: Favorited 1 inputs -> 5x boost 
[2025-11-29T00:06:04.396Z] DEBUG: ðŸ‘¤ andrewlborne1: Favorited 1 inputs -> 5x boost 
[2025-11-29T00:06:04.396Z] INFO: ðŸ† Top affinity users: 
[2025-11-29T00:06:04.396Z] INFO:   1867: 5.00x (0 likes, 1 favorites) 
[2025-11-29T00:06:04.397Z] INFO:   192000: 5.00x (0 likes, 1 favorites) 
[2025-11-29T00:06:04.397Z] INFO:   000peppermint: 5.00x (0 likes, 1 favorites) 
[2025-11-29T00:06:04.397Z] INFO:   001nay: 5.00x (0 likes, 1 favorites) 
[2025-11-29T00:06:04.397Z] INFO:   00caff: 5.00x (0 likes, 1 favorites) 
[2025-11-29T00:06:04.397Z] INFO: ðŸŽ¬ STEP 3: Fetching other movies from these users 
[2025-11-29T00:06:08.763Z] INFO: ðŸŽ¯ STEP 4: Scoring candidate movies 
[2025-11-29T00:06:08.767Z] INFO: ðŸŽ¯ Found 3189 candidate movies 
[2025-11-29T00:06:08.769Z] INFO: âœ… 1925 candidates after filtering (min 2 interactions) 
[2025-11-29T00:06:08.770Z] INFO: ðŸ“ˆ STEP 5: Fetching movie details for popularity rankings 
[2025-11-29T00:06:08.828Z] INFO: ðŸŽ¯ STEP 4: Scoring candidate movies 
[2025-11-29T00:06:08.829Z] INFO: ðŸŽ¯ Found 3189 candidate movies 
[2025-11-29T00:06:08.830Z] INFO: âœ… 1925 candidates after filtering (min 2 interactions) 
[2025-11-29T00:06:08.830Z] INFO: ðŸ“ˆ STEP 5: Fetching movie details for popularity rankings 
[2025-11-29T00:06:11.465Z] INFO: ðŸ“ˆ Avg popularity rank: 1924.7 (lower = more popular) 
[2025-11-29T00:06:11.466Z] INFO: ðŸŽ¨ STEP 6: Applying obscurity bias and ranking 
[2025-11-29T00:06:11.467Z] WARN: âš ï¸ Movie not found: delicatessen 
[2025-11-29T00:06:11.467Z] INFO: ðŸ“š STEP 7: Formatting final recommendations 
[2025-11-29T00:06:11.468Z] INFO: ðŸ† Final recommendations: 
[2025-11-29T00:06:11.468Z] INFO: 1. The House That JackÂ Built (score: 52.89, popularity rank: 885) 
[2025-11-29T00:06:11.468Z] INFO: 2. Skinamarink (score: 35.69, popularity rank: 1326) 
[2025-11-29T00:06:11.468Z] INFO: 3. Mandy (score: 33.76, popularity rank: 1133) 
[2025-11-29T00:06:11.468Z] INFO: 4. Nosferatu theÂ Vampyre (score: 33.47, popularity rank: 1760) 
[2025-11-29T00:06:11.468Z] INFO: 5. TheÂ Witch (score: 32.62, popularity rank: 209) 
[2025-11-29T00:06:11.474Z] INFO: ðŸ“ˆ Avg popularity rank: 1924.7 (lower = more popular) 
[2025-11-29T00:06:11.474Z] INFO: ðŸŽ¨ STEP 6: Applying obscurity bias and ranking 
[2025-11-29T00:06:11.475Z] WARN: âš ï¸ Movie not found: delicatessen 
[2025-11-29T00:06:11.476Z] INFO: ðŸ“š STEP 7: Formatting final recommendations 
[2025-11-29T00:06:11.476Z] INFO: ðŸ† Final recommendations: 
[2025-11-29T00:06:11.476Z] INFO: 1. The House That JackÂ Built (score: 52.89, popularity rank: 885) 
[2025-11-29T00:06:11.476Z] INFO: 2. Skinamarink (score: 35.69, popularity rank: 1326) 
[2025-11-29T00:06:11.476Z] INFO: 3. Mandy (score: 33.76, popularity rank: 1133) 
[2025-11-29T00:06:11.476Z] INFO: 4. Nosferatu theÂ Vampyre (score: 33.47, popularity rank: 1760) 
[2025-11-29T00:06:11.476Z] INFO: 5. TheÂ Witch (score: 32.62, popularity rank: 209) 
