[2025-09-16T16:27:23.179Z] ERROR: ❌ Error in generateRecommendations: {}
[2025-09-16T16:27:23.276Z] ERROR: ❌ Error stack: ReferenceError: logger is not defined
    at queryAllItems (webpack-internal:///(rsc)/./src/app/api/lib/dynamodb.js:39:9)
    at getMovieLikeCounts (webpack-internal:///(rsc)/./src/app/api/getSuggestedMovies/route.js:92:93)
    at generateRecommendations (webpack-internal:///(rsc)/./src/app/api/getSuggestedMovies/route.js:133:39)
    at GET (webpack-internal:///(rsc)/./src/app/api/getSuggestedMovies/route.js:457:39)
    at AsyncLocalStorage.run (node:async_hooks:335:14)
    at AppRouteRouteModule.do (/Users/jakelawrence/Desktop/FILES/Code/what-do-i-watch/node_modules/next/dist/compiled/next-server/app-route.runtime.dev.js:26:33970)
    at /Users/jakelawrence/Desktop/FILES/Code/what-do-i-watch/node_modules/next/dist/compiled/next-server/app-route.runtime.dev.js:26:43788
    at /Users/jakelawrence/Desktop/FILES/Code/what-do-i-watch/node_modules/next/dist/server/lib/trace/tracer.js:169:36
    at NoopContextManager.with (/Users/jakelawrence/Desktop/FILES/Code/what-do-i-watch/node_modules/next/dist/compiled/@opentelemetry/api/index.js:1:7062)
    at ContextAPI.with (/Users/jakelawrence/Desktop/FILES/Code/what-do-i-watch/node_modules/next/dist/compiled/@opentelemetry/api/index.js:1:518)
    at NoopTracer.startActiveSpan (/Users/jakelawrence/Desktop/FILES/Code/what-do-i-watch/node_modules/next/dist/compiled/@opentelemetry/api/index.js:1:18093)
    at ProxyTracer.startActiveSpan (/Users/jakelawrence/Desktop/FILES/Code/what-do-i-watch/node_modules/next/dist/compiled/@opentelemetry/api/index.js:1:18854)
    at /Users/jakelawrence/Desktop/FILES/Code/what-do-i-watch/node_modules/next/dist/server/lib/trace/tracer.js:151:103
    at NoopContextManager.with (/Users/jakelawrence/Desktop/FILES/Code/what-do-i-watch/node_modules/next/dist/compiled/@opentelemetry/api/index.js:1:7062)
    at ContextAPI.with (/Users/jakelawrence/Desktop/FILES/Code/what-do-i-watch/node_modules/next/dist/compiled/@opentelemetry/api/index.js:1:518)
    at NextTracerImpl.trace (/Users/jakelawrence/Desktop/FILES/Code/what-do-i-watch/node_modules/next/dist/server/lib/trace/tracer.js:151:28)
    at /Users/jakelawrence/Desktop/FILES/Code/what-do-i-watch/node_modules/next/dist/compiled/next-server/app-route.runtime.dev.js:26:43649
    at AsyncLocalStorage.run (node:async_hooks:346:14)
    at /Users/jakelawrence/Desktop/FILES/Code/what-do-i-watch/node_modules/next/dist/compiled/next-server/app-route.runtime.dev.js:26:41373
    at AsyncLocalStorage.run (node:async_hooks:346:14)
    at /Users/jakelawrence/Desktop/FILES/Code/what-do-i-watch/node_modules/next/dist/compiled/next-server/app-route.runtime.dev.js:26:41330
    at AsyncLocalStorage.run (node:async_hooks:346:14)
    at AppRouteRouteModule.handle (/Users/jakelawrence/Desktop/FILES/Code/what-do-i-watch/node_modules/next/dist/compiled/next-server/app-route.runtime.dev.js:26:41284)
    at doRender (/Users/jakelawrence/Desktop/FILES/Code/what-do-i-watch/node_modules/next/dist/server/base-server.js:1513:60)
    at responseGenerator (/Users/jakelawrence/Desktop/FILES/Code/what-do-i-watch/node_modules/next/dist/server/base-server.js:1909:20)
    at ResponseCache.get (/Users/jakelawrence/Desktop/FILES/Code/what-do-i-watch/node_modules/next/dist/server/response-cache/index.js:49:20)
    at DevServer.renderToResponseWithComponentsImpl (/Users/jakelawrence/Desktop/FILES/Code/what-do-i-watch/node_modules/next/dist/server/base-server.js:1915:53)
    at /Users/jakelawrence/Desktop/FILES/Code/what-do-i-watch/node_modules/next/dist/server/base-server.js:1113:121
    at NextTracerImpl.trace (/Users/jakelawrence/Desktop/FILES/Code/what-do-i-watch/node_modules/next/dist/server/lib/trace/tracer.js:134:20)
    at DevServer.renderToResponseWithComponents (/Users/jakelawrence/Desktop/FILES/Code/what-do-i-watch/node_modules/next/dist/server/base-server.js:1113:41)
    at DevServer.renderPageComponent (/Users/jakelawrence/Desktop/FILES/Code/what-do-i-watch/node_modules/next/dist/server/base-server.js:2393:35)
    at async DevServer.renderToResponseImpl (/Users/jakelawrence/Desktop/FILES/Code/what-do-i-watch/node_modules/next/dist/server/base-server.js:2430:32)
    at async DevServer.pipeImpl (/Users/jakelawrence/Desktop/FILES/Code/what-do-i-watch/node_modules/next/dist/server/base-server.js:1003:25)
    at async NextNodeServer.handleCatchallRenderRequest (/Users/jakelawrence/Desktop/FILES/Code/what-do-i-watch/node_modules/next/dist/server/next-server.js:304:17)
    at async DevServer.handleRequestImpl (/Users/jakelawrence/Desktop/FILES/Code/what-do-i-watch/node_modules/next/dist/server/base-server.js:895:17)
    at async /Users/jakelawrence/Desktop/FILES/Code/what-do-i-watch/node_modules/next/dist/server/dev/next-dev-server.js:371:20
    at async Span.traceAsyncFn (/Users/jakelawrence/Desktop/FILES/Code/what-do-i-watch/node_modules/next/dist/trace/trace.js:157:20)
    at async DevServer.handleRequest (/Users/jakelawrence/Desktop/FILES/Code/what-do-i-watch/node_modules/next/dist/server/dev/next-dev-server.js:368:24)
    at async invokeRender (/Users/jakelawrence/Desktop/FILES/Code/what-do-i-watch/node_modules/next/dist/server/lib/router-server.js:235:21)
    at async handleRequest (/Users/jakelawrence/Desktop/FILES/Code/what-do-i-watch/node_modules/next/dist/server/lib/router-server.js:426:24)
    at async requestHandlerImpl (/Users/jakelawrence/Desktop/FILES/Code/what-do-i-watch/node_modules/next/dist/server/lib/router-server.js:450:13)
    at async Server.requestListener (/Users/jakelawrence/Desktop/FILES/Code/what-do-i-watch/node_modules/next/dist/server/lib/start-server.js:158:13)
[2025-09-16T16:27:23.323Z] ERROR: ❌ Error in generateRecommendations: {}
[2025-09-16T16:27:23.378Z] ERROR: ❌ Error stack: ReferenceError: logger is not defined
    at queryAllItems (webpack-internal:///(rsc)/./src/app/api/lib/dynamodb.js:39:9)
    at getMovieLikeCounts (webpack-internal:///(rsc)/./src/app/api/getSuggestedMovies/route.js:92:93)
    at generateRecommendations (webpack-internal:///(rsc)/./src/app/api/getSuggestedMovies/route.js:133:39)
    at GET (webpack-internal:///(rsc)/./src/app/api/getSuggestedMovies/route.js:457:39)
    at AsyncLocalStorage.run (node:async_hooks:335:14)
    at AppRouteRouteModule.do (/Users/jakelawrence/Desktop/FILES/Code/what-do-i-watch/node_modules/next/dist/compiled/next-server/app-route.runtime.dev.js:26:33970)
    at /Users/jakelawrence/Desktop/FILES/Code/what-do-i-watch/node_modules/next/dist/compiled/next-server/app-route.runtime.dev.js:26:43788
    at /Users/jakelawrence/Desktop/FILES/Code/what-do-i-watch/node_modules/next/dist/server/lib/trace/tracer.js:169:36
    at NoopContextManager.with (/Users/jakelawrence/Desktop/FILES/Code/what-do-i-watch/node_modules/next/dist/compiled/@opentelemetry/api/index.js:1:7062)
    at ContextAPI.with (/Users/jakelawrence/Desktop/FILES/Code/what-do-i-watch/node_modules/next/dist/compiled/@opentelemetry/api/index.js:1:518)
    at NoopTracer.startActiveSpan (/Users/jakelawrence/Desktop/FILES/Code/what-do-i-watch/node_modules/next/dist/compiled/@opentelemetry/api/index.js:1:18093)
    at ProxyTracer.startActiveSpan (/Users/jakelawrence/Desktop/FILES/Code/what-do-i-watch/node_modules/next/dist/compiled/@opentelemetry/api/index.js:1:18854)
    at /Users/jakelawrence/Desktop/FILES/Code/what-do-i-watch/node_modules/next/dist/server/lib/trace/tracer.js:151:103
    at NoopContextManager.with (/Users/jakelawrence/Desktop/FILES/Code/what-do-i-watch/node_modules/next/dist/compiled/@opentelemetry/api/index.js:1:7062)
    at ContextAPI.with (/Users/jakelawrence/Desktop/FILES/Code/what-do-i-watch/node_modules/next/dist/compiled/@opentelemetry/api/index.js:1:518)
    at NextTracerImpl.trace (/Users/jakelawrence/Desktop/FILES/Code/what-do-i-watch/node_modules/next/dist/server/lib/trace/tracer.js:151:28)
    at /Users/jakelawrence/Desktop/FILES/Code/what-do-i-watch/node_modules/next/dist/compiled/next-server/app-route.runtime.dev.js:26:43649
    at AsyncLocalStorage.run (node:async_hooks:346:14)
    at /Users/jakelawrence/Desktop/FILES/Code/what-do-i-watch/node_modules/next/dist/compiled/next-server/app-route.runtime.dev.js:26:41373
    at AsyncLocalStorage.run (node:async_hooks:346:14)
    at /Users/jakelawrence/Desktop/FILES/Code/what-do-i-watch/node_modules/next/dist/compiled/next-server/app-route.runtime.dev.js:26:41330
    at AsyncLocalStorage.run (node:async_hooks:346:14)
    at AppRouteRouteModule.handle (/Users/jakelawrence/Desktop/FILES/Code/what-do-i-watch/node_modules/next/dist/compiled/next-server/app-route.runtime.dev.js:26:41284)
    at doRender (/Users/jakelawrence/Desktop/FILES/Code/what-do-i-watch/node_modules/next/dist/server/base-server.js:1513:60)
    at responseGenerator (/Users/jakelawrence/Desktop/FILES/Code/what-do-i-watch/node_modules/next/dist/server/base-server.js:1909:20)
    at ResponseCache.get (/Users/jakelawrence/Desktop/FILES/Code/what-do-i-watch/node_modules/next/dist/server/response-cache/index.js:49:20)
    at DevServer.renderToResponseWithComponentsImpl (/Users/jakelawrence/Desktop/FILES/Code/what-do-i-watch/node_modules/next/dist/server/base-server.js:1915:53)
    at /Users/jakelawrence/Desktop/FILES/Code/what-do-i-watch/node_modules/next/dist/server/base-server.js:1113:121
    at NextTracerImpl.trace (/Users/jakelawrence/Desktop/FILES/Code/what-do-i-watch/node_modules/next/dist/server/lib/trace/tracer.js:134:20)
    at DevServer.renderToResponseWithComponents (/Users/jakelawrence/Desktop/FILES/Code/what-do-i-watch/node_modules/next/dist/server/base-server.js:1113:41)
    at DevServer.renderPageComponent (/Users/jakelawrence/Desktop/FILES/Code/what-do-i-watch/node_modules/next/dist/server/base-server.js:2393:35)
    at async DevServer.renderToResponseImpl (/Users/jakelawrence/Desktop/FILES/Code/what-do-i-watch/node_modules/next/dist/server/base-server.js:2430:32)
    at async DevServer.pipeImpl (/Users/jakelawrence/Desktop/FILES/Code/what-do-i-watch/node_modules/next/dist/server/base-server.js:1003:25)
    at async NextNodeServer.handleCatchallRenderRequest (/Users/jakelawrence/Desktop/FILES/Code/what-do-i-watch/node_modules/next/dist/server/next-server.js:304:17)
    at async DevServer.handleRequestImpl (/Users/jakelawrence/Desktop/FILES/Code/what-do-i-watch/node_modules/next/dist/server/base-server.js:895:17)
    at async /Users/jakelawrence/Desktop/FILES/Code/what-do-i-watch/node_modules/next/dist/server/dev/next-dev-server.js:371:20
    at async Span.traceAsyncFn (/Users/jakelawrence/Desktop/FILES/Code/what-do-i-watch/node_modules/next/dist/trace/trace.js:157:20)
    at async DevServer.handleRequest (/Users/jakelawrence/Desktop/FILES/Code/what-do-i-watch/node_modules/next/dist/server/dev/next-dev-server.js:368:24)
    at async invokeRender (/Users/jakelawrence/Desktop/FILES/Code/what-do-i-watch/node_modules/next/dist/server/lib/router-server.js:235:21)
    at async handleRequest (/Users/jakelawrence/Desktop/FILES/Code/what-do-i-watch/node_modules/next/dist/server/lib/router-server.js:426:24)
    at async requestHandlerImpl (/Users/jakelawrence/Desktop/FILES/Code/what-do-i-watch/node_modules/next/dist/server/lib/router-server.js:450:13)
    at async Server.requestListener (/Users/jakelawrence/Desktop/FILES/Code/what-do-i-watch/node_modules/next/dist/server/lib/start-server.js:158:13)
