[2025-11-16T06:25:25.505Z] Processing weighted recommendation request 
[2025-11-16T06:25:25.508Z] 游 generateRecommendations started with weighted algorithm 
[2025-11-16T06:25:25.508Z] 游닌 Input movie slugs: [
  "beau-is-afraid"
]
[2025-11-16T06:25:25.509Z] 丘뙖잺 Active weights: {
  "collaborative": 0.35,
  "favorite_bonus": 0.1,
  "genre": 0.2,
  "nanogenre": 0.15,
  "director": 0.1,
  "actor": 0.05,
  "temporal": 0.05
}
[2025-11-16T06:25:25.509Z] INFO: 游늵 STEP 1: Gathering input movie data 
[2025-11-16T06:25:26.054Z] INFO: 游늵 Loaded 1 input movies 
[2025-11-16T06:25:26.055Z] INFO: 游논 STEP 2: Building user interaction map 
[2025-11-16T06:25:26.209Z] INFO: 游논 Found 105 users who interacted with input movies 
[2025-11-16T06:25:27.992Z] INFO: 游꿢 STEP 3: Building candidate movie set 
[2025-11-16T06:25:27.992Z] INFO: 游꿢 Found 956 candidate movies 
[2025-11-16T06:25:27.992Z] INFO: 游늳 STEP 4: Calculating global statistics 
[2025-11-16T06:25:27.993Z] DEBUG: 游댌 Querying likes - batch 1 
[2025-11-16T06:25:28.680Z] DEBUG: 游댌 Querying likes - batch 2 
[2025-11-16T06:25:29.248Z] DEBUG: 游댌 Querying likes - batch 3 
[2025-11-16T06:25:29.826Z] DEBUG: 游댌 Querying likes - batch 4 
[2025-11-16T06:25:30.545Z] DEBUG: 游댌 Querying likes - batch 5 
[2025-11-16T06:25:31.150Z] DEBUG: 游댌 Querying likes - batch 6 
[2025-11-16T06:25:31.879Z] DEBUG: 游댌 Querying likes - batch 7 
[2025-11-16T06:25:32.549Z] DEBUG: 游댌 Querying likes - batch 8 
[2025-11-16T06:25:33.300Z] DEBUG: 游댌 Querying likes - batch 9 
[2025-11-16T06:25:33.975Z] DEBUG: 游댌 Querying likes - batch 10 
[2025-11-16T06:25:34.517Z] INFO: 游댌 Progress: 175229 items from likes so far... 
[2025-11-16T06:25:34.518Z] DEBUG: 游댌 Querying likes - batch 11 
[2025-11-16T06:25:35.095Z] DEBUG: 游댌 Querying likes - batch 12 
[2025-11-16T06:25:35.713Z] DEBUG: 游댌 Querying likes - batch 13 
[2025-11-16T06:25:36.256Z] DEBUG: 游댌 Querying likes - batch 14 
[2025-11-16T06:25:36.840Z] DEBUG: 游댌 Querying likes - batch 15 
[2025-11-16T06:25:37.570Z] DEBUG: 游댌 Querying likes - batch 16 
[2025-11-16T06:25:37.889Z] INFO: 游댌 Retrieved 268857 total items from likes in 16 batches 
[2025-11-16T06:25:37.948Z] INFO: 游늳 Global stats: 5000 movies, avg 53.8 likes/movie 
[2025-11-16T06:25:37.949Z] INFO: 游꿛 STEP 5: Scoring candidate movies 
[2025-11-16T06:26:46.504Z] DEBUG: Score breakdown for once-upon-a-time-in-hollywood: {
  "collaborative": "0.235",
  "genre": "0.040",
  "director": "0.000",
  "actor": "0.000",
  "temporal": "0.039",
  "final": "0.314"
}
[2025-11-16T06:26:46.505Z] DEBUG: Score breakdown for prometheus: {
  "collaborative": "0.295",
  "genre": "0.033",
  "director": "0.000",
  "actor": "0.000",
  "temporal": "0.023",
  "final": "0.352"
}
[2025-11-16T06:26:46.505Z] DEBUG: Score breakdown for bullet-train: {
  "collaborative": "0.281",
  "genre": "0.040",
  "director": "0.000",
  "actor": "0.000",
  "temporal": "0.046",
  "final": "0.367"
}
[2025-11-16T06:26:46.506Z] DEBUG: Score breakdown for the-rock: {
  "collaborative": "0.350",
  "genre": "0.040",
  "director": "0.000",
  "actor": "0.000",
  "temporal": "0.003",
  "final": "0.393"
}
[2025-11-16T06:26:46.506Z] DEBUG: Score breakdown for apostle-2018: {
  "collaborative": "0.350",
  "genre": "0.033",
  "director": "0.000",
  "actor": "0.000",
  "temporal": "0.037",
  "final": "0.420"
}
[2025-11-16T06:26:46.506Z] DEBUG: Score breakdown for kingdom-of-the-planet-of-the-apes: {
  "collaborative": "0.276",
  "genre": "0.040",
  "director": "0.000",
  "actor": "0.000",
  "temporal": "0.048",
  "final": "0.364"
}
[2025-11-16T06:26:46.506Z] DEBUG: Score breakdown for 2001-a-space-odyssey: {
  "collaborative": "0.172",
  "genre": "0.040",
  "director": "0.000",
  "actor": "0.000",
  "temporal": "0.001",
  "final": "0.213"
}
[2025-11-16T06:26:46.506Z] DEBUG: Score breakdown for coraline: {
  "collaborative": "0.183",
  "genre": "0.033",
  "director": "0.000",
  "actor": "0.000",
  "temporal": "0.017",
  "final": "0.233"
}
[2025-11-16T06:26:46.506Z] DEBUG: Score breakdown for babylon-2022: {
  "collaborative": "0.218",
  "genre": "0.050",
  "director": "0.000",
  "actor": "0.000",
  "temporal": "0.046",
  "final": "0.314"
}
[2025-11-16T06:26:46.507Z] DEBUG: Score breakdown for the-grand-budapest-hotel: {
  "collaborative": "0.159",
  "genre": "0.050",
  "director": "0.000",
  "actor": "0.000",
  "temporal": "0.028",
  "final": "0.237"
}
[2025-11-16T06:26:46.507Z] DEBUG: Score breakdown for jurassic-park: {
  "collaborative": "0.189",
  "genre": "0.050",
  "director": "0.000",
  "actor": "0.000",
  "temporal": "0.003",
  "final": "0.242"
}
[2025-11-16T06:26:46.507Z] DEBUG: Score breakdown for the-menu-2022: {
  "collaborative": "0.221",
  "genre": "0.040",
  "director": "0.000",
  "actor": "0.000",
  "temporal": "0.046",
  "final": "0.307"
}
[2025-11-16T06:26:46.508Z] DEBUG: Score breakdown for spider-man-into-the-spider-verse: {
  "collaborative": "0.135",
  "genre": "0.033",
  "director": "0.000",
  "actor": "0.000",
  "temporal": "0.037",
  "final": "0.205"
}
[2025-11-16T06:26:46.508Z] DEBUG: Score breakdown for coming-to-america: {
  "collaborative": "0.345",
  "genre": "0.050",
  "director": "0.000",
  "actor": "0.000",
  "temporal": "0.002",
  "final": "0.397"
}
[2025-11-16T06:26:46.508Z] DEBUG: Score breakdown for the-abyss: {
  "collaborative": "0.306",
  "genre": "0.033",
  "director": "0.000",
  "actor": "0.000",
  "temporal": "0.002",
  "final": "0.342"
}
[2025-11-16T06:26:46.508Z] DEBUG: Score breakdown for back-to-the-future: {
  "collaborative": "0.187",
  "genre": "0.100",
  "director": "0.000",
  "actor": "0.000",
  "temporal": "0.002",
  "final": "0.289"
}
[2025-11-16T06:26:46.508Z] DEBUG: Score breakdown for my-neighbor-totoro: {
  "collaborative": "0.187",
  "genre": "0.040",
  "director": "0.000",
  "actor": "0.000",
  "temporal": "0.002",
  "final": "0.229"
}
[2025-11-16T06:26:46.508Z] DEBUG: Score breakdown for some-like-it-hot: {
  "collaborative": "0.205",
  "genre": "0.040",
  "director": "0.000",
  "actor": "0.000",
  "temporal": "0.001",
  "final": "0.246"
}
[2025-11-16T06:26:46.508Z] DEBUG: Score breakdown for the-graduate: {
  "collaborative": "0.223",
  "genre": "0.040",
  "director": "0.000",
  "actor": "0.000",
  "temporal": "0.001",
  "final": "0.264"
}
[2025-11-16T06:26:46.508Z] DEBUG: Score breakdown for the-shape-of-water: {
  "collaborative": "0.242",
  "genre": "0.040",
  "director": "0.000",
  "actor": "0.000",
  "temporal": "0.034",
  "final": "0.317"
}
[2025-11-16T06:26:46.508Z] DEBUG: Score breakdown for showing-up-2022: {
  "collaborative": "0.305",
  "genre": "0.050",
  "director": "0.000",
  "actor": "0.000",
  "temporal": "0.046",
  "final": "0.401"
}
[2025-11-16T06:26:46.508Z] DEBUG: Score breakdown for the-life-aquatic-with-steve-zissou: {
  "collaborative": "0.298",
  "genre": "0.100",
  "director": "0.000",
  "actor": "0.000",
  "temporal": "0.007",
  "final": "0.405"
}
[2025-11-16T06:26:46.508Z] DEBUG: Score breakdown for yi-yi: {
  "collaborative": "0.197",
  "genre": "0.050",
  "director": "0.000",
  "actor": "0.000",
  "temporal": "0.004",
  "final": "0.251"
}
[2025-11-16T06:26:46.509Z] DEBUG: Score breakdown for inception: {
  "collaborative": "0.175",
  "genre": "0.040",
  "director": "0.000",
  "actor": "0.000",
  "temporal": "0.019",
  "final": "0.234"
}
[2025-11-16T06:26:46.509Z] DEBUG: Score breakdown for the-texas-chainsaw-massacre-2: {
  "collaborative": "0.323",
  "genre": "0.050",
  "director": "0.000",
  "actor": "0.000",
  "temporal": "0.002",
  "final": "0.375"
}
[2025-11-16T06:26:46.509Z] DEBUG: Score breakdown for fanny-and-alexander: {
  "collaborative": "0.221",
  "genre": "0.040",
  "director": "0.000",
  "actor": "0.000",
  "temporal": "0.002",
  "final": "0.262"
}
[2025-11-16T06:26:46.509Z] DEBUG: Score breakdown for predator: {
  "collaborative": "0.275",
  "genre": "0.033",
  "director": "0.000",
  "actor": "0.000",
  "temporal": "0.002",
  "final": "0.311"
}
[2025-11-16T06:26:46.509Z] DEBUG: Score breakdown for la-dolce-vita: {
  "collaborative": "0.310",
  "genre": "0.050",
  "director": "0.000",
  "actor": "0.000",
  "temporal": "0.001",
  "final": "0.360"
}
[2025-11-16T06:26:46.509Z] DEBUG: Score breakdown for nosferatu-2024: {
  "collaborative": "0.165",
  "genre": "0.040",
  "director": "0.000",
  "actor": "0.000",
  "temporal": "0.048",
  "final": "0.253"
}
[2025-11-16T06:26:46.509Z] DEBUG: Score breakdown for how-the-grinch-stole-christmas-2000: {
  "collaborative": "0.350",
  "genre": "0.100",
  "director": "0.000",
  "actor": "0.000",
  "temporal": "0.004",
  "final": "0.454"
}
[2025-11-16T06:26:46.509Z] DEBUG: Score breakdown for the-seventh-seal: {
  "collaborative": "0.196",
  "genre": "0.050",
  "director": "0.000",
  "actor": "0.000",
  "temporal": "0.000",
  "final": "0.246"
}
[2025-11-16T06:26:46.509Z] DEBUG: Score breakdown for groundhog-day: {
  "collaborative": "0.281",
  "genre": "0.080",
  "director": "0.000",
  "actor": "0.000",
  "temporal": "0.003",
  "final": "0.364"
}
[2025-11-16T06:26:46.510Z] DEBUG: Score breakdown for fantastic-mr-fox: {
  "collaborative": "0.153",
  "genre": "0.080",
  "director": "0.000",
  "actor": "0.000",
  "temporal": "0.017",
  "final": "0.250"
}
[2025-11-16T06:26:46.510Z] DEBUG: Score breakdown for gladiator-2000: {
  "collaborative": "0.213",
  "genre": "0.040",
  "director": "0.000",
  "actor": "0.000",
  "temporal": "0.004",
  "final": "0.257"
}
[2025-11-16T06:26:46.510Z] DEBUG: Score breakdown for ratatouille: {
  "collaborative": "0.172",
  "genre": "0.080",
  "director": "0.000",
  "actor": "0.000",
  "temporal": "0.013",
  "final": "0.265"
}
[2025-11-16T06:26:46.510Z] DEBUG: Score breakdown for avatar-the-way-of-water: {
  "collaborative": "0.236",
  "genre": "0.040",
  "director": "0.000",
  "actor": "0.000",
  "temporal": "0.046",
  "final": "0.322"
}
[2025-11-16T06:26:46.510Z] DEBUG: Score breakdown for aladdin: {
  "collaborative": "0.273",
  "genre": "0.067",
  "director": "0.000",
  "actor": "0.000",
  "temporal": "0.003",
  "final": "0.342"
}
[2025-11-16T06:26:46.510Z] DEBUG: Score breakdown for interstellar: {
  "collaborative": "0.143",
  "genre": "0.040",
  "director": "0.000",
  "actor": "0.000",
  "temporal": "0.028",
  "final": "0.211"
}
[2025-11-16T06:26:46.511Z] DEBUG: Score breakdown for this-is-spinal-tap: {
  "collaborative": "0.325",
  "genre": "0.050",
  "director": "0.000",
  "actor": "0.000",
  "temporal": "0.002",
  "final": "0.377"
}
[2025-11-16T06:26:46.511Z] DEBUG: Score breakdown for zootopia: {
  "collaborative": "0.280",
  "genre": "0.080",
  "director": "0.000",
  "actor": "0.000",
  "temporal": "0.032",
  "final": "0.393"
}
[2025-11-16T06:26:46.511Z] DEBUG: Score breakdown for the-lord-of-the-rings-the-two-towers: {
  "collaborative": "0.153",
  "genre": "0.100",
  "director": "0.000",
  "actor": "0.000",
  "temporal": "0.005",
  "final": "0.258"
}
[2025-11-16T06:26:46.511Z] DEBUG: Score breakdown for true-grit-2010: {
  "collaborative": "0.316",
  "genre": "0.040",
  "director": "0.000",
  "actor": "0.000",
  "temporal": "0.019",
  "final": "0.375"
}
[2025-11-16T06:26:46.511Z] DEBUG: Score breakdown for ready-player-one: {
  "collaborative": "0.333",
  "genre": "0.040",
  "director": "0.000",
  "actor": "0.000",
  "temporal": "0.037",
  "final": "0.410"
}
[2025-11-16T06:26:46.512Z] DEBUG: Score breakdown for puss-in-boots-the-last-wish: {
  "collaborative": "0.199",
  "genre": "0.120",
  "director": "0.000",
  "actor": "0.000",
  "temporal": "0.046",
  "final": "0.366"
}
[2025-11-16T06:26:46.512Z] DEBUG: Score breakdown for lawrence-of-arabia: {
  "collaborative": "0.193",
  "genre": "0.040",
  "director": "0.000",
  "actor": "0.000",
  "temporal": "0.001",
  "final": "0.233"
}
[2025-11-16T06:26:46.512Z] DEBUG: Score breakdown for diary-of-a-wimpy-kid-rodrick-rules: {
  "collaborative": "0.350",
  "genre": "0.050",
  "director": "0.000",
  "actor": "0.000",
  "temporal": "0.021",
  "final": "0.421"
}
[2025-11-16T06:26:46.512Z] DEBUG: Score breakdown for the-king-of-comedy: {
  "collaborative": "0.194",
  "genre": "0.050",
  "director": "0.000",
  "actor": "0.000",
  "temporal": "0.002",
  "final": "0.245"
}
[2025-11-16T06:26:46.512Z] DEBUG: Score breakdown for eo: {
  "collaborative": "0.321",
  "genre": "0.050",
  "director": "0.000",
  "actor": "0.000",
  "temporal": "0.046",
  "final": "0.418"
}
[2025-11-16T06:26:46.512Z] DEBUG: Score breakdown for star-wars: {
  "collaborative": "0.181",
  "genre": "0.040",
  "director": "0.000",
  "actor": "0.000",
  "temporal": "0.001",
  "final": "0.222"
}
[2025-11-16T06:26:46.513Z] DEBUG: Score breakdown for on-the-count-of-three: {
  "collaborative": "0.323",
  "genre": "0.050",
  "director": "0.000",
  "actor": "0.000",
  "temporal": "0.044",
  "final": "0.417"
}
[2025-11-16T06:26:46.513Z] DEBUG: Score breakdown for punch-drunk-love: {
  "collaborative": "0.234",
  "genre": "0.040",
  "director": "0.000",
  "actor": "0.000",
  "temporal": "0.005",
  "final": "0.278"
}
[2025-11-16T06:26:46.513Z] DEBUG: Score breakdown for princess-mononoke: {
  "collaborative": "0.161",
  "genre": "0.100",
  "director": "0.000",
  "actor": "0.000",
  "temporal": "0.004",
  "final": "0.265"
}
[2025-11-16T06:26:46.513Z] DEBUG: Score breakdown for the-lord-of-the-rings-the-fellowship-of-the-ring: {
  "collaborative": "0.147",
  "genre": "0.100",
  "director": "0.000",
  "actor": "0.000",
  "temporal": "0.004",
  "final": "0.252"
}
[2025-11-16T06:26:46.513Z] DEBUG: Score breakdown for stagecoach: {
  "collaborative": "0.343",
  "genre": "0.050",
  "director": "0.000",
  "actor": "0.000",
  "temporal": "0.000",
  "final": "0.393"
}
[2025-11-16T06:26:46.513Z] DEBUG: Score breakdown for shiva-baby-2020: {
  "collaborative": "0.222",
  "genre": "0.050",
  "director": "0.000",
  "actor": "0.000",
  "temporal": "0.041",
  "final": "0.313"
}
[2025-11-16T06:26:46.513Z] DEBUG: Score breakdown for poor-things-2023: {
  "collaborative": "0.169",
  "genre": "0.040",
  "director": "0.000",
  "actor": "0.000",
  "temporal": "0.049",
  "final": "0.257"
}
[2025-11-16T06:26:46.513Z] DEBUG: Score breakdown for a-hard-days-night: {
  "collaborative": "0.350",
  "genre": "0.050",
  "director": "0.000",
  "actor": "0.000",
  "temporal": "0.001",
  "final": "0.401"
}
[2025-11-16T06:26:46.513Z] DEBUG: Score breakdown for jerry-maguire: {
  "collaborative": "0.311",
  "genre": "0.040",
  "director": "0.000",
  "actor": "0.000",
  "temporal": "0.003",
  "final": "0.354"
}
[2025-11-16T06:26:46.514Z] DEBUG: Score breakdown for the-royal-tenenbaums: {
  "collaborative": "0.205",
  "genre": "0.050",
  "director": "0.000",
  "actor": "0.000",
  "temporal": "0.004",
  "final": "0.259"
}
[2025-11-16T06:26:46.514Z] DEBUG: Score breakdown for teenage-mutant-ninja-turtles-mutant-mayhem: {
  "collaborative": "0.249",
  "genre": "0.033",
  "director": "0.000",
  "actor": "0.000",
  "temporal": "0.049",
  "final": "0.331"
}
[2025-11-16T06:26:46.514Z] DEBUG: Score breakdown for mission-impossible-rogue-nation: {
  "collaborative": "0.258",
  "genre": "0.050",
  "director": "0.000",
  "actor": "0.000",
  "temporal": "0.030",
  "final": "0.338"
}
[2025-11-16T06:26:46.514Z] DEBUG: Score breakdown for ugetsu: {
  "collaborative": "0.285",
  "genre": "0.040",
  "director": "0.000",
  "actor": "0.000",
  "temporal": "0.000",
  "final": "0.325"
}
[2025-11-16T06:26:46.514Z] DEBUG: Score breakdown for how-to-train-your-dragon-2: {
  "collaborative": "0.327",
  "genre": "0.100",
  "director": "0.000",
  "actor": "0.000",
  "temporal": "0.028",
  "final": "0.455"
}
[2025-11-16T06:26:46.514Z] DEBUG: Score breakdown for memoir-of-a-snail: {
  "collaborative": "0.225",
  "genre": "0.040",
  "director": "0.000",
  "actor": "0.000",
  "temporal": "0.048",
  "final": "0.313"
}
[2025-11-16T06:26:46.514Z] DEBUG: Score breakdown for bo-burnham-inside: {
  "collaborative": "0.211",
  "genre": "0.050",
  "director": "0.000",
  "actor": "0.000",
  "temporal": "0.044",
  "final": "0.305"
}
[2025-11-16T06:26:46.514Z] DEBUG: Score breakdown for captain-fantastic: {
  "collaborative": "0.297",
  "genre": "0.050",
  "director": "0.000",
  "actor": "0.000",
  "temporal": "0.032",
  "final": "0.379"
}
[2025-11-16T06:26:46.515Z] DEBUG: Score breakdown for labyrinth: {
  "collaborative": "0.306",
  "genre": "0.100",
  "director": "0.000",
  "actor": "0.000",
  "temporal": "0.002",
  "final": "0.408"
}
[2025-11-16T06:26:46.515Z] DEBUG: Score breakdown for elemental-2023: {
  "collaborative": "0.350",
  "genre": "0.067",
  "director": "0.000",
  "actor": "0.000",
  "temporal": "0.049",
  "final": "0.465"
}
[2025-11-16T06:26:46.515Z] DEBUG: Score breakdown for dr-strangelove-or-how-i-learned-to-stop-worrying-and-love-the-bomb: {
  "collaborative": "0.185",
  "genre": "0.050",
  "director": "0.000",
  "actor": "0.000",
  "temporal": "0.001",
  "final": "0.236"
}
[2025-11-16T06:26:46.515Z] DEBUG: Score breakdown for kung-fu-panda-2: {
  "collaborative": "0.302",
  "genre": "0.040",
  "director": "0.000",
  "actor": "0.000",
  "temporal": "0.021",
  "final": "0.363"
}
[2025-11-16T06:26:46.515Z] DEBUG: Score breakdown for the-apartment: {
  "collaborative": "0.162",
  "genre": "0.040",
  "director": "0.000",
  "actor": "0.000",
  "temporal": "0.001",
  "final": "0.203"
}
[2025-11-16T06:26:46.515Z] DEBUG: Score breakdown for mid90s: {
  "collaborative": "0.321",
  "genre": "0.050",
  "director": "0.000",
  "actor": "0.000",
  "temporal": "0.037",
  "final": "0.408"
}
[2025-11-16T06:26:46.516Z] DEBUG: Score breakdown for tangerine: {
  "collaborative": "0.266",
  "genre": "0.050",
  "director": "0.000",
  "actor": "0.000",
  "temporal": "0.030",
  "final": "0.346"
}
[2025-11-16T06:26:46.516Z] DEBUG: Score breakdown for guardians-of-the-galaxy: {
  "collaborative": "0.238",
  "genre": "0.040",
  "director": "0.000",
  "actor": "0.000",
  "temporal": "0.028",
  "final": "0.306"
}
[2025-11-16T06:26:46.516Z] DEBUG: Score breakdown for seed-of-chucky: {
  "collaborative": "0.350",
  "genre": "0.050",
  "director": "0.000",
  "actor": "0.000",
  "temporal": "0.007",
  "final": "0.407"
}
[2025-11-16T06:26:46.516Z] DEBUG: Score breakdown for superbad: {
  "collaborative": "0.246",
  "genre": "0.067",
  "director": "0.000",
  "actor": "0.000",
  "temporal": "0.013",
  "final": "0.326"
}
[2025-11-16T06:26:46.516Z] DEBUG: Score breakdown for the-fifth-element: {
  "collaborative": "0.350",
  "genre": "0.040",
  "director": "0.000",
  "actor": "0.000",
  "temporal": "0.004",
  "final": "0.394"
}
[2025-11-16T06:26:46.516Z] DEBUG: Score breakdown for the-adventures-of-tintin: {
  "collaborative": "0.350",
  "genre": "0.040",
  "director": "0.000",
  "actor": "0.000",
  "temporal": "0.021",
  "final": "0.411"
}
[2025-11-16T06:26:46.516Z] DEBUG: Score breakdown for city-lights: {
  "collaborative": "0.205",
  "genre": "0.040",
  "director": "0.000",
  "actor": "0.000",
  "temporal": "0.000",
  "final": "0.246"
}
[2025-11-16T06:26:46.516Z] DEBUG: Score breakdown for dune-part-two: {
  "collaborative": "0.152",
  "genre": "0.050",
  "director": "0.000",
  "actor": "0.000",
  "temporal": "0.048",
  "final": "0.249"
}
[2025-11-16T06:26:46.516Z] DEBUG: Score breakdown for bottoms: {
  "collaborative": "0.196",
  "genre": "0.067",
  "director": "0.000",
  "actor": "0.000",
  "temporal": "0.049",
  "final": "0.311"
}
[2025-11-16T06:26:46.517Z] DEBUG: Score breakdown for the-artist: {
  "collaborative": "0.350",
  "genre": "0.040",
  "director": "0.000",
  "actor": "0.000",
  "temporal": "0.021",
  "final": "0.411"
}
[2025-11-16T06:26:46.517Z] DEBUG: Score breakdown for its-such-a-beautiful-day: {
  "collaborative": "0.207",
  "genre": "0.050",
  "director": "0.000",
  "actor": "0.000",
  "temporal": "0.023",
  "final": "0.281"
}
[2025-11-16T06:26:46.517Z] DEBUG: Score breakdown for im-thinking-of-ending-things: {
  "collaborative": "0.263",
  "genre": "0.033",
  "director": "0.000",
  "actor": "0.000",
  "temporal": "0.041",
  "final": "0.338"
}
[2025-11-16T06:26:46.517Z] DEBUG: Score breakdown for the-hobbit-the-desolation-of-smaug: {
  "collaborative": "0.350",
  "genre": "0.100",
  "director": "0.000",
  "actor": "0.000",
  "temporal": "0.026",
  "final": "0.476"
}
[2025-11-16T06:26:46.517Z] DEBUG: Score breakdown for anchorman-the-legend-of-ron-burgundy: {
  "collaborative": "0.343",
  "genre": "0.067",
  "director": "0.000",
  "actor": "0.000",
  "temporal": "0.007",
  "final": "0.416"
}
[2025-11-16T06:26:46.517Z] DEBUG: Score breakdown for the-empire-strikes-back: {
  "collaborative": "0.142",
  "genre": "0.040",
  "director": "0.000",
  "actor": "0.000",
  "temporal": "0.001",
  "final": "0.184"
}
[2025-11-16T06:26:46.517Z] DEBUG: Score breakdown for sherlock-jr: {
  "collaborative": "0.184",
  "genre": "0.040",
  "director": "0.000",
  "actor": "0.000",
  "temporal": "0.000",
  "final": "0.224"
}
[2025-11-16T06:26:46.518Z] DEBUG: Score breakdown for funny-face: {
  "collaborative": "0.350",
  "genre": "0.040",
  "director": "0.000",
  "actor": "0.000",
  "temporal": "0.000",
  "final": "0.390"
}
[2025-11-16T06:26:46.518Z] DEBUG: Score breakdown for marcel-the-shell-with-shoes-on-2021: {
  "collaborative": "0.190",
  "genre": "0.033",
  "director": "0.000",
  "actor": "0.000",
  "temporal": "0.044",
  "final": "0.267"
}
[2025-11-16T06:26:46.518Z] DEBUG: Score breakdown for gremlins-2-the-new-batch: {
  "collaborative": "0.295",
  "genre": "0.100",
  "director": "0.000",
  "actor": "0.000",
  "temporal": "0.002",
  "final": "0.398"
}
[2025-11-16T06:26:46.518Z] DEBUG: Score breakdown for gentlemen-prefer-blondes: {
  "collaborative": "0.288",
  "genre": "0.050",
  "director": "0.000",
  "actor": "0.000",
  "temporal": "0.000",
  "final": "0.338"
}
[2025-11-16T06:26:46.518Z] DEBUG: Score breakdown for the-gentlemen: {
  "collaborative": "0.336",
  "genre": "0.040",
  "director": "0.000",
  "actor": "0.000",
  "temporal": "0.039",
  "final": "0.415"
}
[2025-11-16T06:26:46.518Z] DEBUG: Score breakdown for rango: {
  "collaborative": "0.331",
  "genre": "0.067",
  "director": "0.000",
  "actor": "0.000",
  "temporal": "0.021",
  "final": "0.419"
}
[2025-11-16T06:26:46.518Z] DEBUG: Score breakdown for monty-python-and-the-holy-grail: {
  "collaborative": "0.255",
  "genre": "0.200",
  "director": "0.000",
  "actor": "0.000",
  "temporal": "0.001",
  "final": "0.456"
}
[2025-11-16T06:26:46.518Z] DEBUG: Score breakdown for monsters-inc: {
  "collaborative": "0.220",
  "genre": "0.040",
  "director": "0.000",
  "actor": "0.000",
  "temporal": "0.004",
  "final": "0.265"
}
[2025-11-16T06:26:46.518Z] DEBUG: Score breakdown for the-lord-of-the-rings-the-war-of-the-rohirrim: {
  "collaborative": "0.350",
  "genre": "0.080",
  "director": "0.000",
  "actor": "0.000",
  "temporal": "0.048",
  "final": "0.477"
}
[2025-11-16T06:26:46.518Z] DEBUG: Score breakdown for parasite-2019: {
  "collaborative": "0.128",
  "genre": "0.040",
  "director": "0.000",
  "actor": "0.000",
  "temporal": "0.039",
  "final": "0.207"
}
[2025-11-16T06:26:46.519Z] DEBUG: Score breakdown for lilo-stitch: {
  "collaborative": "0.241",
  "genre": "0.040",
  "director": "0.000",
  "actor": "0.000",
  "temporal": "0.005",
  "final": "0.285"
}
[2025-11-16T06:26:46.519Z] DEBUG: Score breakdown for knives-out-2019: {
  "collaborative": "0.186",
  "genre": "0.040",
  "director": "0.000",
  "actor": "0.000",
  "temporal": "0.039",
  "final": "0.265"
}
[2025-11-16T06:26:46.519Z] DEBUG: Score breakdown for ant-man-and-the-wasp: {
  "collaborative": "0.350",
  "genre": "0.040",
  "director": "0.000",
  "actor": "0.000",
  "temporal": "0.037",
  "final": "0.427"
}
[2025-11-16T06:26:46.520Z] DEBUG: Score breakdown for mad-max-fury-road: {
  "collaborative": "0.170",
  "genre": "0.040",
  "director": "0.000",
  "actor": "0.000",
  "temporal": "0.030",
  "final": "0.240"
}
[2025-11-16T06:26:46.520Z] DEBUG: Score breakdown for the-curious-case-of-benjamin-button: {
  "collaborative": "0.350",
  "genre": "0.040",
  "director": "0.000",
  "actor": "0.000",
  "temporal": "0.015",
  "final": "0.405"
}
[2025-11-16T06:26:46.520Z] DEBUG: Score breakdown for the-creator-2023: {
  "collaborative": "0.329",
  "genre": "0.040",
  "director": "0.000",
  "actor": "0.000",
  "temporal": "0.049",
  "final": "0.418"
}
[2025-11-16T06:26:46.520Z] DEBUG: Score breakdown for daisies: {
  "collaborative": "0.280",
  "genre": "0.050",
  "director": "0.000",
  "actor": "0.000",
  "temporal": "0.001",
  "final": "0.331"
}
[2025-11-16T06:26:46.520Z] DEBUG: Score breakdown for shrek: {
  "collaborative": "0.213",
  "genre": "0.120",
  "director": "0.000",
  "actor": "0.000",
  "temporal": "0.004",
  "final": "0.337"
}
[2025-11-16T06:26:46.521Z] DEBUG: Score breakdown for theater-camp-2023: {
  "collaborative": "0.240",
  "genre": "0.067",
  "director": "0.000",
  "actor": "0.000",
  "temporal": "0.049",
  "final": "0.355"
}
[2025-11-16T06:26:46.522Z] DEBUG: Score breakdown for a-league-of-their-own: {
  "collaborative": "0.338",
  "genre": "0.050",
  "director": "0.000",
  "actor": "0.000",
  "temporal": "0.003",
  "final": "0.391"
}
[2025-11-16T06:26:46.522Z] DEBUG: Score breakdown for saltburn: {
  "collaborative": "0.229",
  "genre": "0.040",
  "director": "0.000",
  "actor": "0.000",
  "temporal": "0.049",
  "final": "0.318"
}
[2025-11-16T06:26:46.522Z] DEBUG: Score breakdown for raising-arizona: {
  "collaborative": "0.256",
  "genre": "0.050",
  "director": "0.000",
  "actor": "0.000",
  "temporal": "0.002",
  "final": "0.308"
}
[2025-11-16T06:26:46.522Z] DEBUG: Score breakdown for everything-everywhere-all-at-once: {
  "collaborative": "0.150",
  "genre": "0.080",
  "director": "0.000",
  "actor": "0.000",
  "temporal": "0.046",
  "final": "0.276"
}
[2025-11-16T06:26:46.522Z] DEBUG: Score breakdown for the-general: {
  "collaborative": "0.294",
  "genre": "0.080",
  "director": "0.000",
  "actor": "0.000",
  "temporal": "0.000",
  "final": "0.374"
}
[2025-11-16T06:26:46.522Z] DEBUG: Score breakdown for anora: {
  "collaborative": "0.161",
  "genre": "0.040",
  "director": "0.000",
  "actor": "0.000",
  "temporal": "0.048",
  "final": "0.248"
}
[2025-11-16T06:26:46.523Z] DEBUG: Score breakdown for guardians-of-the-galaxy-vol-3: {
  "collaborative": "0.206",
  "genre": "0.040",
  "director": "0.000",
  "actor": "0.000",
  "temporal": "0.049",
  "final": "0.294"
}
[2025-11-16T06:26:46.523Z] DEBUG: Score breakdown for school-of-rock: {
  "collaborative": "0.245",
  "genre": "0.050",
  "director": "0.000",
  "actor": "0.000",
  "temporal": "0.005",
  "final": "0.300"
}
[2025-11-16T06:26:46.523Z] DEBUG: Score breakdown for rush-hour: {
  "collaborative": "0.350",
  "genre": "0.040",
  "director": "0.000",
  "actor": "0.000",
  "temporal": "0.004",
  "final": "0.394"
}
[2025-11-16T06:26:46.523Z] DEBUG: Score breakdown for the-sisters-brothers: {
  "collaborative": "0.350",
  "genre": "0.040",
  "director": "0.000",
  "actor": "0.000",
  "temporal": "0.037",
  "final": "0.427"
}
[2025-11-16T06:26:46.523Z] DEBUG: Score breakdown for spirited-away: {
  "collaborative": "0.144",
  "genre": "0.040",
  "director": "0.000",
  "actor": "0.000",
  "temporal": "0.004",
  "final": "0.188"
}
[2025-11-16T06:26:46.523Z] DEBUG: Score breakdown for lady-bird: {
  "collaborative": "0.212",
  "genre": "0.050",
  "director": "0.000",
  "actor": "0.000",
  "temporal": "0.034",
  "final": "0.297"
}
[2025-11-16T06:26:46.523Z] DEBUG: Score breakdown for repo-man: {
  "collaborative": "0.350",
  "genre": "0.050",
  "director": "0.000",
  "actor": "0.000",
  "temporal": "0.002",
  "final": "0.402"
}
[2025-11-16T06:26:46.528Z] DEBUG: Score breakdown for spider-man-across-the-spider-verse: {
  "collaborative": "0.145",
  "genre": "0.033",
  "director": "0.000",
  "actor": "0.000",
  "temporal": "0.049",
  "final": "0.226"
}
[2025-11-16T06:26:46.528Z] DEBUG: Score breakdown for mickey-17: {
  "collaborative": "0.202",
  "genre": "0.100",
  "director": "0.000",
  "actor": "0.000",
  "temporal": "0.046",
  "final": "0.348"
}
[2025-11-16T06:26:46.528Z] DEBUG: Score breakdown for mamma-mia: {
  "collaborative": "0.256",
  "genre": "0.050",
  "director": "0.000",
  "actor": "0.000",
  "temporal": "0.015",
  "final": "0.321"
}
[2025-11-16T06:26:46.529Z] DEBUG: Score breakdown for what-we-do-in-the-shadows: {
  "collaborative": "0.201",
  "genre": "0.050",
  "director": "0.000",
  "actor": "0.000",
  "temporal": "0.028",
  "final": "0.279"
}
[2025-11-16T06:26:46.529Z] DEBUG: Score breakdown for o-brother-where-art-thou: {
  "collaborative": "0.294",
  "genre": "0.100",
  "director": "0.000",
  "actor": "0.000",
  "temporal": "0.004",
  "final": "0.398"
}
[2025-11-16T06:26:46.530Z] DEBUG: Score breakdown for the-mummy-1999: {
  "collaborative": "0.320",
  "genre": "0.100",
  "director": "0.000",
  "actor": "0.000",
  "temporal": "0.004",
  "final": "0.424"
}
[2025-11-16T06:26:46.530Z] DEBUG: Score breakdown for war-dogs-2016: {
  "collaborative": "0.350",
  "genre": "0.040",
  "director": "0.000",
  "actor": "0.000",
  "temporal": "0.032",
  "final": "0.422"
}
[2025-11-16T06:26:46.531Z] DEBUG: Score breakdown for violent-night: {
  "collaborative": "0.350",
  "genre": "0.050",
  "director": "0.000",
  "actor": "0.000",
  "temporal": "0.046",
  "final": "0.446"
}
[2025-11-16T06:26:46.531Z] DEBUG: Score breakdown for weird-the-al-yankovic-story-2022: {
  "collaborative": "0.350",
  "genre": "0.040",
  "director": "0.000",
  "actor": "0.000",
  "temporal": "0.046",
  "final": "0.436"
}
[2025-11-16T06:26:46.531Z] DEBUG: Score breakdown for romy-and-micheles-high-school-reunion: {
  "collaborative": "0.308",
  "genre": "0.067",
  "director": "0.000",
  "actor": "0.000",
  "temporal": "0.004",
  "final": "0.378"
}
[2025-11-16T06:26:46.532Z] DEBUG: Score breakdown for house: {
  "collaborative": "0.258",
  "genre": "0.100",
  "director": "0.000",
  "actor": "0.000",
  "temporal": "0.001",
  "final": "0.359"
}
[2025-11-16T06:26:46.532Z] DEBUG: Score breakdown for cha-cha-real-smooth: {
  "collaborative": "0.245",
  "genre": "0.040",
  "director": "0.000",
  "actor": "0.000",
  "temporal": "0.046",
  "final": "0.331"
}
[2025-11-16T06:26:46.532Z] DEBUG: Score breakdown for transformers-one: {
  "collaborative": "0.283",
  "genre": "0.033",
  "director": "0.000",
  "actor": "0.000",
  "temporal": "0.048",
  "final": "0.364"
}
[2025-11-16T06:26:46.532Z] DEBUG: Score breakdown for wallace-gromit-vengeance-most-fowl: {
  "collaborative": "0.209",
  "genre": "0.080",
  "director": "0.000",
  "actor": "0.000",
  "temporal": "0.048",
  "final": "0.337"
}
[2025-11-16T06:26:46.532Z] DEBUG: Score breakdown for the-green-knight: {
  "collaborative": "0.233",
  "genre": "0.100",
  "director": "0.000",
  "actor": "0.000",
  "temporal": "0.044",
  "final": "0.377"
}
[2025-11-16T06:26:46.532Z] DEBUG: Score breakdown for the-doom-generation: {
  "collaborative": "0.305",
  "genre": "0.040",
  "director": "0.000",
  "actor": "0.000",
  "temporal": "0.003",
  "final": "0.348"
}
[2025-11-16T06:26:46.532Z] DEBUG: Score breakdown for the-devil-wears-prada: {
  "collaborative": "0.235",
  "genre": "0.050",
  "director": "0.000",
  "actor": "0.000",
  "temporal": "0.011",
  "final": "0.296"
}
[2025-11-16T06:26:46.532Z] DEBUG: Score breakdown for the-tree-of-life-2011: {
  "collaborative": "0.276",
  "genre": "0.050",
  "director": "0.000",
  "actor": "0.000",
  "temporal": "0.021",
  "final": "0.348"
}
[2025-11-16T06:26:46.532Z] DEBUG: Score breakdown for shaun-of-the-dead: {
  "collaborative": "0.227",
  "genre": "0.050",
  "director": "0.000",
  "actor": "0.000",
  "temporal": "0.007",
  "final": "0.284"
}
[2025-11-16T06:26:46.532Z] DEBUG: Score breakdown for the-wages-of-fear: {
  "collaborative": "0.239",
  "genre": "0.040",
  "director": "0.000",
  "actor": "0.000",
  "temporal": "0.000",
  "final": "0.279"
}
[2025-11-16T06:26:46.533Z] DEBUG: Score breakdown for buffalo-66: {
  "collaborative": "0.317",
  "genre": "0.040",
  "director": "0.000",
  "actor": "0.000",
  "temporal": "0.004",
  "final": "0.361"
}
[2025-11-16T06:26:46.533Z] DEBUG: Score breakdown for thor-ragnarok: {
  "collaborative": "0.232",
  "genre": "0.040",
  "director": "0.000",
  "actor": "0.000",
  "temporal": "0.034",
  "final": "0.306"
}
[2025-11-16T06:26:46.533Z] DEBUG: Score breakdown for fear-and-loathing-in-las-vegas: {
  "collaborative": "0.350",
  "genre": "0.100",
  "director": "0.000",
  "actor": "0.000",
  "temporal": "0.004",
  "final": "0.454"
}
[2025-11-16T06:26:46.533Z] DEBUG: Score breakdown for the-way-way-back: {
  "collaborative": "0.350",
  "genre": "0.050",
  "director": "0.000",
  "actor": "0.000",
  "temporal": "0.026",
  "final": "0.426"
}
[2025-11-16T06:26:46.533Z] DEBUG: Score breakdown for paddington-2: {
  "collaborative": "0.179",
  "genre": "0.100",
  "director": "0.000",
  "actor": "0.000",
  "temporal": "0.034",
  "final": "0.314"
}
[2025-11-16T06:26:46.534Z] DEBUG: Score breakdown for doctor-sleep: {
  "collaborative": "0.293",
  "genre": "0.040",
  "director": "0.000",
  "actor": "0.000",
  "temporal": "0.039",
  "final": "0.372"
}
[2025-11-16T06:26:46.534Z] DEBUG: Score breakdown for the-terminal: {
  "collaborative": "0.345",
  "genre": "0.050",
  "director": "0.000",
  "actor": "0.000",
  "temporal": "0.007",
  "final": "0.402"
}
[2025-11-16T06:26:46.534Z] DEBUG: Score breakdown for harold-kumar-go-to-white-castle: {
  "collaborative": "0.350",
  "genre": "0.133",
  "director": "0.000",
  "actor": "0.000",
  "temporal": "0.007",
  "final": "0.490"
}
[2025-11-16T06:26:46.534Z] DEBUG: Score breakdown for the-descent: {
  "collaborative": "0.273",
  "genre": "0.050",
  "director": "0.000",
  "actor": "0.000",
  "temporal": "0.009",
  "final": "0.332"
}
[2025-11-16T06:26:46.534Z] DEBUG: Score breakdown for cocaine-bear: {
  "collaborative": "0.350",
  "genre": "0.040",
  "director": "0.000",
  "actor": "0.000",
  "temporal": "0.049",
  "final": "0.439"
}
[2025-11-16T06:26:46.534Z] DEBUG: Score breakdown for dungeons-dragons-honor-among-thieves: {
  "collaborative": "0.275",
  "genre": "0.200",
  "director": "0.000",
  "actor": "0.000",
  "temporal": "0.049",
  "final": "0.524"
}
[2025-11-16T06:26:46.534Z] DEBUG: Score breakdown for life-of-brian: {
  "collaborative": "0.299",
  "genre": "0.067",
  "director": "0.000",
  "actor": "0.000",
  "temporal": "0.001",
  "final": "0.367"
}
[2025-11-16T06:26:46.535Z] DEBUG: Score breakdown for the-hangover-part-iii: {
  "collaborative": "0.350",
  "genre": "0.067",
  "director": "0.000",
  "actor": "0.000",
  "temporal": "0.026",
  "final": "0.442"
}
[2025-11-16T06:26:46.535Z] DEBUG: Score breakdown for saturday-night-2024: {
  "collaborative": "0.241",
  "genre": "0.050",
  "director": "0.000",
  "actor": "0.000",
  "temporal": "0.048",
  "final": "0.338"
}
[2025-11-16T06:26:46.535Z] DEBUG: Score breakdown for the-lost-world-jurassic-park: {
  "collaborative": "0.350",
  "genre": "0.040",
  "director": "0.000",
  "actor": "0.000",
  "temporal": "0.004",
  "final": "0.394"
}
[2025-11-16T06:26:46.535Z] DEBUG: Score breakdown for lupin-the-third-the-castle-of-cagliostro: {
  "collaborative": "0.350",
  "genre": "0.080",
  "director": "0.000",
  "actor": "0.000",
  "temporal": "0.001",
  "final": "0.431"
}
[2025-11-16T06:26:46.535Z] DEBUG: Score breakdown for the-hunger-games: {
  "collaborative": "0.248",
  "genre": "0.100",
  "director": "0.000",
  "actor": "0.000",
  "temporal": "0.023",
  "final": "0.372"
}
[2025-11-16T06:26:46.535Z] DEBUG: Score breakdown for the-slumber-party-massacre: {
  "collaborative": "0.350",
  "genre": "0.050",
  "director": "0.000",
  "actor": "0.000",
  "temporal": "0.002",
  "final": "0.402"
}
[2025-11-16T06:26:46.535Z] DEBUG: Score breakdown for carnival-of-souls: {
  "collaborative": "0.306",
  "genre": "0.040",
  "director": "0.000",
  "actor": "0.000",
  "temporal": "0.001",
  "final": "0.347"
}
[2025-11-16T06:26:46.535Z] DEBUG: Score breakdown for stuck-in-love: {
  "collaborative": "0.350",
  "genre": "0.050",
  "director": "0.000",
  "actor": "0.000",
  "temporal": "0.023",
  "final": "0.423"
}
[2025-11-16T06:26:46.535Z] DEBUG: Score breakdown for the-lighthouse-2019: {
  "collaborative": "0.231",
  "genre": "0.033",
  "director": "0.000",
  "actor": "0.000",
  "temporal": "0.039",
  "final": "0.303"
}
[2025-11-16T06:26:46.536Z] DEBUG: Score breakdown for casino-royale-2006: {
  "collaborative": "0.246",
  "genre": "0.040",
  "director": "0.000",
  "actor": "0.000",
  "temporal": "0.011",
  "final": "0.297"
}
[2025-11-16T06:26:46.536Z] DEBUG: Score breakdown for love-exposure: {
  "collaborative": "0.233",
  "genre": "0.033",
  "director": "0.000",
  "actor": "0.000",
  "temporal": "0.015",
  "final": "0.281"
}
[2025-11-16T06:26:46.536Z] DEBUG: Score breakdown for mind-game: {
  "collaborative": "0.350",
  "genre": "0.067",
  "director": "0.000",
  "actor": "0.000",
  "temporal": "0.007",
  "final": "0.424"
}
[2025-11-16T06:26:46.536Z] DEBUG: Score breakdown for jumanji: {
  "collaborative": "0.350",
  "genre": "0.100",
  "director": "0.000",
  "actor": "0.000",
  "temporal": "0.003",
  "final": "0.453"
}
[2025-11-16T06:26:46.536Z] DEBUG: Score breakdown for into-the-wild: {
  "collaborative": "0.350",
  "genre": "0.050",
  "director": "0.000",
  "actor": "0.000",
  "temporal": "0.013",
  "final": "0.413"
}
[2025-11-16T06:26:46.537Z] DEBUG: Score breakdown for oceans-eight: {
  "collaborative": "0.302",
  "genre": "0.040",
  "director": "0.000",
  "actor": "0.000",
  "temporal": "0.037",
  "final": "0.379"
}
[2025-11-16T06:26:46.537Z] DEBUG: Score breakdown for the-art-of-self-defense-2019: {
  "collaborative": "0.350",
  "genre": "0.033",
  "director": "0.000",
  "actor": "0.000",
  "temporal": "0.039",
  "final": "0.422"
}
[2025-11-16T06:26:46.537Z] DEBUG: Score breakdown for aquaman-2018: {
  "collaborative": "0.350",
  "genre": "0.100",
  "director": "0.000",
  "actor": "0.000",
  "temporal": "0.037",
  "final": "0.487"
}
[2025-11-16T06:26:46.537Z] DEBUG: Score breakdown for high-fidelity: {
  "collaborative": "0.350",
  "genre": "0.033",
  "director": "0.000",
  "actor": "0.000",
  "temporal": "0.004",
  "final": "0.387"
}
[2025-11-16T06:26:46.537Z] DEBUG: Score breakdown for mean-girls: {
  "collaborative": "0.223",
  "genre": "0.050",
  "director": "0.000",
  "actor": "0.000",
  "temporal": "0.007",
  "final": "0.279"
}
[2025-11-16T06:26:46.538Z] DEBUG: Score breakdown for anomalisa: {
  "collaborative": "0.329",
  "genre": "0.033",
  "director": "0.000",
  "actor": "0.000",
  "temporal": "0.030",
  "final": "0.393"
}
[2025-11-16T06:26:46.539Z] DEBUG: Score breakdown for swiss-army-man: {
  "collaborative": "0.297",
  "genre": "0.120",
  "director": "0.000",
  "actor": "0.000",
  "temporal": "0.032",
  "final": "0.449"
}
[2025-11-16T06:26:46.540Z] DEBUG: Score breakdown for pirates-of-the-caribbean-the-curse-of-the-black-pearl: {
  "collaborative": "0.242",
  "genre": "0.100",
  "director": "0.000",
  "actor": "0.000",
  "temporal": "0.005",
  "final": "0.347"
}
[2025-11-16T06:26:46.540Z] DEBUG: Score breakdown for across-the-universe: {
  "collaborative": "0.350",
  "genre": "0.040",
  "director": "0.000",
  "actor": "0.000",
  "temporal": "0.013",
  "final": "0.403"
}
[2025-11-16T06:26:46.540Z] DEBUG: Score breakdown for gran-turismo: {
  "collaborative": "0.350",
  "genre": "0.040",
  "director": "0.000",
  "actor": "0.000",
  "temporal": "0.049",
  "final": "0.439"
}
[2025-11-16T06:26:46.540Z] DEBUG: Score breakdown for the-iron-giant: {
  "collaborative": "0.198",
  "genre": "0.033",
  "director": "0.000",
  "actor": "0.000",
  "temporal": "0.004",
  "final": "0.236"
}
[2025-11-16T06:26:46.540Z] DEBUG: Score breakdown for evil-dead-ii: {
  "collaborative": "0.229",
  "genre": "0.100",
  "director": "0.000",
  "actor": "0.000",
  "temporal": "0.002",
  "final": "0.332"
}
[2025-11-16T06:26:46.540Z] DEBUG: Score breakdown for popstar-never-stop-never-stopping: {
  "collaborative": "0.257",
  "genre": "0.050",
  "director": "0.000",
  "actor": "0.000",
  "temporal": "0.032",
  "final": "0.339"
}
[2025-11-16T06:26:46.541Z] DEBUG: Score breakdown for the-muppet-movie: {
  "collaborative": "0.296",
  "genre": "0.080",
  "director": "0.000",
  "actor": "0.000",
  "temporal": "0.001",
  "final": "0.377"
}
[2025-11-16T06:26:46.541Z] INFO: 游꿛 Scored 180 candidates 
[2025-11-16T06:26:46.541Z] INFO: 游끥 STEP 6: Ranking and diversifying results 
[2025-11-16T06:26:46.542Z] INFO: 游끥 Final recommendations: 
[2025-11-16T06:26:46.542Z] INFO: 1. Dungeons & Dragons: Honor AmongThieves (score: 0.524) 
[2025-11-16T06:26:46.542Z] INFO: 2. Harold & Kumar Go to WhiteCastle (score: 0.490) 
[2025-11-16T06:26:46.542Z] INFO: 3. Aquaman (score: 0.487) 
[2025-11-16T06:26:46.542Z] INFO: 4. Elemental (score: 0.465) 
[2025-11-16T06:26:46.542Z] INFO: 5. The Lord of the Rings: The War of theRohirrim (score: 0.477) 
[2025-11-16T06:29:44.557Z] Processing weighted recommendation request 
[2025-11-16T06:29:44.559Z] 游 generateRecommendations started with weighted algorithm 
[2025-11-16T06:29:44.559Z] 游닌 Input movie slugs: [
  "hereditary"
]
[2025-11-16T06:29:44.559Z] 丘뙖잺 Active weights: {
  "collaborative": 0.35,
  "favorite_bonus": 0.1,
  "genre": 0.2,
  "nanogenre": 0.15,
  "director": 0.1,
  "actor": 0.05,
  "temporal": 0.05
}
[2025-11-16T06:29:44.559Z] INFO: 游늵 STEP 1: Gathering input movie data 
[2025-11-16T06:29:45.126Z] INFO: 游늵 Loaded 1 input movies 
[2025-11-16T06:29:45.126Z] INFO: 游논 STEP 2: Building user interaction map 
[2025-11-16T06:29:45.348Z] INFO: 游논 Found 241 users who interacted with input movies 
[2025-11-16T06:29:48.995Z] INFO: 游꿢 STEP 3: Building candidate movie set 
[2025-11-16T06:29:48.995Z] INFO: 游꿢 Found 1499 candidate movies 
[2025-11-16T06:29:48.995Z] INFO: 游늳 STEP 4: Calculating global statistics 
[2025-11-16T06:29:48.996Z] DEBUG: 游닍 Cache hit for likes 
[2025-11-16T06:29:49.073Z] INFO: 游늳 Global stats: 5000 movies, avg 53.8 likes/movie 
[2025-11-16T06:29:49.074Z] INFO: 游꿛 STEP 5: Scoring candidate movies 
[2025-11-16T06:31:32.327Z] DEBUG: Score breakdown for thelma-2017: {
  "collaborative": "0.323",
  "genre": "0.100",
  "director": "0.000",
  "actor": "0.000",
  "temporal": "0.043",
  "final": "0.466"
}
[2025-11-16T06:31:32.329Z] DEBUG: Score breakdown for saltburn: {
  "collaborative": "0.229",
  "genre": "0.040",
  "director": "0.000",
  "actor": "0.000",
  "temporal": "0.040",
  "final": "0.309"
}
[2025-11-16T06:31:32.329Z] DEBUG: Score breakdown for the-prestige: {
  "collaborative": "0.177",
  "genre": "0.040",
  "director": "0.000",
  "actor": "0.000",
  "temporal": "0.020",
  "final": "0.237"
}
[2025-11-16T06:31:32.329Z] DEBUG: Score breakdown for nightcrawler: {
  "collaborative": "0.213",
  "genre": "0.040",
  "director": "0.000",
  "actor": "0.000",
  "temporal": "0.037",
  "final": "0.290"
}
[2025-11-16T06:31:32.329Z] DEBUG: Score breakdown for you-were-never-really-here: {
  "collaborative": "0.271",
  "genre": "0.040",
  "director": "0.000",
  "actor": "0.000",
  "temporal": "0.043",
  "final": "0.354"
}
[2025-11-16T06:31:32.330Z] DEBUG: Score breakdown for the-descent: {
  "collaborative": "0.273",
  "genre": "0.050",
  "director": "0.000",
  "actor": "0.000",
  "temporal": "0.018",
  "final": "0.340"
}
[2025-11-16T06:31:32.330Z] DEBUG: Score breakdown for mandy-2018: {
  "collaborative": "0.294",
  "genre": "0.040",
  "director": "0.000",
  "actor": "0.000",
  "temporal": "0.045",
  "final": "0.380"
}
[2025-11-16T06:31:32.330Z] DEBUG: Score breakdown for noroi-the-curse: {
  "collaborative": "0.350",
  "genre": "0.200",
  "director": "0.000",
  "actor": "0.000",
  "temporal": "0.018",
  "final": "0.568"
}
[2025-11-16T06:31:32.330Z] DEBUG: Score breakdown for charade: {
  "collaborative": "0.277",
  "genre": "0.040",
  "director": "0.000",
  "actor": "0.000",
  "temporal": "0.001",
  "final": "0.318"
}
[2025-11-16T06:31:32.330Z] DEBUG: Score breakdown for basic-instinct: {
  "collaborative": "0.286",
  "genre": "0.133",
  "director": "0.000",
  "actor": "0.000",
  "temporal": "0.003",
  "final": "0.422"
}
[2025-11-16T06:31:32.330Z] DEBUG: Score breakdown for suspiria: {
  "collaborative": "0.252",
  "genre": "0.067",
  "director": "0.000",
  "actor": "0.000",
  "temporal": "0.001",
  "final": "0.320"
}
[2025-11-16T06:31:32.330Z] DEBUG: Score breakdown for lavventura: {
  "collaborative": "0.350",
  "genre": "0.040",
  "director": "0.000",
  "actor": "0.000",
  "temporal": "0.001",
  "final": "0.391"
}
[2025-11-16T06:31:32.330Z] DEBUG: Score breakdown for the-texas-chain-saw-massacre: {
  "collaborative": "0.237",
  "genre": "0.067",
  "director": "0.000",
  "actor": "0.000",
  "temporal": "0.001",
  "final": "0.304"
}
[2025-11-16T06:31:32.330Z] DEBUG: Score breakdown for twin-peaks: {
  "collaborative": "0.188",
  "genre": "0.080",
  "director": "0.000",
  "actor": "0.000",
  "temporal": "0.002",
  "final": "0.270"
}
[2025-11-16T06:31:32.331Z] DEBUG: Score breakdown for bones-and-all: {
  "collaborative": "0.215",
  "genre": "0.040",
  "director": "0.000",
  "actor": "0.000",
  "temporal": "0.041",
  "final": "0.296"
}
[2025-11-16T06:31:32.331Z] DEBUG: Score breakdown for shoplifters: {
  "collaborative": "0.199",
  "genre": "0.040",
  "director": "0.000",
  "actor": "0.000",
  "temporal": "0.045",
  "final": "0.284"
}
[2025-11-16T06:31:32.331Z] DEBUG: Score breakdown for bodies-bodies-bodies: {
  "collaborative": "0.238",
  "genre": "0.100",
  "director": "0.000",
  "actor": "0.000",
  "temporal": "0.041",
  "final": "0.379"
}
[2025-11-16T06:31:32.331Z] DEBUG: Score breakdown for day-of-the-dead: {
  "collaborative": "0.313",
  "genre": "0.100",
  "director": "0.000",
  "actor": "0.000",
  "temporal": "0.002",
  "final": "0.415"
}
[2025-11-16T06:31:32.331Z] DEBUG: Score breakdown for the-crow: {
  "collaborative": "0.278",
  "genre": "0.040",
  "director": "0.000",
  "actor": "0.000",
  "temporal": "0.003",
  "final": "0.321"
}
[2025-11-16T06:31:32.331Z] DEBUG: Score breakdown for se7en: {
  "collaborative": "0.144",
  "genre": "0.100",
  "director": "0.000",
  "actor": "0.000",
  "temporal": "0.003",
  "final": "0.247"
}
[2025-11-16T06:31:32.331Z] DEBUG: Score breakdown for dead-ringers: {
  "collaborative": "0.301",
  "genre": "0.133",
  "director": "0.000",
  "actor": "0.000",
  "temporal": "0.002",
  "final": "0.437"
}
[2025-11-16T06:31:32.331Z] DEBUG: Score breakdown for black-swan: {
  "collaborative": "0.182",
  "genre": "0.100",
  "director": "0.000",
  "actor": "0.000",
  "temporal": "0.028",
  "final": "0.310"
}
[2025-11-16T06:31:32.331Z] DEBUG: Score breakdown for collateral: {
  "collaborative": "0.248",
  "genre": "0.040",
  "director": "0.000",
  "actor": "0.000",
  "temporal": "0.016",
  "final": "0.304"
}
[2025-11-16T06:31:32.331Z] DEBUG: Score breakdown for raw-2016: {
  "collaborative": "0.249",
  "genre": "0.050",
  "director": "0.000",
  "actor": "0.000",
  "temporal": "0.041",
  "final": "0.340"
}
[2025-11-16T06:31:32.332Z] DEBUG: Score breakdown for sicario-2015: {
  "collaborative": "0.253",
  "genre": "0.040",
  "director": "0.000",
  "actor": "0.000",
  "temporal": "0.039",
  "final": "0.331"
}
[2025-11-16T06:31:32.332Z] DEBUG: Score breakdown for blow-out: {
  "collaborative": "0.231",
  "genre": "0.100",
  "director": "0.000",
  "actor": "0.000",
  "temporal": "0.002",
  "final": "0.333"
}
[2025-11-16T06:31:32.332Z] DEBUG: Score breakdown for mulholland-drive: {
  "collaborative": "0.168",
  "genre": "0.100",
  "director": "0.000",
  "actor": "0.000",
  "temporal": "0.010",
  "final": "0.278"
}
[2025-11-16T06:31:32.332Z] DEBUG: Score breakdown for cure: {
  "collaborative": "0.202",
  "genre": "0.150",
  "director": "0.000",
  "actor": "0.000",
  "temporal": "0.004",
  "final": "0.356"
}
[2025-11-16T06:31:32.332Z] DEBUG: Score breakdown for saw-ii: {
  "collaborative": "0.338",
  "genre": "0.067",
  "director": "0.000",
  "actor": "0.000",
  "temporal": "0.018",
  "final": "0.422"
}
[2025-11-16T06:31:32.332Z] DEBUG: Score breakdown for the-invisible-man-2020: {
  "collaborative": "0.248",
  "genre": "0.100",
  "director": "0.000",
  "actor": "0.000",
  "temporal": "0.043",
  "final": "0.391"
}
[2025-11-16T06:31:32.332Z] DEBUG: Score breakdown for midsommar: {
  "collaborative": "0.222",
  "genre": "0.100",
  "director": "0.000",
  "actor": "0.000",
  "temporal": "0.044",
  "final": "0.366"
}
[2025-11-16T06:31:32.332Z] DEBUG: Score breakdown for oldboy: {
  "collaborative": "0.158",
  "genre": "0.080",
  "director": "0.000",
  "actor": "0.000",
  "temporal": "0.014",
  "final": "0.252"
}
[2025-11-16T06:31:32.332Z] DEBUG: Score breakdown for scream: {
  "collaborative": "0.193",
  "genre": "0.100",
  "director": "0.000",
  "actor": "0.000",
  "temporal": "0.003",
  "final": "0.297"
}
[2025-11-16T06:31:32.332Z] DEBUG: Score breakdown for childs-play-2: {
  "collaborative": "0.345",
  "genre": "0.133",
  "director": "0.000",
  "actor": "0.000",
  "temporal": "0.002",
  "final": "0.481"
}
[2025-11-16T06:31:32.333Z] DEBUG: Score breakdown for sympathy-for-mr-vengeance: {
  "collaborative": "0.316",
  "genre": "0.040",
  "director": "0.000",
  "actor": "0.000",
  "temporal": "0.012",
  "final": "0.368"
}
[2025-11-16T06:31:32.333Z] DEBUG: Score breakdown for parasite-2019: {
  "collaborative": "0.130",
  "genre": "0.040",
  "director": "0.000",
  "actor": "0.000",
  "temporal": "0.044",
  "final": "0.215"
}
[2025-11-16T06:31:32.333Z] DEBUG: Score breakdown for the-wailing: {
  "collaborative": "0.288",
  "genre": "0.133",
  "director": "0.000",
  "actor": "0.000",
  "temporal": "0.041",
  "final": "0.462"
}
[2025-11-16T06:31:32.333Z] DEBUG: Score breakdown for the-shining: {
  "collaborative": "0.157",
  "genre": "0.133",
  "director": "0.000",
  "actor": "0.000",
  "temporal": "0.001",
  "final": "0.292"
}
[2025-11-16T06:31:32.333Z] DEBUG: Score breakdown for the-innocents: {
  "collaborative": "0.280",
  "genre": "0.133",
  "director": "0.000",
  "actor": "0.000",
  "temporal": "0.001",
  "final": "0.414"
}
[2025-11-16T06:31:32.333Z] DEBUG: Score breakdown for it-2017: {
  "collaborative": "0.265",
  "genre": "0.133",
  "director": "0.000",
  "actor": "0.000",
  "temporal": "0.043",
  "final": "0.441"
}
[2025-11-16T06:31:32.333Z] DEBUG: Score breakdown for chinatown: {
  "collaborative": "0.201",
  "genre": "0.080",
  "director": "0.000",
  "actor": "0.000",
  "temporal": "0.001",
  "final": "0.282"
}
[2025-11-16T06:31:32.333Z] DEBUG: Score breakdown for an-american-werewolf-in-london: {
  "collaborative": "0.249",
  "genre": "0.050",
  "director": "0.000",
  "actor": "0.000",
  "temporal": "0.002",
  "final": "0.301"
}
[2025-11-16T06:31:32.333Z] DEBUG: Score breakdown for saw-v: {
  "collaborative": "0.350",
  "genre": "0.100",
  "director": "0.000",
  "actor": "0.000",
  "temporal": "0.024",
  "final": "0.474"
}
[2025-11-16T06:31:32.334Z] DEBUG: Score breakdown for nosferatu-2024: {
  "collaborative": "0.163",
  "genre": "0.040",
  "director": "0.000",
  "actor": "0.000",
  "temporal": "0.039",
  "final": "0.242"
}
[2025-11-16T06:31:32.334Z] DEBUG: Score breakdown for shaun-of-the-dead: {
  "collaborative": "0.227",
  "genre": "0.050",
  "director": "0.000",
  "actor": "0.000",
  "temporal": "0.016",
  "final": "0.292"
}
[2025-11-16T06:31:32.334Z] DEBUG: Score breakdown for gremlins-2-the-new-batch: {
  "collaborative": "0.307",
  "genre": "0.040",
  "director": "0.000",
  "actor": "0.000",
  "temporal": "0.002",
  "final": "0.350"
}
[2025-11-16T06:31:32.334Z] DEBUG: Score breakdown for the-girl-with-the-dragon-tattoo-2011: {
  "collaborative": "0.244",
  "genre": "0.100",
  "director": "0.000",
  "actor": "0.000",
  "temporal": "0.030",
  "final": "0.374"
}
[2025-11-16T06:31:32.334Z] DEBUG: Score breakdown for take-shelter: {
  "collaborative": "0.336",
  "genre": "0.050",
  "director": "0.000",
  "actor": "0.000",
  "temporal": "0.030",
  "final": "0.416"
}
[2025-11-16T06:31:32.334Z] DEBUG: Score breakdown for possession: {
  "collaborative": "0.222",
  "genre": "0.067",
  "director": "0.000",
  "actor": "0.000",
  "temporal": "0.002",
  "final": "0.290"
}
[2025-11-16T06:31:32.334Z] DEBUG: Score breakdown for joker-2019: {
  "collaborative": "0.258",
  "genre": "0.040",
  "director": "0.000",
  "actor": "0.000",
  "temporal": "0.044",
  "final": "0.342"
}
[2025-11-16T06:31:32.334Z] DEBUG: Score breakdown for room-2015: {
  "collaborative": "0.247",
  "genre": "0.050",
  "director": "0.000",
  "actor": "0.000",
  "temporal": "0.039",
  "final": "0.336"
}
[2025-11-16T06:31:32.335Z] DEBUG: Score breakdown for casino-royale-2006: {
  "collaborative": "0.271",
  "genre": "0.040",
  "director": "0.000",
  "actor": "0.000",
  "temporal": "0.020",
  "final": "0.331"
}
[2025-11-16T06:31:32.335Z] DEBUG: Score breakdown for hush-2016: {
  "collaborative": "0.350",
  "genre": "0.133",
  "director": "0.000",
  "actor": "0.000",
  "temporal": "0.041",
  "final": "0.524"
}
[2025-11-16T06:31:32.335Z] DEBUG: Score breakdown for game-night: {
  "collaborative": "0.245",
  "genre": "0.040",
  "director": "0.000",
  "actor": "0.000",
  "temporal": "0.045",
  "final": "0.330"
}
[2025-11-16T06:31:32.335Z] DEBUG: Score breakdown for the-lighthouse-2019: {
  "collaborative": "0.210",
  "genre": "0.080",
  "director": "0.000",
  "actor": "0.000",
  "temporal": "0.044",
  "final": "0.334"
}
[2025-11-16T06:31:32.335Z] DEBUG: Score breakdown for man-on-fire-2004: {
  "collaborative": "0.333",
  "genre": "0.040",
  "director": "0.000",
  "actor": "0.000",
  "temporal": "0.016",
  "final": "0.389"
}
[2025-11-16T06:31:32.335Z] DEBUG: Score breakdown for the-dead-zone: {
  "collaborative": "0.350",
  "genre": "0.100",
  "director": "0.000",
  "actor": "0.000",
  "temporal": "0.002",
  "final": "0.452"
}
[2025-11-16T06:31:32.336Z] DEBUG: Score breakdown for amsterdam-2022: {
  "collaborative": "0.350",
  "genre": "0.040",
  "director": "0.000",
  "actor": "0.000",
  "temporal": "0.041",
  "final": "0.431"
}
[2025-11-16T06:31:32.336Z] DEBUG: Score breakdown for aliens: {
  "collaborative": "0.203",
  "genre": "0.080",
  "director": "0.000",
  "actor": "0.000",
  "temporal": "0.002",
  "final": "0.285"
}
[2025-11-16T06:31:32.336Z] DEBUG: Score breakdown for red-rooms: {
  "collaborative": "0.220",
  "genre": "0.100",
  "director": "0.000",
  "actor": "0.000",
  "temporal": "0.040",
  "final": "0.360"
}
[2025-11-16T06:31:32.336Z] DEBUG: Score breakdown for the-night-of-the-hunter: {
  "collaborative": "0.200",
  "genre": "0.040",
  "director": "0.000",
  "actor": "0.000",
  "temporal": "0.000",
  "final": "0.241"
}
[2025-11-16T06:31:32.336Z] DEBUG: Score breakdown for thesis: {
  "collaborative": "0.350",
  "genre": "0.133",
  "director": "0.000",
  "actor": "0.000",
  "temporal": "0.003",
  "final": "0.487"
}
[2025-11-16T06:31:32.336Z] DEBUG: Score breakdown for the-batman: {
  "collaborative": "0.187",
  "genre": "0.100",
  "director": "0.000",
  "actor": "0.000",
  "temporal": "0.041",
  "final": "0.328"
}
[2025-11-16T06:31:32.340Z] DEBUG: Score breakdown for thelma-louise: {
  "collaborative": "0.206",
  "genre": "0.033",
  "director": "0.000",
  "actor": "0.000",
  "temporal": "0.003",
  "final": "0.242"
}
[2025-11-16T06:31:32.340Z] DEBUG: Score breakdown for strangers-on-a-train: {
  "collaborative": "0.274",
  "genre": "0.050",
  "director": "0.000",
  "actor": "0.000",
  "temporal": "0.000",
  "final": "0.325"
}
[2025-11-16T06:31:32.340Z] DEBUG: Score breakdown for double-indemnity: {
  "collaborative": "0.200",
  "genre": "0.050",
  "director": "0.000",
  "actor": "0.000",
  "temporal": "0.000",
  "final": "0.250"
}
[2025-11-16T06:31:32.340Z] DEBUG: Score breakdown for inglourious-basterds: {
  "collaborative": "0.143",
  "genre": "0.040",
  "director": "0.000",
  "actor": "0.000",
  "temporal": "0.026",
  "final": "0.209"
}
[2025-11-16T06:31:32.341Z] DEBUG: Score breakdown for a-quiet-place-2018: {
  "collaborative": "0.239",
  "genre": "0.040",
  "director": "0.000",
  "actor": "0.000",
  "temporal": "0.045",
  "final": "0.325"
}
[2025-11-16T06:31:32.341Z] DEBUG: Score breakdown for scream-2: {
  "collaborative": "0.279",
  "genre": "0.133",
  "director": "0.000",
  "actor": "0.000",
  "temporal": "0.004",
  "final": "0.416"
}
[2025-11-16T06:31:32.341Z] DEBUG: Score breakdown for saw-vi: {
  "collaborative": "0.350",
  "genre": "0.133",
  "director": "0.000",
  "actor": "0.000",
  "temporal": "0.026",
  "final": "0.509"
}
[2025-11-16T06:31:32.341Z] DEBUG: Score breakdown for terminator-2-judgment-day: {
  "collaborative": "0.172",
  "genre": "0.040",
  "director": "0.000",
  "actor": "0.000",
  "temporal": "0.003",
  "final": "0.214"
}
[2025-11-16T06:31:32.341Z] DEBUG: Score breakdown for the-silence-of-the-lambs: {
  "collaborative": "0.146",
  "genre": "0.080",
  "director": "0.000",
  "actor": "0.000",
  "temporal": "0.003",
  "final": "0.229"
}
[2025-11-16T06:31:32.341Z] DEBUG: Score breakdown for mothers-instinct-2024: {
  "collaborative": "0.350",
  "genre": "0.050",
  "director": "0.000",
  "actor": "0.000",
  "temporal": "0.039",
  "final": "0.439"
}
[2025-11-16T06:31:32.343Z] DEBUG: Score breakdown for 2001-a-space-odyssey: {
  "collaborative": "0.173",
  "genre": "0.040",
  "director": "0.000",
  "actor": "0.000",
  "temporal": "0.001",
  "final": "0.214"
}
[2025-11-16T06:31:32.343Z] DEBUG: Score breakdown for 10-cloverfield-lane: {
  "collaborative": "0.274",
  "genre": "0.080",
  "director": "0.000",
  "actor": "0.000",
  "temporal": "0.041",
  "final": "0.394"
}
[2025-11-16T06:31:32.343Z] DEBUG: Score breakdown for scream-vi: {
  "collaborative": "0.257",
  "genre": "0.100",
  "director": "0.000",
  "actor": "0.000",
  "temporal": "0.040",
  "final": "0.397"
}
[2025-11-16T06:31:32.343Z] DEBUG: Score breakdown for scream-3: {
  "collaborative": "0.350",
  "genre": "0.133",
  "director": "0.000",
  "actor": "0.000",
  "temporal": "0.008",
  "final": "0.491"
}
[2025-11-16T06:31:32.343Z] DEBUG: Score breakdown for happy-death-day-2u: {
  "collaborative": "0.350",
  "genre": "0.040",
  "director": "0.000",
  "actor": "0.000",
  "temporal": "0.044",
  "final": "0.434"
}
[2025-11-16T06:31:32.343Z] DEBUG: Score breakdown for halloween: {
  "collaborative": "0.350",
  "genre": "0.067",
  "director": "0.000",
  "actor": "0.000",
  "temporal": "0.022",
  "final": "0.438"
}
[2025-11-16T06:31:32.343Z] DEBUG: Score breakdown for a-nightmare-on-elm-street-2010: {
  "collaborative": "0.350",
  "genre": "0.200",
  "director": "0.000",
  "actor": "0.000",
  "temporal": "0.028",
  "final": "0.578"
}
[2025-11-16T06:31:32.343Z] DEBUG: Score breakdown for its-whats-inside: {
  "collaborative": "0.247",
  "genre": "0.040",
  "director": "0.000",
  "actor": "0.000",
  "temporal": "0.039",
  "final": "0.326"
}
[2025-11-16T06:31:32.344Z] DEBUG: Score breakdown for after-hours: {
  "collaborative": "0.206",
  "genre": "0.040",
  "director": "0.000",
  "actor": "0.000",
  "temporal": "0.002",
  "final": "0.248"
}
[2025-11-16T06:31:32.344Z] DEBUG: Score breakdown for climax-2018: {
  "collaborative": "0.284",
  "genre": "0.050",
  "director": "0.000",
  "actor": "0.000",
  "temporal": "0.045",
  "final": "0.379"
}
[2025-11-16T06:31:32.344Z] DEBUG: Score breakdown for eileen-2023: {
  "collaborative": "0.348",
  "genre": "0.067",
  "director": "0.000",
  "actor": "0.000",
  "temporal": "0.040",
  "final": "0.454"
}
[2025-11-16T06:31:32.344Z] DEBUG: Score breakdown for longlegs: {
  "collaborative": "0.206",
  "genre": "0.100",
  "director": "0.000",
  "actor": "0.000",
  "temporal": "0.039",
  "final": "0.345"
}
[2025-11-16T06:31:32.344Z] DEBUG: Score breakdown for may: {
  "collaborative": "0.299",
  "genre": "0.040",
  "director": "0.000",
  "actor": "0.000",
  "temporal": "0.012",
  "final": "0.351"
}
[2025-11-16T06:31:32.344Z] DEBUG: Score breakdown for taken: {
  "collaborative": "0.350",
  "genre": "0.050",
  "director": "0.000",
  "actor": "0.000",
  "temporal": "0.024",
  "final": "0.424"
}
[2025-11-16T06:31:32.344Z] DEBUG: Score breakdown for phone-booth: {
  "collaborative": "0.350",
  "genre": "0.050",
  "director": "0.000",
  "actor": "0.000",
  "temporal": "0.012",
  "final": "0.412"
}
[2025-11-16T06:31:32.344Z] DEBUG: Score breakdown for burning-2018: {
  "collaborative": "0.260",
  "genre": "0.100",
  "director": "0.000",
  "actor": "0.000",
  "temporal": "0.045",
  "final": "0.406"
}
[2025-11-16T06:31:32.344Z] DEBUG: Score breakdown for the-substance: {
  "collaborative": "0.158",
  "genre": "0.050",
  "director": "0.000",
  "actor": "0.000",
  "temporal": "0.039",
  "final": "0.246"
}
[2025-11-16T06:31:32.344Z] DEBUG: Score breakdown for fatal-attraction: {
  "collaborative": "0.350",
  "genre": "0.040",
  "director": "0.000",
  "actor": "0.000",
  "temporal": "0.002",
  "final": "0.392"
}
[2025-11-16T06:31:32.345Z] DEBUG: Score breakdown for the-blair-witch-project: {
  "collaborative": "0.265",
  "genre": "0.133",
  "director": "0.000",
  "actor": "0.000",
  "temporal": "0.006",
  "final": "0.404"
}
[2025-11-16T06:31:32.345Z] DEBUG: Score breakdown for black-mirror-san-junipero: {
  "collaborative": "0.249",
  "genre": "0.033",
  "director": "0.000",
  "actor": "0.000",
  "temporal": "0.041",
  "final": "0.324"
}
[2025-11-16T06:31:32.345Z] DEBUG: Score breakdown for american-psycho: {
  "collaborative": "0.213",
  "genre": "0.080",
  "director": "0.000",
  "actor": "0.000",
  "temporal": "0.008",
  "final": "0.301"
}
[2025-11-16T06:31:32.345Z] DEBUG: Score breakdown for thief: {
  "collaborative": "0.268",
  "genre": "0.040",
  "director": "0.000",
  "actor": "0.000",
  "temporal": "0.002",
  "final": "0.310"
}
[2025-11-16T06:31:32.345Z] DEBUG: Score breakdown for sanctuary-2022: {
  "collaborative": "0.327",
  "genre": "0.050",
  "director": "0.000",
  "actor": "0.000",
  "temporal": "0.041",
  "final": "0.418"
}
[2025-11-16T06:31:32.345Z] DEBUG: Score breakdown for memento: {
  "collaborative": "0.205",
  "genre": "0.133",
  "director": "0.000",
  "actor": "0.000",
  "temporal": "0.008",
  "final": "0.346"
}
[2025-11-16T06:31:32.345Z] DEBUG: Score breakdown for us-2019: {
  "collaborative": "0.226",
  "genre": "0.133",
  "director": "0.000",
  "actor": "0.000",
  "temporal": "0.044",
  "final": "0.403"
}
[2025-11-16T06:31:32.346Z] DEBUG: Score breakdown for unbreakable: {
  "collaborative": "0.272",
  "genre": "0.100",
  "director": "0.000",
  "actor": "0.000",
  "temporal": "0.008",
  "final": "0.379"
}
[2025-11-16T06:31:32.346Z] DEBUG: Score breakdown for clue: {
  "collaborative": "0.253",
  "genre": "0.080",
  "director": "0.000",
  "actor": "0.000",
  "temporal": "0.002",
  "final": "0.335"
}
[2025-11-16T06:31:32.346Z] DEBUG: Score breakdown for i-care-a-lot: {
  "collaborative": "0.350",
  "genre": "0.040",
  "director": "0.000",
  "actor": "0.000",
  "temporal": "0.043",
  "final": "0.433"
}
[2025-11-16T06:31:32.346Z] DEBUG: Score breakdown for the-others: {
  "collaborative": "0.308",
  "genre": "0.200",
  "director": "0.000",
  "actor": "0.000",
  "temporal": "0.010",
  "final": "0.518"
}
[2025-11-16T06:31:32.346Z] DEBUG: Score breakdown for sunshine-2007: {
  "collaborative": "0.290",
  "genre": "0.040",
  "director": "0.000",
  "actor": "0.000",
  "temporal": "0.022",
  "final": "0.352"
}
[2025-11-16T06:31:32.346Z] DEBUG: Score breakdown for thoroughbreds-2017: {
  "collaborative": "0.274",
  "genre": "0.050",
  "director": "0.000",
  "actor": "0.000",
  "temporal": "0.043",
  "final": "0.367"
}
[2025-11-16T06:31:32.346Z] DEBUG: Score breakdown for searching-2018: {
  "collaborative": "0.283",
  "genre": "0.100",
  "director": "0.000",
  "actor": "0.000",
  "temporal": "0.045",
  "final": "0.429"
}
[2025-11-16T06:31:32.347Z] DEBUG: Score breakdown for house-of-1000-corpses: {
  "collaborative": "0.350",
  "genre": "0.067",
  "director": "0.000",
  "actor": "0.000",
  "temporal": "0.014",
  "final": "0.430"
}
[2025-11-16T06:31:32.347Z] DEBUG: Score breakdown for the-craft: {
  "collaborative": "0.320",
  "genre": "0.040",
  "director": "0.000",
  "actor": "0.000",
  "temporal": "0.003",
  "final": "0.363"
}
[2025-11-16T06:31:32.347Z] DEBUG: Score breakdown for elle: {
  "collaborative": "0.350",
  "genre": "0.050",
  "director": "0.000",
  "actor": "0.000",
  "temporal": "0.041",
  "final": "0.441"
}
[2025-11-16T06:31:32.347Z] DEBUG: Score breakdown for bram-stokers-dracula: {
  "collaborative": "0.275",
  "genre": "0.050",
  "director": "0.000",
  "actor": "0.000",
  "temporal": "0.003",
  "final": "0.328"
}
[2025-11-16T06:31:32.347Z] DEBUG: Score breakdown for the-invisible-man: {
  "collaborative": "0.289",
  "genre": "0.050",
  "director": "0.000",
  "actor": "0.000",
  "temporal": "0.000",
  "final": "0.339"
}
[2025-11-16T06:31:32.347Z] DEBUG: Score breakdown for i-saw-the-tv-glow: {
  "collaborative": "0.195",
  "genre": "0.050",
  "director": "0.000",
  "actor": "0.000",
  "temporal": "0.039",
  "final": "0.283"
}
[2025-11-16T06:31:32.347Z] DEBUG: Score breakdown for blade: {
  "collaborative": "0.350",
  "genre": "0.050",
  "director": "0.000",
  "actor": "0.000",
  "temporal": "0.004",
  "final": "0.404"
}
[2025-11-16T06:31:32.348Z] DEBUG: Score breakdown for the-menu-2022: {
  "collaborative": "0.221",
  "genre": "0.100",
  "director": "0.000",
  "actor": "0.000",
  "temporal": "0.041",
  "final": "0.362"
}
[2025-11-16T06:31:32.348Z] DEBUG: Score breakdown for what-we-do-in-the-shadows: {
  "collaborative": "0.201",
  "genre": "0.050",
  "director": "0.000",
  "actor": "0.000",
  "temporal": "0.037",
  "final": "0.287"
}
[2025-11-16T06:31:32.348Z] DEBUG: Score breakdown for 1917: {
  "collaborative": "0.214",
  "genre": "0.033",
  "director": "0.000",
  "actor": "0.000",
  "temporal": "0.044",
  "final": "0.292"
}
[2025-11-16T06:31:32.348Z] DEBUG: Score breakdown for gone-girl: {
  "collaborative": "0.185",
  "genre": "0.100",
  "director": "0.000",
  "actor": "0.000",
  "temporal": "0.037",
  "final": "0.321"
}
[2025-11-16T06:31:32.348Z] DEBUG: Score breakdown for halloween-iii-season-of-the-witch: {
  "collaborative": "0.316",
  "genre": "0.050",
  "director": "0.000",
  "actor": "0.000",
  "temporal": "0.002",
  "final": "0.368"
}
[2025-11-16T06:31:32.348Z] DEBUG: Score breakdown for good-time: {
  "collaborative": "0.229",
  "genre": "0.050",
  "director": "0.000",
  "actor": "0.000",
  "temporal": "0.043",
  "final": "0.323"
}
[2025-11-16T06:31:32.348Z] DEBUG: Score breakdown for the-raid-2011: {
  "collaborative": "0.297",
  "genre": "0.040",
  "director": "0.000",
  "actor": "0.000",
  "temporal": "0.030",
  "final": "0.367"
}
[2025-11-16T06:31:32.348Z] DEBUG: Score breakdown for the-impossible: {
  "collaborative": "0.350",
  "genre": "0.040",
  "director": "0.000",
  "actor": "0.000",
  "temporal": "0.032",
  "final": "0.422"
}
[2025-11-16T06:31:32.348Z] DEBUG: Score breakdown for no-time-to-die-2021: {
  "collaborative": "0.264",
  "genre": "0.040",
  "director": "0.000",
  "actor": "0.000",
  "temporal": "0.042",
  "final": "0.346"
}
[2025-11-16T06:31:32.349Z] DEBUG: Score breakdown for the-platform: {
  "collaborative": "0.350",
  "genre": "0.040",
  "director": "0.000",
  "actor": "0.000",
  "temporal": "0.044",
  "final": "0.434"
}
[2025-11-16T06:31:32.349Z] DEBUG: Score breakdown for once-upon-a-time-in-hollywood: {
  "collaborative": "0.228",
  "genre": "0.040",
  "director": "0.000",
  "actor": "0.000",
  "temporal": "0.044",
  "final": "0.312"
}
[2025-11-16T06:31:32.349Z] DEBUG: Score breakdown for woman-of-the-hour: {
  "collaborative": "0.299",
  "genre": "0.040",
  "director": "0.000",
  "actor": "0.000",
  "temporal": "0.040",
  "final": "0.379"
}
[2025-11-16T06:31:32.349Z] DEBUG: Score breakdown for battle-royale: {
  "collaborative": "0.285",
  "genre": "0.040",
  "director": "0.000",
  "actor": "0.000",
  "temporal": "0.008",
  "final": "0.332"
}
[2025-11-16T06:31:32.349Z] DEBUG: Score breakdown for tenebre: {
  "collaborative": "0.302",
  "genre": "0.200",
  "director": "0.000",
  "actor": "0.000",
  "temporal": "0.002",
  "final": "0.504"
}
[2025-11-16T06:31:32.349Z] DEBUG: Score breakdown for tucker-and-dale-vs-evil: {
  "collaborative": "0.350",
  "genre": "0.050",
  "director": "0.000",
  "actor": "0.000",
  "temporal": "0.028",
  "final": "0.428"
}
[2025-11-16T06:31:32.349Z] DEBUG: Score breakdown for the-witches-of-eastwick: {
  "collaborative": "0.350",
  "genre": "0.040",
  "director": "0.000",
  "actor": "0.000",
  "temporal": "0.002",
  "final": "0.392"
}
[2025-11-16T06:31:32.349Z] DEBUG: Score breakdown for suspiria-2018: {
  "collaborative": "0.242",
  "genre": "0.100",
  "director": "0.000",
  "actor": "0.000",
  "temporal": "0.045",
  "final": "0.387"
}
[2025-11-16T06:31:32.349Z] DEBUG: Score breakdown for nightmare-alley-2021: {
  "collaborative": "0.279",
  "genre": "0.040",
  "director": "0.000",
  "actor": "0.000",
  "temporal": "0.042",
  "final": "0.361"
}
[2025-11-16T06:31:32.349Z] DEBUG: Score breakdown for bad-times-at-the-el-royale: {
  "collaborative": "0.295",
  "genre": "0.080",
  "director": "0.000",
  "actor": "0.000",
  "temporal": "0.045",
  "final": "0.421"
}
[2025-11-16T06:31:32.349Z] DEBUG: Score breakdown for mother-2017: {
  "collaborative": "0.269",
  "genre": "0.100",
  "director": "0.000",
  "actor": "0.000",
  "temporal": "0.043",
  "final": "0.412"
}
[2025-11-16T06:31:32.349Z] DEBUG: Score breakdown for happy-death-day: {
  "collaborative": "0.350",
  "genre": "0.100",
  "director": "0.000",
  "actor": "0.000",
  "temporal": "0.043",
  "final": "0.493"
}
[2025-11-16T06:31:32.350Z] DEBUG: Score breakdown for the-dark-knight: {
  "collaborative": "0.147",
  "genre": "0.033",
  "director": "0.000",
  "actor": "0.000",
  "temporal": "0.024",
  "final": "0.204"
}
[2025-11-16T06:31:32.350Z] DEBUG: Score breakdown for monkey-man: {
  "collaborative": "0.232",
  "genre": "0.050",
  "director": "0.000",
  "actor": "0.000",
  "temporal": "0.039",
  "final": "0.321"
}
[2025-11-16T06:31:32.350Z] DEBUG: Score breakdown for coraline: {
  "collaborative": "0.186",
  "genre": "0.033",
  "director": "0.000",
  "actor": "0.000",
  "temporal": "0.026",
  "final": "0.245"
}
[2025-11-16T06:31:32.350Z] DEBUG: Score breakdown for le-samourai: {
  "collaborative": "0.235",
  "genre": "0.040",
  "director": "0.000",
  "actor": "0.000",
  "temporal": "0.001",
  "final": "0.276"
}
[2025-11-16T06:31:32.350Z] DEBUG: Score breakdown for nocturnal-animals: {
  "collaborative": "0.286",
  "genre": "0.050",
  "director": "0.000",
  "actor": "0.000",
  "temporal": "0.041",
  "final": "0.377"
}
[2025-11-16T06:31:32.350Z] DEBUG: Score breakdown for black-mirror-white-christmas: {
  "collaborative": "0.260",
  "genre": "0.033",
  "director": "0.000",
  "actor": "0.000",
  "temporal": "0.037",
  "final": "0.330"
}
[2025-11-16T06:31:32.350Z] DEBUG: Score breakdown for dawn-of-the-dead: {
  "collaborative": "0.302",
  "genre": "0.067",
  "director": "0.000",
  "actor": "0.000",
  "temporal": "0.001",
  "final": "0.370"
}
[2025-11-16T06:31:32.351Z] DEBUG: Score breakdown for jaws: {
  "collaborative": "0.232",
  "genre": "0.100",
  "director": "0.000",
  "actor": "0.000",
  "temporal": "0.001",
  "final": "0.333"
}
[2025-11-16T06:31:32.351Z] DEBUG: Score breakdown for new-nightmare: {
  "collaborative": "0.348",
  "genre": "0.100",
  "director": "0.000",
  "actor": "0.000",
  "temporal": "0.003",
  "final": "0.451"
}
[2025-11-16T06:31:32.351Z] DEBUG: Score breakdown for evil-dead-rise: {
  "collaborative": "0.264",
  "genre": "0.133",
  "director": "0.000",
  "actor": "0.000",
  "temporal": "0.040",
  "final": "0.437"
}
[2025-11-16T06:31:32.351Z] DEBUG: Score breakdown for evil-dead-ii: {
  "collaborative": "0.239",
  "genre": "0.040",
  "director": "0.000",
  "actor": "0.000",
  "temporal": "0.002",
  "final": "0.281"
}
[2025-11-16T06:31:32.351Z] DEBUG: Score breakdown for children-of-men: {
  "collaborative": "0.177",
  "genre": "0.033",
  "director": "0.000",
  "actor": "0.000",
  "temporal": "0.020",
  "final": "0.230"
}
[2025-11-16T06:31:32.351Z] DEBUG: Score breakdown for zodiac: {
  "collaborative": "0.208",
  "genre": "0.080",
  "director": "0.000",
  "actor": "0.000",
  "temporal": "0.022",
  "final": "0.309"
}
[2025-11-16T06:31:32.351Z] DEBUG: Score breakdown for the-hurt-locker: {
  "collaborative": "0.350",
  "genre": "0.040",
  "director": "0.000",
  "actor": "0.000",
  "temporal": "0.024",
  "final": "0.414"
}
[2025-11-16T06:31:32.351Z] DEBUG: Score breakdown for signs: {
  "collaborative": "0.283",
  "genre": "0.120",
  "director": "0.000",
  "actor": "0.000",
  "temporal": "0.012",
  "final": "0.415"
}
[2025-11-16T06:31:32.351Z] DEBUG: Score breakdown for dawn-of-the-dead-2004: {
  "collaborative": "0.350",
  "genre": "0.050",
  "director": "0.000",
  "actor": "0.000",
  "temporal": "0.016",
  "final": "0.416"
}
[2025-11-16T06:31:32.351Z] DEBUG: Score breakdown for citizen-kane: {
  "collaborative": "0.226",
  "genre": "0.050",
  "director": "0.000",
  "actor": "0.000",
  "temporal": "0.000",
  "final": "0.276"
}
[2025-11-16T06:31:32.352Z] DEBUG: Score breakdown for zombieland: {
  "collaborative": "0.290",
  "genre": "0.050",
  "director": "0.000",
  "actor": "0.000",
  "temporal": "0.026",
  "final": "0.366"
}
[2025-11-16T06:31:32.352Z] DEBUG: Score breakdown for the-killing-of-a-sacred-deer: {
  "collaborative": "0.238",
  "genre": "0.100",
  "director": "0.000",
  "actor": "0.000",
  "temporal": "0.043",
  "final": "0.381"
}
[2025-11-16T06:31:32.352Z] DEBUG: Score breakdown for death-becomes-her: {
  "collaborative": "0.258",
  "genre": "0.040",
  "director": "0.000",
  "actor": "0.000",
  "temporal": "0.003",
  "final": "0.301"
}
[2025-11-16T06:31:32.352Z] DEBUG: Score breakdown for smile-2-2024: {
  "collaborative": "0.222",
  "genre": "0.133",
  "director": "0.000",
  "actor": "0.000",
  "temporal": "0.039",
  "final": "0.394"
}
[2025-11-16T06:31:32.352Z] DEBUG: Score breakdown for the-player: {
  "collaborative": "0.280",
  "genre": "0.067",
  "director": "0.000",
  "actor": "0.000",
  "temporal": "0.003",
  "final": "0.350"
}
[2025-11-16T06:31:32.352Z] DEBUG: Score breakdown for blade-ii: {
  "collaborative": "0.350",
  "genre": "0.080",
  "director": "0.000",
  "actor": "0.000",
  "temporal": "0.012",
  "final": "0.442"
}
[2025-11-16T06:31:32.352Z] DEBUG: Score breakdown for christine-1983: {
  "collaborative": "0.309",
  "genre": "0.067",
  "director": "0.000",
  "actor": "0.000",
  "temporal": "0.002",
  "final": "0.378"
}
[2025-11-16T06:31:32.352Z] DEBUG: Score breakdown for invasion-of-the-body-snatchers: {
  "collaborative": "0.327",
  "genre": "0.100",
  "director": "0.000",
  "actor": "0.000",
  "temporal": "0.000",
  "final": "0.428"
}
[2025-11-16T06:31:32.352Z] DEBUG: Score breakdown for king-of-new-york: {
  "collaborative": "0.313",
  "genre": "0.050",
  "director": "0.000",
  "actor": "0.000",
  "temporal": "0.002",
  "final": "0.365"
}
[2025-11-16T06:31:32.353Z] DEBUG: Score breakdown for the-hunt-2020: {
  "collaborative": "0.350",
  "genre": "0.100",
  "director": "0.000",
  "actor": "0.000",
  "temporal": "0.043",
  "final": "0.493"
}
[2025-11-16T06:31:32.353Z] DEBUG: Score breakdown for suicide-club: {
  "collaborative": "0.350",
  "genre": "0.100",
  "director": "0.000",
  "actor": "0.000",
  "temporal": "0.010",
  "final": "0.460"
}
[2025-11-16T06:31:32.353Z] DEBUG: Score breakdown for the-poughkeepsie-tapes: {
  "collaborative": "0.350",
  "genre": "0.150",
  "director": "0.000",
  "actor": "0.000",
  "temporal": "0.022",
  "final": "0.522"
}
[2025-11-16T06:31:32.353Z] DEBUG: Score breakdown for overlord-2018: {
  "collaborative": "0.350",
  "genre": "0.040",
  "director": "0.000",
  "actor": "0.000",
  "temporal": "0.045",
  "final": "0.435"
}
[2025-11-16T06:31:32.353Z] DEBUG: Score breakdown for the-texas-chainsaw-massacre-2: {
  "collaborative": "0.350",
  "genre": "0.050",
  "director": "0.000",
  "actor": "0.000",
  "temporal": "0.002",
  "final": "0.402"
}
[2025-11-16T06:31:32.353Z] DEBUG: Score breakdown for the-sadness-2021: {
  "collaborative": "0.350",
  "genre": "0.133",
  "director": "0.000",
  "actor": "0.000",
  "temporal": "0.042",
  "final": "0.525"
}
[2025-11-16T06:31:32.353Z] DEBUG: Score breakdown for blink-twice: {
  "collaborative": "0.277",
  "genre": "0.200",
  "director": "0.000",
  "actor": "0.000",
  "temporal": "0.039",
  "final": "0.516"
}
[2025-11-16T06:31:32.353Z] DEBUG: Score breakdown for the-art-of-self-defense-2019: {
  "collaborative": "0.350",
  "genre": "0.080",
  "director": "0.000",
  "actor": "0.000",
  "temporal": "0.044",
  "final": "0.474"
}
[2025-11-16T06:31:32.353Z] DEBUG: Score breakdown for scooby-doo: {
  "collaborative": "0.317",
  "genre": "0.040",
  "director": "0.000",
  "actor": "0.000",
  "temporal": "0.012",
  "final": "0.368"
}
[2025-11-16T06:31:32.354Z] DEBUG: Score breakdown for klute: {
  "collaborative": "0.314",
  "genre": "0.100",
  "director": "0.000",
  "actor": "0.000",
  "temporal": "0.001",
  "final": "0.415"
}
[2025-11-16T06:31:32.354Z] DEBUG: Score breakdown for skyfall: {
  "collaborative": "0.264",
  "genre": "0.040",
  "director": "0.000",
  "actor": "0.000",
  "temporal": "0.032",
  "final": "0.336"
}
[2025-11-16T06:31:32.354Z] DEBUG: Score breakdown for thanksgiving-2023: {
  "collaborative": "0.286",
  "genre": "0.200",
  "director": "0.000",
  "actor": "0.000",
  "temporal": "0.040",
  "final": "0.525"
}
[2025-11-16T06:31:32.354Z] DEBUG: Score breakdown for the-fast-and-the-furious-2001: {
  "collaborative": "0.350",
  "genre": "0.040",
  "director": "0.000",
  "actor": "0.000",
  "temporal": "0.010",
  "final": "0.400"
}
[2025-11-16T06:31:32.354Z] DEBUG: Score breakdown for fanny-and-alexander: {
  "collaborative": "0.221",
  "genre": "0.040",
  "director": "0.000",
  "actor": "0.000",
  "temporal": "0.002",
  "final": "0.262"
}
[2025-11-16T06:31:32.354Z] DEBUG: Score breakdown for knives-out-2019: {
  "collaborative": "0.186",
  "genre": "0.040",
  "director": "0.000",
  "actor": "0.000",
  "temporal": "0.044",
  "final": "0.270"
}
[2025-11-16T06:31:32.354Z] DEBUG: Score breakdown for seconds: {
  "collaborative": "0.301",
  "genre": "0.100",
  "director": "0.000",
  "actor": "0.000",
  "temporal": "0.001",
  "final": "0.401"
}
[2025-11-16T06:31:32.354Z] DEBUG: Score breakdown for shutter-island: {
  "collaborative": "0.213",
  "genre": "0.100",
  "director": "0.000",
  "actor": "0.000",
  "temporal": "0.028",
  "final": "0.341"
}
[2025-11-16T06:31:32.354Z] DEBUG: Score breakdown for misery: {
  "collaborative": "0.244",
  "genre": "0.100",
  "director": "0.000",
  "actor": "0.000",
  "temporal": "0.002",
  "final": "0.347"
}
[2025-11-16T06:31:32.354Z] DEBUG: Score breakdown for dawn-of-the-planet-of-the-apes: {
  "collaborative": "0.259",
  "genre": "0.033",
  "director": "0.000",
  "actor": "0.000",
  "temporal": "0.037",
  "final": "0.329"
}
[2025-11-16T06:31:32.354Z] DEBUG: Score breakdown for saw-x: {
  "collaborative": "0.293",
  "genre": "0.200",
  "director": "0.000",
  "actor": "0.000",
  "temporal": "0.040",
  "final": "0.533"
}
[2025-11-16T06:31:32.354Z] DEBUG: Score breakdown for strange-darling: {
  "collaborative": "0.241",
  "genre": "0.100",
  "director": "0.000",
  "actor": "0.000",
  "temporal": "0.040",
  "final": "0.381"
}
[2025-11-16T06:31:32.355Z] DEBUG: Score breakdown for coherence: {
  "collaborative": "0.302",
  "genre": "0.050",
  "director": "0.000",
  "actor": "0.000",
  "temporal": "0.034",
  "final": "0.386"
}
[2025-11-16T06:31:32.355Z] DEBUG: Score breakdown for nosferatu: {
  "collaborative": "0.247",
  "genre": "0.067",
  "director": "0.000",
  "actor": "0.000",
  "temporal": "0.000",
  "final": "0.314"
}
[2025-11-16T06:31:32.355Z] DEBUG: Score breakdown for a-history-of-violence: {
  "collaborative": "0.292",
  "genre": "0.040",
  "director": "0.000",
  "actor": "0.000",
  "temporal": "0.018",
  "final": "0.349"
}
[2025-11-16T06:31:32.355Z] DEBUG: Score breakdown for carry-on-2024: {
  "collaborative": "0.297",
  "genre": "0.050",
  "director": "0.000",
  "actor": "0.000",
  "temporal": "0.039",
  "final": "0.385"
}
[2025-11-16T06:31:32.355Z] DEBUG: Score breakdown for doctor-sleep: {
  "collaborative": "0.293",
  "genre": "0.100",
  "director": "0.000",
  "actor": "0.000",
  "temporal": "0.044",
  "final": "0.437"
}
[2025-11-16T06:31:32.355Z] DEBUG: Score breakdown for personal-shopper: {
  "collaborative": "0.318",
  "genre": "0.100",
  "director": "0.000",
  "actor": "0.000",
  "temporal": "0.041",
  "final": "0.459"
}
[2025-11-16T06:31:32.355Z] DEBUG: Score breakdown for prince-of-darkness: {
  "collaborative": "0.350",
  "genre": "0.067",
  "director": "0.000",
  "actor": "0.000",
  "temporal": "0.002",
  "final": "0.419"
}
[2025-11-16T06:31:32.355Z] DEBUG: Score breakdown for altered-states: {
  "collaborative": "0.350",
  "genre": "0.100",
  "director": "0.000",
  "actor": "0.000",
  "temporal": "0.001",
  "final": "0.451"
}
[2025-11-16T06:31:32.355Z] DEBUG: Score breakdown for escape-room-2019: {
  "collaborative": "0.350",
  "genre": "0.200",
  "director": "0.000",
  "actor": "0.000",
  "temporal": "0.044",
  "final": "0.594"
}
[2025-11-16T06:31:32.356Z] DEBUG: Score breakdown for funny-games: {
  "collaborative": "0.287",
  "genre": "0.100",
  "director": "0.000",
  "actor": "0.000",
  "temporal": "0.004",
  "final": "0.390"
}
[2025-11-16T06:31:32.356Z] DEBUG: Score breakdown for lisa-frankenstein: {
  "collaborative": "0.267",
  "genre": "0.040",
  "director": "0.000",
  "actor": "0.000",
  "temporal": "0.039",
  "final": "0.346"
}
[2025-11-16T06:31:32.356Z] DEBUG: Score breakdown for dog-day-afternoon: {
  "collaborative": "0.168",
  "genre": "0.040",
  "director": "0.000",
  "actor": "0.000",
  "temporal": "0.001",
  "final": "0.209"
}
[2025-11-16T06:31:32.356Z] DEBUG: Score breakdown for jackie-brown: {
  "collaborative": "0.246",
  "genre": "0.040",
  "director": "0.000",
  "actor": "0.000",
  "temporal": "0.004",
  "final": "0.290"
}
[2025-11-16T06:31:32.356Z] DEBUG: Score breakdown for the-babadook: {
  "collaborative": "0.289",
  "genre": "0.050",
  "director": "0.000",
  "actor": "0.000",
  "temporal": "0.037",
  "final": "0.376"
}
[2025-11-16T06:31:32.356Z] DEBUG: Score breakdown for decision-to-leave: {
  "collaborative": "0.232",
  "genre": "0.100",
  "director": "0.000",
  "actor": "0.000",
  "temporal": "0.041",
  "final": "0.373"
}
[2025-11-16T06:31:32.356Z] DEBUG: Score breakdown for run-lola-run: {
  "collaborative": "0.295",
  "genre": "0.040",
  "director": "0.000",
  "actor": "0.000",
  "temporal": "0.004",
  "final": "0.339"
}
[2025-11-16T06:31:32.357Z] DEBUG: Score breakdown for crash: {
  "collaborative": "0.286",
  "genre": "0.050",
  "director": "0.000",
  "actor": "0.000",
  "temporal": "0.003",
  "final": "0.340"
}
[2025-11-16T06:31:32.357Z] DEBUG: Score breakdown for the-lodge-2019: {
  "collaborative": "0.350",
  "genre": "0.150",
  "director": "0.000",
  "actor": "0.000",
  "temporal": "0.044",
  "final": "0.544"
}
[2025-11-16T06:31:32.357Z] DEBUG: Score breakdown for final-destination: {
  "collaborative": "0.350",
  "genre": "0.067",
  "director": "0.000",
  "actor": "0.000",
  "temporal": "0.008",
  "final": "0.424"
}
[2025-11-16T06:31:32.357Z] DEBUG: Score breakdown for fresh-2022: {
  "collaborative": "0.282",
  "genre": "0.133",
  "director": "0.000",
  "actor": "0.000",
  "temporal": "0.041",
  "final": "0.457"
}
[2025-11-16T06:31:32.357Z] DEBUG: Score breakdown for im-thinking-of-ending-things: {
  "collaborative": "0.263",
  "genre": "0.080",
  "director": "0.000",
  "actor": "0.000",
  "temporal": "0.043",
  "final": "0.386"
}
[2025-11-16T06:31:32.357Z] DEBUG: Score breakdown for a-nightmare-on-elm-street-3-dream-warriors: {
  "collaborative": "0.285",
  "genre": "0.100",
  "director": "0.000",
  "actor": "0.000",
  "temporal": "0.002",
  "final": "0.387"
}
[2025-11-16T06:31:32.357Z] DEBUG: Score breakdown for the-ritual-2017: {
  "collaborative": "0.350",
  "genre": "0.200",
  "director": "0.000",
  "actor": "0.000",
  "temporal": "0.043",
  "final": "0.593"
}
[2025-11-16T06:31:32.357Z] DEBUG: Score breakdown for the-invitation-2015: {
  "collaborative": "0.343",
  "genre": "0.133",
  "director": "0.000",
  "actor": "0.000",
  "temporal": "0.039",
  "final": "0.515"
}
[2025-11-16T06:31:32.357Z] DEBUG: Score breakdown for goldfinger: {
  "collaborative": "0.350",
  "genre": "0.040",
  "director": "0.000",
  "actor": "0.000",
  "temporal": "0.001",
  "final": "0.391"
}
[2025-11-16T06:31:32.357Z] DEBUG: Score breakdown for the-blackcoats-daughter: {
  "collaborative": "0.350",
  "genre": "0.133",
  "director": "0.000",
  "actor": "0.000",
  "temporal": "0.039",
  "final": "0.522"
}
[2025-11-16T06:31:32.357Z] DEBUG: Score breakdown for we-need-to-talk-about-kevin: {
  "collaborative": "0.294",
  "genre": "0.050",
  "director": "0.000",
  "actor": "0.000",
  "temporal": "0.030",
  "final": "0.374"
}
[2025-11-16T06:31:32.358Z] DEBUG: Score breakdown for gremlins: {
  "collaborative": "0.290",
  "genre": "0.040",
  "director": "0.000",
  "actor": "0.000",
  "temporal": "0.002",
  "final": "0.332"
}
[2025-11-16T06:31:32.358Z] DEBUG: Score breakdown for twelve-monkeys: {
  "collaborative": "0.311",
  "genre": "0.100",
  "director": "0.000",
  "actor": "0.000",
  "temporal": "0.003",
  "final": "0.414"
}
[2025-11-16T06:31:32.358Z] DEBUG: Score breakdown for prey-2022: {
  "collaborative": "0.252",
  "genre": "0.040",
  "director": "0.000",
  "actor": "0.000",
  "temporal": "0.041",
  "final": "0.333"
}
[2025-11-16T06:31:32.358Z] DEBUG: Score breakdown for videodrome: {
  "collaborative": "0.244",
  "genre": "0.100",
  "director": "0.000",
  "actor": "0.000",
  "temporal": "0.002",
  "final": "0.345"
}
[2025-11-16T06:31:32.358Z] DEBUG: Score breakdown for to-live-and-die-in-la: {
  "collaborative": "0.285",
  "genre": "0.040",
  "director": "0.000",
  "actor": "0.000",
  "temporal": "0.002",
  "final": "0.327"
}
[2025-11-16T06:31:32.358Z] DEBUG: Score breakdown for the-killer-2023: {
  "collaborative": "0.228",
  "genre": "0.050",
  "director": "0.000",
  "actor": "0.000",
  "temporal": "0.040",
  "final": "0.318"
}
[2025-11-16T06:31:32.358Z] DEBUG: Score breakdown for scary-stories-to-tell-in-the-dark-2019: {
  "collaborative": "0.350",
  "genre": "0.100",
  "director": "0.000",
  "actor": "0.000",
  "temporal": "0.044",
  "final": "0.494"
}
[2025-11-16T06:31:32.358Z] DEBUG: Score breakdown for paprika-2006: {
  "collaborative": "0.264",
  "genre": "0.040",
  "director": "0.000",
  "actor": "0.000",
  "temporal": "0.020",
  "final": "0.324"
}
[2025-11-16T06:31:32.358Z] DEBUG: Score breakdown for saint-maud: {
  "collaborative": "0.289",
  "genre": "0.200",
  "director": "0.000",
  "actor": "0.000",
  "temporal": "0.044",
  "final": "0.533"
}
[2025-11-16T06:31:32.358Z] DEBUG: Score breakdown for the-skin-i-live-in: {
  "collaborative": "0.350",
  "genre": "0.150",
  "director": "0.000",
  "actor": "0.000",
  "temporal": "0.030",
  "final": "0.530"
}
[2025-11-16T06:31:32.358Z] DEBUG: Score breakdown for house: {
  "collaborative": "0.234",
  "genre": "0.040",
  "director": "0.000",
  "actor": "0.000",
  "temporal": "0.001",
  "final": "0.276"
}
[2025-11-16T06:31:32.359Z] DEBUG: Score breakdown for blue-ruin: {
  "collaborative": "0.350",
  "genre": "0.050",
  "director": "0.000",
  "actor": "0.000",
  "temporal": "0.034",
  "final": "0.434"
}
[2025-11-16T06:31:32.359Z] DEBUG: Score breakdown for from-dusk-till-dawn: {
  "collaborative": "0.350",
  "genre": "0.080",
  "director": "0.000",
  "actor": "0.000",
  "temporal": "0.003",
  "final": "0.433"
}
[2025-11-16T06:31:32.359Z] DEBUG: Score breakdown for in-the-mouth-of-madness: {
  "collaborative": "0.312",
  "genre": "0.133",
  "director": "0.000",
  "actor": "0.000",
  "temporal": "0.003",
  "final": "0.448"
}
[2025-11-16T06:31:32.359Z] DEBUG: Score breakdown for ginger-snaps: {
  "collaborative": "0.307",
  "genre": "0.080",
  "director": "0.000",
  "actor": "0.000",
  "temporal": "0.008",
  "final": "0.395"
}
[2025-11-16T06:31:32.359Z] DEBUG: Score breakdown for mississippi-burning: {
  "collaborative": "0.350",
  "genre": "0.080",
  "director": "0.000",
  "actor": "0.000",
  "temporal": "0.002",
  "final": "0.432"
}
[2025-11-16T06:31:32.359Z] DEBUG: Score breakdown for planet-terror: {
  "collaborative": "0.350",
  "genre": "0.100",
  "director": "0.000",
  "actor": "0.000",
  "temporal": "0.022",
  "final": "0.472"
}
[2025-11-16T06:31:32.359Z] DEBUG: Score breakdown for oblivion-2013: {
  "collaborative": "0.350",
  "genre": "0.033",
  "director": "0.000",
  "actor": "0.000",
  "temporal": "0.034",
  "final": "0.418"
}
[2025-11-16T06:31:32.359Z] DEBUG: Score breakdown for spectre-2015: {
  "collaborative": "0.350",
  "genre": "0.040",
  "director": "0.000",
  "actor": "0.000",
  "temporal": "0.039",
  "final": "0.429"
}
[2025-11-16T06:31:32.359Z] DEBUG: Score breakdown for black-mirror-shut-up-and-dance: {
  "collaborative": "0.306",
  "genre": "0.033",
  "director": "0.000",
  "actor": "0.000",
  "temporal": "0.041",
  "final": "0.381"
}
[2025-11-16T06:31:32.359Z] DEBUG: Score breakdown for host-2020: {
  "collaborative": "0.350",
  "genre": "0.067",
  "director": "0.000",
  "actor": "0.000",
  "temporal": "0.043",
  "final": "0.460"
}
[2025-11-16T06:31:32.359Z] DEBUG: Score breakdown for infinity-pool: {
  "collaborative": "0.280",
  "genre": "0.050",
  "director": "0.000",
  "actor": "0.000",
  "temporal": "0.040",
  "final": "0.370"
}
[2025-11-16T06:31:32.360Z] DEBUG: Score breakdown for a-nightmare-on-elm-street-part-2-freddys-revenge: {
  "collaborative": "0.350",
  "genre": "0.067",
  "director": "0.000",
  "actor": "0.000",
  "temporal": "0.002",
  "final": "0.419"
}
[2025-11-16T06:31:32.360Z] DEBUG: Score breakdown for fast-x: {
  "collaborative": "0.350",
  "genre": "0.067",
  "director": "0.000",
  "actor": "0.000",
  "temporal": "0.040",
  "final": "0.456"
}
[2025-11-16T06:31:32.360Z] DEBUG: Score breakdown for the-talented-mr-ripley: {
  "collaborative": "0.281",
  "genre": "0.040",
  "director": "0.000",
  "actor": "0.000",
  "temporal": "0.006",
  "final": "0.327"
}
[2025-11-16T06:31:32.360Z] DEBUG: Score breakdown for the-evil-dead: {
  "collaborative": "0.259",
  "genre": "0.067",
  "director": "0.000",
  "actor": "0.000",
  "temporal": "0.002",
  "final": "0.327"
}
[2025-11-16T06:31:32.360Z] DEBUG: Score breakdown for existenz: {
  "collaborative": "0.332",
  "genre": "0.040",
  "director": "0.000",
  "actor": "0.000",
  "temporal": "0.006",
  "final": "0.378"
}
[2025-11-16T06:31:32.360Z] DEBUG: Score breakdown for john-wick-chapter-2: {
  "collaborative": "0.249",
  "genre": "0.040",
  "director": "0.000",
  "actor": "0.000",
  "temporal": "0.043",
  "final": "0.333"
}
[2025-11-16T06:31:32.360Z] DEBUG: Score breakdown for the-usual-suspects: {
  "collaborative": "0.318",
  "genre": "0.040",
  "director": "0.000",
  "actor": "0.000",
  "temporal": "0.003",
  "final": "0.361"
}
[2025-11-16T06:31:32.360Z] DEBUG: Score breakdown for eden-lake: {
  "collaborative": "0.350",
  "genre": "0.133",
  "director": "0.000",
  "actor": "0.000",
  "temporal": "0.024",
  "final": "0.507"
}
[2025-11-16T06:31:32.360Z] DEBUG: Score breakdown for it-follows: {
  "collaborative": "0.245",
  "genre": "0.133",
  "director": "0.000",
  "actor": "0.000",
  "temporal": "0.037",
  "final": "0.415"
}
[2025-11-16T06:31:32.360Z] DEBUG: Score breakdown for the-abyss: {
  "collaborative": "0.337",
  "genre": "0.033",
  "director": "0.000",
  "actor": "0.000",
  "temporal": "0.002",
  "final": "0.373"
}
[2025-11-16T06:31:32.360Z] DEBUG: Score breakdown for mission-impossible-ghost-protocol: {
  "collaborative": "0.279",
  "genre": "0.040",
  "director": "0.000",
  "actor": "0.000",
  "temporal": "0.030",
  "final": "0.349"
}
[2025-11-16T06:31:32.361Z] DEBUG: Score breakdown for the-fast-and-the-furious-tokyo-drift: {
  "collaborative": "0.350",
  "genre": "0.033",
  "director": "0.000",
  "actor": "0.000",
  "temporal": "0.020",
  "final": "0.403"
}
[2025-11-16T06:31:32.361Z] DEBUG: Score breakdown for house-of-wax-2005: {
  "collaborative": "0.350",
  "genre": "0.200",
  "director": "0.000",
  "actor": "0.000",
  "temporal": "0.018",
  "final": "0.568"
}
[2025-11-16T06:31:32.361Z] DEBUG: Score breakdown for eraserhead: {
  "collaborative": "0.246",
  "genre": "0.067",
  "director": "0.000",
  "actor": "0.000",
  "temporal": "0.001",
  "final": "0.314"
}
[2025-11-16T06:31:32.361Z] DEBUG: Score breakdown for the-shallows: {
  "collaborative": "0.350",
  "genre": "0.100",
  "director": "0.000",
  "actor": "0.000",
  "temporal": "0.041",
  "final": "0.491"
}
[2025-11-16T06:31:32.361Z] DEBUG: Score breakdown for a-man-escaped: {
  "collaborative": "0.230",
  "genre": "0.050",
  "director": "0.000",
  "actor": "0.000",
  "temporal": "0.000",
  "final": "0.280"
}
[2025-11-16T06:31:32.361Z] DEBUG: Score breakdown for sherlock-jr: {
  "collaborative": "0.184",
  "genre": "0.040",
  "director": "0.000",
  "actor": "0.000",
  "temporal": "0.000",
  "final": "0.224"
}
[2025-11-16T06:31:32.361Z] DEBUG: Score breakdown for birth-2004: {
  "collaborative": "0.289",
  "genre": "0.050",
  "director": "0.000",
  "actor": "0.000",
  "temporal": "0.016",
  "final": "0.355"
}
[2025-11-16T06:31:32.361Z] DEBUG: Score breakdown for witness-for-the-prosecution-1957: {
  "collaborative": "0.203",
  "genre": "0.040",
  "director": "0.000",
  "actor": "0.000",
  "temporal": "0.000",
  "final": "0.244"
}
[2025-11-16T06:31:32.361Z] DEBUG: Score breakdown for bullet-train: {
  "collaborative": "0.281",
  "genre": "0.040",
  "director": "0.000",
  "actor": "0.000",
  "temporal": "0.041",
  "final": "0.362"
}
[2025-11-16T06:31:32.362Z] DEBUG: Score breakdown for predator: {
  "collaborative": "0.275",
  "genre": "0.033",
  "director": "0.000",
  "actor": "0.000",
  "temporal": "0.002",
  "final": "0.311"
}
[2025-11-16T06:31:32.362Z] DEBUG: Score breakdown for batman-mask-of-the-phantasm: {
  "collaborative": "0.299",
  "genre": "0.029",
  "director": "0.000",
  "actor": "0.000",
  "temporal": "0.003",
  "final": "0.331"
}
[2025-11-16T06:31:32.362Z] DEBUG: Score breakdown for abigail-2024: {
  "collaborative": "0.272",
  "genre": "0.133",
  "director": "0.000",
  "actor": "0.000",
  "temporal": "0.039",
  "final": "0.444"
}
[2025-11-16T06:31:32.362Z] DEBUG: Score breakdown for assassination-nation: {
  "collaborative": "0.350",
  "genre": "0.100",
  "director": "0.000",
  "actor": "0.000",
  "temporal": "0.045",
  "final": "0.495"
}
[2025-11-16T06:31:32.362Z] DEBUG: Score breakdown for in-a-lonely-place: {
  "collaborative": "0.257",
  "genre": "0.040",
  "director": "0.000",
  "actor": "0.000",
  "temporal": "0.000",
  "final": "0.298"
}
[2025-11-16T06:31:32.362Z] INFO: 游꿛 Scored 254 candidates 
[2025-11-16T06:31:32.362Z] INFO: 游끥 STEP 6: Ranking and diversifying results 
[2025-11-16T06:31:32.362Z] INFO: 游끥 Final recommendations: 
[2025-11-16T06:31:32.364Z] INFO: 1. EscapeRoom (score: 0.594) 
[2025-11-16T06:31:32.364Z] INFO: 2. TheRitual (score: 0.593) 
[2025-11-16T06:31:32.364Z] INFO: 3. A Nightmare on ElmStreet (score: 0.578) 
[2025-11-16T06:31:32.364Z] INFO: 4. Noroi: TheCurse (score: 0.568) 
[2025-11-16T06:31:32.364Z] INFO: 5. House ofWax (score: 0.568) 
